0. ()
1. ('start',)
2. ('filename', '/home/alex/Thesis/Library/test1.png')
3. ('actual type', <class 'list'>)
4. ('predictions type', <class 'list'>)
5. ('actual', [[1, 2], [2, 4], [3, 6], [4, 7]])
6. ('predictions', [[1, 2.2], [2, 3.9], [3, 5.6], [4, 7.3]])
7. ('actualXs,actualYs', [1, 2, 3, 4], [2, 4, 6, 7])
8. ('predXs,predYs', [1, 2, 3, 4], [2.2, 3.9, 5.6, 7.3])
9. ('end',)
12. ()
13. ('start',)
14. ('filename', '/home/alex/Thesis/Library/test2a.png')
15. ('actual type', <class 'pandas.core.frame.DataFrame'>)
16. ('predictions type', <class 'list'>)
17. ('actual', array([[1, 2],
       [2, 4],
       [3, 6],
       [4, 7]]))
18. ('predictions', [[1, 2.2000000000000006], [2, 3.9000000000000004], [3, 5.6000000000000005], [4, 7.3]])
19. ('actualXs,actualYs', [1, 2, 3, 4], [2, 4, 6, 7])
20. ('predXs,predYs', [1, 2, 3, 4], [2.2000000000000006, 3.9000000000000004, 5.6000000000000005, 7.3])
21. ('end',)
24. ()
25. ('start',)
26. ('filename', '/home/alex/Thesis/Library/test2b.png')
27. ('actual type', <class 'pandas.core.frame.DataFrame'>)
28. ('predictions type', <class 'list'>)
29. ('actual', array([[1, 2],
       [2, 4],
       [3, 6],
       [4, 7]]))
30. ('predictions', [[1, 2.0], [2, 4.0], [3, 6.0], [4, 7.0]])
31. ('actualXs,actualYs', [1, 2, 3, 4], [2, 4, 6, 7])
32. ('predXs,predYs', [1, 2, 3, 4], [2.0, 4.0, 6.0, 7.0])
33. ('end',)
36. ()
37. ('start',)
38. ('filename', '/home/alex/Thesis/Library/test3a.png')
39. ('actual type', <class 'pandas.core.frame.DataFrame'>)
40. ('predictions type', <class 'list'>)
41. ('actual', array([[1, 2],
       [2, 4],
       [3, 6],
       [4, 7]]))
42. ('predictions', [[0.0, 2], [0.1, 2], [0.2, 2], [0.30000000000000004, 3], [0.4, 3], [0.5, 3], [0.6000000000000001, 3], [0.7000000000000001, 3], [0.8, 3], [0.9, 3], [1.0, 3], [1.1, 3], [1.2000000000000002, 3], [1.3, 3], [1.4000000000000001, 3], [1.5, 3], [1.6, 3], [1.7000000000000002, 4], [1.8, 4], [1.9000000000000001, 4], [2.0, 4], [2.1, 4], [2.2, 4], [2.3000000000000003, 4], [2.4000000000000004, 4], [2.5, 4], [2.6, 4], [2.7, 4], [2.8000000000000003, 5], [2.9000000000000004, 5], [3.0, 5], [3.1, 5], [3.2, 5], [3.3000000000000003, 5], [3.4000000000000004, 5], [3.5, 5], [3.6, 5], [3.7, 5], [3.8000000000000003, 5], [3.9000000000000004, 5], [4.0, 5], [4.1000000000000005, 6], [4.2, 6], [4.3, 6], [4.4, 6], [4.5, 6], [4.6000000000000005, 6], [4.7, 6], [4.800000000000001, 6], [4.9, 6], [5.0, 6], [5.1000000000000005, 6], [5.2, 6], [5.300000000000001, 6], [5.4, 6], [5.5, 6], [5.6000000000000005, 6], [5.7, 6], [5.800000000000001, 6], [5.9, 6], [6.0, 6], [6.1000000000000005, 6], [6.2, 6], [6.300000000000001, 6], [6.4, 6], [6.5, 6], [6.6000000000000005, 6], [6.7, 6], [6.800000000000001, 6], [6.9, 6], [7.0, 6], [7.1000000000000005, 6], [7.2, 6], [7.300000000000001, 6], [7.4, 6], [7.5, 6], [7.6000000000000005, 6], [7.7, 6], [7.800000000000001, 6], [7.9, 6], [8.0, 6], [8.1, 6], [8.200000000000001, 6], [8.3, 6], [8.4, 6], [8.5, 6], [8.6, 6], [8.700000000000001, 6], [8.8, 6], [8.9, 6], [9.0, 6], [9.1, 6], [9.200000000000001, 6], [9.3, 6], [9.4, 6], [9.5, 6], [9.600000000000001, 6], [9.700000000000001, 6], [9.8, 6], [9.9, 6]])
43. ('actualXs,actualYs', [1, 2, 3, 4], [2, 4, 6, 7])
44. ('predXs,predYs', [0.0, 0.1, 0.2, 0.30000000000000004, 0.4, 0.5, 0.6000000000000001, 0.7000000000000001, 0.8, 0.9, 1.0, 1.1, 1.2000000000000002, 1.3, 1.4000000000000001, 1.5, 1.6, 1.7000000000000002, 1.8, 1.9000000000000001, 2.0, 2.1, 2.2, 2.3000000000000003, 2.4000000000000004, 2.5, 2.6, 2.7, 2.8000000000000003, 2.9000000000000004, 3.0, 3.1, 3.2, 3.3000000000000003, 3.4000000000000004, 3.5, 3.6, 3.7, 3.8000000000000003, 3.9000000000000004, 4.0, 4.1000000000000005, 4.2, 4.3, 4.4, 4.5, 4.6000000000000005, 4.7, 4.800000000000001, 4.9, 5.0, 5.1000000000000005, 5.2, 5.300000000000001, 5.4, 5.5, 5.6000000000000005, 5.7, 5.800000000000001, 5.9, 6.0, 6.1000000000000005, 6.2, 6.300000000000001, 6.4, 6.5, 6.6000000000000005, 6.7, 6.800000000000001, 6.9, 7.0, 7.1000000000000005, 7.2, 7.300000000000001, 7.4, 7.5, 7.6000000000000005, 7.7, 7.800000000000001, 7.9, 8.0, 8.1, 8.200000000000001, 8.3, 8.4, 8.5, 8.6, 8.700000000000001, 8.8, 8.9, 9.0, 9.1, 9.200000000000001, 9.3, 9.4, 9.5, 9.600000000000001, 9.700000000000001, 9.8, 9.9], [2, 2, 2, 3, 3, 3, 3, 3, 3, 3, 3, 3, 3, 3, 3, 3, 3, 4, 4, 4, 4, 4, 4, 4, 4, 4, 4, 4, 5, 5, 5, 5, 5, 5, 5, 5, 5, 5, 5, 5, 5, 6, 6, 6, 6, 6, 6, 6, 6, 6, 6, 6, 6, 6, 6, 6, 6, 6, 6, 6, 6, 6, 6, 6, 6, 6, 6, 6, 6, 6, 6, 6, 6, 6, 6, 6, 6, 6, 6, 6, 6, 6, 6, 6, 6, 6, 6, 6, 6, 6, 6, 6, 6, 6, 6, 6, 6, 6, 6, 6])
45. ('end',)
48. ()
49. ('start',)
50. ('filename', '/home/alex/Thesis/Library/test3b.png')
51. ('actual type', <class 'pandas.core.frame.DataFrame'>)
52. ('predictions type', <class 'list'>)
53. ('actual', array([[1, 2],
       [2, 4],
       [3, 6],
       [4, 7]]))
54. ('predictions', [[1, 2], [2, 4], [3, 4], [4, 4]])
55. ('actualXs,actualYs', [1, 2, 3, 4], [2, 4, 6, 7])
56. ('predXs,predYs', [1, 2, 3, 4], [2, 4, 4, 4])
57. ('end',)
