997. ('start',)
998. ('X_test shape', (83, 47))
999. (   dissidence  upf_corr   pf_prop  rot_regret  ref  opp  ...        p4        n0        n1        n2        n3        n4
0    0.052213  0.021957  0.284884    0.977313  0.0  0.0  ...  0.573915  0.495779  0.529254  0.657980  0.610106  0.625842
1    0.064843  0.018592  0.105263    0.969554  0.0  0.0  ...  0.743352  0.417403  0.475805  0.549866  0.476980  0.543165
2    0.187014  0.186724  0.250000    0.988957  0.0  0.0  ...  0.393408  0.530057  0.309749  0.509195  0.573875  0.615573
3    0.066892  0.008217  0.228070    0.980819  0.0  0.0  ...  0.510515  0.577474  0.558031  0.633404  0.557412  0.596185
4    0.991630  1.000000  0.500000    0.999687  0.0  0.0  ...  0.558415  0.902654  0.785520  0.761544  0.566427  0.619598

[5 rows x 47 columns],)
1000. ('new x', tensor([[0.0522, 0.0220, 0.2849,  ..., 0.6580, 0.6101, 0.6258],
        [0.0648, 0.0186, 0.1053,  ..., 0.5499, 0.4770, 0.5432],
        [0.1870, 0.1867, 0.2500,  ..., 0.5092, 0.5739, 0.6156],
        ...,
        [0.0566, 0.0499, 0.4024,  ..., 0.7028, 0.5800, 0.6402],
        [0.0547, 0.0384, 0.1695,  ..., 0.6977, 0.6222, 0.7339],
        [0.0440, 0.0298, 0.1588,  ..., 0.6507, 0.5679, 0.6384]]))
1001. ('preds', tensor([[0.2738],
        [0.2786],
        [0.2847],
        [0.2804],
        [0.3043],
        [0.2830],
        [0.2796],
        [0.2742],
        [0.2790],
        [0.2733],
        [0.2820],
        [0.2798],
        [0.2866],
        [0.2775],
        [0.2875],
        [0.2775],
        [0.2755],
        [0.3245],
        [0.2700],
        [0.2752],
        [0.2781],
        [0.2778],
        [0.2743],
        [0.2762],
        [0.2738],
        [0.3231],
        [0.2763],
        [0.2721],
        [0.2806],
        [0.2732],
        [0.2742],
        [0.2780],
        [0.2885],
        [0.2942],
        [0.2775],
        [0.3371],
        [0.2747],
        [0.2821],
        [0.2831],
        [0.2754],
        [0.2771],
        [0.2770],
        [0.2715],
        [0.2752],
        [0.2796],
        [0.2806],
        [0.2769],
        [0.2736],
        [0.2893],
        [0.2813],
        [0.2781],
        [0.3222],
        [0.2761],
        [0.2768],
        [0.2749],
        [0.2801],
        [0.2825],
        [0.2821],
        [0.2765],
        [0.2800],
        [0.2895],
        [0.2778],
        [0.3014],
        [0.2770],
        [0.2744],
        [0.3097],
        [0.2702],
        [0.2825],
        [0.2776],
        [0.2930],
        [0.2808],
        [0.2805],
        [0.2723],
        [0.2760],
        [0.2766],
        [0.2766],
        [0.2733],
        [0.2850],
        [0.2819],
        [0.2756],
        [0.2765],
        [0.2760],
        [0.2717]], grad_fn=<SigmoidBackward>))
1002. ('returned', [0, 0, 0, 0, 0, 0, 0, 0, 0, 0, 0, 0, 0, 0, 0, 0, 0, 0, 0, 0, 0, 0, 0, 0, 0, 0, 0, 0, 0, 0, 0, 0, 0, 0, 0, 0, 0, 0, 0, 0, 0, 0, 0, 0, 0, 0, 0, 0, 0, 0, 0, 0, 0, 0, 0, 0, 0, 0, 0, 0, 0, 0, 0, 0, 0, 0, 0, 0, 0, 0, 0, 0, 0, 0, 0, 0, 0, 0, 0, 0, 0, 0, 0])
1172. ('start',)
1173. ('X_test shape', (83, 47))
1174. (    dissidence  upf_corr   pf_prop  rot_regret  ref  opp  ...        p4        n0        n1        n2        n3        n4
83    0.065265  0.090911  0.024096    0.959912  0.0  0.0  ...  0.563222  0.395360  0.528379  0.612162  0.559000  0.610852
84    0.108550  0.030348  0.150000    0.963303  0.0  0.0  ...  0.731853  0.531128  0.504466  0.614993  0.695041  0.712589
85    0.064455  0.022189  0.282828    0.985675  0.0  0.0  ...  0.545102  0.423652  0.509383  0.594811  0.531557  0.639041
86    0.054781  0.032969  0.292308    0.983162  0.0  0.0  ...  0.714702  0.506195  0.578447  0.657691  0.574769  0.743521
87    0.076889  0.032066  0.168831    0.968262  0.0  0.0  ...  0.607461  0.533529  0.423066  0.575671  0.502315  0.662611

[5 rows x 47 columns],)
1175. ('new x', tensor([[0.0653, 0.0909, 0.0241,  ..., 0.6122, 0.5590, 0.6109],
        [0.1085, 0.0303, 0.1500,  ..., 0.6150, 0.6950, 0.7126],
        [0.0645, 0.0222, 0.2828,  ..., 0.5948, 0.5316, 0.6390],
        ...,
        [0.0645, 0.0466, 0.1327,  ..., 0.5784, 0.5017, 0.5564],
        [0.0686, 0.0226, 0.2381,  ..., 0.5031, 0.4657, 0.4384],
        [0.9860, 1.0000, 0.0000,  ..., 0.6907, 0.5097, 0.4732]]))
1176. ('preds', tensor([[0.2698],
        [0.2565],
        [0.2608],
        [0.2580],
        [0.2964],
        [0.2609],
        [0.2644],
        [0.2645],
        [0.2649],
        [0.2802],
        [0.2645],
        [0.2597],
        [0.2614],
        [0.2676],
        [0.2635],
        [0.3260],
        [0.2758],
        [0.2856],
        [0.2588],
        [0.2732],
        [0.2628],
        [0.3044],
        [0.2629],
        [0.2717],
        [0.2664],
        [0.2726],
        [0.2947],
        [0.2592],
        [0.2627],
        [0.2550],
        [0.2600],
        [0.2655],
        [0.2892],
        [0.2636],
        [0.2834],
        [0.3058],
        [0.2808],
        [0.2646],
        [0.2554],
        [0.2603],
        [0.2583],
        [0.2744],
        [0.2584],
        [0.2682],
        [0.2664],
        [0.2647],
        [0.2922],
        [0.2679],
        [0.2606],
        [0.2579],
        [0.2678],
        [0.2605],
        [0.2701],
        [0.2638],
        [0.2565],
        [0.2726],
        [0.2639],
        [0.2602],
        [0.2609],
        [0.2914],
        [0.2569],
        [0.2667],
        [0.2605],
        [0.2811],
        [0.2547],
        [0.2648],
        [0.3285],
        [0.2607],
        [0.2701],
        [0.2541],
        [0.2528],
        [0.2534],
        [0.2648],
        [0.2714],
        [0.2742],
        [0.2619],
        [0.2527],
        [0.2941],
        [0.2714],
        [0.2693],
        [0.2683],
        [0.2733],
        [0.3506]], grad_fn=<SigmoidBackward>))
1177. ('returned', [0, 0, 0, 0, 0, 0, 0, 0, 0, 0, 0, 0, 0, 0, 0, 0, 0, 0, 0, 0, 0, 0, 0, 0, 0, 0, 0, 0, 0, 0, 0, 0, 0, 0, 0, 0, 0, 0, 0, 0, 0, 0, 0, 0, 0, 0, 0, 0, 0, 0, 0, 0, 0, 0, 0, 0, 0, 0, 0, 0, 0, 0, 0, 0, 0, 0, 0, 0, 0, 0, 0, 0, 0, 0, 0, 0, 0, 0, 0, 0, 0, 0, 0])
1347. ('start',)
1348. ('X_test shape', (83, 47))
1349. (     dissidence  upf_corr   pf_prop  rot_regret  ref  opp  ...        p4        n0        n1        n2        n3        n4
166    0.050251  0.036398  0.136364    0.975803  0.0  0.0  ...  0.779412  0.346631  0.348786  0.465477  0.400871  0.532013
167    0.110132  0.073245  0.214286    0.984830  0.0  0.0  ...  0.546082  0.564293  0.472036  0.622108  0.553856  0.496535
168    0.046878  0.105707  0.402439    0.993986  0.0  0.0  ...  0.528522  0.469405  0.573409  0.687183  0.607679  0.703324
169    0.212766  0.226401  0.142857    0.979334  0.0  0.0  ...  0.681761  0.633084  0.375871  0.507158  0.558382  0.546070
170    0.082973  0.177883  0.142857    0.967901  0.0  0.0  ...  0.483136  0.657313  0.632857  0.772018  0.667066  0.514820

[5 rows x 47 columns],)
1350. ('new x', tensor([[0.0503, 0.0364, 0.1364,  ..., 0.4655, 0.4009, 0.5320],
        [0.1101, 0.0732, 0.2143,  ..., 0.6221, 0.5539, 0.4965],
        [0.0469, 0.1057, 0.4024,  ..., 0.6872, 0.6077, 0.7033],
        ...,
        [0.0870, 0.1342, 0.0526,  ..., 0.3864, 0.3720, 0.3547],
        [0.0292, 0.0398, 0.2437,  ..., 0.6418, 0.5695, 0.9131],
        [0.0686, 0.0300, 0.1212,  ..., 0.5873, 0.5211, 0.6204]]))
1351. ('preds', tensor([[0.2535],
        [0.2591],
        [0.2555],
        [0.2431],
        [0.2397],
        [0.2522],
        [0.2515],
        [0.2479],
        [0.2583],
        [0.2560],
        [0.2872],
        [0.2471],
        [0.2595],
        [0.2364],
        [0.2499],
        [0.2426],
        [0.2383],
        [0.2609],
        [0.2659],
        [0.2675],
        [0.2538],
        [0.2230],
        [0.2957],
        [0.2545],
        [0.2574],
        [0.2412],
        [0.2574],
        [0.2925],
        [0.2409],
        [0.2663],
        [0.2590],
        [0.2551],
        [0.2583],
        [0.3572],
        [0.2628],
        [0.2637],
        [0.3001],
        [0.2615],
        [0.2590],
        [0.2468],
        [0.3039],
        [0.2463],
        [0.3009],
        [0.2873],
        [0.2508],
        [0.2654],
        [0.3207],
        [0.2620],
        [0.2580],
        [0.2621],
        [0.2454],
        [0.2657],
        [0.2626],
        [0.2702],
        [0.2636],
        [0.2556],
        [0.2633],
        [0.2633],
        [0.3026],
        [0.2410],
        [0.2795],
        [0.2466],
        [0.2558],
        [0.2427],
        [0.2561],
        [0.2459],
        [0.2660],
        [0.2480],
        [0.2575],
        [0.2613],
        [0.2460],
        [0.3037],
        [0.2466],
        [0.2588],
        [0.2513],
        [0.2989],
        [0.2708],
        [0.2534],
        [0.2550],
        [0.2738],
        [0.2634],
        [0.2570],
        [0.2520]], grad_fn=<SigmoidBackward>))
1352. ('returned', [0, 0, 0, 0, 0, 0, 0, 0, 0, 0, 0, 0, 0, 0, 0, 0, 0, 0, 0, 0, 0, 0, 0, 0, 0, 0, 0, 0, 0, 0, 0, 0, 0, 0, 0, 0, 0, 0, 0, 0, 0, 0, 0, 0, 0, 0, 0, 0, 0, 0, 0, 0, 0, 0, 0, 0, 0, 0, 0, 0, 0, 0, 0, 0, 0, 0, 0, 0, 0, 0, 0, 0, 0, 0, 0, 0, 0, 0, 0, 0, 0, 0, 0])
1522. ('start',)
1523. ('X_test shape', (83, 47))
1524. (     dissidence  upf_corr   pf_prop  rot_regret  ref  opp  ...        p4        n0        n1        n2        n3        n4
249    0.043902  0.020586  0.404624    0.996427  0.0  0.0  ...  0.604903  0.403993  0.515958  0.648523  0.554474  0.803824
250    0.090638  0.088178  0.060606    0.956293  0.0  0.0  ...  0.489542  0.792160  0.744114  0.818053  0.704025  0.595196
251    0.061757  0.028725  0.084257    0.957620  0.0  0.0  ...  0.721270  0.480935  0.644797  0.712919  0.609533  0.684534
252    0.069228  0.060184  0.138462    0.952179  0.0  0.0  ...  0.575729  0.717624  0.644787  0.704186  0.598220  0.624496
253    0.095976  0.064743  0.111111    0.971663  0.0  0.0  ...  0.481448  0.541152  0.600124  0.664911  0.521873  0.476634

[5 rows x 47 columns],)
1525. ('new x', tensor([[0.0439, 0.0206, 0.4046,  ..., 0.6485, 0.5545, 0.8038],
        [0.0906, 0.0882, 0.0606,  ..., 0.8181, 0.7040, 0.5952],
        [0.0618, 0.0287, 0.0843,  ..., 0.7129, 0.6095, 0.6845],
        ...,
        [0.3731, 0.2184, 0.0000,  ..., 0.9442, 0.7818, 0.5711],
        [0.0866, 0.0454, 1.0000,  ..., 0.4440, 0.3560, 0.3691],
        [0.0570, 0.0551, 0.2446,  ..., 0.7453, 0.6141, 0.6375]]))
1526. ('preds', tensor([[0.3591],
        [0.3569],
        [0.3561],
        [0.3578],
        [0.3621],
        [0.3622],
        [0.3580],
        [0.3618],
        [0.3562],
        [0.3865],
        [0.3657],
        [0.3591],
        [0.3596],
        [0.3619],
        [0.3559],
        [0.3608],
        [0.3608],
        [0.3654],
        [0.4141],
        [0.3615],
        [0.3593],
        [0.3612],
        [0.3571],
        [0.3695],
        [0.3576],
        [0.3611],
        [0.3619],
        [0.3589],
        [0.3744],
        [0.3604],
        [0.3596],
        [0.3593],
        [0.3695],
        [0.3567],
        [0.3579],
        [0.3598],
        [0.3575],
        [0.3587],
        [0.3565],
        [0.3828],
        [0.3741],
        [0.3959],
        [0.3599],
        [0.3604],
        [0.3691],
        [0.3565],
        [0.3577],
        [0.3701],
        [0.3608],
        [0.3828],
        [0.3600],
        [0.3553],
        [0.3785],
        [0.3595],
        [0.4019],
        [0.3598],
        [0.3616],
        [0.3703],
        [0.3596],
        [0.3738],
        [0.3537],
        [0.3585],
        [0.3580],
        [0.3618],
        [0.3575],
        [0.3616],
        [0.3567],
        [0.3568],
        [0.3590],
        [0.3994],
        [0.4049],
        [0.4123],
        [0.3624],
        [0.3593],
        [0.3594],
        [0.3596],
        [0.3581],
        [0.3820],
        [0.3550],
        [0.3613],
        [0.3563],
        [0.3908],
        [0.3576]], grad_fn=<SigmoidBackward>))
1527. ('returned', [0, 0, 0, 0, 0, 0, 0, 0, 0, 0, 0, 0, 0, 0, 0, 0, 0, 0, 0, 0, 0, 0, 0, 0, 0, 0, 0, 0, 0, 0, 0, 0, 0, 0, 0, 0, 0, 0, 0, 0, 0, 0, 0, 0, 0, 0, 0, 0, 0, 0, 0, 0, 0, 0, 0, 0, 0, 0, 0, 0, 0, 0, 0, 0, 0, 0, 0, 0, 0, 0, 0, 0, 0, 0, 0, 0, 0, 0, 0, 0, 0, 0, 0])
1697. ('start',)
1698. ('X_test shape', (83, 47))
1699. (     dissidence  upf_corr   pf_prop  rot_regret  ref  opp  ...        p4        n0        n1        n2        n3        n4
332    0.064823  0.065770  0.106667    0.958593  0.0  0.0  ...  0.670938  0.505679  0.732359  0.816740  0.698206  0.706121
333    0.108957  0.046972  0.266667    0.978330  0.0  0.0  ...  0.526852  0.839309  0.688925  0.742100  0.583521  0.590618
334    0.225281  0.186980  0.142857    0.968575  0.0  0.0  ...  0.629415  0.901575  0.797477  0.786959  0.688155  0.559999
335    0.037302  0.029992  0.146379    0.964670  0.0  0.0  ...  0.758095  0.342994  0.383889  0.498912  0.471614  0.754660
336    0.099752  0.104602  0.333333    0.984354  0.0  0.0  ...  0.479458  0.499613  0.587741  0.610284  0.520092  0.376681

[5 rows x 47 columns],)
1700. ('new x', tensor([[0.0648, 0.0658, 0.1067,  ..., 0.8167, 0.6982, 0.7061],
        [0.1090, 0.0470, 0.2667,  ..., 0.7421, 0.5835, 0.5906],
        [0.2253, 0.1870, 0.1429,  ..., 0.7870, 0.6882, 0.5600],
        ...,
        [0.0726, 0.0068, 0.2821,  ..., 0.4784, 0.4338, 0.4333],
        [0.0782, 0.0056, 0.1549,  ..., 0.7414, 0.6228, 0.5988],
        [0.0421, 0.0574, 0.3226,  ..., 0.6121, 0.5357, 0.6218]]))
1701. ('preds', tensor([[0.2505],
        [0.2657],
        [0.3199],
        [0.2721],
        [0.2749],
        [0.2659],
        [0.2645],
        [0.2525],
        [0.2482],
        [0.2498],
        [0.2603],
        [0.2675],
        [0.2807],
        [0.2662],
        [0.2435],
        [0.2870],
        [0.2642],
        [0.2754],
        [0.2487],
        [0.2523],
        [0.2551],
        [0.2731],
        [0.2684],
        [0.2519],
        [0.2699],
        [0.2655],
        [0.3310],
        [0.2700],
        [0.2453],
        [0.2560],
        [0.2527],
        [0.2535],
        [0.2898],
        [0.2674],
        [0.2696],
        [0.3220],
        [0.2714],
        [0.2647],
        [0.2465],
        [0.2668],
        [0.2962],
        [0.2643],
        [0.2829],
        [0.2797],
        [0.2708],
        [0.2745],
        [0.2676],
        [0.2493],
        [0.2744],
        [0.2579],
        [0.2710],
        [0.2707],
        [0.2523],
        [0.2558],
        [0.2593],
        [0.2650],
        [0.2617],
        [0.2540],
        [0.2525],
        [0.2774],
        [0.2754],
        [0.2709],
        [0.2680],
        [0.2617],
        [0.2704],
        [0.2558],
        [0.2768],
        [0.3551],
        [0.2513],
        [0.2736],
        [0.2776],
        [0.2534],
        [0.2468],
        [0.2554],
        [0.2471],
        [0.2887],
        [0.2649],
        [0.2589],
        [0.2711],
        [0.2693],
        [0.2630],
        [0.2860],
        [0.2715]], grad_fn=<SigmoidBackward>))
1702. ('returned', [0, 0, 0, 0, 0, 0, 0, 0, 0, 0, 0, 0, 0, 0, 0, 0, 0, 0, 0, 0, 0, 0, 0, 0, 0, 0, 0, 0, 0, 0, 0, 0, 0, 0, 0, 0, 0, 0, 0, 0, 0, 0, 0, 0, 0, 0, 0, 0, 0, 0, 0, 0, 0, 0, 0, 0, 0, 0, 0, 0, 0, 0, 0, 0, 0, 0, 0, 0, 0, 0, 0, 0, 0, 0, 0, 0, 0, 0, 0, 0, 0, 0, 0])
1872. ('start',)
1873. ('X_test shape', (83, 47))
1874. (     dissidence  upf_corr   pf_prop  rot_regret  ref  opp  ...        p4        n0        n1        n2        n3        n4
415    0.059058  0.024299  0.101124    0.959781  0.0  0.0  ...  0.560514  0.569007  0.440481  0.553690  0.503417  0.656789
416    0.034691  0.088205  0.110092    0.950338  0.0  0.0  ...  0.488046  0.628365  0.617560  0.696222  0.596681  0.605382
417    0.045173  0.078816  0.274194    0.984802  0.0  0.0  ...  0.595475  0.438018  0.514523  0.626700  0.554324  0.609098
418    0.897633  1.000000  0.000000    0.961333  0.0  0.0  ...  0.395484  0.865030  0.721077  0.696776  0.514628  0.433591
419    0.020693  0.114521  0.206030    0.967822  0.0  0.0  ...  0.632370  0.290556  0.557622  0.719089  0.661551  0.809251

[5 rows x 47 columns],)
1875. ('new x', tensor([[0.0591, 0.0243, 0.1011,  ..., 0.5537, 0.5034, 0.6568],
        [0.0347, 0.0882, 0.1101,  ..., 0.6962, 0.5967, 0.6054],
        [0.0452, 0.0788, 0.2742,  ..., 0.6267, 0.5543, 0.6091],
        ...,
        [0.0386, 0.0247, 0.4293,  ..., 0.6671, 0.5828, 0.7637],
        [0.0831, 0.0094, 0.0750,  ..., 0.7290, 0.5948, 0.8073],
        [0.0943, 0.3313, 0.1429,  ..., 0.4842, 0.4292, 0.4779]]))
1876. ('preds', tensor([[0.3792],
        [0.3685],
        [0.3818],
        [0.3526],
        [0.3687],
        [0.3876],
        [0.3553],
        [0.3761],
        [0.3707],
        [0.3666],
        [0.3775],
        [0.3718],
        [0.3486],
        [0.4485],
        [0.3454],
        [0.3738],
        [0.4336],
        [0.3743],
        [0.3790],
        [0.3840],
        [0.3554],
        [0.3835],
        [0.3688],
        [0.3692],
        [0.3854],
        [0.3608],
        [0.4370],
        [0.3634],
        [0.3823],
        [0.3814],
        [0.3779],
        [0.3797],
        [0.3676],
        [0.3862],
        [0.3643],
        [0.4300],
        [0.3769],
        [0.3727],
        [0.3574],
        [0.3800],
        [0.3528],
        [0.3825],
        [0.3620],
        [0.3655],
        [0.3652],
        [0.3661],
        [0.3836],
        [0.3694],
        [0.3664],
        [0.3784],
        [0.3596],
        [0.3603],
        [0.4008],
        [0.3695],
        [0.3660],
        [0.3678],
        [0.3694],
        [0.3633],
        [0.3684],
        [0.3709],
        [0.3771],
        [0.3622],
        [0.3640],
        [0.3879],
        [0.3738],
        [0.3771],
        [0.3628],
        [0.3843],
        [0.3677],
        [0.3810],
        [0.3924],
        [0.4149],
        [0.3783],
        [0.3590],
        [0.3843],
        [0.3552],
        [0.3656],
        [0.3707],
        [0.3823],
        [0.3659],
        [0.3689],
        [0.3580],
        [0.3610]], grad_fn=<SigmoidBackward>))
1877. ('returned', [0, 0, 0, 0, 0, 0, 0, 0, 0, 0, 0, 0, 0, 0, 0, 0, 0, 0, 0, 0, 0, 0, 0, 0, 0, 0, 0, 0, 0, 0, 0, 0, 0, 0, 0, 0, 0, 0, 0, 0, 0, 0, 0, 0, 0, 0, 0, 0, 0, 0, 0, 0, 0, 0, 0, 0, 0, 0, 0, 0, 0, 0, 0, 0, 0, 0, 0, 0, 0, 0, 0, 0, 0, 0, 0, 0, 0, 0, 0, 0, 0, 0, 0])
2047. ('start',)
2048. ('X_test shape', (83, 47))
2049. (     dissidence  upf_corr   pf_prop  rot_regret  ref  opp  ...        p4        n0        n1        n2        n3        n4
498    0.097832  0.091500  0.277778    0.977281  0.0  0.0  ...  0.414815  0.435494  0.479824  0.529319  0.469352  0.423691
499    0.045642  0.035193  0.248756    0.975564  0.0  0.0  ...  0.772960  0.458896  0.544901  0.652341  0.566904  0.820236
500    0.054607  0.010759  0.118156    0.964058  0.0  0.0  ...  0.620749  0.449498  0.658887  0.741046  0.634739  0.838789
501    0.057311  0.021601  0.063830    0.956510  0.0  0.0  ...  0.556063  0.626931  0.511475  0.633555  0.564281  0.512060
502    0.048106  0.141420  0.140940    0.961285  0.0  0.0  ...  0.642423  0.454509  0.599904  0.662547  0.578161  0.554332

[5 rows x 47 columns],)
2050. ('new x', tensor([[0.0978, 0.0915, 0.2778,  ..., 0.5293, 0.4694, 0.4237],
        [0.0456, 0.0352, 0.2488,  ..., 0.6523, 0.5669, 0.8202],
        [0.0546, 0.0108, 0.1182,  ..., 0.7410, 0.6347, 0.8388],
        ...,
        [0.9937, 1.0000, 0.0000,  ..., 0.7889, 0.5883, 0.4067],
        [0.0489, 0.0887, 0.1981,  ..., 0.6050, 0.5233, 0.5412],
        [0.0513, 0.0694, 0.1557,  ..., 0.6349, 0.5715, 0.8283]]))
2051. ('preds', tensor([[0.2815],
        [0.2708],
        [0.2785],
        [0.2738],
        [0.2759],
        [0.2804],
        [0.2750],
        [0.2729],
        [0.2699],
        [0.2729],
        [0.2758],
        [0.2752],
        [0.2746],
        [0.2702],
        [0.2831],
        [0.2812],
        [0.2832],
        [0.2700],
        [0.2809],
        [0.2768],
        [0.2702],
        [0.2775],
        [0.2767],
        [0.2745],
        [0.2888],
        [0.2766],
        [0.2694],
        [0.2782],
        [0.2805],
        [0.2744],
        [0.2823],
        [0.2708],
        [0.2746],
        [0.2738],
        [0.2718],
        [0.2817],
        [0.3000],
        [0.2700],
        [0.2824],
        [0.2830],
        [0.2827],
        [0.2780],
        [0.2748],
        [0.2756],
        [0.2792],
        [0.3111],
        [0.2771],
        [0.2705],
        [0.2822],
        [0.2782],
        [0.2753],
        [0.2688],
        [0.2767],
        [0.2780],
        [0.2801],
        [0.2755],
        [0.2722],
        [0.2773],
        [0.2684],
        [0.2847],
        [0.2931],
        [0.2734],
        [0.3068],
        [0.2806],
        [0.2710],
        [0.2716],
        [0.2758],
        [0.2782],
        [0.2855],
        [0.2914],
        [0.2744],
        [0.2903],
        [0.2986],
        [0.2758],
        [0.2758],
        [0.2756],
        [0.2867],
        [0.2693],
        [0.2814],
        [0.2970],
        [0.2986],
        [0.2765],
        [0.2676]], grad_fn=<SigmoidBackward>))
2052. ('returned', [0, 0, 0, 0, 0, 0, 0, 0, 0, 0, 0, 0, 0, 0, 0, 0, 0, 0, 0, 0, 0, 0, 0, 0, 0, 0, 0, 0, 0, 0, 0, 0, 0, 0, 0, 0, 0, 0, 0, 0, 0, 0, 0, 0, 0, 0, 0, 0, 0, 0, 0, 0, 0, 0, 0, 0, 0, 0, 0, 0, 0, 0, 0, 0, 0, 0, 0, 0, 0, 0, 0, 0, 0, 0, 0, 0, 0, 0, 0, 0, 0, 0, 0])
2222. ('start',)
2223. ('X_test shape', (83, 47))
2224. (     dissidence  upf_corr   pf_prop  rot_regret  ref  opp  ...        p4        n0        n1        n2        n3        n4
581    0.337148  0.458509  0.000000    0.969686  0.0  0.0  ...  0.391308  0.732654  0.662115  0.757949  0.656486  0.462523
582    0.071249  0.060577  0.021739    0.955453  0.0  0.0  ...  0.530887  0.593146  0.543991  0.639217  0.528735  0.534940
583    0.191764  0.106476  0.250000    0.965732  0.0  0.0  ...  0.590025  0.777665  0.876462  0.914627  0.791526  0.609666
584    0.876731  1.000000  0.000000    0.940670  0.0  0.0  ...  0.243113  0.892651  0.768388  0.744325  0.552656  0.520623
585    0.071509  0.080184  0.270270    0.980302  0.0  0.0  ...  0.573981  0.661552  0.577175  0.716271  0.633633  0.768873

[5 rows x 47 columns],)
2225. ('new x', tensor([[0.3371, 0.4585, 0.0000,  ..., 0.7579, 0.6565, 0.4625],
        [0.0712, 0.0606, 0.0217,  ..., 0.6392, 0.5287, 0.5349],
        [0.1918, 0.1065, 0.2500,  ..., 0.9146, 0.7915, 0.6097],
        ...,
        [0.1696, 0.2506, 0.3750,  ..., 0.7293, 0.5729, 0.4309],
        [0.9165, 1.0000, 0.0000,  ..., 0.6291, 0.4605, 0.3467],
        [0.0500, 0.1200, 0.6512,  ..., 0.4909, 0.4900, 1.0000]]))
2226. ('preds', tensor([[0.4186],
        [0.4181],
        [0.4177],
        [0.4181],
        [0.4178],
        [0.4178],
        [0.4176],
        [0.4181],
        [0.4176],
        [0.4185],
        [0.4173],
        [0.4176],
        [0.4178],
        [0.4202],
        [0.4185],
        [0.4171],
        [0.4183],
        [0.4181],
        [0.4180],
        [0.4176],
        [0.4168],
        [0.4176],
        [0.4178],
        [0.4180],
        [0.4184],
        [0.4192],
        [0.4184],
        [0.4175],
        [0.4176],
        [0.4173],
        [0.4179],
        [0.4178],
        [0.4181],
        [0.4189],
        [0.4168],
        [0.4175],
        [0.4177],
        [0.4201],
        [0.4180],
        [0.4182],
        [0.4179],
        [0.4182],
        [0.4174],
        [0.4177],
        [0.4185],
        [0.4168],
        [0.4183],
        [0.4181],
        [0.4181],
        [0.4185],
        [0.4184],
        [0.4183],
        [0.4195],
        [0.4185],
        [0.4181],
        [0.4176],
        [0.4185],
        [0.4177],
        [0.4181],
        [0.4168],
        [0.4183],
        [0.4182],
        [0.4180],
        [0.4173],
        [0.4184],
        [0.4178],
        [0.4180],
        [0.4186],
        [0.4180],
        [0.4204],
        [0.4184],
        [0.4175],
        [0.4182],
        [0.4168],
        [0.4180],
        [0.4174],
        [0.4208],
        [0.4199],
        [0.4183],
        [0.4175],
        [0.4181],
        [0.4199],
        [0.4184]], grad_fn=<SigmoidBackward>))
2227. ('returned', [0, 0, 0, 0, 0, 0, 0, 0, 0, 0, 0, 0, 0, 0, 0, 0, 0, 0, 0, 0, 0, 0, 0, 0, 0, 0, 0, 0, 0, 0, 0, 0, 0, 0, 0, 0, 0, 0, 0, 0, 0, 0, 0, 0, 0, 0, 0, 0, 0, 0, 0, 0, 0, 0, 0, 0, 0, 0, 0, 0, 0, 0, 0, 0, 0, 0, 0, 0, 0, 0, 0, 0, 0, 0, 0, 0, 0, 0, 0, 0, 0, 0, 0])
2397. ('start',)
2398. ('X_test shape', (83, 47))
2399. (     dissidence  upf_corr   pf_prop  rot_regret  ref  opp  ...        p4        n0        n1        n2        n3        n4
664    0.038595  0.033765  0.203647    0.972316  0.0  0.0  ...  0.648522  0.562857  0.645014  0.725580  0.614260  0.720374
665    0.042004  0.025592  0.054348    0.958601  0.0  0.0  ...  0.464367  0.594469  0.575800  0.614676  0.536939  0.514451
666    0.132241  0.139323  0.200000    0.979440  0.0  0.0  ...  0.598003  0.477443  0.206560  0.552409  0.593570  0.652469
667    0.053966  0.006171  0.249370    0.977000  0.0  0.0  ...  0.590709  0.478993  0.565849  0.652885  0.573665  0.669798
668    0.087503  0.103669  0.090909    0.945201  0.0  0.0  ...  0.744314  0.708488  0.631288  0.712104  0.607685  0.596568

[5 rows x 47 columns],)
2400. ('new x', tensor([[0.0386, 0.0338, 0.2036,  ..., 0.7256, 0.6143, 0.7204],
        [0.0420, 0.0256, 0.0543,  ..., 0.6147, 0.5369, 0.5145],
        [0.1322, 0.1393, 0.2000,  ..., 0.5524, 0.5936, 0.6525],
        ...,
        [0.0694, 0.0945, 0.1233,  ..., 0.6262, 0.5507, 0.6806],
        [0.0543, 0.0519, 0.2273,  ..., 0.5486, 0.4810, 0.5031],
        [0.0844, 0.0342, 0.0556,  ..., 0.5464, 0.4473, 0.4854]]))
2401. ('preds', tensor([[0.2865],
        [0.2907],
        [0.3109],
        [0.3013],
        [0.2962],
        [0.2802],
        [0.3201],
        [0.2993],
        [0.2948],
        [0.2883],
        [0.2887],
        [0.2976],
        [0.2916],
        [0.2870],
        [0.2912],
        [0.2911],
        [0.3033],
        [0.2856],
        [0.3595],
        [0.4134],
        [0.2981],
        [0.2992],
        [0.2923],
        [0.2971],
        [0.2914],
        [0.2866],
        [0.3876],
        [0.2814],
        [0.3057],
        [0.2918],
        [0.3825],
        [0.3140],
        [0.2873],
        [0.3192],
        [0.2987],
        [0.2862],
        [0.2947],
        [0.2781],
        [0.2966],
        [0.2877],
        [0.3027],
        [0.2900],
        [0.2994],
        [0.2928],
        [0.2919],
        [0.3023],
        [0.2805],
        [0.2912],
        [0.3024],
        [0.3029],
        [0.2982],
        [0.2933],
        [0.3245],
        [0.2882],
        [0.3006],
        [0.2842],
        [0.2907],
        [0.2857],
        [0.2927],
        [0.2885],
        [0.2898],
        [0.2971],
        [0.3060],
        [0.2906],
        [0.2894],
        [0.3033],
        [0.2885],
        [0.2935],
        [0.3162],
        [0.3054],
        [0.2922],
        [0.2871],
        [0.2897],
        [0.2967],
        [0.2975],
        [0.2982],
        [0.2944],
        [0.2854],
        [0.3032],
        [0.2948],
        [0.3193],
        [0.3074],
        [0.2930]], grad_fn=<SigmoidBackward>))
2402. ('returned', [0, 0, 0, 0, 0, 0, 0, 0, 0, 0, 0, 0, 0, 0, 0, 0, 0, 0, 0, 0, 0, 0, 0, 0, 0, 0, 0, 0, 0, 0, 0, 0, 0, 0, 0, 0, 0, 0, 0, 0, 0, 0, 0, 0, 0, 0, 0, 0, 0, 0, 0, 0, 0, 0, 0, 0, 0, 0, 0, 0, 0, 0, 0, 0, 0, 0, 0, 0, 0, 0, 0, 0, 0, 0, 0, 0, 0, 0, 0, 0, 0, 0, 0])
2572. ('start',)
2573. ('X_test shape', (83, 47))
2574. (     dissidence  upf_corr   pf_prop  rot_regret  ref  opp  ...        p4        n0        n1        n2        n3        n4
747    0.059048  0.024982  0.100610    0.954803  0.0  0.0  ...  0.629480  0.487669  0.573131  0.644970  0.551116  0.650186
748    0.046279  0.062076  0.194030    0.969490  0.0  0.0  ...  0.576318  0.509660  0.542782  0.613005  0.543994  0.701483
749    0.039336  0.133113  0.281250    0.981048  0.0  0.0  ...  0.601720  0.319871  0.549961  0.640706  0.550096  0.617103
750    0.066784  0.013220  0.076923    0.964694  0.0  0.0  ...  0.556993  0.603087  0.564328  0.617399  0.548834  0.602233
751    0.061823  0.119418  0.105263    0.959411  0.0  0.0  ...  0.591088  0.526824  0.610193  0.720967  0.655577  0.700221

[5 rows x 47 columns],)
2575. ('new x', tensor([[0.0590, 0.0250, 0.1006,  ..., 0.6450, 0.5511, 0.6502],
        [0.0463, 0.0621, 0.1940,  ..., 0.6130, 0.5440, 0.7015],
        [0.0393, 0.1331, 0.2812,  ..., 0.6407, 0.5501, 0.6171],
        ...,
        [0.0581, 0.0424, 0.0659,  ..., 0.7458, 0.6337, 0.6822],
        [0.0774, 0.0417, 0.2742,  ..., 0.7508, 0.6242, 0.6086],
        [0.0705, 0.0138, 0.2162,  ..., 0.7332, 0.6334, 0.6407]]))
2576. ('preds', tensor([[0.2496],
        [0.2738],
        [0.2686],
        [0.2631],
        [0.2492],
        [0.2401],
        [0.2533],
        [0.2431],
        [0.2714],
        [0.2640],
        [0.2597],
        [0.2516],
        [0.2687],
        [0.2611],
        [0.2611],
        [0.2774],
        [0.2656],
        [0.2572],
        [0.2684],
        [0.2485],
        [0.2602],
        [0.2638],
        [0.2450],
        [0.2522],
        [0.2594],
        [0.2497],
        [0.2619],
        [0.2856],
        [0.2494],
        [0.2633],
        [0.2781],
        [0.2612],
        [0.3013],
        [0.2532],
        [0.3057],
        [0.2614],
        [0.3232],
        [0.2668],
        [0.2596],
        [0.2678],
        [0.2489],
        [0.2794],
        [0.2684],
        [0.2587],
        [0.2720],
        [0.2488],
        [0.2547],
        [0.2518],
        [0.2559],
        [0.2882],
        [0.2706],
        [0.2448],
        [0.2608],
        [0.2664],
        [0.2386],
        [0.2658],
        [0.2678],
        [0.2572],
        [0.2592],
        [0.2701],
        [0.2728],
        [0.2485],
        [0.2608],
        [0.2652],
        [0.2703],
        [0.2615],
        [0.2677],
        [0.2453],
        [0.2948],
        [0.2735],
        [0.2585],
        [0.2614],
        [0.2599],
        [0.3055],
        [0.2682],
        [0.2417],
        [0.2550],
        [0.2558],
        [0.2456],
        [0.2704],
        [0.2509],
        [0.2563],
        [0.2482]], grad_fn=<SigmoidBackward>))
2577. ('returned', [0, 0, 0, 0, 0, 0, 0, 0, 0, 0, 0, 0, 0, 0, 0, 0, 0, 0, 0, 0, 0, 0, 0, 0, 0, 0, 0, 0, 0, 0, 0, 0, 0, 0, 0, 0, 0, 0, 0, 0, 0, 0, 0, 0, 0, 0, 0, 0, 0, 0, 0, 0, 0, 0, 0, 0, 0, 0, 0, 0, 0, 0, 0, 0, 0, 0, 0, 0, 0, 0, 0, 0, 0, 0, 0, 0, 0, 0, 0, 0, 0, 0, 0])
2597. ('start',)
2598. ('X_test shape', (86, 47))
2599. (     dissidence  upf_corr   pf_prop  rot_regret  ref  opp  ...        p4        n0        n1        n2        n3        n4
830    0.030290  0.068884  0.064516    0.949875  0.0  0.0  ...  0.622001  0.274481  0.643970  0.757400  0.651056  0.741954
831    0.113091  0.073572  0.000000    0.955943  0.0  0.0  ...  0.418675  0.579287  0.551533  0.650448  0.493492  0.603463
832    0.038923  0.022183  0.133333    0.965374  0.0  0.0  ...  0.534431  0.504730  0.555336  0.654221  0.544729  0.667612
833    0.043535  0.127212  0.056738    0.939953  0.0  0.0  ...  0.480661  0.549037  0.593603  0.684716  0.596855  0.748906
834    0.064914  0.021677  0.210317    0.974736  0.0  0.0  ...  0.627873  0.565904  0.641640  0.727511  0.610989  0.601544

[5 rows x 47 columns],)
2600. ('new x', tensor([[0.0303, 0.0689, 0.0645,  ..., 0.7574, 0.6511, 0.7420],
        [0.1131, 0.0736, 0.0000,  ..., 0.6504, 0.4935, 0.6035],
        [0.0389, 0.0222, 0.1333,  ..., 0.6542, 0.5447, 0.6676],
        ...,
        [0.0839, 0.0019, 0.1200,  ..., 0.6714, 0.5626, 0.9895],
        [0.0308, 0.0497, 0.2202,  ..., 0.6564, 0.5873, 0.7148],
        [0.1176, 0.2750, 0.3571,  ..., 0.6049, 0.5321, 0.4890]]))
2601. ('preds', tensor([[0.2665],
        [0.2705],
        [0.2652],
        [0.2751],
        [0.2613],
        [0.2505],
        [0.2755],
        [0.2465],
        [0.2450],
        [0.2617],
        [0.2507],
        [0.2583],
        [0.2669],
        [0.2599],
        [0.2729],
        [0.3052],
        [0.2724],
        [0.2664],
        [0.3020],
        [0.2528],
        [0.2538],
        [0.2461],
        [0.2487],
        [0.2466],
        [0.2578],
        [0.2711],
        [0.2329],
        [0.2484],
        [0.2504],
        [0.2570],
        [0.2610],
        [0.2459],
        [0.2376],
        [0.2545],
        [0.2584],
        [0.2578],
        [0.2615],
        [0.2549],
        [0.2654],
        [0.2464],
        [0.2596],
        [0.2573],
        [0.2557],
        [0.2607],
        [0.2632],
        [0.2606],
        [0.2511],
        [0.2502],
        [0.2456],
        [0.2423],
        [0.2628],
        [0.2542],
        [0.2572],
        [0.2503],
        [0.2516],
        [0.2692],
        [0.2803],
        [0.2693],
        [0.2699],
        [0.2657],
        [0.2500],
        [0.2411],
        [0.2520],
        [0.2680],
        [0.2719],
        [0.2673],
        [0.2639],
        [0.2619],
        [0.2510],
        [0.2420],
        [0.2643],
        [0.2646],
        [0.2535],
        [0.2680],
        [0.2593],
        [0.3228],
        [0.2467],
        [0.2515],
        [0.2609],
        [0.2669],
        [0.2501],
        [0.2647],
        [0.2677],
        [0.2632],
        [0.2669],
        [0.2513]], grad_fn=<SigmoidBackward>))
2602. ('returned', [0, 0, 0, 0, 0, 0, 0, 0, 0, 0, 0, 0, 0, 0, 0, 0, 0, 0, 0, 0, 0, 0, 0, 0, 0, 0, 0, 0, 0, 0, 0, 0, 0, 0, 0, 0, 0, 0, 0, 0, 0, 0, 0, 0, 0, 0, 0, 0, 0, 0, 0, 0, 0, 0, 0, 0, 0, 0, 0, 0, 0, 0, 0, 0, 0, 0, 0, 0, 0, 0, 0, 0, 0, 0, 0, 0, 0, 0, 0, 0, 0, 0, 0, 0, 0, 0])
5127. ('start',)
5128. ('X_test shape', (83, 104))
5129. (   Forks period 1 p  Forks period 2 p  ...  Commits by Owner period 7 p  Commits by Owner period 8 p
0          0.017225          0.018754  ...                     0.067548                     0.112669
1          0.007829          0.004689  ...                     0.095448                     0.138708
2          0.008221          0.008205  ...                     0.003426                     0.000501
3          0.027403          0.019759  ...                     0.181106                     0.067601
4          0.012135          0.007535  ...                     0.000000                     0.000000

[5 rows x 104 columns],)
5130. ('new x', tensor([[0.0172, 0.0188, 0.0190,  ..., 0.0476, 0.0675, 0.1127],
        [0.0078, 0.0047, 0.0071,  ..., 0.1289, 0.0954, 0.1387],
        [0.0082, 0.0082, 0.0077,  ..., 0.0000, 0.0034, 0.0005],
        ...,
        [0.0067, 0.0065, 0.0079,  ..., 0.0089, 0.0235, 0.0005],
        [0.0135, 0.0102, 0.0335,  ..., 0.0317, 0.0543, 0.0931],
        [0.0092, 0.0112, 0.0083,  ..., 0.0749, 0.1728, 0.1172]]))
5131. ('preds', tensor([[0.4860],
        [0.4855],
        [0.4705],
        [0.4855],
        [0.4755],
        [0.4689],
        [0.4757],
        [0.4780],
        [0.4710],
        [0.4671],
        [0.4825],
        [0.4845],
        [0.4682],
        [0.4821],
        [0.4757],
        [0.4826],
        [0.4800],
        [0.4670],
        [0.4941],
        [0.4768],
        [0.4834],
        [0.4733],
        [0.4783],
        [0.4572],
        [0.4863],
        [0.4823],
        [0.4739],
        [0.4923],
        [0.4802],
        [0.4826],
        [0.4740],
        [0.4831],
        [0.4847],
        [0.4749],
        [0.4833],
        [0.4666],
        [0.4850],
        [0.4687],
        [0.4801],
        [0.4809],
        [0.4845],
        [0.4832],
        [0.4819],
        [0.4700],
        [0.4774],
        [0.4715],
        [0.4822],
        [0.4828],
        [0.4738],
        [0.4844],
        [0.4767],
        [0.4699],
        [0.4800],
        [0.4853],
        [0.4831],
        [0.4820],
        [0.4762],
        [0.4811],
        [0.4793],
        [0.4840],
        [0.4773],
        [0.4734],
        [0.4774],
        [0.4695],
        [0.4832],
        [0.4706],
        [0.4799],
        [0.4816],
        [0.4808],
        [0.4817],
        [0.4685],
        [0.4812],
        [0.4860],
        [0.4713],
        [0.4862],
        [0.4814],
        [0.4463],
        [0.4770],
        [0.4738],
        [0.4852],
        [0.4808],
        [0.4862],
        [0.4843]], grad_fn=<SigmoidBackward>))
5132. ('returned', [0, 0, 0, 0, 0, 0, 0, 0, 0, 0, 0, 0, 0, 0, 0, 0, 0, 0, 0, 0, 0, 0, 0, 0, 0, 0, 0, 0, 0, 0, 0, 0, 0, 0, 0, 0, 0, 0, 0, 0, 0, 0, 0, 0, 0, 0, 0, 0, 0, 0, 0, 0, 0, 0, 0, 0, 0, 0, 0, 0, 0, 0, 0, 0, 0, 0, 0, 0, 0, 0, 0, 0, 0, 0, 0, 0, 0, 0, 0, 0, 0, 0, 0])
5302. ('start',)
5303. ('X_test shape', (83, 104))
5304. (    Forks period 1 p  Forks period 2 p  ...  Commits by Owner period 7 p  Commits by Owner period 8 p
83          0.018203          0.013061  ...                     0.114537                     0.078618
84          0.000391          0.001172  ...                     0.000000                     0.000000
85          0.024662          0.018419  ...                     0.106706                     0.061092
86          0.007829          0.005023  ...                     0.023495                     0.000000
87          0.011940          0.007033  ...                     0.085169                     0.041562

[5 rows x 104 columns],)
5305. ('new x', tensor([[0.0182, 0.0131, 0.0052,  ..., 0.0887, 0.1145, 0.0786],
        [0.0004, 0.0012, 0.0032,  ..., 0.0000, 0.0000, 0.0000],
        [0.0247, 0.0184, 0.0136,  ..., 0.0798, 0.1067, 0.0611],
        ...,
        [0.0131, 0.0127, 0.0051,  ..., 0.0863, 0.0406, 0.1492],
        [0.0018, 0.0017, 0.0020,  ..., 0.0055, 0.0054, 0.0135],
        [0.0012, 0.0013, 0.0017,  ..., 0.0000, 0.0010, 0.0000]]))
5306. ('preds', tensor([[0.4531],
        [0.4464],
        [0.4549],
        [0.4528],
        [0.4526],
        [0.4520],
        [0.4318],
        [0.4525],
        [0.4471],
        [0.4575],
        [0.4473],
        [0.4496],
        [0.4600],
        [0.4522],
        [0.4518],
        [0.4485],
        [0.4519],
        [0.4484],
        [0.3760],
        [0.4551],
        [0.4424],
        [0.4437],
        [0.4425],
        [0.4602],
        [0.4511],
        [0.4574],
        [0.4467],
        [0.4492],
        [0.4467],
        [0.4525],
        [0.4558],
        [0.4508],
        [0.4522],
        [0.4499],
        [0.4510],
        [0.4454],
        [0.4439],
        [0.4478],
        [0.4542],
        [0.4566],
        [0.4558],
        [0.4502],
        [0.4321],
        [0.4453],
        [0.4500],
        [0.4538],
        [0.4438],
        [0.4374],
        [0.4502],
        [0.4539],
        [0.4568],
        [0.4491],
        [0.4525],
        [0.4807],
        [0.4527],
        [0.4489],
        [0.4338],
        [0.4518],
        [0.4522],
        [0.4540],
        [0.4573],
        [0.4460],
        [0.4268],
        [0.4449],
        [0.4576],
        [0.4519],
        [0.4347],
        [0.4461],
        [0.4526],
        [0.4595],
        [0.4525],
        [0.4553],
        [0.4528],
        [0.4502],
        [0.4514],
        [0.4544],
        [0.4394],
        [0.4534],
        [0.4450],
        [0.4412],
        [0.4476],
        [0.4457],
        [0.4381]], grad_fn=<SigmoidBackward>))
5307. ('returned', [0, 0, 0, 0, 0, 0, 0, 0, 0, 0, 0, 0, 0, 0, 0, 0, 0, 0, 0, 0, 0, 0, 0, 0, 0, 0, 0, 0, 0, 0, 0, 0, 0, 0, 0, 0, 0, 0, 0, 0, 0, 0, 0, 0, 0, 0, 0, 0, 0, 0, 0, 0, 0, 0, 0, 0, 0, 0, 0, 0, 0, 0, 0, 0, 0, 0, 0, 0, 0, 0, 0, 0, 0, 0, 0, 0, 0, 0, 0, 0, 0, 0, 0])
5477. ('start',)
5478. ('X_test shape', (83, 104))
5479. (     Forks period 1 p  Forks period 2 p  ...  Commits by Owner period 7 p  Commits by Owner period 8 p
166          0.018203          0.020261  ...                     0.009790                     0.004006
167          0.006068          0.002009  ...                     0.006363                     0.002003
168          0.024075          0.018754  ...                     0.043074                     0.038558
169          0.000783          0.000670  ...                     0.002937                     0.001002
170          0.004110          0.003851  ...                     0.031816                     0.014021

[5 rows x 104 columns],)
5480. ('new x', tensor([[0.0182, 0.0203, 0.0227,  ..., 0.0892, 0.0098, 0.0040],
        [0.0061, 0.0020, 0.0045,  ..., 0.0015, 0.0064, 0.0020],
        [0.0241, 0.0188, 0.0177,  ..., 0.0412, 0.0431, 0.0386],
        ...,
        [0.0082, 0.0050, 0.0052,  ..., 0.0278, 0.0044, 0.1077],
        [0.0076, 0.0079, 0.0057,  ..., 0.5682, 0.5888, 0.7732],
        [0.0086, 0.0104, 0.0061,  ..., 0.0451, 0.0333, 0.0100]]))
5481. ('preds', tensor([[0.4371],
        [0.4407],
        [0.4383],
        [0.4374],
        [0.4377],
        [0.4367],
        [0.4343],
        [0.4320],
        [0.4372],
        [0.4359],
        [0.4372],
        [0.4371],
        [0.4429],
        [0.4410],
        [0.4369],
        [0.4363],
        [0.4304],
        [0.4379],
        [0.4332],
        [0.4377],
        [0.4363],
        [0.4351],
        [0.4283],
        [0.4334],
        [0.4323],
        [0.4358],
        [0.4353],
        [0.4360],
        [0.4378],
        [0.4324],
        [0.4413],
        [0.4363],
        [0.4263],
        [0.4369],
        [0.4337],
        [0.4358],
        [0.4350],
        [0.4371],
        [0.4380],
        [0.4358],
        [0.4354],
        [0.4338],
        [0.4338],
        [0.4357],
        [0.4372],
        [0.4399],
        [0.4401],
        [0.4349],
        [0.4349],
        [0.4358],
        [0.4381],
        [0.4368],
        [0.4356],
        [0.4380],
        [0.4376],
        [0.4369],
        [0.4344],
        [0.4342],
        [0.4381],
        [0.4354],
        [0.4332],
        [0.4360],
        [0.4370],
        [0.4361],
        [0.4403],
        [0.4364],
        [0.4352],
        [0.4300],
        [0.4373],
        [0.4335],
        [0.4386],
        [0.4346],
        [0.4342],
        [0.4344],
        [0.4328],
        [0.4368],
        [0.4354],
        [0.4413],
        [0.4381],
        [0.4350],
        [0.4343],
        [0.4287],
        [0.4390]], grad_fn=<SigmoidBackward>))
5482. ('returned', [0, 0, 0, 0, 0, 0, 0, 0, 0, 0, 0, 0, 0, 0, 0, 0, 0, 0, 0, 0, 0, 0, 0, 0, 0, 0, 0, 0, 0, 0, 0, 0, 0, 0, 0, 0, 0, 0, 0, 0, 0, 0, 0, 0, 0, 0, 0, 0, 0, 0, 0, 0, 0, 0, 0, 0, 0, 0, 0, 0, 0, 0, 0, 0, 0, 0, 0, 0, 0, 0, 0, 0, 0, 0, 0, 0, 0, 0, 0, 0, 0, 0, 0])
5652. ('start',)
5653. ('X_test shape', (83, 104))
5654. (     Forks period 1 p  Forks period 2 p  ...  Commits by Owner period 7 p  Commits by Owner period 8 p
249          0.019378          0.020261  ...                     0.014195                     0.039059
250          0.000391          0.000502  ...                     0.000000                     0.003005
251          0.016442          0.020764  ...                     0.144885                     0.141713
252          0.005089          0.003182  ...                     0.025942                     0.032048
253          0.000000          0.000000  ...                     0.019579                     0.008012

[5 rows x 104 columns],)
5655. ('new x', tensor([[0.0194, 0.0203, 0.0207,  ..., 0.0193, 0.0142, 0.0391],
        [0.0004, 0.0005, 0.0002,  ..., 0.0000, 0.0000, 0.0030],
        [0.0164, 0.0208, 0.0184,  ..., 0.1314, 0.1449, 0.1417],
        ...,
        [0.0035, 0.0049, 0.0024,  ..., 0.0000, 0.0020, 0.0015],
        [0.0045, 0.0064, 0.0079,  ..., 0.0540, 0.0494, 0.0616],
        [0.0170, 0.0196, 0.0204,  ..., 0.1190, 0.0215, 0.0000]]))
5656. ('preds', tensor([[0.3996],
        [0.3891],
        [0.3958],
        [0.3970],
        [0.3920],
        [0.3942],
        [0.3990],
        [0.3839],
        [0.3919],
        [0.3923],
        [0.3919],
        [0.3912],
        [0.3848],
        [0.3903],
        [0.3905],
        [0.3916],
        [0.4242],
        [0.3995],
        [0.3854],
        [0.3760],
        [0.3931],
        [0.3940],
        [0.3959],
        [0.3905],
        [0.3881],
        [0.3919],
        [0.3903],
        [0.3956],
        [0.3908],
        [0.3935],
        [0.3945],
        [0.3879],
        [0.3945],
        [0.3932],
        [0.3944],
        [0.3989],
        [0.3970],
        [0.3958],
        [0.3986],
        [0.3903],
        [0.3967],
        [0.3999],
        [0.3926],
        [0.3918],
        [0.3933],
        [0.3908],
        [0.3849],
        [0.3959],
        [0.3902],
        [0.3915],
        [0.3998],
        [0.4093],
        [0.3909],
        [0.3995],
        [0.3947],
        [0.3917],
        [0.3973],
        [0.3951],
        [0.3962],
        [0.3887],
        [0.3924],
        [0.3891],
        [0.3932],
        [0.3935],
        [0.3960],
        [0.3988],
        [0.3971],
        [0.3950],
        [0.3915],
        [0.3830],
        [0.3814],
        [0.3912],
        [0.3932],
        [0.3971],
        [0.3918],
        [0.3849],
        [0.3950],
        [0.3897],
        [0.3978],
        [0.3926],
        [0.3921],
        [0.3934],
        [0.3931]], grad_fn=<SigmoidBackward>))
5657. ('returned', [0, 0, 0, 0, 0, 0, 0, 0, 0, 0, 0, 0, 0, 0, 0, 0, 0, 0, 0, 0, 0, 0, 0, 0, 0, 0, 0, 0, 0, 0, 0, 0, 0, 0, 0, 0, 0, 0, 0, 0, 0, 0, 0, 0, 0, 0, 0, 0, 0, 0, 0, 0, 0, 0, 0, 0, 0, 0, 0, 0, 0, 0, 0, 0, 0, 0, 0, 0, 0, 0, 0, 0, 0, 0, 0, 0, 0, 0, 0, 0, 0, 0, 0])
5827. ('start',)
5828. ('X_test shape', (83, 104))
5829. (     Forks period 1 p  Forks period 2 p  ...  Commits by Owner period 7 p  Commits by Owner period 8 p
332          0.013701          0.011554  ...                     0.254038                     0.239860
333          0.006851          0.001507  ...                     0.000000                     0.000000
334          0.004698          0.005191  ...                     0.001468                     0.000501
335          0.044236          0.035164  ...                     0.036711                     0.087631
336          0.002153          0.002009  ...                     0.004895                     0.070105

[5 rows x 104 columns],)
5830. ('new x', tensor([[0.0137, 0.0116, 0.0120,  ..., 0.2965, 0.2540, 0.2399],
        [0.0069, 0.0015, 0.0012,  ..., 0.0010, 0.0000, 0.0000],
        [0.0047, 0.0052, 0.0056,  ..., 0.0035, 0.0015, 0.0005],
        ...,
        [0.0023, 0.0018, 0.0007,  ..., 0.0387, 0.0661, 0.0676],
        [0.0137, 0.0107, 0.0108,  ..., 0.0000, 0.0000, 0.0000],
        [0.0082, 0.0077, 0.0059,  ..., 0.0248, 0.0088, 0.0130]]))
5831. ('preds', tensor([[0.3828],
        [0.3695],
        [0.3679],
        [0.3793],
        [0.3697],
        [0.3836],
        [0.3724],
        [0.3783],
        [0.3866],
        [0.3684],
        [0.3778],
        [0.3737],
        [0.3778],
        [0.3705],
        [0.3840],
        [0.3692],
        [0.3792],
        [0.3822],
        [0.3711],
        [0.3712],
        [0.3739],
        [0.3771],
        [0.3741],
        [0.3773],
        [0.3784],
        [0.3676],
        [0.3756],
        [0.3766],
        [0.3806],
        [0.3739],
        [0.3723],
        [0.3781],
        [0.3747],
        [0.3804],
        [0.3717],
        [0.3732],
        [0.3738],
        [0.3737],
        [0.3685],
        [0.3683],
        [0.3741],
        [0.3733],
        [0.3743],
        [0.3837],
        [0.3797],
        [0.3723],
        [0.3707],
        [0.3683],
        [0.3712],
        [0.3764],
        [0.3687],
        [0.3692],
        [0.3778],
        [0.3717],
        [0.3735],
        [0.3787],
        [0.3681],
        [0.3761],
        [0.3718],
        [0.3702],
        [0.3745],
        [0.3684],
        [0.3778],
        [0.3744],
        [0.3837],
        [0.3788],
        [0.3731],
        [0.3659],
        [0.3791],
        [0.3793],
        [0.3719],
        [0.3681],
        [0.3736],
        [0.3746],
        [0.3711],
        [0.3778],
        [0.3725],
        [0.3740],
        [0.3689],
        [0.3796],
        [0.3724],
        [0.3726],
        [0.3704]], grad_fn=<SigmoidBackward>))
5832. ('returned', [0, 0, 0, 0, 0, 0, 0, 0, 0, 0, 0, 0, 0, 0, 0, 0, 0, 0, 0, 0, 0, 0, 0, 0, 0, 0, 0, 0, 0, 0, 0, 0, 0, 0, 0, 0, 0, 0, 0, 0, 0, 0, 0, 0, 0, 0, 0, 0, 0, 0, 0, 0, 0, 0, 0, 0, 0, 0, 0, 0, 0, 0, 0, 0, 0, 0, 0, 0, 0, 0, 0, 0, 0, 0, 0, 0, 0, 0, 0, 0, 0, 0, 0])
6002. ('start',)
6003. ('X_test shape', (83, 104))
6004. (     Forks period 1 p  Forks period 2 p  ...  Commits by Owner period 7 p  Commits by Owner period 8 p
415          0.006263          0.005861  ...                     0.032305                     0.065098
416          0.014876          0.011554  ...                     0.010279                     0.006009
417          0.015659          0.015405  ...                     0.092022                     0.098147
418          0.000979          0.000837  ...                     0.080274                     0.000000
419          0.006459          0.007703  ...                     0.133627                     0.169254

[5 rows x 104 columns],)
6005. ('new x', tensor([[0.0063, 0.0059, 0.0035,  ..., 0.0506, 0.0323, 0.0651],
        [0.0149, 0.0116, 0.0147,  ..., 0.0154, 0.0103, 0.0060],
        [0.0157, 0.0154, 0.0128,  ..., 0.0193, 0.0920, 0.0981],
        ...,
        [0.1409, 0.1174, 0.0590,  ..., 0.0481, 0.0538, 0.0401],
        [0.0053, 0.0062, 0.0079,  ..., 0.0297, 0.0269, 0.0486],
        [0.0023, 0.0020, 0.0012,  ..., 0.0094, 0.0103, 0.0025]]))
6006. ('preds', tensor([[0.3442],
        [0.3476],
        [0.3464],
        [0.3431],
        [0.3463],
        [0.3467],
        [0.3455],
        [0.3479],
        [0.3431],
        [0.3452],
        [0.3446],
        [0.3459],
        [0.3465],
        [0.3488],
        [0.3498],
        [0.3484],
        [0.3510],
        [0.3426],
        [0.3483],
        [0.3463],
        [0.3468],
        [0.3470],
        [0.3483],
        [0.3535],
        [0.3452],
        [0.3526],
        [0.3526],
        [0.3459],
        [0.3469],
        [0.3531],
        [0.3439],
        [0.3451],
        [0.3442],
        [0.3454],
        [0.3512],
        [0.3438],
        [0.3457],
        [0.3449],
        [0.3483],
        [0.3488],
        [0.3496],
        [0.3477],
        [0.3431],
        [0.3500],
        [0.3452],
        [0.3450],
        [0.3487],
        [0.3446],
        [0.3455],
        [0.3447],
        [0.3410],
        [0.3469],
        [0.3537],
        [0.3448],
        [0.3469],
        [0.3465],
        [0.3410],
        [0.3473],
        [0.3426],
        [0.3467],
        [0.3422],
        [0.3445],
        [0.3446],
        [0.3452],
        [0.3444],
        [0.3470],
        [0.3455],
        [0.3477],
        [0.3430],
        [0.3455],
        [0.3491],
        [0.3471],
        [0.3416],
        [0.3434],
        [0.3501],
        [0.3435],
        [0.3443],
        [0.3451],
        [0.3473],
        [0.3466],
        [0.3492],
        [0.3517],
        [0.3512]], grad_fn=<SigmoidBackward>))
6007. ('returned', [0, 0, 0, 0, 0, 0, 0, 0, 0, 0, 0, 0, 0, 0, 0, 0, 0, 0, 0, 0, 0, 0, 0, 0, 0, 0, 0, 0, 0, 0, 0, 0, 0, 0, 0, 0, 0, 0, 0, 0, 0, 0, 0, 0, 0, 0, 0, 0, 0, 0, 0, 0, 0, 0, 0, 0, 0, 0, 0, 0, 0, 0, 0, 0, 0, 0, 0, 0, 0, 0, 0, 0, 0, 0, 0, 0, 0, 0, 0, 0, 0, 0, 0])
6177. ('start',)
6178. ('X_test shape', (83, 104))
6179. (     Forks period 1 p  Forks period 2 p  ...  Commits by Owner period 7 p  Commits by Owner period 8 p
498          0.002349          0.003182  ...                     0.009300                     0.003505
499          1.000000          1.000000  ...                     0.000000                     0.000000
500          0.042474          0.032652  ...                     0.075869                     0.042063
501          0.001957          0.001674  ...                     0.004405                     0.007511
502          0.008417          0.006865  ...                     0.152717                     0.241863

[5 rows x 104 columns],)
6180. ('new x', tensor([[2.3488e-03, 3.1815e-03, 1.8528e-03,  ..., 1.7353e-02, 9.3000e-03,
         3.5053e-03],
        [1.0000e+00, 1.0000e+00, 1.0000e+00,  ..., 5.6123e-01, 0.0000e+00,
         0.0000e+00],
        [4.2474e-02, 3.2652e-02, 4.1772e-02,  ..., 5.8007e-02, 7.5869e-02,
         4.2063e-02],
        ...,
        [9.7867e-04, 1.5070e-03, 1.3475e-03,  ..., 0.0000e+00, 1.4684e-03,
         4.0060e-03],
        [4.3061e-03, 3.8513e-03, 3.8740e-03,  ..., 6.0982e-02, 1.4195e-02,
         3.3550e-02],
        [2.7207e-02, 2.5285e-02, 2.6107e-02,  ..., 9.4199e-03, 4.6500e-02,
         6.1592e-02]]))
6181. ('preds', tensor([[0.4864],
        [0.4722],
        [0.4759],
        [0.4845],
        [0.4789],
        [0.4768],
        [0.4845],
        [0.4878],
        [0.4811],
        [0.4753],
        [0.4747],
        [0.4800],
        [0.4792],
        [0.4769],
        [0.4851],
        [0.4786],
        [0.4792],
        [0.4730],
        [0.4878],
        [0.4809],
        [0.4641],
        [0.4835],
        [0.4855],
        [0.4832],
        [0.4667],
        [0.4801],
        [0.4778],
        [0.4769],
        [0.4803],
        [0.4831],
        [0.4851],
        [0.4754],
        [0.4482],
        [0.4781],
        [0.4798],
        [0.4785],
        [0.4776],
        [0.4816],
        [0.4724],
        [0.4845],
        [0.4565],
        [0.4840],
        [0.4736],
        [0.4835],
        [0.4587],
        [0.4792],
        [0.4789],
        [0.4814],
        [0.4826],
        [0.4782],
        [0.4748],
        [0.4764],
        [0.4847],
        [0.4798],
        [0.4839],
        [0.4739],
        [0.4842],
        [0.4768],
        [0.4858],
        [0.4832],
        [0.4741],
        [0.4726],
        [0.4854],
        [0.4802],
        [0.4838],
        [0.4827],
        [0.4794],
        [0.4762],
        [0.4835],
        [0.4735],
        [0.4836],
        [0.4535],
        [0.4814],
        [0.4821],
        [0.4825],
        [0.4787],
        [0.4802],
        [0.4834],
        [0.4814],
        [0.4805],
        [0.4830],
        [0.4813],
        [0.4780]], grad_fn=<SigmoidBackward>))
6182. ('returned', [0, 0, 0, 0, 0, 0, 0, 0, 0, 0, 0, 0, 0, 0, 0, 0, 0, 0, 0, 0, 0, 0, 0, 0, 0, 0, 0, 0, 0, 0, 0, 0, 0, 0, 0, 0, 0, 0, 0, 0, 0, 0, 0, 0, 0, 0, 0, 0, 0, 0, 0, 0, 0, 0, 0, 0, 0, 0, 0, 0, 0, 0, 0, 0, 0, 0, 0, 0, 0, 0, 0, 0, 0, 0, 0, 0, 0, 0, 0, 0, 0, 0, 0])
6352. ('start',)
6353. ('X_test shape', (83, 104))
6354. (     Forks period 1 p  Forks period 2 p  ...  Commits by Owner period 7 p  Commits by Owner period 8 p
581          0.000587          0.001172  ...                     0.024963                     0.027541
582          0.007046          0.008372  ...                     0.039648                     0.023535
583          0.004110          0.001842  ...                     0.001468                     0.002003
584          0.011548          0.013731  ...                     0.010768                     0.004507
585          0.013310          0.007200  ...                     0.004405                     0.009014

[5 rows x 104 columns],)
6355. ('new x', tensor([[0.0006, 0.0012, 0.0003,  ..., 0.0099, 0.0250, 0.0275],
        [0.0070, 0.0084, 0.0052,  ..., 0.0035, 0.0396, 0.0235],
        [0.0041, 0.0018, 0.0037,  ..., 0.0030, 0.0015, 0.0020],
        ...,
        [0.0045, 0.0037, 0.0039,  ..., 0.0015, 0.0029, 0.0005],
        [0.0033, 0.0032, 0.0035,  ..., 0.0055, 0.0000, 0.0155],
        [0.0376, 0.0343, 0.0323,  ..., 0.0436, 0.0641, 0.0431]]))
6356. ('preds', tensor([[0.4173],
        [0.4110],
        [0.4154],
        [0.4133],
        [0.4116],
        [0.4235],
        [0.4110],
        [0.4177],
        [0.4107],
        [0.4112],
        [0.4112],
        [0.4157],
        [0.4109],
        [0.4202],
        [0.4113],
        [0.4205],
        [0.4121],
        [0.4154],
        [0.4110],
        [0.4125],
        [0.4113],
        [0.4111],
        [0.4151],
        [0.4107],
        [0.4162],
        [0.4197],
        [0.4131],
        [0.4107],
        [0.4134],
        [0.4127],
        [0.4111],
        [0.4116],
        [0.4105],
        [0.4144],
        [0.4169],
        [0.4137],
        [0.4110],
        [0.4201],
        [0.4107],
        [0.4195],
        [0.4130],
        [0.4113],
        [0.4147],
        [0.4144],
        [0.4183],
        [0.4232],
        [0.4110],
        [0.4136],
        [0.4108],
        [0.4111],
        [0.4111],
        [0.4141],
        [0.4213],
        [0.4106],
        [0.4109],
        [0.4109],
        [0.4109],
        [0.4142],
        [0.4108],
        [0.4172],
        [0.4111],
        [0.4111],
        [0.4145],
        [0.4145],
        [0.4146],
        [0.4180],
        [0.4206],
        [0.4100],
        [0.4111],
        [0.4131],
        [0.4104],
        [0.4199],
        [0.4109],
        [0.4110],
        [0.4109],
        [0.4117],
        [0.4147],
        [0.4225],
        [0.4111],
        [0.4112],
        [0.4188],
        [0.4150],
        [0.4109]], grad_fn=<SigmoidBackward>))
6357. ('returned', [0, 0, 0, 0, 0, 0, 0, 0, 0, 0, 0, 0, 0, 0, 0, 0, 0, 0, 0, 0, 0, 0, 0, 0, 0, 0, 0, 0, 0, 0, 0, 0, 0, 0, 0, 0, 0, 0, 0, 0, 0, 0, 0, 0, 0, 0, 0, 0, 0, 0, 0, 0, 0, 0, 0, 0, 0, 0, 0, 0, 0, 0, 0, 0, 0, 0, 0, 0, 0, 0, 0, 0, 0, 0, 0, 0, 0, 0, 0, 0, 0, 0, 0])
6527. ('start',)
6528. ('X_test shape', (83, 104))
6529. (     Forks period 1 p  Forks period 2 p  ...  Commits by Owner period 7 p  Commits by Owner period 8 p
664          0.024662          0.023443  ...                     0.135585                     0.074612
665          0.001566          0.001340  ...                     0.036711                     0.030045
666          0.005089          0.014903  ...                     0.001468                     0.000000
667          0.051086          0.039350  ...                     0.045032                     0.056084
668          0.006068          0.006028  ...                     0.001958                     0.006510

[5 rows x 104 columns],)
6530. ('new x', tensor([[0.0247, 0.0234, 0.0207,  ..., 0.0764, 0.1356, 0.0746],
        [0.0016, 0.0013, 0.0015,  ..., 0.0407, 0.0367, 0.0300],
        [0.0051, 0.0149, 0.0017,  ..., 0.0000, 0.0015, 0.0000],
        ...,
        [0.0069, 0.0057, 0.0051,  ..., 0.0208, 0.0617, 0.1397],
        [0.0090, 0.0080, 0.0084,  ..., 0.0605, 0.0715, 0.0220],
        [0.0016, 0.0023, 0.0008,  ..., 0.0035, 0.0166, 0.0305]]))
6531. ('preds', tensor([[0.4463],
        [0.4428],
        [0.4502],
        [0.4421],
        [0.4446],
        [0.4392],
        [0.4443],
        [0.4502],
        [0.4482],
        [0.4437],
        [0.4484],
        [0.4394],
        [0.4417],
        [0.4423],
        [0.4432],
        [0.4489],
        [0.4428],
        [0.4434],
        [0.4415],
        [0.4465],
        [0.4385],
        [0.4399],
        [0.4397],
        [0.4495],
        [0.4405],
        [0.4410],
        [0.4482],
        [0.4435],
        [0.4428],
        [0.4425],
        [0.4440],
        [0.4472],
        [0.4531],
        [0.4442],
        [0.4487],
        [0.4437],
        [0.4453],
        [0.4484],
        [0.4439],
        [0.4499],
        [0.4461],
        [0.4391],
        [0.4435],
        [0.4400],
        [0.4394],
        [0.4439],
        [0.4474],
        [0.4425],
        [0.4436],
        [0.4441],
        [0.4435],
        [0.4419],
        [0.4410],
        [0.4484],
        [0.4425],
        [0.4437],
        [0.4493],
        [0.4445],
        [0.4385],
        [0.4388],
        [0.4415],
        [0.4439],
        [0.4440],
        [0.4441],
        [0.4415],
        [0.4442],
        [0.4461],
        [0.4433],
        [0.4443],
        [0.4440],
        [0.4448],
        [0.4455],
        [0.4483],
        [0.4391],
        [0.4446],
        [0.4440],
        [0.4464],
        [0.4444],
        [0.4464],
        [0.4431],
        [0.4424],
        [0.4439],
        [0.4484]], grad_fn=<SigmoidBackward>))
6532. ('returned', [0, 0, 0, 0, 0, 0, 0, 0, 0, 0, 0, 0, 0, 0, 0, 0, 0, 0, 0, 0, 0, 0, 0, 0, 0, 0, 0, 0, 0, 0, 0, 0, 0, 0, 0, 0, 0, 0, 0, 0, 0, 0, 0, 0, 0, 0, 0, 0, 0, 0, 0, 0, 0, 0, 0, 0, 0, 0, 0, 0, 0, 0, 0, 0, 0, 0, 0, 0, 0, 0, 0, 0, 0, 0, 0, 0, 0, 0, 0, 0, 0, 0, 0])
6702. ('start',)
6703. ('X_test shape', (83, 104))
6704. (     Forks period 1 p  Forks period 2 p  ...  Commits by Owner period 7 p  Commits by Owner period 8 p
747          0.013897          0.013396  ...                     0.017132                     0.004507
748          0.000979          0.002009  ...                     0.015663                     0.002504
749          0.057937          0.050569  ...                     0.040137                     0.035553
750          0.010178          0.006363  ...                     0.143417                     0.158237
751          0.006459          0.004856  ...                     0.008811                     0.043065

[5 rows x 104 columns],)
6705. ('new x', tensor([[0.0139, 0.0134, 0.0106,  ..., 0.0293, 0.0171, 0.0045],
        [0.0010, 0.0020, 0.0010,  ..., 0.0040, 0.0157, 0.0025],
        [0.0579, 0.0506, 0.0532,  ..., 0.1487, 0.0401, 0.0356],
        ...,
        [0.0051, 0.0025, 0.0020,  ..., 0.0059, 0.0054, 0.0135],
        [0.0029, 0.0023, 0.0025,  ..., 0.0055, 0.0054, 0.0030],
        [0.0070, 0.0060, 0.0067,  ..., 0.0000, 0.0000, 0.0000]]))
6706. ('preds', tensor([[0.3874],
        [0.3905],
        [0.3853],
        [0.3848],
        [0.3882],
        [0.3994],
        [0.3833],
        [0.3960],
        [0.3934],
        [0.3959],
        [0.3922],
        [0.4103],
        [0.3702],
        [0.3925],
        [0.3972],
        [0.3893],
        [0.3389],
        [0.3931],
        [0.3970],
        [0.3973],
        [0.4012],
        [0.3994],
        [0.3793],
        [0.3926],
        [0.4014],
        [0.3865],
        [0.3896],
        [0.3982],
        [0.3933],
        [0.3910],
        [0.3924],
        [0.3961],
        [0.3985],
        [0.3954],
        [0.3987],
        [0.3923],
        [0.3975],
        [0.3526],
        [0.3941],
        [0.3855],
        [0.3942],
        [0.3928],
        [0.4044],
        [0.3937],
        [0.3876],
        [0.3945],
        [0.3919],
        [0.3919],
        [0.3927],
        [0.4015],
        [0.3948],
        [0.3890],
        [0.3944],
        [0.3951],
        [0.3994],
        [0.3928],
        [0.3937],
        [0.3913],
        [0.3811],
        [0.3897],
        [0.3712],
        [0.3905],
        [0.3980],
        [0.3939],
        [0.3951],
        [0.3968],
        [0.3984],
        [0.3901],
        [0.4053],
        [0.3941],
        [0.3944],
        [0.3692],
        [0.3847],
        [0.4119],
        [0.3933],
        [0.3974],
        [0.3896],
        [0.3929],
        [0.3963],
        [0.3965],
        [0.3950],
        [0.4013],
        [0.3876]], grad_fn=<SigmoidBackward>))
6707. ('returned', [0, 0, 0, 0, 0, 0, 0, 0, 0, 0, 0, 0, 0, 0, 0, 0, 0, 0, 0, 0, 0, 0, 0, 0, 0, 0, 0, 0, 0, 0, 0, 0, 0, 0, 0, 0, 0, 0, 0, 0, 0, 0, 0, 0, 0, 0, 0, 0, 0, 0, 0, 0, 0, 0, 0, 0, 0, 0, 0, 0, 0, 0, 0, 0, 0, 0, 0, 0, 0, 0, 0, 0, 0, 0, 0, 0, 0, 0, 0, 0, 0, 0, 0])
6727. ('start',)
6728. ('X_test shape', (86, 104))
6729. (     Forks period 1 p  Forks period 2 p  ...  Commits by Owner period 7 p  Commits by Owner period 8 p
830          0.002545          0.002344  ...                     0.000000                     0.001002
831          0.002545          0.002344  ...                     0.007832                     0.001502
832          0.012135          0.008372  ...                     0.042095                     0.006009
833          0.013897          0.014233  ...                     0.000000                     0.000000
834          0.036015          0.053918  ...                     0.107685                     0.068102

[5 rows x 104 columns],)
6730. ('new x', tensor([[0.0025, 0.0023, 0.0025,  ..., 0.0000, 0.0000, 0.0010],
        [0.0025, 0.0023, 0.0047,  ..., 0.0055, 0.0078, 0.0015],
        [0.0121, 0.0084, 0.0084,  ..., 0.0560, 0.0421, 0.0060],
        ...,
        [0.0020, 0.0012, 0.0012,  ..., 0.1433, 0.1072, 0.1147],
        [0.0288, 0.0223, 0.0184,  ..., 0.0555, 0.0729, 0.0631],
        [0.0088, 0.0072, 0.0059,  ..., 0.0000, 0.0000, 0.0005]]))
6731. ('preds', tensor([[0.3916],
        [0.3969],
        [0.3781],
        [0.3966],
        [0.3616],
        [0.3960],
        [0.3928],
        [0.3963],
        [0.4013],
        [0.3885],
        [0.3946],
        [0.3656],
        [0.4006],
        [0.3896],
        [0.3724],
        [0.4026],
        [0.3779],
        [0.3973],
        [0.3969],
        [0.3577],
        [0.3922],
        [0.3920],
        [0.3938],
        [0.3926],
        [0.3949],
        [0.3879],
        [0.3913],
        [0.3920],
        [0.3922],
        [0.3856],
        [0.4018],
        [0.3896],
        [0.3942],
        [0.4070],
        [0.3922],
        [0.3839],
        [0.3952],
        [0.4003],
        [0.3984],
        [0.3920],
        [0.3964],
        [0.3887],
        [0.3623],
        [0.3935],
        [0.3989],
        [0.3947],
        [0.3939],
        [0.3848],
        [0.3946],
        [0.3943],
        [0.3886],
        [0.3940],
        [0.4017],
        [0.4023],
        [0.3923],
        [0.3968],
        [0.3898],
        [0.3959],
        [0.3825],
        [0.4008],
        [0.3990],
        [0.3951],
        [0.3930],
        [0.3867],
        [0.3916],
        [0.3554],
        [0.3969],
        [0.3925],
        [0.3877],
        [0.3995],
        [0.3963],
        [0.3843],
        [0.3711],
        [0.3905],
        [0.3937],
        [0.3982],
        [0.3972],
        [0.3895],
        [0.3944],
        [0.3937],
        [0.3967],
        [0.3943],
        [0.3960],
        [0.3796],
        [0.3916],
        [0.3961]], grad_fn=<SigmoidBackward>))
6732. ('returned', [0, 0, 0, 0, 0, 0, 0, 0, 0, 0, 0, 0, 0, 0, 0, 0, 0, 0, 0, 0, 0, 0, 0, 0, 0, 0, 0, 0, 0, 0, 0, 0, 0, 0, 0, 0, 0, 0, 0, 0, 0, 0, 0, 0, 0, 0, 0, 0, 0, 0, 0, 0, 0, 0, 0, 0, 0, 0, 0, 0, 0, 0, 0, 0, 0, 0, 0, 0, 0, 0, 0, 0, 0, 0, 0, 0, 0, 0, 0, 0, 0, 0, 0, 0, 0, 0])
