57. ('start',)
58. ('returned',)
62. ('start',)
63. ('returned',)
67. ('start',)
68. ('returned',)
72. ('start',)
73. ('returned',)
77. ('start',)
78. ('returned',)
82. ('start',)
83. ('returned',)
87. ('start',)
88. ('returned',)
92. ('start',)
93. ('returned',)
97. ('start',)
98. ('returned',)
102. ('start',)
103. ('returned',)
185. ('start',)
186. ('returned',)
190. ('start',)
191. ('returned',)
195. ('start',)
196. ('returned',)
200. ('start',)
201. ('returned',)
205. ('start',)
206. ('returned',)
210. ('start',)
211. ('returned',)
215. ('start',)
216. ('returned',)
220. ('start',)
221. ('returned',)
225. ('start',)
226. ('returned',)
230. ('start',)
231. ('returned',)
