14. ('starts',)
15. ('X and Y allocated',)
16. ('logit_model created',)
17. ('finished',)
18. ('ans', ('<class \'statsmodels.iolib.summary2.Summary\'>\n"""\n                         Results: Logit\n=================================================================\nModel:              Logit            Pseudo R-squared: 0.149     \nDependent Variable: esem_status      AIC:              810.0550  \nDate:               2019-04-18 22:23 BIC:              834.1550  \nNo. Observations:   916              Log-Likelihood:   -400.03   \nDf Model:           4                LL-Null:          -470.31   \nDf Residuals:       911              LLR p-value:      2.1429e-29\nConverged:          1.0000           Scale:            1.0000    \nNo. Iterations:     6.0000                                       \n------------------------------------------------------------------\n               Coef.   Std.Err.     z     P>|z|    [0.025   0.975]\n------------------------------------------------------------------\ndissidence    -4.7456    1.2621  -3.7599  0.0002  -7.2193  -2.2718\nupf_corr      -0.0852    1.0728  -0.0794  0.9367  -2.1878   2.0175\npf_prop        3.5150    0.8106   4.3364  0.0000   1.9263   5.1037\nopp_prop       1.1430    2.3844   0.4794  0.6317  -3.5303   5.8163\nrot_regret     0.2604    2.7215   0.0957  0.9238  -5.0736   5.5944\n=================================================================\n\n"""', 0      0.897289
1      0.816194
2      0.801139
3      0.746024
4      0.058585
5      0.851073
6      0.863313
7      0.797115
8      0.858572
9      0.501347
10     0.033992
11     0.689813
12     0.838975
13     0.883894
14     0.882808
15     0.034804
16     0.402609
17     0.919337
18     0.032896
19     0.848037
20     0.808818
21     0.247201
22     0.657871
23     0.807887
24     0.272550
25     0.254878
26     0.855321
27     0.603806
28     0.888526
29     0.754391
         ...   
886    0.910460
887    0.769880
888    0.874437
889    0.860565
890    0.788975
891    0.878949
892    0.790578
893    0.810367
894    0.239152
895    0.831252
896    0.801837
897    0.649567
898    0.491888
899    0.920223
900    0.828260
901    0.832923
902    0.828249
903    0.792536
904    0.486648
905    0.863320
906    0.838141
907    0.792462
908    0.802828
909    0.885564
910    0.840707
911    0.893314
912    0.767353
913    0.703195
914    0.796552
915    0.839726
Length: 916, dtype: float64))
