8. ('analyzing', 'sym_only')
14. ('doing Linear regression for', 'sym_only')
183. ('doing Logistic regression for', 'sym_only')
352. ('doing Xgboost regression for', 'sym_only')
630. ('doing SVM regression for', 'sym_only')
799. ('doing Neural regression for', 'sym_only')
2667. ('analyzing', 'bales_only')
2673. ('doing Xgboost regression for', 'bales_only')
2951. ('doing Xgboost regression for', 'bales_only')
3259. ('analyzing', 'big5_only')
3265. ('doing Xgboost regression for', 'big5_only')
3543. ('doing Xgboost regression for', 'big5_only')
3821. ('doing Xgboost regression for', 'big5_only')
4138. ('analyzing', 'esem')
4144. ('doing Linear regression for', 'esem')
4313. ('doing Logistic regression for', 'esem')
4482. ('doing Xgboost regression for', 'esem')
4760. ('doing SVM regression for', 'esem')
4929. ('doing Neural regression for', 'esem')
6797. ('analyzing', 'esem_and_sym')
6803. ('doing SVM regression for', 'esem_and_sym')
6972. ('doing Xgboost regression for', 'esem_and_sym')
7250. ('doing SVM regression for', 'esem_and_sym')
7419. ('doing Xgboost regression for', 'esem_and_sym')
7745. ('analyzing', 'big5_models_config')
7751. ('doing Linear regression for', 'big5_models_config')
7920. ('doing Logistic regression for', 'big5_models_config')
8089. ('doing Xgboost regression for', 'big5_models_config')
8367. ('doing SVM regression for', 'big5_models_config')
8536. ('doing Neural regression for', 'big5_models_config')
