8. ('start',)
9. ('actual', array([0., 0., 0., 0., 0., 0., 0., 0., 0., 0., 0., 0., 0., 0., 0., 0., 0.,
       0., 0., 0., 0., 0., 0., 0., 0., 0., 0., 0., 0., 0., 0., 0., 0., 0.,
       0., 0., 0., 0., 0., 0., 0., 0., 0., 0., 0., 0., 0., 0., 0., 0., 0.,
       0., 0., 0., 0., 0., 0., 0., 0., 0., 0., 0., 0., 0., 0., 0., 0., 0.,
       0., 0., 0., 0., 0., 0., 0., 0., 0., 0., 0., 0., 0., 0., 0., 0., 0.,
       0., 0., 0., 0., 0., 0., 0., 0., 0., 0., 0., 0., 0., 0., 0., 0., 0.,
       0., 0., 0., 0., 0., 0., 0., 0., 0., 0., 0., 0., 0., 0., 0., 0., 0.,
       0., 0., 0., 0., 0., 0., 0., 0., 0., 0., 0., 0., 0., 0., 0., 0., 0.,
       0., 0., 0., 0., 0., 0., 0., 0., 0., 0., 0., 0., 0., 0., 0., 0., 0.,
       0., 0., 0., 0., 0., 0., 0., 0., 0., 0., 0., 0., 0., 0., 0., 0., 0.,
       0., 0., 0., 0., 0., 0., 0., 0., 0., 0., 0., 0., 0., 0., 0., 0., 0.,
       0., 0., 0., 0., 0., 1., 1., 1., 1., 1., 1., 1., 1., 1., 1., 1., 1.,
       1., 1., 1., 1., 1., 1., 1., 1., 1., 1., 1., 1., 1., 1., 1., 1., 1.,
       1., 1., 1., 1., 1., 1., 1., 1., 1., 1., 1., 1., 1., 1., 1., 1., 1.,
       1., 1., 1., 1., 1., 1., 1., 1., 1., 1., 1., 1., 1., 1., 1., 1., 1.,
       1., 1., 1., 1., 1., 1., 1., 1., 1., 1., 1., 1., 1., 1., 1., 1., 1.,
       1., 1., 1., 1., 1., 1., 1., 1., 1., 1., 1., 1., 1., 1., 1., 1., 1.,
       1., 1., 1., 1., 1., 1., 1., 1., 1., 1., 1., 1., 1., 1., 1., 1., 1.,
       1., 1., 1., 1., 1., 1., 1., 1., 1., 1., 1., 1., 1., 1., 1., 1., 1.,
       1., 1., 1., 1., 1., 1., 1., 1., 1., 1., 1., 1., 1., 1., 1., 1., 1.,
       1., 1., 1., 1., 1., 1., 1., 1., 1., 1., 1., 1., 1., 1., 1., 1., 1.,
       1., 1., 1., 1., 1., 1., 1., 1., 1., 1., 1., 1., 1., 1., 1., 1., 1.,
       1., 1., 1., 1., 1., 1., 1., 1., 1., 1., 1., 1., 1., 1., 1., 1., 1.,
       1., 1., 1., 1., 1., 1., 1., 1., 1., 1., 1., 1., 1., 1., 1., 1., 1.,
       1., 1., 1., 1., 1., 1., 1., 1., 1., 1., 1., 1., 1., 1., 1., 1., 1.,
       1., 1., 1., 1., 1., 1., 1., 1., 1., 1., 1., 1., 1., 1., 1., 1., 1.,
       1., 1., 1., 1., 1., 1., 1., 1., 1., 1., 1., 1., 1., 1., 1., 1., 1.,
       1., 1., 1., 1., 1., 1., 1., 1., 1., 1., 1., 1., 1., 1., 1., 1., 1.,
       1., 1., 1., 1., 1., 1., 1., 1., 1., 1., 1., 1., 1., 1., 1., 1., 1.,
       1., 1., 1., 1., 1., 1., 1., 1., 1., 1., 1., 1., 1., 1., 1., 1., 1.,
       1., 1., 1., 1., 1., 1., 1., 1., 1., 1., 1., 1., 1., 1., 1., 1., 1.,
       1., 1., 1., 1., 1., 1., 1., 1., 1., 1., 1., 1., 1., 1., 1., 1., 1.,
       1., 1., 1., 1., 1., 1., 1., 1., 1., 1., 1., 1., 1., 1., 1., 1., 1.,
       1., 1., 1., 1., 1., 1., 1., 1., 1., 1., 1., 1., 1., 1., 1., 1., 1.,
       1., 1., 1., 1., 1., 1., 1., 1., 1., 1., 1., 1., 1., 1., 1., 1., 1.,
       1., 1., 1., 1., 1., 1., 1., 1., 1., 1., 1., 1., 1., 1., 1., 1., 1.,
       1., 1., 1., 1., 1., 1., 1., 1., 1., 1., 1., 1., 1., 1., 1., 1., 1.,
       1., 1., 1., 1., 1., 1., 1., 1., 1., 1., 1., 1., 1., 1., 1., 1., 1.,
       1., 1., 1., 1., 1., 1., 1., 1., 1., 1., 1., 1., 1., 1., 1., 1., 1.,
       1., 1., 1., 1., 1., 1., 1., 1., 1., 1., 1., 1., 1., 1., 1., 1., 1.,
       1., 1., 1., 1., 1., 1., 1., 1., 1., 1., 1., 1., 1., 1., 1., 1., 1.,
       1., 1., 1., 1., 1., 1., 1., 1., 1., 1., 1., 1., 1., 1., 1., 1., 1.,
       1., 1., 1., 1., 1., 1., 1., 1., 1., 1., 1., 1., 1., 1., 1., 1., 1.,
       1., 1., 1., 1., 1., 1., 1., 1., 1., 1., 1., 1., 1., 1., 1., 1., 1.,
       1., 1., 1., 1., 1., 1., 1., 1., 1., 1., 1., 1., 1., 1., 1., 1., 1.,
       1., 1., 1., 1., 1., 1., 1., 1., 1., 1., 1., 1., 1., 1., 1., 1., 1.,
       1., 1., 1., 1., 1., 1., 1., 1., 1., 1., 1., 1., 1., 1., 1., 1., 1.,
       1., 1., 1., 1., 1., 1., 1., 1., 1., 1., 1., 1., 1., 1., 1., 1., 1.,
       1., 1., 1., 1., 1., 1., 1., 1., 1., 1., 1., 1., 1., 1., 1., 1., 1.,
       1., 1., 1., 1., 1., 1., 1., 1., 1., 1., 1., 1., 1., 1., 1., 1., 1.,
       1., 1., 1., 1., 1., 1., 1., 1., 1., 1., 1., 1., 1., 1., 1., 1., 1.,
       1., 1., 1., 1., 1., 1., 1., 1., 1., 1., 1., 1., 1., 1., 1., 1., 1.,
       1., 1., 1., 1., 1., 1., 1., 1., 1., 1., 1., 1., 1., 1., 1., 1., 1.,
       1., 1., 1., 1., 1., 1., 1., 1., 1., 1., 1., 1., 1., 1., 1.]))
10. ('predictions', 0      0.896887
1      0.825257
2      0.808371
3      0.786594
4      0.086629
5      0.849914
6      0.814132
7      0.797882
8      0.828583
9      0.647810
10    -0.034461
11     0.687507
12     0.815263
13     0.868775
14     0.821608
15    -0.019677
16     0.528613
17     0.918861
18    -0.030440
19     0.823062
20     0.820984
21     0.213348
22     0.650307
23     0.803686
24     0.412748
25     0.404633
26     0.847511
27     0.669186
28     0.881727
29     0.762890
         ...   
886    0.875535
887    0.802035
888    0.861113
889    0.847772
890    0.781843
891    0.856876
892    0.794256
893    0.810140
894    0.380981
895    0.847441
896    0.796028
897    0.711301
898    0.581194
899    0.903489
900    0.832921
901    0.799067
902    0.833142
903    0.811604
904    0.579930
905    0.847257
906    0.846520
907    0.753570
908    0.806302
909    0.869482
910    0.830583
911    0.886959
912    0.782703
913    0.694526
914    0.823207
915    0.853667
Length: 916, dtype: float64)
11. ('ordered', [(0.0, -0.034461137426873595), (0.0, -0.03401812693385117), (0.0, -0.0335271799885425), (0.0, -0.03176766482039918), (0.0, -0.030639995346650337), (0.0, -0.030439767823398023), (0.0, -0.022562728716440425), (0.0, -0.01967673695126479), (0.0, -0.016555965207764742), (0.0, -0.012378440425304754), (0.0, -0.008821937049871068), (0.0, 0.01117382509602495), (0.0, 0.01724011611058693), (0.0, 0.023663302947297654), (0.0, 0.035453883526343904), (0.0, 0.04745232612898098), (0.0, 0.05367989422181445), (0.0, 0.07236443867637361), (0.0, 0.07659278470988855), (0.0, 0.0866294327790594), (0.0, 0.11215649557238837), (0.0, 0.11944318488626958), (0.0, 0.11960609012616884), (0.0, 0.12016843996164837), (0.0, 0.15825858159915332), (0.0, 0.15832851810912632), (0.0, 0.2133478507798085), (0.0, 0.23656780360279828), (0.0, 0.2820733768493075), (0.0, 0.392202735172653), (0.0, 0.39947336244002674), (0.0, 0.4000025022550674), (0.0, 0.4046329259210952), (0.0, 0.41274790376579706), (0.0, 0.47755576913400455), (0.0, 0.5029241038985087), (0.0, 0.5063749473668664), (0.0, 0.5073455901110219), (0.0, 0.5115811800620319), (0.0, 0.5211566608101873), (0.0, 0.5286133309123767), (0.0, 0.532103723207926), (0.0, 0.5329201477490697), (0.0, 0.5395188684480615), (0.0, 0.5441564152160729), (0.0, 0.5499318236563491), (0.0, 0.5505077173385748), (0.0, 0.5528634660552952), (0.0, 0.5611168735680248), (0.0, 0.5622692983636274), (0.0, 0.592332761875813), (0.0, 0.6017154326954707), (0.0, 0.6057566407569469), (0.0, 0.6217389852440012), (0.0, 0.6232525751095476), (0.0, 0.6423814753117959), (0.0, 0.6462204635123752), (0.0, 0.6478095783655156), (0.0, 0.650307463692769), (0.0, 0.6516352108578998), (0.0, 0.6553059720540035), (0.0, 0.6588704071420336), (0.0, 0.6661137496201631), (0.0, 0.6691860692884128), (0.0, 0.6698428677992051), (0.0, 0.6737946359675259), (0.0, 0.6750239479345761), (0.0, 0.6759261989407696), (0.0, 0.6759834206125905), (0.0, 0.6797746648231381), (0.0, 0.6846191640711524), (0.0, 0.6868278460490972), (0.0, 0.6875067530175315), (0.0, 0.6907507299882742), (0.0, 0.6945042498007684), (0.0, 0.7037261087185276), (0.0, 0.70502207825451), (0.0, 0.7075002918362593), (0.0, 0.7079182919903947), (0.0, 0.7084102227889106), (0.0, 0.7140354383627757), (0.0, 0.7165220841528748), (0.0, 0.7179142537156031), (0.0, 0.7188324662991289), (0.0, 0.7338905372515504), (0.0, 0.7360907879413042), (0.0, 0.7383451006034943), (0.0, 0.7435209918599667), (0.0, 0.7438697049304202), (0.0, 0.7440157725104464), (0.0, 0.7475482716900008), (0.0, 0.7494554599039499), (0.0, 0.7510686436789822), (0.0, 0.7520692680149611), (0.0, 0.7589744010995187), (0.0, 0.7593028624934182), (0.0, 0.7608736685220476), (0.0, 0.7608794166980062), (0.0, 0.761139080719119), (0.0, 0.7617654922846978), (0.0, 0.7628904023036974), (0.0, 0.7633226711397663), (0.0, 0.7667721338674651), (0.0, 0.7673215518853418), (0.0, 0.7697462187092339), (0.0, 0.7749634424332709), (0.0, 0.7766608434911201), (0.0, 0.7789413727353427), (0.0, 0.7828063762704162), (0.0, 0.7865943838974084), (0.0, 0.7877021109790631), (0.0, 0.7902874464325456), (0.0, 0.790459351249942), (0.0, 0.7908210053894555), (0.0, 0.7920785813545003), (0.0, 0.7947617850688747), (0.0, 0.7950881495170403), (0.0, 0.7964304913793667), (0.0, 0.797286271592223), (0.0, 0.7978822494643415), (0.0, 0.7982717838014389), (0.0, 0.8003165932011678), (0.0, 0.8003672165572251), (0.0, 0.8009675218440091), (0.0, 0.8024471273749096), (0.0, 0.8036862421860967), (0.0, 0.8051479003010973), (0.0, 0.805913988788065), (0.0, 0.8062001724976339), (0.0, 0.806207926767565), (0.0, 0.8068603842687291), (0.0, 0.8083708005055524), (0.0, 0.811599035331814), (0.0, 0.8125278658084866), (0.0, 0.814131652404816), (0.0, 0.8141334310262417), (0.0, 0.8147949360208383), (0.0, 0.8152628274760637), (0.0, 0.8157504367849164), (0.0, 0.8164026100393966), (0.0, 0.8167016235027562), (0.0, 0.8177561985414791), (0.0, 0.8203732126076948), (0.0, 0.8209840149926789), (0.0, 0.8216080456277444), (0.0, 0.8225081950687227), (0.0, 0.8230622023749291), (0.0, 0.8249291321040157), (0.0, 0.8252571172134473), (0.0, 0.8260109717013486), (0.0, 0.8264290144939794), (0.0, 0.8268803247235073), (0.0, 0.8272256706613119), (0.0, 0.8285827569909345), (0.0, 0.8307603782340442), (0.0, 0.8316048735206274), (0.0, 0.8329404469674844), (0.0, 0.8330856134513713), (0.0, 0.8367414507069961), (0.0, 0.83985588777212), (0.0, 0.8404002698469046), (0.0, 0.8406230423318173), (0.0, 0.8426488897331063), (0.0, 0.8450217661831575), (0.0, 0.8462631720126182), (0.0, 0.8470524765753447), (0.0, 0.8475107538257453), (0.0, 0.8490472148787994), (0.0, 0.8494562446847211), (0.0, 0.8499142483369715), (0.0, 0.8503749933287739), (0.0, 0.8508644403796392), (0.0, 0.8516506740626673), (0.0, 0.8579840643289848), (0.0, 0.858038813882179), (0.0, 0.8596697745784119), (0.0, 0.8659723945366538), (0.0, 0.8669251087537608), (0.0, 0.8687749503142678), (0.0, 0.8725479131230596), (0.0, 0.8727079068798793), (0.0, 0.8749454282731126), (0.0, 0.8800388156194213), (0.0, 0.8817267961376688), (0.0, 0.8856373612774221), (0.0, 0.8907761121104188), (0.0, 0.8932504824829914), (0.0, 0.8968865290189371), (0.0, 0.9137848825339715), (0.0, 0.9181557899569978), (0.0, 0.9188607488866406), (0.0, 0.94331084239268), (1.0, -0.013075384180039729), (1.0, -0.011507298870022664), (1.0, 0.013232709705128118), (1.0, 0.07190264712598952), (1.0, 0.10133064285385035), (1.0, 0.11709914044871753), (1.0, 0.12273421780623046), (1.0, 0.13059002066829012), (1.0, 0.13475921313523473), (1.0, 0.1650621939833062), (1.0, 0.2217478453378811), (1.0, 0.2600317309280945), (1.0, 0.3809807822939971), (1.0, 0.5082778002711222), (1.0, 0.5132874889610579), (1.0, 0.5194723847455731), (1.0, 0.5657055150362285), (1.0, 0.5799295581370292), (1.0, 0.5811942787925916), (1.0, 0.582012627453472), (1.0, 0.5891581640536857), (1.0, 0.592188305240261), (1.0, 0.6075240729972987), (1.0, 0.6225527458826814), (1.0, 0.6874717705867217), (1.0, 0.6906790723644887), (1.0, 0.6945260848782979), (1.0, 0.7077273509013589), (1.0, 0.7113005502165116), (1.0, 0.7137978188204638), (1.0, 0.7160713907210381), (1.0, 0.7174661778933545), (1.0, 0.7194585676779254), (1.0, 0.7237731061322723), (1.0, 0.7289963913508191), (1.0, 0.7307439235093804), (1.0, 0.7446929951631589), (1.0, 0.7454245907226653), (1.0, 0.7535698423336251), (1.0, 0.7559283504405161), (1.0, 0.7563377777151802), (1.0, 0.7581047175118636), (1.0, 0.7591285723937499), (1.0, 0.7615334797284761), (1.0, 0.763038864596779), (1.0, 0.76612511223011), (1.0, 0.7672363464820693), (1.0, 0.7680501008166913), (1.0, 0.7686640653599544), (1.0, 0.7696016919909814), (1.0, 0.7712786355816533), (1.0, 0.7718889819356146), (1.0, 0.7734255576941209), (1.0, 0.773468115407462), (1.0, 0.7735852381371848), (1.0, 0.7736201736358946), (1.0, 0.7764770871630879), (1.0, 0.7766714390086531), (1.0, 0.7773471173319868), (1.0, 0.7785789549148333), (1.0, 0.7785925906094281), (1.0, 0.778734265821793), (1.0, 0.7791999610634436), (1.0, 0.7801669186723172), (1.0, 0.7818427838956127), (1.0, 0.781862351934045), (1.0, 0.78227375305603), (1.0, 0.7825100910408429), (1.0, 0.7827030571643601), (1.0, 0.7839952587034129), (1.0, 0.7843139499692402), (1.0, 0.7850976959122922), (1.0, 0.7854959640754187), (1.0, 0.7856464361047343), (1.0, 0.7867340019518807), (1.0, 0.7867588988568537), (1.0, 0.7869423335701679), (1.0, 0.7871522163628839), (1.0, 0.7876327186020013), (1.0, 0.789256573624981), (1.0, 0.7894514126911963), (1.0, 0.7895447072552789), (1.0, 0.7897775129054873), (1.0, 0.7899550223782472), (1.0, 0.7907594377921296), (1.0, 0.7911003385046567), (1.0, 0.791485146783783), (1.0, 0.7917034744243837), (1.0, 0.7917573303661741), (1.0, 0.7918000631600091), (1.0, 0.7920050804440149), (1.0, 0.7925190187262178), (1.0, 0.7942563204945515), (1.0, 0.7944366818995355), (1.0, 0.7947983869595266), (1.0, 0.7948314099718862), (1.0, 0.7951120634069218), (1.0, 0.7952574225126442), (1.0, 0.7953621777804696), (1.0, 0.795653885843886), (1.0, 0.7958857559883232), (1.0, 0.7960280677357139), (1.0, 0.7963501765057618), (1.0, 0.7967019470520664), (1.0, 0.7971683156240565), (1.0, 0.7977304401687434), (1.0, 0.7977390598032953), (1.0, 0.7984728338831848), (1.0, 0.7985615140992629), (1.0, 0.7985819787295274), (1.0, 0.7989142556016346), (1.0, 0.7989567792487247), (1.0, 0.7990671336814641), (1.0, 0.79907605489317), (1.0, 0.8001865912793529), (1.0, 0.8002794118730836), (1.0, 0.8007106318436641), (1.0, 0.8020353478397806), (1.0, 0.8021923651802331), (1.0, 0.8025438696944593), (1.0, 0.8025613410457364), (1.0, 0.8032029621768564), (1.0, 0.8036419672917815), (1.0, 0.8037013720547846), (1.0, 0.8038846335027012), (1.0, 0.8041479867839719), (1.0, 0.8042933980005824), (1.0, 0.804722204015903), (1.0, 0.8048274154441462), (1.0, 0.8048873971952358), (1.0, 0.8054617311553441), (1.0, 0.8059117966288712), (1.0, 0.8063015076366764), (1.0, 0.8063570029533422), (1.0, 0.8065724159901286), (1.0, 0.8067975314667019), (1.0, 0.8069059844349971), (1.0, 0.8069423713998527), (1.0, 0.8073664096913097), (1.0, 0.8074857700288114), (1.0, 0.8075935164345956), (1.0, 0.8077961654211325), (1.0, 0.8079130837802974), (1.0, 0.8080638167627102), (1.0, 0.8081175223651184), (1.0, 0.8084132350850203), (1.0, 0.8089903799846285), (1.0, 0.8092555813512556), (1.0, 0.8094127989011419), (1.0, 0.8094712964931001), (1.0, 0.8097455172646518), (1.0, 0.8099901528978951), (1.0, 0.8100867990938176), (1.0, 0.810140462458587), (1.0, 0.8103956878774663), (1.0, 0.8106824320222861), (1.0, 0.8107811791591805), (1.0, 0.811106504892767), (1.0, 0.8114353892914603), (1.0, 0.811604269236463), (1.0, 0.8125789035246584), (1.0, 0.8132653710202825), (1.0, 0.8134013800228391), (1.0, 0.8135819474377386), (1.0, 0.8136513828580856), (1.0, 0.8136843884006498), (1.0, 0.8136985245915936), (1.0, 0.8139202951323046), (1.0, 0.8142614321573908), (1.0, 0.8150416940637251), (1.0, 0.8154061336823993), (1.0, 0.8155124435520127), (1.0, 0.8160139884774322), (1.0, 0.8160281471134797), (1.0, 0.8160540563074425), (1.0, 0.8161421024645372), (1.0, 0.8161799975399948), (1.0, 0.816192816719346), (1.0, 0.8165957660506007), (1.0, 0.816716676045727), (1.0, 0.8167304171327411), (1.0, 0.8171692566606625), (1.0, 0.8172279722609728), (1.0, 0.8173007428981364), (1.0, 0.8173620443054976), (1.0, 0.817612938043424), (1.0, 0.8176251313240411), (1.0, 0.817789163848048), (1.0, 0.8178629907399377), (1.0, 0.8178648427275967), (1.0, 0.818463061726805), (1.0, 0.8187177361623414), (1.0, 0.8188002478515225), (1.0, 0.8191698609587351), (1.0, 0.8192995620684211), (1.0, 0.8193125468589553), (1.0, 0.819492727780975), (1.0, 0.8195217932016832), (1.0, 0.8196850929396802), (1.0, 0.8198014246732066), (1.0, 0.8198626659575836), (1.0, 0.8199910848038345), (1.0, 0.8201271103428899), (1.0, 0.8201393865102572), (1.0, 0.8203501309230016), (1.0, 0.8206881083049764), (1.0, 0.8215221321101717), (1.0, 0.8215941216937941), (1.0, 0.821817753470548), (1.0, 0.821993562606264), (1.0, 0.8223627520006018), (1.0, 0.8224014988920382), (1.0, 0.8224404443095128), (1.0, 0.8226581731182522), (1.0, 0.8228428736394323), (1.0, 0.8228660462693816), (1.0, 0.8228814856024451), (1.0, 0.8229125841960362), (1.0, 0.8229419535129474), (1.0, 0.8229538818891229), (1.0, 0.8231417513904559), (1.0, 0.8232070781952581), (1.0, 0.8233010899310901), (1.0, 0.8233312528809621), (1.0, 0.8234158469409197), (1.0, 0.8235722401190884), (1.0, 0.8236737463417444), (1.0, 0.8239323901926392), (1.0, 0.8239778135038427), (1.0, 0.8242182207315122), (1.0, 0.8243695841616254), (1.0, 0.8243929010605662), (1.0, 0.8246490159997508), (1.0, 0.8246678292222414), (1.0, 0.8251096034180827), (1.0, 0.8255688155797994), (1.0, 0.8260850956999902), (1.0, 0.8261380446408858), (1.0, 0.8263499979327704), (1.0, 0.8264432596650741), (1.0, 0.8267807781715321), (1.0, 0.8268672878585386), (1.0, 0.8268961446391616), (1.0, 0.8269578561868305), (1.0, 0.827186460731609), (1.0, 0.8272130214938855), (1.0, 0.8275332987530332), (1.0, 0.827791104242295), (1.0, 0.8278483745387837), (1.0, 0.8278952867332885), (1.0, 0.8279408231733988), (1.0, 0.8280615221463318), (1.0, 0.828218597467394), (1.0, 0.8282917833695184), (1.0, 0.8284357618785932), (1.0, 0.8287909775128653), (1.0, 0.8288118615609501), (1.0, 0.8290775755714207), (1.0, 0.829140819717134), (1.0, 0.8293123804157841), (1.0, 0.8294322655059354), (1.0, 0.8294639122106576), (1.0, 0.8296770298672447), (1.0, 0.8297367182758553), (1.0, 0.8297891974721471), (1.0, 0.8301971347565638), (1.0, 0.8302608556005736), (1.0, 0.8303086476409784), (1.0, 0.8303545122283185), (1.0, 0.8304401756066053), (1.0, 0.8305827614807756), (1.0, 0.8308974229285724), (1.0, 0.8310336155096667), (1.0, 0.8310756449109308), (1.0, 0.8312241830300863), (1.0, 0.8316109709823667), (1.0, 0.8316557205872384), (1.0, 0.8317288466054781), (1.0, 0.8319279334242415), (1.0, 0.8319410016658404), (1.0, 0.8319420016244683), (1.0, 0.8320834697909135), (1.0, 0.8321021555797327), (1.0, 0.8321800229050879), (1.0, 0.8324589704292495), (1.0, 0.8325867005218527), (1.0, 0.8329212268793488), (1.0, 0.8329270714581277), (1.0, 0.8331419420544126), (1.0, 0.8331855046072861), (1.0, 0.8333328979140198), (1.0, 0.8333770372789606), (1.0, 0.8335860693020203), (1.0, 0.8336023914107004), (1.0, 0.8337977207342877), (1.0, 0.8339477343422658), (1.0, 0.8342194610838649), (1.0, 0.8343777953355062), (1.0, 0.8347088296221503), (1.0, 0.8347426542682217), (1.0, 0.8347545832144412), (1.0, 0.8350343716649686), (1.0, 0.8350865404629704), (1.0, 0.8351699441201641), (1.0, 0.835300533596428), (1.0, 0.8360421206696409), (1.0, 0.8361381008264497), (1.0, 0.836393759590915), (1.0, 0.8364762953009562), (1.0, 0.8371355808253849), (1.0, 0.8373779451409861), (1.0, 0.837667882690953), (1.0, 0.8376900366977854), (1.0, 0.8377618580383469), (1.0, 0.8383501662611617), (1.0, 0.8384744898060029), (1.0, 0.8384756814466124), (1.0, 0.838580319571796), (1.0, 0.8386612557251766), (1.0, 0.8387223952004248), (1.0, 0.838726528409278), (1.0, 0.8388206955574894), (1.0, 0.8388811188070329), (1.0, 0.8389435742840909), (1.0, 0.8394173763136137), (1.0, 0.8395245232811799), (1.0, 0.8395837730824032), (1.0, 0.8396916470381119), (1.0, 0.8398310415083694), (1.0, 0.8399334643469009), (1.0, 0.8399709610149954), (1.0, 0.8400224087777338), (1.0, 0.8400849247827671), (1.0, 0.8402046391636726), (1.0, 0.8402801215685364), (1.0, 0.8403383065903817), (1.0, 0.8404411842481827), (1.0, 0.8406472400474791), (1.0, 0.8408995009628927), (1.0, 0.8411385819841701), (1.0, 0.8413253050666387), (1.0, 0.8413416191848261), (1.0, 0.8414493563362214), (1.0, 0.8417838461490922), (1.0, 0.8418565313999327), (1.0, 0.8418766383364911), (1.0, 0.8419338179141781), (1.0, 0.841935818283648), (1.0, 0.8422557294212041), (1.0, 0.842353402896195), (1.0, 0.8427704963455213), (1.0, 0.8428166074951641), (1.0, 0.8429575216720815), (1.0, 0.8431730250528796), (1.0, 0.8431758582286918), (1.0, 0.8432140357586745), (1.0, 0.8432171242502314), (1.0, 0.8434303601548542), (1.0, 0.8436360337735478), (1.0, 0.8437189736947764), (1.0, 0.8438337792992705), (1.0, 0.8439058006878356), (1.0, 0.8440015925941409), (1.0, 0.8441893064388547), (1.0, 0.84418983415369), (1.0, 0.8442100584039947), (1.0, 0.8442549116553153), (1.0, 0.8444315619658403), (1.0, 0.8445936836320191), (1.0, 0.8446029145101739), (1.0, 0.8446546973337258), (1.0, 0.8446927871266788), (1.0, 0.8447490130991344), (1.0, 0.8452985332029312), (1.0, 0.845350872040047), (1.0, 0.8453862499174041), (1.0, 0.8454386327801362), (1.0, 0.845449210555282), (1.0, 0.8455668100196501), (1.0, 0.8456492407677583), (1.0, 0.8457966207303139), (1.0, 0.8459283816668957), (1.0, 0.8459504598433806), (1.0, 0.8460901071811269), (1.0, 0.8464521708824567), (1.0, 0.8465203202631756), (1.0, 0.8468631926831909), (1.0, 0.8471256999220319), (1.0, 0.8472127741039995), (1.0, 0.8472572890506537), (1.0, 0.8474412596578941), (1.0, 0.8477724311238067), (1.0, 0.847879169640646), (1.0, 0.8479153654129544), (1.0, 0.8479295358883665), (1.0, 0.8482416002277706), (1.0, 0.8483366608043835), (1.0, 0.8483723356213699), (1.0, 0.8485546083859034), (1.0, 0.848705027904958), (1.0, 0.8488339179324562), (1.0, 0.8488904808933686), (1.0, 0.8488909575933681), (1.0, 0.84920578993615), (1.0, 0.8492281490618145), (1.0, 0.8492861592722932), (1.0, 0.8493385601955561), (1.0, 0.8493391439994975), (1.0, 0.8493714924418021), (1.0, 0.8495030347393034), (1.0, 0.8495280343967054), (1.0, 0.8496121200807807), (1.0, 0.8496671924669821), (1.0, 0.849675991584278), (1.0, 0.8498450231571788), (1.0, 0.8499566985699959), (1.0, 0.8503251470908232), (1.0, 0.8508242517979668), (1.0, 0.8510189966102524), (1.0, 0.8510695041531224), (1.0, 0.8512372198531464), (1.0, 0.8513623479348804), (1.0, 0.8514132606793617), (1.0, 0.8516956032463435), (1.0, 0.8517908040937209), (1.0, 0.8519332698429294), (1.0, 0.8519490366261522), (1.0, 0.8520767911706547), (1.0, 0.8522819152411688), (1.0, 0.8523114118286712), (1.0, 0.8526230980454406), (1.0, 0.8533940676836166), (1.0, 0.8536670234181877), (1.0, 0.8538306768382612), (1.0, 0.8538377251278073), (1.0, 0.8538425161551182), (1.0, 0.8538484877166161), (1.0, 0.8539150048477675), (1.0, 0.8539508209122951), (1.0, 0.8539756049340447), (1.0, 0.8540489819078623), (1.0, 0.8540994667336916), (1.0, 0.8541090011653819), (1.0, 0.8544063494939247), (1.0, 0.8547515195355245), (1.0, 0.8549939633739484), (1.0, 0.8550977865794948), (1.0, 0.8553739395217321), (1.0, 0.8556919179117196), (1.0, 0.8557434281214378), (1.0, 0.8557840708569872), (1.0, 0.8559284849732248), (1.0, 0.8559295108812262), (1.0, 0.856422326773193), (1.0, 0.8565489549424177), (1.0, 0.8568085208052146), (1.0, 0.8568761011172883), (1.0, 0.8573112828676808), (1.0, 0.8573253218760089), (1.0, 0.857366795294784), (1.0, 0.8576689222554714), (1.0, 0.8579766742823597), (1.0, 0.8580192616463324), (1.0, 0.8580470782807129), (1.0, 0.8581884019195976), (1.0, 0.8583447476879815), (1.0, 0.8588328444116146), (1.0, 0.8588948367953179), (1.0, 0.8590256944001542), (1.0, 0.8591145792919684), (1.0, 0.8591177460621668), (1.0, 0.8591956342494199), (1.0, 0.8593955176112501), (1.0, 0.8599274080734053), (1.0, 0.860357398447855), (1.0, 0.8603677999400409), (1.0, 0.8604032844280187), (1.0, 0.8605104455127555), (1.0, 0.8605563314327467), (1.0, 0.8605656851992123), (1.0, 0.8606906189348345), (1.0, 0.8608687710619297), (1.0, 0.8610364575581075), (1.0, 0.8611126910455146), (1.0, 0.8611750537327734), (1.0, 0.8613415025803889), (1.0, 0.861564871948948), (1.0, 0.8617282211562755), (1.0, 0.8619215805698242), (1.0, 0.8620944196856375), (1.0, 0.8622439186105605), (1.0, 0.8623855126814102), (1.0, 0.862597414098949), (1.0, 0.8626928532328222), (1.0, 0.8629006560004928), (1.0, 0.8629365497133998), (1.0, 0.8631084879486569), (1.0, 0.8634854323436434), (1.0, 0.8635334308603272), (1.0, 0.8635637257544085), (1.0, 0.8644343700545228), (1.0, 0.8648074275751563), (1.0, 0.8650080804921816), (1.0, 0.8650154288803383), (1.0, 0.8653030263192916), (1.0, 0.866207333762871), (1.0, 0.8662428616982467), (1.0, 0.866500999875213), (1.0, 0.8666254467612285), (1.0, 0.866674654789104), (1.0, 0.8667392960490814), (1.0, 0.8669360488002991), (1.0, 0.8670917884277688), (1.0, 0.8673533757911897), (1.0, 0.867412924743634), (1.0, 0.8674455201977112), (1.0, 0.8677980317907519), (1.0, 0.8678102612079899), (1.0, 0.8680147790836622), (1.0, 0.8681537174717026), (1.0, 0.8684528762196888), (1.0, 0.8687294147707674), (1.0, 0.8690634159500691), (1.0, 0.8690746804814609), (1.0, 0.8694809067375323), (1.0, 0.8694824908236366), (1.0, 0.8695048471707942), (1.0, 0.8699178886476543), (1.0, 0.8699417243207866), (1.0, 0.869978123457793), (1.0, 0.8702281617065424), (1.0, 0.8703397409990599), (1.0, 0.8704248775814215), (1.0, 0.8705326708468897), (1.0, 0.8706569406269381), (1.0, 0.871058038264589), (1.0, 0.8711060163264948), (1.0, 0.8712599515006564), (1.0, 0.8716659253631605), (1.0, 0.8717465904766489), (1.0, 0.8717954060099049), (1.0, 0.8718997214698272), (1.0, 0.8720502263078945), (1.0, 0.8723310400827688), (1.0, 0.8723389719290554), (1.0, 0.8724113966959516), (1.0, 0.8725893058297296), (1.0, 0.8728210108637232), (1.0, 0.8729937184417353), (1.0, 0.8730699974553039), (1.0, 0.8730806245300031), (1.0, 0.8731307215253326), (1.0, 0.8732651955534646), (1.0, 0.8736849625964258), (1.0, 0.8737846571529057), (1.0, 0.8737969188820833), (1.0, 0.8745566009620699), (1.0, 0.87474120475475), (1.0, 0.8748490081225375), (1.0, 0.874957683472264), (1.0, 0.8751243154655223), (1.0, 0.8752808962417475), (1.0, 0.8754845112566509), (1.0, 0.8755347271760384), (1.0, 0.8756111828891778), (1.0, 0.8759028439460523), (1.0, 0.8766089907331343), (1.0, 0.8769689490203701), (1.0, 0.8771885890569686), (1.0, 0.8773249809082724), (1.0, 0.8773302889939099), (1.0, 0.8774301795717541), (1.0, 0.8774381888103024), (1.0, 0.8774778578404382), (1.0, 0.8775022473696548), (1.0, 0.8775481107826573), (1.0, 0.8775673786964617), (1.0, 0.8777157950131882), (1.0, 0.8777601587786021), (1.0, 0.8778826405380875), (1.0, 0.8780987503633472), (1.0, 0.8781039651285398), (1.0, 0.8781092270780995), (1.0, 0.8784330757267143), (1.0, 0.8792399446584742), (1.0, 0.8792606251138106), (1.0, 0.8798716091322671), (1.0, 0.8803903472145069), (1.0, 0.8803927463242431), (1.0, 0.880919890791009), (1.0, 0.8811355646435867), (1.0, 0.8814180730174529), (1.0, 0.8815828381441575), (1.0, 0.882016182771751), (1.0, 0.8820794730703289), (1.0, 0.8823221696545749), (1.0, 0.8823369259290605), (1.0, 0.8823414811278799), (1.0, 0.8824247245493133), (1.0, 0.882894056571535), (1.0, 0.8833554170434091), (1.0, 0.883473008682696), (1.0, 0.8835636508315602), (1.0, 0.8838316914410759), (1.0, 0.8839593181155306), (1.0, 0.884647073942654), (1.0, 0.8850212587654065), (1.0, 0.8850644892320916), (1.0, 0.8850878387069194), (1.0, 0.8851193981363729), (1.0, 0.8853646945901821), (1.0, 0.8858750528066198), (1.0, 0.8860206878501588), (1.0, 0.8860371222777461), (1.0, 0.8860459506732208), (1.0, 0.8867483256907652), (1.0, 0.8869585776992164), (1.0, 0.8870565077207879), (1.0, 0.8872100383458346), (1.0, 0.8880661799855485), (1.0, 0.8882929767570916), (1.0, 0.8886960020950598), (1.0, 0.8888552526813069), (1.0, 0.8889285588586834), (1.0, 0.8890240331950892), (1.0, 0.8894368246559818), (1.0, 0.8900433115006241), (1.0, 0.8905651725454572), (1.0, 0.8908050467582221), (1.0, 0.8909290771990427), (1.0, 0.891082927818833), (1.0, 0.8910832507251315), (1.0, 0.8912015071647519), (1.0, 0.893252705279871), (1.0, 0.8932697493247364), (1.0, 0.8933097611454173), (1.0, 0.8935407048332205), (1.0, 0.8936518090438111), (1.0, 0.8938402598764759), (1.0, 0.8939786521539864), (1.0, 0.8944684848909926), (1.0, 0.8951469023112737), (1.0, 0.89570018747552), (1.0, 0.8963236279620661), (1.0, 0.8970292023613501), (1.0, 0.8974668984051131), (1.0, 0.8977975830734821), (1.0, 0.8988705770007148), (1.0, 0.8992931815995545), (1.0, 0.9002032828160971), (1.0, 0.9002454707084292), (1.0, 0.9019637425044769), (1.0, 0.9026532323564603), (1.0, 0.9034891556530618), (1.0, 0.9039542085179018), (1.0, 0.9040445920329839), (1.0, 0.9040455075073704), (1.0, 0.904124371544996), (1.0, 0.904731455987222), (1.0, 0.9047553424912556), (1.0, 0.9053464360825113), (1.0, 0.9057248650612916), (1.0, 0.9060668197633788), (1.0, 0.9066923681392967), (1.0, 0.9075332004811246), (1.0, 0.907538483554056), (1.0, 0.9075504326640778), (1.0, 0.9076700946725119), (1.0, 0.9080184857936967), (1.0, 0.908214302312631), (1.0, 0.9099510150772635), (1.0, 0.9103263144855323), (1.0, 0.9104758081203237), (1.0, 0.9113566033899384), (1.0, 0.9126502919989721), (1.0, 0.9132155923748886), (1.0, 0.9132925018657736), (1.0, 0.9134912763251435), (1.0, 0.9136116374335586), (1.0, 0.9141817398358422), (1.0, 0.9141908726009884), (1.0, 0.9142059651549387), (1.0, 0.9158075940680461), (1.0, 0.9161729566918004), (1.0, 0.9164776121923282), (1.0, 0.9196001669360258), (1.0, 0.9198742512763118), (1.0, 0.9204875207830826), (1.0, 0.920618794123774), (1.0, 0.9237165068631762), (1.0, 0.924273082275564), (1.0, 0.9244802020411995), (1.0, 0.924590682163832), (1.0, 0.9268796268788734), (1.0, 0.9275244854551453), (1.0, 0.9287582056443706), (1.0, 0.9302564215367815), (1.0, 0.9320727625944493), (1.0, 0.9321051130962988), (1.0, 0.9331383631773394), (1.0, 0.9334939656791577), (1.0, 0.9349208247297235), (1.0, 0.935191767760713), (1.0, 0.9361161282432878), (1.0, 0.9375923379046858), (1.0, 0.9411848551505273), (1.0, 0.942798293141223), (1.0, 0.9458921721917062), (1.0, 0.9513422860323191), (1.0, 0.9590516405502276), (1.0, 0.9623232543184782), (1.0, 0.9638684866779282), (1.0, 0.9647069071006161), (1.0, 0.9676510671181175), (1.0, 0.9799303091675107), (1.0, 0.9829112315427938), (1.0, 0.9970930580911512), (1.0, 0.998320492082343), (1.0, 0.9988590439373848), (1.0, 1.0104605569395468), (1.0, 1.0130571389565102), (1.0, 1.02539685265001), (1.0, 1.0298313737113145), (1.0, 1.0373193011408566)])
12. ('end',)
19. ('start',)
20. ('actual', array([0., 0., 0., 0., 0., 0., 0., 0., 0., 0., 0., 0., 0., 0., 0., 0., 0.,
       0., 0., 0., 0., 0., 0., 0., 0., 0., 0., 0., 0., 0., 0., 0., 0., 0.,
       0., 0., 0., 0., 0., 0., 0., 0., 0., 0., 0., 0., 0., 0., 0., 0., 0.,
       0., 0., 0., 0., 0., 0., 0., 0., 0., 0., 0., 0., 0., 0., 0., 0., 0.,
       0., 0., 0., 0., 0., 0., 0., 0., 0., 0., 0., 0., 0., 0., 0., 0., 0.,
       0., 0., 0., 0., 0., 0., 0., 0., 0., 0., 0., 0., 0., 0., 0., 0., 0.,
       0., 0., 0., 0., 0., 0., 0., 0., 0., 0., 0., 0., 0., 0., 0., 0., 0.,
       0., 0., 0., 0., 0., 0., 0., 0., 0., 0., 0., 0., 0., 0., 0., 0., 0.,
       0., 0., 0., 0., 0., 0., 0., 0., 0., 0., 0., 0., 0., 0., 0., 0., 0.,
       0., 0., 0., 0., 0., 0., 0., 0., 0., 0., 0., 0., 0., 0., 0., 0., 0.,
       0., 0., 0., 0., 0., 0., 0., 0., 0., 0., 0., 0., 0., 0., 0., 0., 0.,
       0., 0., 0., 0., 0., 1., 1., 1., 1., 1., 1., 1., 1., 1., 1., 1., 1.,
       1., 1., 1., 1., 1., 1., 1., 1., 1., 1., 1., 1., 1., 1., 1., 1., 1.,
       1., 1., 1., 1., 1., 1., 1., 1., 1., 1., 1., 1., 1., 1., 1., 1., 1.,
       1., 1., 1., 1., 1., 1., 1., 1., 1., 1., 1., 1., 1., 1., 1., 1., 1.,
       1., 1., 1., 1., 1., 1., 1., 1., 1., 1., 1., 1., 1., 1., 1., 1., 1.,
       1., 1., 1., 1., 1., 1., 1., 1., 1., 1., 1., 1., 1., 1., 1., 1., 1.,
       1., 1., 1., 1., 1., 1., 1., 1., 1., 1., 1., 1., 1., 1., 1., 1., 1.,
       1., 1., 1., 1., 1., 1., 1., 1., 1., 1., 1., 1., 1., 1., 1., 1., 1.,
       1., 1., 1., 1., 1., 1., 1., 1., 1., 1., 1., 1., 1., 1., 1., 1., 1.,
       1., 1., 1., 1., 1., 1., 1., 1., 1., 1., 1., 1., 1., 1., 1., 1., 1.,
       1., 1., 1., 1., 1., 1., 1., 1., 1., 1., 1., 1., 1., 1., 1., 1., 1.,
       1., 1., 1., 1., 1., 1., 1., 1., 1., 1., 1., 1., 1., 1., 1., 1., 1.,
       1., 1., 1., 1., 1., 1., 1., 1., 1., 1., 1., 1., 1., 1., 1., 1., 1.,
       1., 1., 1., 1., 1., 1., 1., 1., 1., 1., 1., 1., 1., 1., 1., 1., 1.,
       1., 1., 1., 1., 1., 1., 1., 1., 1., 1., 1., 1., 1., 1., 1., 1., 1.,
       1., 1., 1., 1., 1., 1., 1., 1., 1., 1., 1., 1., 1., 1., 1., 1., 1.,
       1., 1., 1., 1., 1., 1., 1., 1., 1., 1., 1., 1., 1., 1., 1., 1., 1.,
       1., 1., 1., 1., 1., 1., 1., 1., 1., 1., 1., 1., 1., 1., 1., 1., 1.,
       1., 1., 1., 1., 1., 1., 1., 1., 1., 1., 1., 1., 1., 1., 1., 1., 1.,
       1., 1., 1., 1., 1., 1., 1., 1., 1., 1., 1., 1., 1., 1., 1., 1., 1.,
       1., 1., 1., 1., 1., 1., 1., 1., 1., 1., 1., 1., 1., 1., 1., 1., 1.,
       1., 1., 1., 1., 1., 1., 1., 1., 1., 1., 1., 1., 1., 1., 1., 1., 1.,
       1., 1., 1., 1., 1., 1., 1., 1., 1., 1., 1., 1., 1., 1., 1., 1., 1.,
       1., 1., 1., 1., 1., 1., 1., 1., 1., 1., 1., 1., 1., 1., 1., 1., 1.,
       1., 1., 1., 1., 1., 1., 1., 1., 1., 1., 1., 1., 1., 1., 1., 1., 1.,
       1., 1., 1., 1., 1., 1., 1., 1., 1., 1., 1., 1., 1., 1., 1., 1., 1.,
       1., 1., 1., 1., 1., 1., 1., 1., 1., 1., 1., 1., 1., 1., 1., 1., 1.,
       1., 1., 1., 1., 1., 1., 1., 1., 1., 1., 1., 1., 1., 1., 1., 1., 1.,
       1., 1., 1., 1., 1., 1., 1., 1., 1., 1., 1., 1., 1., 1., 1., 1., 1.,
       1., 1., 1., 1., 1., 1., 1., 1., 1., 1., 1., 1., 1., 1., 1., 1., 1.,
       1., 1., 1., 1., 1., 1., 1., 1., 1., 1., 1., 1., 1., 1., 1., 1., 1.,
       1., 1., 1., 1., 1., 1., 1., 1., 1., 1., 1., 1., 1., 1., 1., 1., 1.,
       1., 1., 1., 1., 1., 1., 1., 1., 1., 1., 1., 1., 1., 1., 1., 1., 1.,
       1., 1., 1., 1., 1., 1., 1., 1., 1., 1., 1., 1., 1., 1., 1., 1., 1.,
       1., 1., 1., 1., 1., 1., 1., 1., 1., 1., 1., 1., 1., 1., 1., 1., 1.,
       1., 1., 1., 1., 1., 1., 1., 1., 1., 1., 1., 1., 1., 1., 1., 1., 1.,
       1., 1., 1., 1., 1., 1., 1., 1., 1., 1., 1., 1., 1., 1., 1., 1., 1.,
       1., 1., 1., 1., 1., 1., 1., 1., 1., 1., 1., 1., 1., 1., 1., 1., 1.,
       1., 1., 1., 1., 1., 1., 1., 1., 1., 1., 1., 1., 1., 1., 1., 1., 1.,
       1., 1., 1., 1., 1., 1., 1., 1., 1., 1., 1., 1., 1., 1., 1., 1., 1.,
       1., 1., 1., 1., 1., 1., 1., 1., 1., 1., 1., 1., 1., 1., 1., 1., 1.,
       1., 1., 1., 1., 1., 1., 1., 1., 1., 1., 1., 1., 1., 1., 1., 1., 1.,
       1., 1., 1., 1., 1., 1., 1., 1., 1., 1., 1., 1., 1., 1., 1.]))
21. ('predictions', 0      0.897289
1      0.816194
2      0.801139
3      0.746024
4      0.058585
5      0.851073
6      0.863313
7      0.797115
8      0.858572
9      0.501347
10     0.033992
11     0.689813
12     0.838975
13     0.883894
14     0.882808
15     0.034804
16     0.402609
17     0.919337
18     0.032896
19     0.848037
20     0.808818
21     0.247201
22     0.657871
23     0.807887
24     0.272550
25     0.254878
26     0.855321
27     0.603806
28     0.888526
29     0.754391
         ...   
886    0.910460
887    0.769880
888    0.874437
889    0.860565
890    0.788975
891    0.878949
892    0.790578
893    0.810367
894    0.239152
895    0.831252
896    0.801837
897    0.649567
898    0.491888
899    0.920223
900    0.828260
901    0.832923
902    0.828249
903    0.792536
904    0.486648
905    0.863320
906    0.838141
907    0.792462
908    0.802828
909    0.885564
910    0.840707
911    0.893314
912    0.767353
913    0.703195
914    0.796552
915    0.839726
Length: 916, dtype: float64)
22. ('ordered', [(0.0, 0.02995879465124982), (0.0, 0.031010566039359633), (0.0, 0.03143621317120711), (0.0, 0.032223313123036224), (0.0, 0.03232767357508082), (0.0, 0.03289569515405458), (0.0, 0.03385990807708666), (0.0, 0.033991749516872345), (0.0, 0.03480391334136801), (0.0, 0.03609508867092082), (0.0, 0.03613935916867153), (0.0, 0.037373511932547225), (0.0, 0.042514853224410454), (0.0, 0.04562261490239901), (0.0, 0.045867330190225764), (0.0, 0.048546706663463), (0.0, 0.04890585328108289), (0.0, 0.05415356488582327), (0.0, 0.05446228124520154), (0.0, 0.05858520973306023), (0.0, 0.06308697564581135), (0.0, 0.15984238402114248), (0.0, 0.16137728270855478), (0.0, 0.1628753095768887), (0.0, 0.1919269912266407), (0.0, 0.19687386231963075), (0.0, 0.2375377468116588), (0.0, 0.24720131463941764), (0.0, 0.2548784519724804), (0.0, 0.25852826774626736), (0.0, 0.2614867760846192), (0.0, 0.2725501620625021), (0.0, 0.27352386722441635), (0.0, 0.2928254045355833), (0.0, 0.37454505301980695), (0.0, 0.38679132999204036), (0.0, 0.3885123911487029), (0.0, 0.40260897056261064), (0.0, 0.41183667832941495), (0.0, 0.4211268196214055), (0.0, 0.42754158740425346), (0.0, 0.43631363674809964), (0.0, 0.4416322406848995), (0.0, 0.44764403031005684), (0.0, 0.45002114587856695), (0.0, 0.45229956011987726), (0.0, 0.4575520901556798), (0.0, 0.45998396109496986), (0.0, 0.4909378772853973), (0.0, 0.5013473425078421), (0.0, 0.5182569148569358), (0.0, 0.5526762047464885), (0.0, 0.5539730129435222), (0.0, 0.5707294566575593), (0.0, 0.5713795128901465), (0.0, 0.5719943856312476), (0.0, 0.5955302946874405), (0.0, 0.6038058384364469), (0.0, 0.6048145529786877), (0.0, 0.6103370092387977), (0.0, 0.6298522301245911), (0.0, 0.6305082683522026), (0.0, 0.6310021366483707), (0.0, 0.6346671696565284), (0.0, 0.6445921606011585), (0.0, 0.6522304372844401), (0.0, 0.6578710883201475), (0.0, 0.6594263571405836), (0.0, 0.6677977304406092), (0.0, 0.6723285029013094), (0.0, 0.6804776387524766), (0.0, 0.6813254631182324), (0.0, 0.6850823913128028), (0.0, 0.6880982730704038), (0.0, 0.689812509852011), (0.0, 0.6915517370244494), (0.0, 0.6929921279956516), (0.0, 0.6941498043679809), (0.0, 0.6964849953188206), (0.0, 0.7013399473470249), (0.0, 0.7031830513158761), (0.0, 0.707370788036024), (0.0, 0.7113743581090801), (0.0, 0.7134358513650213), (0.0, 0.7142801790929192), (0.0, 0.7307807875332099), (0.0, 0.7364032061970226), (0.0, 0.7376119030731896), (0.0, 0.7388660432760158), (0.0, 0.741254162732462), (0.0, 0.7420225576967775), (0.0, 0.7446425774544243), (0.0, 0.7460240306516918), (0.0, 0.7494279678424093), (0.0, 0.750733213038832), (0.0, 0.7543906971797917), (0.0, 0.7581533422841348), (0.0, 0.7593632174099213), (0.0, 0.7728704945546417), (0.0, 0.7732947910551345), (0.0, 0.7759077694620342), (0.0, 0.7799007377346986), (0.0, 0.7806324642362693), (0.0, 0.7853899675731909), (0.0, 0.7862853892145366), (0.0, 0.7871351161228226), (0.0, 0.788145209009381), (0.0, 0.789885469147121), (0.0, 0.7902988142824438), (0.0, 0.7926610802440616), (0.0, 0.7928856053932699), (0.0, 0.7933533048694239), (0.0, 0.7952487066197845), (0.0, 0.7955931344722924), (0.0, 0.7968104186326945), (0.0, 0.797115149599093), (0.0, 0.7975837587247646), (0.0, 0.7988030341242569), (0.0, 0.7996038470031165), (0.0, 0.80004361630914), (0.0, 0.8001976132746645), (0.0, 0.8002092820673752), (0.0, 0.8002845584857373), (0.0, 0.801138784798223), (0.0, 0.80120902569846), (0.0, 0.8025916707876946), (0.0, 0.807886556857937), (0.0, 0.8088180845703168), (0.0, 0.80965037340687), (0.0, 0.810967345697841), (0.0, 0.8114082073482023), (0.0, 0.8161935226884884), (0.0, 0.8180488955831331), (0.0, 0.8191345090219768), (0.0, 0.8226215130925534), (0.0, 0.8233828478155066), (0.0, 0.8241282468846114), (0.0, 0.826705714956), (0.0, 0.8273041109730302), (0.0, 0.82751715157564), (0.0, 0.8275606151902765), (0.0, 0.8282735771589317), (0.0, 0.8321861467767283), (0.0, 0.8327815620056835), (0.0, 0.8329386515021148), (0.0, 0.8364174493926337), (0.0, 0.8366578883147034), (0.0, 0.8367066908685684), (0.0, 0.8389745626925231), (0.0, 0.8403916195800242), (0.0, 0.8424820657385597), (0.0, 0.8444308604839811), (0.0, 0.8467033846617963), (0.0, 0.8480366642645151), (0.0, 0.8508760134434344), (0.0, 0.8510726390875024), (0.0, 0.8528873477016189), (0.0, 0.8553214362417599), (0.0, 0.8554326720103999), (0.0, 0.8560383934884419), (0.0, 0.8574294950144132), (0.0, 0.8585721880536858), (0.0, 0.85892430541908), (0.0, 0.8601068759171342), (0.0, 0.8610416005945708), (0.0, 0.861277197071472), (0.0, 0.8631536269693764), (0.0, 0.8633128375378668), (0.0, 0.865848572679449), (0.0, 0.8715550912764688), (0.0, 0.8731846020498851), (0.0, 0.874278787053056), (0.0, 0.8787951624459638), (0.0, 0.8817042238483912), (0.0, 0.8825904315283992), (0.0, 0.8828078942963318), (0.0, 0.8836842980410113), (0.0, 0.8838938209008056), (0.0, 0.8885078661387911), (0.0, 0.8885258548781315), (0.0, 0.8922329434630379), (0.0, 0.8943309057573368), (0.0, 0.8957633924800809), (0.0, 0.8972894729934625), (0.0, 0.9022515496719503), (0.0, 0.9036614212819798), (0.0, 0.9072312527676633), (0.0, 0.9136457312923337), (0.0, 0.916777625016752), (0.0, 0.9193370779382435), (0.0, 0.920473260286256), (0.0, 0.9300577822487752), (1.0, 0.035339012588143835), (1.0, 0.03656128673658075), (1.0, 0.03933221854860063), (1.0, 0.05302496456607156), (1.0, 0.059980489508979676), (1.0, 0.06786397269995578), (1.0, 0.16378253985221672), (1.0, 0.16943791231687014), (1.0, 0.17660866305626816), (1.0, 0.19256783829603752), (1.0, 0.2391521069864069), (1.0, 0.2515715315709313), (1.0, 0.26149777509251376), (1.0, 0.3739271637921576), (1.0, 0.39383820131336655), (1.0, 0.3969864873442242), (1.0, 0.4770396804027564), (1.0, 0.4833432986483231), (1.0, 0.48664821736878133), (1.0, 0.49188815731334123), (1.0, 0.4930875964866695), (1.0, 0.6367947347946367), (1.0, 0.6383401460508439), (1.0, 0.641232590389308), (1.0, 0.6495665245213272), (1.0, 0.6681688631651265), (1.0, 0.6807014198736406), (1.0, 0.6996515928137386), (1.0, 0.7031948277066581), (1.0, 0.7070300956268164), (1.0, 0.7087042063436836), (1.0, 0.7128321686319332), (1.0, 0.7133820697209555), (1.0, 0.7203705034929697), (1.0, 0.7254457543966599), (1.0, 0.7258921723027555), (1.0, 0.7305331811649906), (1.0, 0.7338155497359884), (1.0, 0.7347670132551621), (1.0, 0.7368854405397403), (1.0, 0.7391416527686578), (1.0, 0.7404639881973951), (1.0, 0.741074550182846), (1.0, 0.7425480251044896), (1.0, 0.7431043546636168), (1.0, 0.7440961723761694), (1.0, 0.7452227923539461), (1.0, 0.748521504021377), (1.0, 0.7495400112742635), (1.0, 0.7495979311216613), (1.0, 0.7513635579906996), (1.0, 0.7514516422861488), (1.0, 0.7526070998280164), (1.0, 0.7530634942004328), (1.0, 0.7532927478622211), (1.0, 0.7537919112724623), (1.0, 0.7541568633159307), (1.0, 0.7579494707579352), (1.0, 0.7583192904561731), (1.0, 0.7584398369414962), (1.0, 0.7584865914027966), (1.0, 0.7586913312668164), (1.0, 0.7588163864745852), (1.0, 0.7604259765122597), (1.0, 0.7612522549981725), (1.0, 0.7630017858608108), (1.0, 0.7633096985257655), (1.0, 0.7645778118512323), (1.0, 0.7655024654242809), (1.0, 0.7661080883322985), (1.0, 0.7667318607089336), (1.0, 0.767344887628905), (1.0, 0.7673526500101931), (1.0, 0.7683444758882862), (1.0, 0.7697049867292541), (1.0, 0.7698092596814818), (1.0, 0.7698799658479369), (1.0, 0.7704440384638672), (1.0, 0.7707385681006202), (1.0, 0.7717627407997175), (1.0, 0.7724924520935943), (1.0, 0.7728293849821517), (1.0, 0.7728844303172504), (1.0, 0.7736994428989469), (1.0, 0.7741340144149065), (1.0, 0.774706237178673), (1.0, 0.7751631021207649), (1.0, 0.7754108097019985), (1.0, 0.7756050208713373), (1.0, 0.7759717635366791), (1.0, 0.7761624511292796), (1.0, 0.7764063092202264), (1.0, 0.7772334170343528), (1.0, 0.7778237087017216), (1.0, 0.7779111901786921), (1.0, 0.7781253602550804), (1.0, 0.7786554115105462), (1.0, 0.7786774663552911), (1.0, 0.7789331349129098), (1.0, 0.779327798471391), (1.0, 0.7793649194134944), (1.0, 0.7794038611386271), (1.0, 0.7800878763613781), (1.0, 0.7806771860663941), (1.0, 0.7809512343633993), (1.0, 0.781946446367872), (1.0, 0.7821719427391219), (1.0, 0.7825439339505368), (1.0, 0.7834633169904127), (1.0, 0.7839022443674587), (1.0, 0.7841361358096304), (1.0, 0.7855311599407926), (1.0, 0.7855868862908646), (1.0, 0.7861646329320174), (1.0, 0.7869472362533646), (1.0, 0.7872255242029349), (1.0, 0.787941240219996), (1.0, 0.7889753383198421), (1.0, 0.7889780749399558), (1.0, 0.7890140954997539), (1.0, 0.789153007578803), (1.0, 0.7894589954989284), (1.0, 0.7896566869537988), (1.0, 0.7899279341428327), (1.0, 0.7902245279650826), (1.0, 0.7905775647688793), (1.0, 0.7905964675566451), (1.0, 0.7907607765027134), (1.0, 0.790915322799084), (1.0, 0.7910187015659682), (1.0, 0.7911404270426624), (1.0, 0.7912378461917701), (1.0, 0.7914039162122624), (1.0, 0.7914529467639855), (1.0, 0.7918508213285579), (1.0, 0.792311321652), (1.0, 0.7924624170896432), (1.0, 0.7925363004682248), (1.0, 0.7932676864281941), (1.0, 0.793349464232478), (1.0, 0.7936997257534658), (1.0, 0.7947826233932012), (1.0, 0.7948310961736784), (1.0, 0.7948535149222631), (1.0, 0.7949710197969289), (1.0, 0.795193577832718), (1.0, 0.7952202878877592), (1.0, 0.7952924672967127), (1.0, 0.7953122567641719), (1.0, 0.795814284534029), (1.0, 0.7964198562930944), (1.0, 0.7965517717896136), (1.0, 0.796587685595272), (1.0, 0.7969659505895782), (1.0, 0.7980613252894743), (1.0, 0.7980673838482352), (1.0, 0.7981989665975817), (1.0, 0.7982059542533175), (1.0, 0.7982415436571303), (1.0, 0.7987739980227773), (1.0, 0.7988633097404351), (1.0, 0.7990817457225119), (1.0, 0.7996659331359252), (1.0, 0.7999117876076146), (1.0, 0.8001687144311747), (1.0, 0.8018357332561068), (1.0, 0.8018372919270244), (1.0, 0.8020556050767302), (1.0, 0.8028280078405068), (1.0, 0.8030202602095563), (1.0, 0.8031829351479717), (1.0, 0.8032198925704216), (1.0, 0.8032806130282351), (1.0, 0.8033530493672634), (1.0, 0.8038762909499757), (1.0, 0.8040078443118543), (1.0, 0.8040684119764901), (1.0, 0.8041754311841762), (1.0, 0.804673013610023), (1.0, 0.8047870775064824), (1.0, 0.805439482048506), (1.0, 0.8054425250543108), (1.0, 0.8057825067523485), (1.0, 0.8059641187317454), (1.0, 0.8060088597317465), (1.0, 0.8061234338892177), (1.0, 0.8062297785078933), (1.0, 0.8063309348152304), (1.0, 0.8063448813834206), (1.0, 0.806400977892853), (1.0, 0.8066565455455129), (1.0, 0.8066707700713638), (1.0, 0.8068326821503543), (1.0, 0.8069048249913803), (1.0, 0.8070707044693677), (1.0, 0.8071625745108549), (1.0, 0.8077074834655804), (1.0, 0.8078350999522919), (1.0, 0.8079992655596038), (1.0, 0.8080245423268153), (1.0, 0.8084584950329968), (1.0, 0.8089915289672386), (1.0, 0.809086262682772), (1.0, 0.809476785337486), (1.0, 0.8094852092749977), (1.0, 0.8098865351158648), (1.0, 0.8101681652311331), (1.0, 0.8103669329576816), (1.0, 0.8104650717800073), (1.0, 0.8116202929458374), (1.0, 0.8116316699192996), (1.0, 0.8117387386341269), (1.0, 0.8125478176308549), (1.0, 0.8128798262081158), (1.0, 0.8128803225485352), (1.0, 0.8134523941369162), (1.0, 0.813486539066254), (1.0, 0.8137995365954236), (1.0, 0.8139913711581392), (1.0, 0.814584112499431), (1.0, 0.8145856351280156), (1.0, 0.8146745585473444), (1.0, 0.814844964401181), (1.0, 0.8151594358002903), (1.0, 0.8151751548762722), (1.0, 0.8158579184789629), (1.0, 0.8158721064364839), (1.0, 0.8160944438187273), (1.0, 0.8160967135855596), (1.0, 0.8162759644557535), (1.0, 0.8165343122672182), (1.0, 0.8167326087828692), (1.0, 0.8168768246220335), (1.0, 0.8169482944015157), (1.0, 0.8175382197851139), (1.0, 0.8175396465479665), (1.0, 0.8175805798627835), (1.0, 0.8177881073048555), (1.0, 0.8182037900018311), (1.0, 0.8188759226659832), (1.0, 0.8190952029265649), (1.0, 0.819219725442421), (1.0, 0.8193123676997044), (1.0, 0.8193716648843649), (1.0, 0.8194074700493169), (1.0, 0.8204571543157011), (1.0, 0.8206940487599185), (1.0, 0.8208295739491877), (1.0, 0.8208603675683822), (1.0, 0.8209560274826357), (1.0, 0.8211342734784175), (1.0, 0.8211890431688904), (1.0, 0.8212010611068421), (1.0, 0.8213413440771575), (1.0, 0.8219645897494366), (1.0, 0.822015800387912), (1.0, 0.8221346456497027), (1.0, 0.8221964170050222), (1.0, 0.8223051334707309), (1.0, 0.8225723351744684), (1.0, 0.8226362777200884), (1.0, 0.8230262123861978), (1.0, 0.82316108744705), (1.0, 0.8232361335839603), (1.0, 0.8233430849331125), (1.0, 0.8236687107865925), (1.0, 0.8237356911961442), (1.0, 0.8240881051216615), (1.0, 0.8241689551844589), (1.0, 0.8242045366860217), (1.0, 0.8242747167481764), (1.0, 0.8247636212162859), (1.0, 0.8249545536737546), (1.0, 0.8251763138354726), (1.0, 0.825257537818083), (1.0, 0.8253128768223751), (1.0, 0.8266638451294213), (1.0, 0.8266683882533934), (1.0, 0.8267672531701147), (1.0, 0.8267720717651169), (1.0, 0.8268377724537438), (1.0, 0.8268770692045524), (1.0, 0.8270305177207898), (1.0, 0.8270746941310871), (1.0, 0.8274592991639818), (1.0, 0.827896417449257), (1.0, 0.8282486190988088), (1.0, 0.8282599138437106), (1.0, 0.8284489057759151), (1.0, 0.8284818884946971), (1.0, 0.829280431932146), (1.0, 0.8292985896105419), (1.0, 0.8294411697209162), (1.0, 0.8294735799622819), (1.0, 0.829492257608418), (1.0, 0.8294982493769312), (1.0, 0.8295953600877207), (1.0, 0.8296988759802949), (1.0, 0.8298541485548298), (1.0, 0.8303039442493314), (1.0, 0.8306638070898503), (1.0, 0.8310152070594349), (1.0, 0.831252464256506), (1.0, 0.8318046730788952), (1.0, 0.8320008768440426), (1.0, 0.8321788616958904), (1.0, 0.8328603971492697), (1.0, 0.8329234726553094), (1.0, 0.833094558050665), (1.0, 0.833951307830455), (1.0, 0.8340053905869855), (1.0, 0.8343188242040046), (1.0, 0.8343841871511309), (1.0, 0.834442031298988), (1.0, 0.8346844062776531), (1.0, 0.8348619944682568), (1.0, 0.8349737851267593), (1.0, 0.8354059142415288), (1.0, 0.8354487485792005), (1.0, 0.8354958034409109), (1.0, 0.8357966889652805), (1.0, 0.8359364189860952), (1.0, 0.8361739456432887), (1.0, 0.8362293267417156), (1.0, 0.8364762841151023), (1.0, 0.837450519280711), (1.0, 0.8374803807113197), (1.0, 0.8376730933748193), (1.0, 0.8378066411520113), (1.0, 0.8378183360600616), (1.0, 0.8379224905457648), (1.0, 0.8379714126409462), (1.0, 0.8381408900507785), (1.0, 0.8381905638241066), (1.0, 0.8383936047112814), (1.0, 0.8384325094205443), (1.0, 0.8384378709152078), (1.0, 0.8384967749106416), (1.0, 0.8387929161734798), (1.0, 0.8389740890826907), (1.0, 0.8393856305748549), (1.0, 0.8395646132175453), (1.0, 0.8397262996043378), (1.0, 0.8398050335364576), (1.0, 0.8399522553918783), (1.0, 0.8400174199545144), (1.0, 0.8401384616712024), (1.0, 0.8401819585556339), (1.0, 0.840315220636471), (1.0, 0.8405063115732376), (1.0, 0.8405066492435571), (1.0, 0.8406972185302002), (1.0, 0.8407072718622435), (1.0, 0.8409741926708197), (1.0, 0.841138576704354), (1.0, 0.8411678782493164), (1.0, 0.8415789790887012), (1.0, 0.8415809781614413), (1.0, 0.8417235724085457), (1.0, 0.8420367840876427), (1.0, 0.8421961157052564), (1.0, 0.8422182788112261), (1.0, 0.8422462764543672), (1.0, 0.8422867608530309), (1.0, 0.8423163235277029), (1.0, 0.8424050156149122), (1.0, 0.8427395184827694), (1.0, 0.8430589949864596), (1.0, 0.8431361437191728), (1.0, 0.8432408681544723), (1.0, 0.8437993960445961), (1.0, 0.8439849202223526), (1.0, 0.8444871935599122), (1.0, 0.8446481568946447), (1.0, 0.8447049003829663), (1.0, 0.8447126447640727), (1.0, 0.8451633101663187), (1.0, 0.8453706339897277), (1.0, 0.8454072920656137), (1.0, 0.8457322406559268), (1.0, 0.8457638341880293), (1.0, 0.845831486958974), (1.0, 0.8458698131106466), (1.0, 0.8464333135124447), (1.0, 0.846451353679715), (1.0, 0.84740772120874), (1.0, 0.8476452623797285), (1.0, 0.8478286394558601), (1.0, 0.8479565342718878), (1.0, 0.8480239540977201), (1.0, 0.8480484163489215), (1.0, 0.8481453838718631), (1.0, 0.8484840770315712), (1.0, 0.8486296786179907), (1.0, 0.8486907338133097), (1.0, 0.8489516234927494), (1.0, 0.8491185616883274), (1.0, 0.8491599759474291), (1.0, 0.8494001973635199), (1.0, 0.8495770078300429), (1.0, 0.8497306567274385), (1.0, 0.8497605203798764), (1.0, 0.8499020954108181), (1.0, 0.8499785595308089), (1.0, 0.8500159708559462), (1.0, 0.8504672851959785), (1.0, 0.8505318743660553), (1.0, 0.8507375657776003), (1.0, 0.8509642047320592), (1.0, 0.8514029893445025), (1.0, 0.8516344331850864), (1.0, 0.8518332185902869), (1.0, 0.8519260104481476), (1.0, 0.852737577143758), (1.0, 0.8527530191758), (1.0, 0.8527850885413449), (1.0, 0.8531775790876038), (1.0, 0.853584035724378), (1.0, 0.8540186474417457), (1.0, 0.8541315863104995), (1.0, 0.8551534110969696), (1.0, 0.8552519092720048), (1.0, 0.8552984187704631), (1.0, 0.8555001690876977), (1.0, 0.8557865465776624), (1.0, 0.8559050863014744), (1.0, 0.8561718019911644), (1.0, 0.8565523119238986), (1.0, 0.8566980309191273), (1.0, 0.8570575193726169), (1.0, 0.8574851907365898), (1.0, 0.8576455937333083), (1.0, 0.8579647474980431), (1.0, 0.8580504171480456), (1.0, 0.8587035032512106), (1.0, 0.8587533352249567), (1.0, 0.8588930690841798), (1.0, 0.8591975024448072), (1.0, 0.8595284035169273), (1.0, 0.8597027317450405), (1.0, 0.8598101834619924), (1.0, 0.860033959960227), (1.0, 0.8600419093368765), (1.0, 0.8600749842110442), (1.0, 0.8603126482689594), (1.0, 0.8605652069670197), (1.0, 0.8605812307377343), (1.0, 0.8606983224766586), (1.0, 0.8609433311115431), (1.0, 0.8611891245347915), (1.0, 0.8612635765995016), (1.0, 0.8618535697099997), (1.0, 0.8619231812743808), (1.0, 0.8621406888180764), (1.0, 0.8627221136016237), (1.0, 0.862794807671205), (1.0, 0.8629285767181991), (1.0, 0.8630473948791199), (1.0, 0.8633199162431249), (1.0, 0.8634802494272047), (1.0, 0.863837589329768), (1.0, 0.863872942767276), (1.0, 0.8642763824605212), (1.0, 0.8646158650011101), (1.0, 0.8650945147562648), (1.0, 0.8655867846066991), (1.0, 0.8656113517523549), (1.0, 0.8656150689447943), (1.0, 0.8659637278377531), (1.0, 0.8660144000832429), (1.0, 0.8661340498132816), (1.0, 0.8661575145801538), (1.0, 0.8661604052126451), (1.0, 0.8661685849321127), (1.0, 0.8662723184882319), (1.0, 0.8664774133535115), (1.0, 0.8666866369355133), (1.0, 0.8668642016282029), (1.0, 0.8669105678099662), (1.0, 0.8669877887946291), (1.0, 0.8675956880602366), (1.0, 0.8676625961346743), (1.0, 0.8680368668884008), (1.0, 0.8681869361586612), (1.0, 0.868349248533609), (1.0, 0.8684279912022501), (1.0, 0.8684429242329652), (1.0, 0.8686670851207834), (1.0, 0.8687632505023959), (1.0, 0.8688361257915825), (1.0, 0.8690201512586626), (1.0, 0.8690865334267295), (1.0, 0.8691591075195586), (1.0, 0.8694486314590293), (1.0, 0.8695171375197053), (1.0, 0.8697311184421581), (1.0, 0.8699294063375984), (1.0, 0.8701947503334825), (1.0, 0.8703542960974451), (1.0, 0.8708560569390872), (1.0, 0.8708992511001815), (1.0, 0.8709268602730902), (1.0, 0.871515631442569), (1.0, 0.8715454612846366), (1.0, 0.8718606257995039), (1.0, 0.8720440557821404), (1.0, 0.8720714731878546), (1.0, 0.87247161355919), (1.0, 0.8726119042490246), (1.0, 0.8727673429593891), (1.0, 0.8733864782707444), (1.0, 0.8738850729731067), (1.0, 0.8739965951472735), (1.0, 0.8740578022541173), (1.0, 0.8741204527372715), (1.0, 0.8741774212651531), (1.0, 0.8742648437820952), (1.0, 0.8743809311519215), (1.0, 0.8744373126482259), (1.0, 0.8747377930037742), (1.0, 0.8748805697754617), (1.0, 0.8749391093494097), (1.0, 0.8750442915830069), (1.0, 0.8756794792628111), (1.0, 0.875786450665613), (1.0, 0.8774369145377822), (1.0, 0.8776151057873443), (1.0, 0.877886102875015), (1.0, 0.8781516863838962), (1.0, 0.8789492765231021), (1.0, 0.8799461677026083), (1.0, 0.8801507676937897), (1.0, 0.8802037928912655), (1.0, 0.8803298163344787), (1.0, 0.8803651814284305), (1.0, 0.8804351811937731), (1.0, 0.8804456349878662), (1.0, 0.8805696346004848), (1.0, 0.8810385088705399), (1.0, 0.8810682907831182), (1.0, 0.8815882476029694), (1.0, 0.8816046894667072), (1.0, 0.881676877471209), (1.0, 0.8819049864335229), (1.0, 0.8821279012964497), (1.0, 0.8821361097007081), (1.0, 0.8822077443611946), (1.0, 0.8824794615518684), (1.0, 0.8826181669952112), (1.0, 0.8829082175902269), (1.0, 0.8829241713641066), (1.0, 0.8831835635716473), (1.0, 0.8832256758343738), (1.0, 0.8833930170565564), (1.0, 0.8840845152168789), (1.0, 0.8841160280228421), (1.0, 0.8842648001096396), (1.0, 0.8842973049593742), (1.0, 0.884403071947428), (1.0, 0.8846203761235132), (1.0, 0.8848161978907413), (1.0, 0.8848329586120692), (1.0, 0.88489927752455), (1.0, 0.8849857687710578), (1.0, 0.8850316876051582), (1.0, 0.8850676732227806), (1.0, 0.885097474312359), (1.0, 0.8855641199134519), (1.0, 0.8857629999644424), (1.0, 0.886256150729588), (1.0, 0.8862744264381563), (1.0, 0.8867186130303977), (1.0, 0.886835401167889), (1.0, 0.8871018881350193), (1.0, 0.8872871879660813), (1.0, 0.8873064161132215), (1.0, 0.8874564570555246), (1.0, 0.8875534408585647), (1.0, 0.8876068618314976), (1.0, 0.8882417552612848), (1.0, 0.8883247575737409), (1.0, 0.8883352019041653), (1.0, 0.8888296682828384), (1.0, 0.8889489708374699), (1.0, 0.8891565916508681), (1.0, 0.8893539470452986), (1.0, 0.8894984203065238), (1.0, 0.8899412254970106), (1.0, 0.8900650773493468), (1.0, 0.8902065973099583), (1.0, 0.8904924484874407), (1.0, 0.8909601934251643), (1.0, 0.8912338679526889), (1.0, 0.8917124562135773), (1.0, 0.8919478833226004), (1.0, 0.8919824138487026), (1.0, 0.8923206786850384), (1.0, 0.89241577645482), (1.0, 0.8926519575685499), (1.0, 0.8926566217003159), (1.0, 0.8932684807436241), (1.0, 0.8933139238275396), (1.0, 0.8939700301163922), (1.0, 0.8943330833385573), (1.0, 0.8943764100759632), (1.0, 0.8947051293520167), (1.0, 0.8954550840090365), (1.0, 0.8955921305715715), (1.0, 0.8960331822184684), (1.0, 0.8962602027515755), (1.0, 0.8962894166819186), (1.0, 0.89641133300024), (1.0, 0.8969717555985773), (1.0, 0.8976413685039134), (1.0, 0.8976567498141058), (1.0, 0.8976586370697271), (1.0, 0.8981129504675515), (1.0, 0.8981662292018415), (1.0, 0.8985420166982933), (1.0, 0.899132716805961), (1.0, 0.8992695914391462), (1.0, 0.8992915864882388), (1.0, 0.89937945622324), (1.0, 0.899543021878727), (1.0, 0.9002601505869696), (1.0, 0.901045105528602), (1.0, 0.901156264503497), (1.0, 0.901176182057999), (1.0, 0.9021622019936897), (1.0, 0.9024316164880807), (1.0, 0.9032704756343292), (1.0, 0.9033110931933201), (1.0, 0.9047790458759072), (1.0, 0.9048270450640978), (1.0, 0.9052805072051134), (1.0, 0.9055335120517147), (1.0, 0.9061086769657589), (1.0, 0.9061465295338749), (1.0, 0.9061789178421966), (1.0, 0.9064526533405944), (1.0, 0.9067464236610806), (1.0, 0.9068359123903074), (1.0, 0.9070239421017484), (1.0, 0.9081398807824599), (1.0, 0.9085059857751633), (1.0, 0.9085473449709868), (1.0, 0.9087747358454297), (1.0, 0.9090149523572867), (1.0, 0.9090642292807095), (1.0, 0.9091428748375561), (1.0, 0.9091810453827783), (1.0, 0.9092130993903396), (1.0, 0.9098755250832948), (1.0, 0.9103814652092747), (1.0, 0.9104599603732957), (1.0, 0.910930877106215), (1.0, 0.9132240258766731), (1.0, 0.913586090027871), (1.0, 0.9140527299383051), (1.0, 0.9149497368379935), (1.0, 0.9153927916177488), (1.0, 0.9154079782762787), (1.0, 0.916706195639891), (1.0, 0.9168113100649625), (1.0, 0.9171144538408926), (1.0, 0.9178179635758443), (1.0, 0.918001082127226), (1.0, 0.9184595364455436), (1.0, 0.9186629280318893), (1.0, 0.9187046444602257), (1.0, 0.9187914162420033), (1.0, 0.9192333382025976), (1.0, 0.9193867905782931), (1.0, 0.9196633874803243), (1.0, 0.919817538132031), (1.0, 0.9202232120420691), (1.0, 0.920790537906177), (1.0, 0.9213198071938439), (1.0, 0.9214286577401076), (1.0, 0.9219365211874198), (1.0, 0.922337379047104), (1.0, 0.9223472572204815), (1.0, 0.9236733322055205), (1.0, 0.9244938720114606), (1.0, 0.9246429348583857), (1.0, 0.9250878956221048), (1.0, 0.9251494264708918), (1.0, 0.9258138966498978), (1.0, 0.9262025456680956), (1.0, 0.9262841905091574), (1.0, 0.9269641832836827), (1.0, 0.9270171403251275), (1.0, 0.9273139430425424), (1.0, 0.9276215808734077), (1.0, 0.9282504587847584), (1.0, 0.9286021452863297), (1.0, 0.928927577750405), (1.0, 0.9297203700211919), (1.0, 0.9304320949732602), (1.0, 0.9305532794348691), (1.0, 0.9312235052662678), (1.0, 0.9314069895303423), (1.0, 0.9317003587573084), (1.0, 0.9334527323966678), (1.0, 0.933916143530778), (1.0, 0.9339650817524335), (1.0, 0.9347087852888732), (1.0, 0.9347557216479495), (1.0, 0.9365711357272956), (1.0, 0.9368063998951974), (1.0, 0.9383421456210905), (1.0, 0.9385551015398036), (1.0, 0.9387113753642726), (1.0, 0.9388015985146898), (1.0, 0.9389545489274204), (1.0, 0.9463667467366187), (1.0, 0.9495134208424624), (1.0, 0.9499218700059691), (1.0, 0.9503232593069503), (1.0, 0.9548133605600255), (1.0, 0.9551660097684039), (1.0, 0.9554521563599456), (1.0, 0.9555197223849539), (1.0, 0.9577828029178841)])
23. ('end',)
25. ('start',)
26. ('actual', array([0., 0., 0., 0., 0., 0., 0., 0., 0., 0., 0., 0., 0., 0., 0., 0., 0.,
       0., 0., 0., 0., 0., 0., 0., 0., 0., 0., 0., 0., 0., 0., 0., 0., 0.,
       0., 0., 0., 0., 0., 0., 0., 0., 0., 0., 0., 0., 0., 0., 0., 0., 0.,
       0., 0., 0., 0., 0., 0., 0., 0., 0., 0., 0., 0., 0., 0., 0., 0., 0.,
       0., 0., 0., 0., 0., 0., 0., 0., 0., 0., 0., 0., 0., 0., 0., 0., 0.,
       0., 0., 0., 0., 0., 0., 0., 0., 0., 0., 0., 0., 0., 0., 0., 0., 0.,
       0., 0., 0., 0., 0., 0., 0., 0., 0., 0., 0., 0., 0., 0., 0., 0., 0.,
       0., 0., 0., 0., 0., 0., 0., 0., 0., 0., 0., 0., 0., 0., 0., 0., 0.,
       0., 0., 0., 0., 0., 0., 0., 0., 0., 0., 0., 0., 0., 0., 0., 0., 0.,
       0., 0., 0., 0., 0., 0., 0., 0., 0., 0., 0., 0., 0., 0., 0., 0., 0.,
       0., 0., 0., 0., 0., 0., 0., 0., 0., 0., 0., 0., 0., 0., 0., 0., 0.,
       0., 0., 0., 0., 0., 1., 1., 1., 1., 1., 1., 1., 1., 1., 1., 1., 1.,
       1., 1., 1., 1., 1., 1., 1., 1., 1., 1., 1., 1., 1., 1., 1., 1., 1.,
       1., 1., 1., 1., 1., 1., 1., 1., 1., 1., 1., 1., 1., 1., 1., 1., 1.,
       1., 1., 1., 1., 1., 1., 1., 1., 1., 1., 1., 1., 1., 1., 1., 1., 1.,
       1., 1., 1., 1., 1., 1., 1., 1., 1., 1., 1., 1., 1., 1., 1., 1., 1.,
       1., 1., 1., 1., 1., 1., 1., 1., 1., 1., 1., 1., 1., 1., 1., 1., 1.,
       1., 1., 1., 1., 1., 1., 1., 1., 1., 1., 1., 1., 1., 1., 1., 1., 1.,
       1., 1., 1., 1., 1., 1., 1., 1., 1., 1., 1., 1., 1., 1., 1., 1., 1.,
       1., 1., 1., 1., 1., 1., 1., 1., 1., 1., 1., 1., 1., 1., 1., 1., 1.,
       1., 1., 1., 1., 1., 1., 1., 1., 1., 1., 1., 1., 1., 1., 1., 1., 1.,
       1., 1., 1., 1., 1., 1., 1., 1., 1., 1., 1., 1., 1., 1., 1., 1., 1.,
       1., 1., 1., 1., 1., 1., 1., 1., 1., 1., 1., 1., 1., 1., 1., 1., 1.,
       1., 1., 1., 1., 1., 1., 1., 1., 1., 1., 1., 1., 1., 1., 1., 1., 1.,
       1., 1., 1., 1., 1., 1., 1., 1., 1., 1., 1., 1., 1., 1., 1., 1., 1.,
       1., 1., 1., 1., 1., 1., 1., 1., 1., 1., 1., 1., 1., 1., 1., 1., 1.,
       1., 1., 1., 1., 1., 1., 1., 1., 1., 1., 1., 1., 1., 1., 1., 1., 1.,
       1., 1., 1., 1., 1., 1., 1., 1., 1., 1., 1., 1., 1., 1., 1., 1., 1.,
       1., 1., 1., 1., 1., 1., 1., 1., 1., 1., 1., 1., 1., 1., 1., 1., 1.,
       1., 1., 1., 1., 1., 1., 1., 1., 1., 1., 1., 1., 1., 1., 1., 1., 1.,
       1., 1., 1., 1., 1., 1., 1., 1., 1., 1., 1., 1., 1., 1., 1., 1., 1.,
       1., 1., 1., 1., 1., 1., 1., 1., 1., 1., 1., 1., 1., 1., 1., 1., 1.,
       1., 1., 1., 1., 1., 1., 1., 1., 1., 1., 1., 1., 1., 1., 1., 1., 1.,
       1., 1., 1., 1., 1., 1., 1., 1., 1., 1., 1., 1., 1., 1., 1., 1., 1.,
       1., 1., 1., 1., 1., 1., 1., 1., 1., 1., 1., 1., 1., 1., 1., 1., 1.,
       1., 1., 1., 1., 1., 1., 1., 1., 1., 1., 1., 1., 1., 1., 1., 1., 1.,
       1., 1., 1., 1., 1., 1., 1., 1., 1., 1., 1., 1., 1., 1., 1., 1., 1.,
       1., 1., 1., 1., 1., 1., 1., 1., 1., 1., 1., 1., 1., 1., 1., 1., 1.,
       1., 1., 1., 1., 1., 1., 1., 1., 1., 1., 1., 1., 1., 1., 1., 1., 1.,
       1., 1., 1., 1., 1., 1., 1., 1., 1., 1., 1., 1., 1., 1., 1., 1., 1.,
       1., 1., 1., 1., 1., 1., 1., 1., 1., 1., 1., 1., 1., 1., 1., 1., 1.,
       1., 1., 1., 1., 1., 1., 1., 1., 1., 1., 1., 1., 1., 1., 1., 1., 1.,
       1., 1., 1., 1., 1., 1., 1., 1., 1., 1., 1., 1., 1., 1., 1., 1., 1.,
       1., 1., 1., 1., 1., 1., 1., 1., 1., 1., 1., 1., 1., 1., 1., 1., 1.,
       1., 1., 1., 1., 1., 1., 1., 1., 1., 1., 1., 1., 1., 1., 1., 1., 1.,
       1., 1., 1., 1., 1., 1., 1., 1., 1., 1., 1., 1., 1., 1., 1., 1., 1.,
       1., 1., 1., 1., 1., 1., 1., 1., 1., 1., 1., 1., 1., 1., 1., 1., 1.,
       1., 1., 1., 1., 1., 1., 1., 1., 1., 1., 1., 1., 1., 1., 1., 1., 1.,
       1., 1., 1., 1., 1., 1., 1., 1., 1., 1., 1., 1., 1., 1., 1., 1., 1.,
       1., 1., 1., 1., 1., 1., 1., 1., 1., 1., 1., 1., 1., 1., 1., 1., 1.,
       1., 1., 1., 1., 1., 1., 1., 1., 1., 1., 1., 1., 1., 1., 1., 1., 1.,
       1., 1., 1., 1., 1., 1., 1., 1., 1., 1., 1., 1., 1., 1., 1., 1., 1.,
       1., 1., 1., 1., 1., 1., 1., 1., 1., 1., 1., 1., 1., 1., 1., 1., 1.,
       1., 1., 1., 1., 1., 1., 1., 1., 1., 1., 1., 1., 1., 1., 1.]))
27. ('predictions', array([1., 1., 1., 1., 0., 1., 1., 1., 1., 1., 0., 1., 1., 1., 1., 0., 1.,
       1., 0., 1., 1., 0., 1., 1., 0., 0., 1., 1., 1., 1., 1., 1., 1., 1.,
       1., 1., 1., 1., 0., 1., 1., 1., 1., 1., 0., 1., 1., 1., 0., 1., 1.,
       1., 1., 0., 1., 0., 1., 1., 1., 1., 0., 1., 0., 1., 1., 1., 1., 0.,
       1., 1., 1., 1., 1., 0., 1., 1., 1., 1., 1., 0., 1., 1., 0., 0., 1.,
       0., 1., 0., 1., 0., 1., 1., 1., 1., 0., 1., 0., 1., 1., 1., 1., 1.,
       1., 0., 1., 1., 0., 0., 1., 1., 1., 1., 0., 1., 1., 1., 0., 1., 1.,
       1., 1., 1., 0., 1., 1., 1., 1., 1., 1., 0., 0., 1., 1., 1., 1., 1.,
       1., 1., 0., 1., 0., 1., 1., 1., 1., 1., 1., 1., 1., 1., 1., 1., 0.,
       1., 0., 1., 1., 1., 1., 1., 1., 1., 1., 1., 0., 1., 1., 1., 1., 1.,
       1., 1., 1., 1., 1., 0., 1., 1., 1., 1., 1., 1., 1., 1., 1., 1., 1.,
       1., 0., 1., 1., 1., 1., 1., 1., 1., 1., 1., 1., 1., 1., 1., 1., 1.,
       1., 1., 1., 1., 1., 1., 1., 1., 1., 1., 1., 1., 1., 1., 1., 1., 1.,
       1., 1., 1., 1., 1., 1., 1., 1., 1., 1., 1., 1., 1., 1., 1., 1., 1.,
       1., 1., 1., 1., 1., 1., 1., 1., 1., 1., 1., 1., 1., 1., 1., 1., 1.,
       1., 1., 1., 1., 1., 1., 1., 1., 1., 1., 1., 1., 1., 1., 1., 1., 1.,
       1., 1., 1., 1., 1., 1., 1., 1., 1., 1., 1., 1., 1., 1., 1., 1., 1.,
       1., 1., 1., 1., 1., 0., 1., 1., 1., 1., 1., 1., 1., 1., 1., 1., 1.,
       1., 1., 1., 1., 1., 1., 1., 1., 1., 1., 1., 1., 1., 1., 1., 1., 1.,
       1., 1., 1., 1., 1., 1., 1., 1., 1., 1., 1., 1., 1., 1., 1., 1., 1.,
       1., 1., 1., 1., 1., 1., 1., 1., 1., 1., 1., 1., 1., 1., 1., 1., 1.,
       1., 1., 1., 1., 1., 1., 1., 1., 1., 1., 1., 1., 1., 1., 1., 1., 1.,
       1., 1., 1., 1., 1., 1., 1., 1., 1., 1., 1., 1., 1., 1., 1., 1., 1.,
       1., 1., 1., 1., 1., 1., 1., 1., 1., 1., 1., 1., 1., 1., 1., 1., 1.,
       1., 1., 1., 1., 1., 1., 1., 1., 1., 1., 1., 1., 1., 1., 1., 1., 1.,
       1., 1., 1., 1., 1., 1., 1., 1., 1., 1., 1., 1., 1., 1., 0., 1., 1.,
       1., 1., 1., 1., 1., 1., 1., 1., 1., 1., 1., 1., 1., 1., 1., 1., 1.,
       1., 1., 1., 1., 1., 1., 1., 1., 1., 1., 1., 1., 1., 1., 1., 1., 1.,
       1., 1., 1., 1., 1., 1., 1., 1., 1., 1., 1., 1., 1., 1., 1., 1., 1.,
       1., 1., 1., 1., 1., 1., 1., 1., 1., 1., 1., 1., 1., 1., 1., 1., 1.,
       1., 1., 1., 1., 1., 1., 1., 1., 1., 1., 1., 1., 1., 1., 1., 1., 1.,
       1., 1., 1., 1., 1., 1., 1., 1., 1., 1., 1., 1., 1., 1., 1., 1., 1.,
       1., 1., 1., 1., 1., 1., 1., 1., 1., 1., 1., 1., 1., 1., 1., 1., 1.,
       1., 1., 1., 1., 1., 1., 1., 1., 1., 1., 1., 0., 1., 1., 1., 1., 1.,
       1., 1., 1., 1., 1., 1., 1., 1., 1., 1., 1., 1., 1., 1., 1., 1., 1.,
       1., 1., 1., 1., 1., 1., 1., 1., 1., 1., 1., 1., 1., 0., 1., 1., 0.,
       1., 1., 1., 1., 1., 1., 1., 1., 1., 1., 1., 1., 1., 1., 1., 1., 1.,
       1., 1., 1., 1., 1., 1., 1., 1., 1., 1., 1., 1., 1., 1., 1., 1., 1.,
       1., 1., 1., 1., 1., 1., 1., 1., 1., 1., 1., 1., 1., 1., 1., 1., 1.,
       1., 1., 1., 1., 1., 1., 1., 1., 1., 1., 1., 1., 1., 1., 1., 1., 1.,
       1., 1., 1., 1., 1., 1., 0., 1., 1., 1., 1., 1., 1., 1., 1., 1., 1.,
       1., 1., 1., 1., 1., 1., 1., 1., 1., 1., 1., 1., 1., 1., 1., 1., 1.,
       1., 1., 0., 1., 0., 1., 1., 1., 1., 1., 1., 1., 1., 1., 1., 1., 1.,
       1., 1., 1., 1., 1., 1., 1., 1., 1., 1., 1., 1., 1., 1., 1., 1., 1.,
       1., 1., 0., 1., 1., 1., 1., 1., 1., 1., 1., 1., 1., 1., 1., 1., 1.,
       1., 0., 1., 1., 1., 1., 1., 1., 1., 1., 1., 1., 1., 1., 1., 1., 1.,
       1., 1., 1., 1., 1., 1., 1., 1., 0., 1., 1., 1., 1., 1., 1., 1., 1.,
       1., 1., 0., 1., 1., 1., 1., 1., 1., 1., 1., 1., 1., 1., 1., 1., 1.,
       1., 1., 0., 1., 1., 1., 1., 1., 1., 1., 1., 1., 1., 1., 1., 1., 1.,
       1., 1., 1., 1., 1., 1., 1., 1., 1., 1., 1., 1., 1., 1., 1., 1., 1.,
       1., 1., 1., 1., 1., 1., 1., 1., 1., 1., 1., 1., 1., 1., 1., 1., 1.,
       1., 1., 1., 1., 0., 1., 1., 1., 1., 1., 1., 1., 1., 1., 0., 1., 1.,
       1., 1., 1., 1., 1., 1., 1., 1., 1., 1., 0., 1., 1., 1., 1., 1., 1.,
       1., 1., 1., 1., 1., 1., 1., 1., 1., 1., 1., 1., 1., 1., 1.]))
28. ('ordered', [(0.0, 0.0), (0.0, 0.0), (0.0, 0.0), (0.0, 0.0), (0.0, 0.0), (0.0, 0.0), (0.0, 0.0), (0.0, 0.0), (0.0, 0.0), (0.0, 0.0), (0.0, 0.0), (0.0, 0.0), (0.0, 0.0), (0.0, 0.0), (0.0, 0.0), (0.0, 0.0), (0.0, 0.0), (0.0, 0.0), (0.0, 0.0), (0.0, 0.0), (0.0, 0.0), (0.0, 0.0), (0.0, 0.0), (0.0, 0.0), (0.0, 0.0), (0.0, 0.0), (0.0, 0.0), (0.0, 0.0), (0.0, 0.0), (0.0, 0.0), (0.0, 0.0), (0.0, 0.0), (0.0, 0.0), (0.0, 0.0), (0.0, 0.0), (0.0, 0.0), (0.0, 0.0), (0.0, 0.0), (0.0, 0.0), (0.0, 1.0), (0.0, 1.0), (0.0, 1.0), (0.0, 1.0), (0.0, 1.0), (0.0, 1.0), (0.0, 1.0), (0.0, 1.0), (0.0, 1.0), (0.0, 1.0), (0.0, 1.0), (0.0, 1.0), (0.0, 1.0), (0.0, 1.0), (0.0, 1.0), (0.0, 1.0), (0.0, 1.0), (0.0, 1.0), (0.0, 1.0), (0.0, 1.0), (0.0, 1.0), (0.0, 1.0), (0.0, 1.0), (0.0, 1.0), (0.0, 1.0), (0.0, 1.0), (0.0, 1.0), (0.0, 1.0), (0.0, 1.0), (0.0, 1.0), (0.0, 1.0), (0.0, 1.0), (0.0, 1.0), (0.0, 1.0), (0.0, 1.0), (0.0, 1.0), (0.0, 1.0), (0.0, 1.0), (0.0, 1.0), (0.0, 1.0), (0.0, 1.0), (0.0, 1.0), (0.0, 1.0), (0.0, 1.0), (0.0, 1.0), (0.0, 1.0), (0.0, 1.0), (0.0, 1.0), (0.0, 1.0), (0.0, 1.0), (0.0, 1.0), (0.0, 1.0), (0.0, 1.0), (0.0, 1.0), (0.0, 1.0), (0.0, 1.0), (0.0, 1.0), (0.0, 1.0), (0.0, 1.0), (0.0, 1.0), (0.0, 1.0), (0.0, 1.0), (0.0, 1.0), (0.0, 1.0), (0.0, 1.0), (0.0, 1.0), (0.0, 1.0), (0.0, 1.0), (0.0, 1.0), (0.0, 1.0), (0.0, 1.0), (0.0, 1.0), (0.0, 1.0), (0.0, 1.0), (0.0, 1.0), (0.0, 1.0), (0.0, 1.0), (0.0, 1.0), (0.0, 1.0), (0.0, 1.0), (0.0, 1.0), (0.0, 1.0), (0.0, 1.0), (0.0, 1.0), (0.0, 1.0), (0.0, 1.0), (0.0, 1.0), (0.0, 1.0), (0.0, 1.0), (0.0, 1.0), (0.0, 1.0), (0.0, 1.0), (0.0, 1.0), (0.0, 1.0), (0.0, 1.0), (0.0, 1.0), (0.0, 1.0), (0.0, 1.0), (0.0, 1.0), (0.0, 1.0), (0.0, 1.0), (0.0, 1.0), (0.0, 1.0), (0.0, 1.0), (0.0, 1.0), (0.0, 1.0), (0.0, 1.0), (0.0, 1.0), (0.0, 1.0), (0.0, 1.0), (0.0, 1.0), (0.0, 1.0), (0.0, 1.0), (0.0, 1.0), (0.0, 1.0), (0.0, 1.0), (0.0, 1.0), (0.0, 1.0), (0.0, 1.0), (0.0, 1.0), (0.0, 1.0), (0.0, 1.0), (0.0, 1.0), (0.0, 1.0), (0.0, 1.0), (0.0, 1.0), (0.0, 1.0), (0.0, 1.0), (0.0, 1.0), (0.0, 1.0), (0.0, 1.0), (0.0, 1.0), (0.0, 1.0), (0.0, 1.0), (0.0, 1.0), (0.0, 1.0), (0.0, 1.0), (0.0, 1.0), (0.0, 1.0), (0.0, 1.0), (0.0, 1.0), (0.0, 1.0), (0.0, 1.0), (0.0, 1.0), (0.0, 1.0), (0.0, 1.0), (0.0, 1.0), (0.0, 1.0), (0.0, 1.0), (0.0, 1.0), (0.0, 1.0), (0.0, 1.0), (0.0, 1.0), (1.0, 0.0), (1.0, 0.0), (1.0, 0.0), (1.0, 0.0), (1.0, 0.0), (1.0, 0.0), (1.0, 0.0), (1.0, 0.0), (1.0, 0.0), (1.0, 0.0), (1.0, 0.0), (1.0, 0.0), (1.0, 0.0), (1.0, 0.0), (1.0, 0.0), (1.0, 0.0), (1.0, 1.0), (1.0, 1.0), (1.0, 1.0), (1.0, 1.0), (1.0, 1.0), (1.0, 1.0), (1.0, 1.0), (1.0, 1.0), (1.0, 1.0), (1.0, 1.0), (1.0, 1.0), (1.0, 1.0), (1.0, 1.0), (1.0, 1.0), (1.0, 1.0), (1.0, 1.0), (1.0, 1.0), (1.0, 1.0), (1.0, 1.0), (1.0, 1.0), (1.0, 1.0), (1.0, 1.0), (1.0, 1.0), (1.0, 1.0), (1.0, 1.0), (1.0, 1.0), (1.0, 1.0), (1.0, 1.0), (1.0, 1.0), (1.0, 1.0), (1.0, 1.0), (1.0, 1.0), (1.0, 1.0), (1.0, 1.0), (1.0, 1.0), (1.0, 1.0), (1.0, 1.0), (1.0, 1.0), (1.0, 1.0), (1.0, 1.0), (1.0, 1.0), (1.0, 1.0), (1.0, 1.0), (1.0, 1.0), (1.0, 1.0), (1.0, 1.0), (1.0, 1.0), (1.0, 1.0), (1.0, 1.0), (1.0, 1.0), (1.0, 1.0), (1.0, 1.0), (1.0, 1.0), (1.0, 1.0), (1.0, 1.0), (1.0, 1.0), (1.0, 1.0), (1.0, 1.0), (1.0, 1.0), (1.0, 1.0), (1.0, 1.0), (1.0, 1.0), (1.0, 1.0), (1.0, 1.0), (1.0, 1.0), (1.0, 1.0), (1.0, 1.0), (1.0, 1.0), (1.0, 1.0), (1.0, 1.0), (1.0, 1.0), (1.0, 1.0), (1.0, 1.0), (1.0, 1.0), (1.0, 1.0), (1.0, 1.0), (1.0, 1.0), (1.0, 1.0), (1.0, 1.0), (1.0, 1.0), (1.0, 1.0), (1.0, 1.0), (1.0, 1.0), (1.0, 1.0), (1.0, 1.0), (1.0, 1.0), (1.0, 1.0), (1.0, 1.0), (1.0, 1.0), (1.0, 1.0), (1.0, 1.0), (1.0, 1.0), (1.0, 1.0), (1.0, 1.0), (1.0, 1.0), (1.0, 1.0), (1.0, 1.0), (1.0, 1.0), (1.0, 1.0), (1.0, 1.0), (1.0, 1.0), (1.0, 1.0), (1.0, 1.0), (1.0, 1.0), (1.0, 1.0), (1.0, 1.0), (1.0, 1.0), (1.0, 1.0), (1.0, 1.0), (1.0, 1.0), (1.0, 1.0), (1.0, 1.0), (1.0, 1.0), (1.0, 1.0), (1.0, 1.0), (1.0, 1.0), (1.0, 1.0), (1.0, 1.0), (1.0, 1.0), (1.0, 1.0), (1.0, 1.0), (1.0, 1.0), (1.0, 1.0), (1.0, 1.0), (1.0, 1.0), (1.0, 1.0), (1.0, 1.0), (1.0, 1.0), (1.0, 1.0), (1.0, 1.0), (1.0, 1.0), (1.0, 1.0), (1.0, 1.0), (1.0, 1.0), (1.0, 1.0), (1.0, 1.0), (1.0, 1.0), (1.0, 1.0), (1.0, 1.0), (1.0, 1.0), (1.0, 1.0), (1.0, 1.0), (1.0, 1.0), (1.0, 1.0), (1.0, 1.0), (1.0, 1.0), (1.0, 1.0), (1.0, 1.0), (1.0, 1.0), (1.0, 1.0), (1.0, 1.0), (1.0, 1.0), (1.0, 1.0), (1.0, 1.0), (1.0, 1.0), (1.0, 1.0), (1.0, 1.0), (1.0, 1.0), (1.0, 1.0), (1.0, 1.0), (1.0, 1.0), (1.0, 1.0), (1.0, 1.0), (1.0, 1.0), (1.0, 1.0), (1.0, 1.0), (1.0, 1.0), (1.0, 1.0), (1.0, 1.0), (1.0, 1.0), (1.0, 1.0), (1.0, 1.0), (1.0, 1.0), (1.0, 1.0), (1.0, 1.0), (1.0, 1.0), (1.0, 1.0), (1.0, 1.0), (1.0, 1.0), (1.0, 1.0), (1.0, 1.0), (1.0, 1.0), (1.0, 1.0), (1.0, 1.0), (1.0, 1.0), (1.0, 1.0), (1.0, 1.0), (1.0, 1.0), (1.0, 1.0), (1.0, 1.0), (1.0, 1.0), (1.0, 1.0), (1.0, 1.0), (1.0, 1.0), (1.0, 1.0), (1.0, 1.0), (1.0, 1.0), (1.0, 1.0), (1.0, 1.0), (1.0, 1.0), (1.0, 1.0), (1.0, 1.0), (1.0, 1.0), (1.0, 1.0), (1.0, 1.0), (1.0, 1.0), (1.0, 1.0), (1.0, 1.0), (1.0, 1.0), (1.0, 1.0), (1.0, 1.0), (1.0, 1.0), (1.0, 1.0), (1.0, 1.0), (1.0, 1.0), (1.0, 1.0), (1.0, 1.0), (1.0, 1.0), (1.0, 1.0), (1.0, 1.0), (1.0, 1.0), (1.0, 1.0), (1.0, 1.0), (1.0, 1.0), (1.0, 1.0), (1.0, 1.0), (1.0, 1.0), (1.0, 1.0), (1.0, 1.0), (1.0, 1.0), (1.0, 1.0), (1.0, 1.0), (1.0, 1.0), (1.0, 1.0), (1.0, 1.0), (1.0, 1.0), (1.0, 1.0), (1.0, 1.0), (1.0, 1.0), (1.0, 1.0), (1.0, 1.0), (1.0, 1.0), (1.0, 1.0), (1.0, 1.0), (1.0, 1.0), (1.0, 1.0), (1.0, 1.0), (1.0, 1.0), (1.0, 1.0), (1.0, 1.0), (1.0, 1.0), (1.0, 1.0), (1.0, 1.0), (1.0, 1.0), (1.0, 1.0), (1.0, 1.0), (1.0, 1.0), (1.0, 1.0), (1.0, 1.0), (1.0, 1.0), (1.0, 1.0), (1.0, 1.0), (1.0, 1.0), (1.0, 1.0), (1.0, 1.0), (1.0, 1.0), (1.0, 1.0), (1.0, 1.0), (1.0, 1.0), (1.0, 1.0), (1.0, 1.0), (1.0, 1.0), (1.0, 1.0), (1.0, 1.0), (1.0, 1.0), (1.0, 1.0), (1.0, 1.0), (1.0, 1.0), (1.0, 1.0), (1.0, 1.0), (1.0, 1.0), (1.0, 1.0), (1.0, 1.0), (1.0, 1.0), (1.0, 1.0), (1.0, 1.0), (1.0, 1.0), (1.0, 1.0), (1.0, 1.0), (1.0, 1.0), (1.0, 1.0), (1.0, 1.0), (1.0, 1.0), (1.0, 1.0), (1.0, 1.0), (1.0, 1.0), (1.0, 1.0), (1.0, 1.0), (1.0, 1.0), (1.0, 1.0), (1.0, 1.0), (1.0, 1.0), (1.0, 1.0), (1.0, 1.0), (1.0, 1.0), (1.0, 1.0), (1.0, 1.0), (1.0, 1.0), (1.0, 1.0), (1.0, 1.0), (1.0, 1.0), (1.0, 1.0), (1.0, 1.0), (1.0, 1.0), (1.0, 1.0), (1.0, 1.0), (1.0, 1.0), (1.0, 1.0), (1.0, 1.0), (1.0, 1.0), (1.0, 1.0), (1.0, 1.0), (1.0, 1.0), (1.0, 1.0), (1.0, 1.0), (1.0, 1.0), (1.0, 1.0), (1.0, 1.0), (1.0, 1.0), (1.0, 1.0), (1.0, 1.0), (1.0, 1.0), (1.0, 1.0), (1.0, 1.0), (1.0, 1.0), (1.0, 1.0), (1.0, 1.0), (1.0, 1.0), (1.0, 1.0), (1.0, 1.0), (1.0, 1.0), (1.0, 1.0), (1.0, 1.0), (1.0, 1.0), (1.0, 1.0), (1.0, 1.0), (1.0, 1.0), (1.0, 1.0), (1.0, 1.0), (1.0, 1.0), (1.0, 1.0), (1.0, 1.0), (1.0, 1.0), (1.0, 1.0), (1.0, 1.0), (1.0, 1.0), (1.0, 1.0), (1.0, 1.0), (1.0, 1.0), (1.0, 1.0), (1.0, 1.0), (1.0, 1.0), (1.0, 1.0), (1.0, 1.0), (1.0, 1.0), (1.0, 1.0), (1.0, 1.0), (1.0, 1.0), (1.0, 1.0), (1.0, 1.0), (1.0, 1.0), (1.0, 1.0), (1.0, 1.0), (1.0, 1.0), (1.0, 1.0), (1.0, 1.0), (1.0, 1.0), (1.0, 1.0), (1.0, 1.0), (1.0, 1.0), (1.0, 1.0), (1.0, 1.0), (1.0, 1.0), (1.0, 1.0), (1.0, 1.0), (1.0, 1.0), (1.0, 1.0), (1.0, 1.0), (1.0, 1.0), (1.0, 1.0), (1.0, 1.0), (1.0, 1.0), (1.0, 1.0), (1.0, 1.0), (1.0, 1.0), (1.0, 1.0), (1.0, 1.0), (1.0, 1.0), (1.0, 1.0), (1.0, 1.0), (1.0, 1.0), (1.0, 1.0), (1.0, 1.0), (1.0, 1.0), (1.0, 1.0), (1.0, 1.0), (1.0, 1.0), (1.0, 1.0), (1.0, 1.0), (1.0, 1.0), (1.0, 1.0), (1.0, 1.0), (1.0, 1.0), (1.0, 1.0), (1.0, 1.0), (1.0, 1.0), (1.0, 1.0), (1.0, 1.0), (1.0, 1.0), (1.0, 1.0), (1.0, 1.0), (1.0, 1.0), (1.0, 1.0), (1.0, 1.0), (1.0, 1.0), (1.0, 1.0), (1.0, 1.0), (1.0, 1.0), (1.0, 1.0), (1.0, 1.0), (1.0, 1.0), (1.0, 1.0), (1.0, 1.0), (1.0, 1.0), (1.0, 1.0), (1.0, 1.0), (1.0, 1.0), (1.0, 1.0), (1.0, 1.0), (1.0, 1.0), (1.0, 1.0), (1.0, 1.0), (1.0, 1.0), (1.0, 1.0), (1.0, 1.0), (1.0, 1.0), (1.0, 1.0), (1.0, 1.0), (1.0, 1.0), (1.0, 1.0), (1.0, 1.0), (1.0, 1.0), (1.0, 1.0), (1.0, 1.0), (1.0, 1.0), (1.0, 1.0), (1.0, 1.0), (1.0, 1.0), (1.0, 1.0), (1.0, 1.0), (1.0, 1.0), (1.0, 1.0), (1.0, 1.0), (1.0, 1.0), (1.0, 1.0), (1.0, 1.0), (1.0, 1.0), (1.0, 1.0), (1.0, 1.0), (1.0, 1.0), (1.0, 1.0), (1.0, 1.0), (1.0, 1.0), (1.0, 1.0), (1.0, 1.0), (1.0, 1.0), (1.0, 1.0), (1.0, 1.0), (1.0, 1.0), (1.0, 1.0), (1.0, 1.0), (1.0, 1.0), (1.0, 1.0), (1.0, 1.0), (1.0, 1.0), (1.0, 1.0), (1.0, 1.0), (1.0, 1.0), (1.0, 1.0), (1.0, 1.0), (1.0, 1.0), (1.0, 1.0), (1.0, 1.0), (1.0, 1.0), (1.0, 1.0), (1.0, 1.0), (1.0, 1.0), (1.0, 1.0), (1.0, 1.0), (1.0, 1.0), (1.0, 1.0), (1.0, 1.0), (1.0, 1.0), (1.0, 1.0), (1.0, 1.0), (1.0, 1.0), (1.0, 1.0), (1.0, 1.0), (1.0, 1.0), (1.0, 1.0), (1.0, 1.0), (1.0, 1.0), (1.0, 1.0), (1.0, 1.0), (1.0, 1.0), (1.0, 1.0), (1.0, 1.0), (1.0, 1.0), (1.0, 1.0), (1.0, 1.0), (1.0, 1.0), (1.0, 1.0), (1.0, 1.0), (1.0, 1.0), (1.0, 1.0), (1.0, 1.0), (1.0, 1.0), (1.0, 1.0), (1.0, 1.0), (1.0, 1.0), (1.0, 1.0), (1.0, 1.0), (1.0, 1.0), (1.0, 1.0), (1.0, 1.0), (1.0, 1.0), (1.0, 1.0), (1.0, 1.0), (1.0, 1.0), (1.0, 1.0), (1.0, 1.0), (1.0, 1.0), (1.0, 1.0), (1.0, 1.0), (1.0, 1.0), (1.0, 1.0), (1.0, 1.0), (1.0, 1.0), (1.0, 1.0), (1.0, 1.0), (1.0, 1.0), (1.0, 1.0), (1.0, 1.0), (1.0, 1.0), (1.0, 1.0), (1.0, 1.0), (1.0, 1.0), (1.0, 1.0), (1.0, 1.0), (1.0, 1.0), (1.0, 1.0), (1.0, 1.0), (1.0, 1.0), (1.0, 1.0), (1.0, 1.0), (1.0, 1.0), (1.0, 1.0), (1.0, 1.0), (1.0, 1.0), (1.0, 1.0), (1.0, 1.0), (1.0, 1.0), (1.0, 1.0), (1.0, 1.0), (1.0, 1.0), (1.0, 1.0), (1.0, 1.0), (1.0, 1.0), (1.0, 1.0), (1.0, 1.0), (1.0, 1.0), (1.0, 1.0), (1.0, 1.0), (1.0, 1.0), (1.0, 1.0), (1.0, 1.0), (1.0, 1.0), (1.0, 1.0), (1.0, 1.0), (1.0, 1.0), (1.0, 1.0), (1.0, 1.0), (1.0, 1.0), (1.0, 1.0), (1.0, 1.0), (1.0, 1.0), (1.0, 1.0), (1.0, 1.0), (1.0, 1.0), (1.0, 1.0), (1.0, 1.0), (1.0, 1.0), (1.0, 1.0), (1.0, 1.0), (1.0, 1.0), (1.0, 1.0), (1.0, 1.0), (1.0, 1.0), (1.0, 1.0), (1.0, 1.0), (1.0, 1.0), (1.0, 1.0), (1.0, 1.0), (1.0, 1.0), (1.0, 1.0), (1.0, 1.0), (1.0, 1.0), (1.0, 1.0), (1.0, 1.0), (1.0, 1.0), (1.0, 1.0), (1.0, 1.0), (1.0, 1.0), (1.0, 1.0), (1.0, 1.0), (1.0, 1.0), (1.0, 1.0), (1.0, 1.0), (1.0, 1.0), (1.0, 1.0), (1.0, 1.0), (1.0, 1.0), (1.0, 1.0), (1.0, 1.0), (1.0, 1.0), (1.0, 1.0), (1.0, 1.0), (1.0, 1.0), (1.0, 1.0), (1.0, 1.0), (1.0, 1.0), (1.0, 1.0), (1.0, 1.0), (1.0, 1.0), (1.0, 1.0), (1.0, 1.0), (1.0, 1.0), (1.0, 1.0), (1.0, 1.0), (1.0, 1.0), (1.0, 1.0), (1.0, 1.0), (1.0, 1.0), (1.0, 1.0), (1.0, 1.0), (1.0, 1.0), (1.0, 1.0), (1.0, 1.0), (1.0, 1.0), (1.0, 1.0), (1.0, 1.0), (1.0, 1.0), (1.0, 1.0), (1.0, 1.0), (1.0, 1.0), (1.0, 1.0), (1.0, 1.0), (1.0, 1.0), (1.0, 1.0), (1.0, 1.0), (1.0, 1.0), (1.0, 1.0), (1.0, 1.0), (1.0, 1.0), (1.0, 1.0), (1.0, 1.0), (1.0, 1.0), (1.0, 1.0), (1.0, 1.0), (1.0, 1.0), (1.0, 1.0), (1.0, 1.0), (1.0, 1.0), (1.0, 1.0), (1.0, 1.0), (1.0, 1.0), (1.0, 1.0), (1.0, 1.0), (1.0, 1.0), (1.0, 1.0), (1.0, 1.0), (1.0, 1.0), (1.0, 1.0), (1.0, 1.0), (1.0, 1.0), (1.0, 1.0), (1.0, 1.0), (1.0, 1.0), (1.0, 1.0), (1.0, 1.0), (1.0, 1.0), (1.0, 1.0), (1.0, 1.0), (1.0, 1.0), (1.0, 1.0), (1.0, 1.0), (1.0, 1.0), (1.0, 1.0)])
29. ('end',)
