8. ('start',)
9. ('regression', 'Linear')
10. ('Y_test', 0     1.0
1     1.0
2     1.0
3     1.0
4     1.0
5     0.0
6     1.0
7     0.0
8     0.0
9     1.0
10    1.0
11    1.0
12    0.0
13    1.0
14    1.0
15    1.0
16    0.0
17    1.0
18    1.0
19    1.0
20    1.0
21    1.0
22    1.0
23    0.0
24    1.0
25    1.0
26    1.0
27    1.0
28    1.0
29    0.0
     ... 
61    1.0
62    0.0
63    1.0
64    0.0
65    0.0
66    1.0
67    0.0
68    1.0
69    1.0
70    1.0
71    0.0
72    1.0
73    1.0
74    1.0
75    1.0
76    1.0
77    1.0
78    1.0
79    0.0
80    1.0
81    1.0
82    1.0
83    1.0
84    0.0
85    1.0
86    0.0
87    1.0
88    0.0
89    1.0
90    1.0
Name: esem_status, Length: 91, dtype: float64)
11. ('predY', array([1., 1., 1., 1., 1., 1., 1., 1., 0., 1., 1., 1., 0., 1., 1., 1., 1.,
       1., 1., 1., 1., 1., 1., 0., 1., 1., 1., 1., 1., 1., 1., 1., 1., 1.,
       1., 1., 1., 1., 1., 1., 1., 1., 1., 1., 1., 1., 1., 1., 1., 1., 1.,
       1., 1., 1., 1., 1., 1., 1., 1., 1., 1., 1., 0., 1., 1., 0., 1., 0.,
       1., 1., 1., 1., 1., 1., 1., 1., 1., 1., 1., 1., 1., 1., 1., 1., 0.,
       1., 1., 1., 1., 1., 1.]))
12. ('Y_test', 91     1.0
92     1.0
93     1.0
94     1.0
95     0.0
96     1.0
97     0.0
98     1.0
99     1.0
100    1.0
101    0.0
102    1.0
103    1.0
104    1.0
105    1.0
106    1.0
107    1.0
108    1.0
109    0.0
110    0.0
111    1.0
112    1.0
113    1.0
114    1.0
115    1.0
116    0.0
117    1.0
118    1.0
119    1.0
120    0.0
      ... 
152    1.0
153    1.0
154    1.0
155    1.0
156    1.0
157    1.0
158    0.0
159    0.0
160    0.0
161    0.0
162    0.0
163    1.0
164    1.0
165    1.0
166    1.0
167    1.0
168    1.0
169    1.0
170    0.0
171    1.0
172    1.0
173    1.0
174    1.0
175    1.0
176    1.0
177    0.0
178    0.0
179    1.0
180    1.0
181    1.0
Name: esem_status, Length: 91, dtype: float64)
13. ('predY', array([1., 1., 1., 1., 1., 1., 1., 1., 1., 1., 1., 1., 1., 1., 1., 1., 1.,
       1., 1., 1., 1., 1., 1., 1., 1., 1., 1., 1., 1., 1., 1., 1., 1., 0.,
       1., 1., 1., 1., 1., 1., 1., 1., 1., 1., 1., 1., 1., 1., 1., 1., 1.,
       1., 1., 1., 1., 1., 0., 1., 1., 1., 1., 1., 1., 1., 1., 1., 1., 0.,
       1., 1., 0., 1., 1., 1., 1., 1., 1., 1., 1., 0., 1., 1., 1., 1., 1.,
       1., 0., 1., 1., 1., 1.]))
14. ('Y_test', 182    0.0
183    1.0
184    1.0
185    1.0
186    1.0
187    0.0
188    0.0
189    1.0
190    1.0
191    1.0
192    1.0
193    1.0
194    1.0
195    1.0
196    1.0
197    0.0
198    1.0
199    1.0
200    1.0
201    1.0
202    1.0
203    1.0
204    1.0
205    1.0
206    0.0
207    1.0
208    1.0
209    1.0
210    1.0
211    1.0
      ... 
243    1.0
244    1.0
245    1.0
246    1.0
247    1.0
248    1.0
249    0.0
250    1.0
251    1.0
252    1.0
253    1.0
254    1.0
255    0.0
256    1.0
257    1.0
258    0.0
259    0.0
260    1.0
261    1.0
262    1.0
263    1.0
264    1.0
265    1.0
266    1.0
267    1.0
268    1.0
269    1.0
270    1.0
271    1.0
272    1.0
Name: esem_status, Length: 91, dtype: float64)
15. ('predY', array([1., 1., 1., 1., 1., 1., 1., 1., 1., 1., 1., 1., 1., 1., 1., 1., 1.,
       1., 1., 1., 1., 1., 1., 1., 1., 1., 1., 0., 1., 1., 1., 1., 1., 1.,
       1., 1., 1., 1., 1., 1., 1., 1., 1., 1., 1., 1., 1., 1., 1., 1., 1.,
       1., 1., 1., 1., 1., 1., 1., 1., 1., 1., 1., 1., 1., 1., 1., 1., 1.,
       1., 1., 1., 1., 1., 1., 1., 1., 1., 1., 1., 1., 0., 1., 1., 1., 1.,
       1., 1., 1., 1., 0., 1.]))
16. ('Y_test', 273    1.0
274    1.0
275    1.0
276    0.0
277    1.0
278    1.0
279    1.0
280    1.0
281    1.0
282    1.0
283    0.0
284    1.0
285    1.0
286    0.0
287    1.0
288    1.0
289    0.0
290    0.0
291    1.0
292    1.0
293    1.0
294    1.0
295    1.0
296    0.0
297    1.0
298    0.0
299    1.0
300    1.0
301    1.0
302    1.0
      ... 
334    1.0
335    0.0
336    1.0
337    1.0
338    1.0
339    0.0
340    1.0
341    1.0
342    1.0
343    1.0
344    1.0
345    1.0
346    1.0
347    1.0
348    1.0
349    0.0
350    0.0
351    1.0
352    0.0
353    1.0
354    1.0
355    1.0
356    1.0
357    1.0
358    1.0
359    1.0
360    1.0
361    1.0
362    1.0
363    1.0
Name: esem_status, Length: 91, dtype: float64)
17. ('predY', array([1., 1., 1., 1., 1., 1., 1., 1., 1., 1., 1., 1., 1., 0., 1., 1., 1.,
       1., 1., 1., 1., 1., 1., 1., 1., 1., 1., 1., 1., 1., 1., 1., 1., 1.,
       1., 1., 1., 1., 1., 1., 1., 1., 1., 1., 1., 1., 1., 1., 1., 1., 1.,
       1., 1., 1., 1., 1., 1., 1., 1., 1., 1., 1., 1., 1., 1., 0., 1., 1.,
       1., 1., 1., 1., 1., 1., 1., 1., 1., 0., 1., 0., 1., 1., 1., 1., 1.,
       1., 1., 1., 1., 1., 1.]))
18. ('Y_test', 364    1.0
365    1.0
366    1.0
367    1.0
368    1.0
369    1.0
370    1.0
371    1.0
372    1.0
373    1.0
374    0.0
375    1.0
376    1.0
377    1.0
378    1.0
379    1.0
380    0.0
381    1.0
382    1.0
383    0.0
384    1.0
385    1.0
386    1.0
387    1.0
388    1.0
389    1.0
390    1.0
391    0.0
392    1.0
393    0.0
      ... 
425    1.0
426    1.0
427    0.0
428    1.0
429    1.0
430    1.0
431    1.0
432    0.0
433    1.0
434    1.0
435    0.0
436    0.0
437    1.0
438    1.0
439    1.0
440    0.0
441    1.0
442    1.0
443    1.0
444    0.0
445    0.0
446    1.0
447    1.0
448    1.0
449    1.0
450    1.0
451    1.0
452    1.0
453    0.0
454    1.0
Name: esem_status, Length: 91, dtype: float64)
19. ('predY', array([1., 1., 1., 1., 0., 1., 1., 1., 1., 1., 0., 1., 1., 1., 1., 1., 1.,
       1., 1., 1., 1., 1., 1., 1., 1., 1., 1., 1., 1., 1., 1., 1., 1., 1.,
       1., 1., 1., 1., 1., 1., 1., 1., 1., 0., 1., 1., 1., 1., 1., 1., 1.,
       1., 1., 1., 1., 1., 1., 0., 1., 1., 1., 1., 1., 0., 1., 1., 1., 1.,
       1., 1., 1., 1., 1., 1., 1., 1., 1., 1., 1., 1., 1., 1., 1., 1., 1.,
       1., 0., 1., 1., 1., 1.]))
20. ('Y_test', 455    0.0
456    1.0
457    1.0
458    1.0
459    1.0
460    1.0
461    1.0
462    1.0
463    1.0
464    1.0
465    1.0
466    0.0
467    1.0
468    1.0
469    0.0
470    1.0
471    1.0
472    0.0
473    1.0
474    1.0
475    0.0
476    0.0
477    1.0
478    1.0
479    1.0
480    0.0
481    0.0
482    1.0
483    1.0
484    1.0
      ... 
516    1.0
517    1.0
518    1.0
519    1.0
520    1.0
521    1.0
522    1.0
523    1.0
524    1.0
525    1.0
526    1.0
527    1.0
528    1.0
529    1.0
530    1.0
531    1.0
532    1.0
533    1.0
534    1.0
535    0.0
536    0.0
537    1.0
538    1.0
539    1.0
540    1.0
541    0.0
542    0.0
543    1.0
544    1.0
545    1.0
Name: esem_status, Length: 91, dtype: float64)
21. ('predY', array([1., 1., 1., 1., 1., 1., 1., 1., 1., 1., 1., 1., 1., 1., 0., 1., 1.,
       0., 1., 1., 1., 1., 0., 1., 1., 1., 1., 1., 1., 1., 1., 1., 1., 1.,
       1., 1., 1., 1., 1., 1., 1., 1., 0., 0., 1., 1., 1., 1., 1., 1., 1.,
       1., 1., 1., 1., 1., 0., 1., 1., 1., 1., 1., 1., 1., 1., 1., 1., 1.,
       1., 1., 1., 1., 1., 1., 1., 1., 1., 1., 1., 1., 1., 0., 1., 1., 1.,
       1., 1., 1., 1., 1., 1.]))
22. ('Y_test', 546    1.0
547    1.0
548    1.0
549    1.0
550    0.0
551    1.0
552    0.0
553    1.0
554    0.0
555    1.0
556    1.0
557    1.0
558    1.0
559    1.0
560    0.0
561    0.0
562    0.0
563    1.0
564    0.0
565    1.0
566    1.0
567    1.0
568    1.0
569    1.0
570    1.0
571    1.0
572    1.0
573    0.0
574    0.0
575    1.0
      ... 
607    1.0
608    1.0
609    1.0
610    0.0
611    1.0
612    1.0
613    1.0
614    1.0
615    1.0
616    1.0
617    1.0
618    1.0
619    0.0
620    1.0
621    1.0
622    1.0
623    1.0
624    1.0
625    1.0
626    1.0
627    1.0
628    1.0
629    1.0
630    0.0
631    1.0
632    1.0
633    0.0
634    1.0
635    1.0
636    0.0
Name: esem_status, Length: 91, dtype: float64)
23. ('predY', array([1., 1., 1., 1., 1., 1., 0., 1., 1., 1., 1., 1., 1., 1., 1., 1., 1.,
       1., 1., 1., 1., 1., 1., 1., 1., 1., 1., 1., 1., 1., 1., 1., 1., 1.,
       1., 1., 1., 1., 1., 1., 1., 1., 1., 1., 1., 1., 1., 1., 1., 1., 1.,
       1., 1., 1., 1., 1., 1., 1., 1., 1., 1., 1., 1., 1., 1., 1., 1., 1.,
       0., 1., 1., 1., 1., 1., 1., 1., 1., 1., 1., 1., 1., 1., 1., 1., 1.,
       1., 1., 1., 1., 1., 1.]))
24. ('Y_test', 637    1.0
638    1.0
639    1.0
640    0.0
641    1.0
642    1.0
643    1.0
644    1.0
645    1.0
646    1.0
647    1.0
648    1.0
649    1.0
650    1.0
651    0.0
652    1.0
653    1.0
654    0.0
655    1.0
656    1.0
657    1.0
658    1.0
659    0.0
660    0.0
661    1.0
662    0.0
663    0.0
664    1.0
665    1.0
666    0.0
      ... 
698    0.0
699    1.0
700    1.0
701    1.0
702    1.0
703    1.0
704    1.0
705    1.0
706    1.0
707    0.0
708    1.0
709    0.0
710    1.0
711    1.0
712    1.0
713    0.0
714    1.0
715    1.0
716    1.0
717    1.0
718    1.0
719    0.0
720    1.0
721    1.0
722    1.0
723    0.0
724    0.0
725    1.0
726    1.0
727    1.0
Name: esem_status, Length: 91, dtype: float64)
25. ('predY', array([1., 1., 1., 0., 1., 1., 1., 1., 1., 1., 1., 1., 1., 1., 0., 1., 1.,
       1., 1., 1., 1., 1., 1., 1., 1., 1., 1., 1., 1., 1., 1., 1., 1., 1.,
       1., 1., 0., 1., 1., 1., 1., 1., 1., 1., 1., 1., 1., 1., 0., 1., 1.,
       1., 1., 1., 1., 1., 1., 1., 1., 1., 1., 0., 1., 1., 1., 1., 1., 1.,
       1., 1., 1., 1., 1., 1., 1., 1., 0., 1., 1., 1., 1., 1., 0., 1., 1.,
       1., 1., 1., 0., 1., 1.]))
26. ('Y_test', 728    1.0
729    1.0
730    0.0
731    1.0
732    0.0
733    1.0
734    1.0
735    1.0
736    1.0
737    1.0
738    1.0
739    1.0
740    1.0
741    1.0
742    1.0
743    1.0
744    0.0
745    1.0
746    1.0
747    1.0
748    0.0
749    1.0
750    1.0
751    1.0
752    1.0
753    1.0
754    1.0
755    1.0
756    1.0
757    0.0
      ... 
789    1.0
790    0.0
791    1.0
792    0.0
793    1.0
794    1.0
795    0.0
796    1.0
797    1.0
798    1.0
799    1.0
800    1.0
801    1.0
802    1.0
803    0.0
804    1.0
805    1.0
806    1.0
807    1.0
808    1.0
809    1.0
810    1.0
811    1.0
812    0.0
813    1.0
814    0.0
815    1.0
816    0.0
817    0.0
818    1.0
Name: esem_status, Length: 91, dtype: float64)
27. ('predY', array([1., 1., 0., 1., 1., 1., 1., 1., 1., 1., 1., 1., 1., 1., 1., 1., 1.,
       1., 1., 1., 1., 1., 1., 1., 1., 1., 1., 1., 1., 1., 1., 1., 1., 1.,
       1., 1., 1., 0., 1., 1., 1., 1., 1., 1., 1., 1., 1., 1., 1., 1., 1.,
       1., 1., 1., 1., 1., 1., 0., 1., 1., 1., 1., 1., 1., 1., 1., 1., 1.,
       1., 1., 1., 1., 1., 1., 1., 1., 1., 1., 1., 1., 1., 1., 1., 0., 1.,
       1., 0., 1., 1., 1., 1.]))
28. ('Y_test', 819    1.0
820    1.0
821    1.0
822    1.0
823    1.0
824    1.0
825    1.0
826    1.0
827    0.0
828    1.0
829    1.0
830    1.0
831    0.0
832    1.0
833    1.0
834    1.0
835    0.0
836    1.0
837    1.0
838    1.0
839    1.0
840    1.0
841    0.0
842    1.0
843    1.0
844    1.0
845    1.0
846    1.0
847    1.0
848    1.0
      ... 
886    0.0
887    1.0
888    1.0
889    0.0
890    1.0
891    1.0
892    0.0
893    1.0
894    1.0
895    1.0
896    1.0
897    1.0
898    1.0
899    1.0
900    1.0
901    1.0
902    1.0
903    1.0
904    1.0
905    0.0
906    0.0
907    1.0
908    1.0
909    0.0
910    0.0
911    1.0
912    1.0
913    1.0
914    1.0
915    1.0
Name: esem_status, Length: 97, dtype: float64)
29. ('predY', array([1., 1., 1., 1., 1., 1., 1., 1., 1., 1., 1., 1., 1., 1., 1., 1., 1.,
       1., 1., 1., 1., 1., 1., 1., 1., 1., 1., 1., 1., 1., 1., 1., 1., 1.,
       1., 1., 1., 1., 1., 1., 1., 1., 1., 1., 1., 1., 1., 1., 1., 1., 1.,
       1., 1., 1., 1., 1., 1., 0., 1., 1., 1., 1., 1., 1., 1., 1., 1., 0.,
       1., 1., 1., 1., 1., 1., 1., 0., 1., 1., 1., 1., 1., 1., 1., 1., 1.,
       1., 1., 1., 1., 1., 1., 1., 1., 1., 1., 1., 1.]))
31. ('start',)
32. ('regression', 'Logistic')
33. ('Y_test', 0     0.0
1     1.0
2     0.0
3     1.0
4     1.0
5     1.0
6     0.0
7     0.0
8     0.0
9     1.0
10    1.0
11    1.0
12    1.0
13    1.0
14    1.0
15    0.0
16    1.0
17    1.0
18    1.0
19    1.0
20    0.0
21    0.0
22    0.0
23    1.0
24    1.0
25    1.0
26    1.0
27    0.0
28    0.0
29    1.0
     ... 
61    0.0
62    1.0
63    1.0
64    1.0
65    1.0
66    1.0
67    1.0
68    1.0
69    1.0
70    1.0
71    1.0
72    1.0
73    1.0
74    0.0
75    1.0
76    1.0
77    1.0
78    1.0
79    1.0
80    1.0
81    1.0
82    1.0
83    1.0
84    0.0
85    1.0
86    1.0
87    1.0
88    1.0
89    1.0
90    1.0
Name: esem_status, Length: 91, dtype: float64)
34. ('predY', array([1., 1., 1., 1., 1., 1., 1., 1., 1., 1., 1., 1., 1., 1., 1., 1., 0.,
       1., 1., 1., 1., 1., 1., 1., 1., 1., 1., 1., 1., 1., 1., 1., 1., 1.,
       1., 1., 1., 1., 0., 1., 1., 1., 1., 1., 1., 0., 1., 1., 1., 0., 1.,
       1., 1., 0., 0., 1., 1., 0., 0., 1., 1., 1., 1., 0., 1., 1., 1., 1.,
       1., 1., 1., 1., 1., 1., 1., 1., 1., 1., 1., 1., 1., 1., 0., 1., 0.,
       1., 1., 1., 1., 1., 1.]))
35. ('Y_test', 91     1.0
92     1.0
93     1.0
94     1.0
95     1.0
96     1.0
97     1.0
98     1.0
99     1.0
100    1.0
101    0.0
102    1.0
103    1.0
104    0.0
105    1.0
106    1.0
107    1.0
108    1.0
109    1.0
110    1.0
111    1.0
112    0.0
113    1.0
114    1.0
115    0.0
116    1.0
117    0.0
118    1.0
119    1.0
120    0.0
      ... 
152    1.0
153    1.0
154    0.0
155    1.0
156    1.0
157    1.0
158    1.0
159    0.0
160    1.0
161    1.0
162    1.0
163    1.0
164    1.0
165    1.0
166    1.0
167    1.0
168    1.0
169    1.0
170    1.0
171    1.0
172    0.0
173    1.0
174    1.0
175    1.0
176    1.0
177    1.0
178    1.0
179    1.0
180    1.0
181    0.0
Name: esem_status, Length: 91, dtype: float64)
36. ('predY', array([1., 1., 1., 1., 1., 1., 1., 1., 1., 1., 1., 1., 1., 0., 1., 1., 1.,
       1., 1., 1., 1., 0., 1., 1., 0., 1., 0., 1., 1., 1., 1., 1., 1., 1.,
       1., 1., 1., 1., 1., 1., 1., 1., 1., 1., 1., 1., 1., 1., 1., 0., 1.,
       1., 1., 1., 1., 1., 1., 1., 1., 1., 1., 1., 1., 1., 1., 1., 1., 1.,
       1., 1., 1., 1., 1., 1., 1., 1., 1., 1., 1., 1., 1., 0., 1., 1., 1.,
       1., 1., 1., 1., 1., 0.]))
37. ('Y_test', 182    1.0
183    1.0
184    1.0
185    0.0
186    1.0
187    1.0
188    1.0
189    1.0
190    1.0
191    1.0
192    1.0
193    1.0
194    1.0
195    1.0
196    1.0
197    1.0
198    1.0
199    1.0
200    0.0
201    0.0
202    1.0
203    1.0
204    1.0
205    1.0
206    1.0
207    1.0
208    1.0
209    1.0
210    0.0
211    0.0
      ... 
243    0.0
244    1.0
245    1.0
246    1.0
247    1.0
248    0.0
249    1.0
250    1.0
251    1.0
252    1.0
253    1.0
254    1.0
255    1.0
256    1.0
257    1.0
258    1.0
259    0.0
260    0.0
261    1.0
262    1.0
263    1.0
264    1.0
265    1.0
266    1.0
267    0.0
268    1.0
269    1.0
270    1.0
271    1.0
272    0.0
Name: esem_status, Length: 91, dtype: float64)
38. ('predY', array([1., 1., 1., 1., 1., 1., 1., 1., 1., 1., 1., 1., 1., 1., 1., 1., 1.,
       1., 1., 1., 1., 1., 1., 1., 1., 1., 1., 1., 1., 1., 1., 1., 1., 1.,
       1., 1., 1., 1., 1., 1., 1., 1., 1., 1., 1., 1., 1., 0., 1., 1., 0.,
       0., 1., 1., 1., 1., 1., 1., 1., 1., 1., 0., 1., 1., 1., 1., 0., 1.,
       1., 1., 0., 1., 0., 0., 1., 1., 1., 1., 1., 1., 1., 1., 1., 1., 1.,
       1., 1., 1., 1., 1., 1.]))
39. ('Y_test', 273    1.0
274    1.0
275    0.0
276    1.0
277    1.0
278    0.0
279    1.0
280    1.0
281    1.0
282    0.0
283    0.0
284    1.0
285    1.0
286    0.0
287    1.0
288    1.0
289    1.0
290    1.0
291    1.0
292    1.0
293    1.0
294    1.0
295    0.0
296    1.0
297    1.0
298    1.0
299    1.0
300    1.0
301    1.0
302    1.0
      ... 
334    1.0
335    1.0
336    1.0
337    1.0
338    1.0
339    0.0
340    1.0
341    1.0
342    1.0
343    1.0
344    1.0
345    1.0
346    1.0
347    0.0
348    1.0
349    1.0
350    0.0
351    1.0
352    1.0
353    1.0
354    1.0
355    1.0
356    1.0
357    1.0
358    1.0
359    1.0
360    1.0
361    1.0
362    0.0
363    1.0
Name: esem_status, Length: 91, dtype: float64)
40. ('predY', array([1., 1., 1., 1., 1., 1., 1., 1., 1., 1., 1., 1., 1., 1., 1., 1., 1.,
       1., 1., 1., 1., 1., 1., 1., 1., 1., 1., 1., 1., 1., 1., 1., 1., 1.,
       1., 1., 1., 1., 1., 1., 1., 1., 1., 1., 1., 1., 1., 1., 1., 1., 1.,
       1., 1., 1., 1., 1., 1., 1., 1., 1., 1., 1., 1., 1., 1., 1., 1., 1.,
       1., 1., 1., 1., 1., 1., 1., 1., 1., 1., 1., 1., 1., 1., 1., 1., 1.,
       1., 1., 1., 1., 1., 1.]))
41. ('Y_test', 364    1.0
365    1.0
366    1.0
367    1.0
368    0.0
369    0.0
370    1.0
371    1.0
372    0.0
373    0.0
374    1.0
375    1.0
376    1.0
377    1.0
378    0.0
379    1.0
380    1.0
381    1.0
382    1.0
383    1.0
384    1.0
385    1.0
386    1.0
387    1.0
388    0.0
389    1.0
390    1.0
391    0.0
392    1.0
393    0.0
      ... 
425    1.0
426    1.0
427    1.0
428    1.0
429    1.0
430    1.0
431    0.0
432    1.0
433    0.0
434    0.0
435    0.0
436    1.0
437    1.0
438    1.0
439    1.0
440    1.0
441    1.0
442    1.0
443    1.0
444    1.0
445    0.0
446    1.0
447    1.0
448    0.0
449    1.0
450    1.0
451    1.0
452    1.0
453    1.0
454    1.0
Name: esem_status, Length: 91, dtype: float64)
42. ('predY', array([1., 1., 1., 1., 1., 1., 0., 1., 1., 1., 1., 1., 1., 1., 1., 1., 1.,
       1., 1., 0., 0., 1., 1., 1., 1., 1., 1., 0., 1., 1., 1., 1., 1., 1.,
       0., 1., 1., 1., 1., 1., 1., 1., 1., 1., 1., 1., 1., 1., 1., 1., 1.,
       1., 1., 1., 1., 1., 1., 1., 1., 1., 1., 1., 1., 1., 1., 1., 1., 1.,
       1., 1., 0., 1., 1., 1., 1., 1., 0., 1., 1., 1., 1., 1., 1., 1., 1.,
       1., 1., 1., 1., 1., 1.]))
43. ('Y_test', 455    1.0
456    1.0
457    1.0
458    0.0
459    0.0
460    1.0
461    1.0
462    1.0
463    1.0
464    1.0
465    1.0
466    1.0
467    0.0
468    1.0
469    0.0
470    1.0
471    1.0
472    1.0
473    1.0
474    0.0
475    1.0
476    1.0
477    0.0
478    1.0
479    1.0
480    0.0
481    1.0
482    1.0
483    1.0
484    1.0
      ... 
516    1.0
517    1.0
518    1.0
519    1.0
520    1.0
521    0.0
522    1.0
523    1.0
524    1.0
525    0.0
526    0.0
527    1.0
528    1.0
529    1.0
530    1.0
531    0.0
532    0.0
533    0.0
534    1.0
535    1.0
536    1.0
537    1.0
538    1.0
539    0.0
540    1.0
541    1.0
542    1.0
543    0.0
544    1.0
545    1.0
Name: esem_status, Length: 91, dtype: float64)
44. ('predY', array([1., 1., 1., 1., 1., 1., 1., 1., 1., 1., 1., 1., 1., 1., 1., 1., 1.,
       1., 1., 1., 1., 1., 0., 1., 1., 1., 1., 1., 1., 1., 1., 1., 1., 1.,
       1., 1., 1., 1., 1., 1., 1., 1., 1., 1., 1., 1., 1., 1., 1., 1., 1.,
       1., 1., 1., 1., 1., 1., 1., 1., 1., 1., 1., 1., 1., 1., 0., 1., 1.,
       1., 1., 1., 1., 1., 1., 1., 1., 1., 1., 1., 1., 1., 1., 1., 1., 1.,
       1., 1., 1., 1., 1., 1.]))
45. ('Y_test', 546    1.0
547    1.0
548    1.0
549    1.0
550    1.0
551    1.0
552    1.0
553    1.0
554    1.0
555    1.0
556    1.0
557    0.0
558    0.0
559    0.0
560    1.0
561    1.0
562    1.0
563    0.0
564    1.0
565    1.0
566    1.0
567    1.0
568    0.0
569    1.0
570    1.0
571    1.0
572    1.0
573    0.0
574    0.0
575    1.0
      ... 
607    1.0
608    1.0
609    1.0
610    1.0
611    1.0
612    1.0
613    1.0
614    1.0
615    1.0
616    1.0
617    1.0
618    1.0
619    1.0
620    1.0
621    1.0
622    0.0
623    0.0
624    1.0
625    1.0
626    1.0
627    1.0
628    1.0
629    0.0
630    1.0
631    1.0
632    1.0
633    1.0
634    1.0
635    1.0
636    1.0
Name: esem_status, Length: 91, dtype: float64)
46. ('predY', array([1., 1., 1., 1., 0., 1., 1., 1., 1., 1., 1., 1., 1., 1., 1., 1., 1.,
       1., 1., 1., 1., 1., 1., 1., 1., 1., 1., 1., 0., 1., 1., 1., 1., 1.,
       1., 0., 1., 1., 1., 0., 1., 1., 1., 1., 1., 1., 1., 1., 1., 1., 1.,
       1., 1., 1., 1., 1., 1., 1., 1., 1., 1., 1., 1., 1., 1., 1., 1., 1.,
       1., 1., 1., 1., 1., 1., 1., 1., 1., 0., 1., 1., 1., 1., 1., 1., 1.,
       1., 1., 1., 1., 1., 1.]))
47. ('Y_test', 637    1.0
638    1.0
639    1.0
640    1.0
641    0.0
642    1.0
643    0.0
644    1.0
645    1.0
646    1.0
647    1.0
648    1.0
649    1.0
650    1.0
651    1.0
652    1.0
653    1.0
654    1.0
655    0.0
656    0.0
657    0.0
658    0.0
659    1.0
660    1.0
661    0.0
662    1.0
663    1.0
664    0.0
665    1.0
666    0.0
      ... 
698    1.0
699    1.0
700    1.0
701    1.0
702    1.0
703    1.0
704    0.0
705    1.0
706    0.0
707    1.0
708    0.0
709    1.0
710    1.0
711    0.0
712    1.0
713    1.0
714    1.0
715    1.0
716    1.0
717    0.0
718    1.0
719    1.0
720    0.0
721    0.0
722    1.0
723    0.0
724    1.0
725    0.0
726    1.0
727    1.0
Name: esem_status, Length: 91, dtype: float64)
48. ('predY', array([1., 1., 1., 1., 1., 1., 1., 1., 1., 0., 1., 1., 1., 1., 1., 1., 1.,
       1., 1., 1., 1., 1., 0., 1., 0., 1., 1., 1., 1., 1., 1., 1., 1., 1.,
       1., 1., 1., 0., 1., 1., 1., 1., 1., 1., 1., 1., 1., 1., 1., 1., 1.,
       1., 1., 1., 1., 1., 1., 1., 1., 0., 1., 1., 1., 1., 1., 1., 1., 1.,
       1., 1., 1., 1., 1., 1., 1., 1., 1., 1., 1., 1., 1., 1., 1., 1., 1.,
       1., 1., 1., 0., 1., 1.]))
49. ('Y_test', 728    1.0
729    0.0
730    0.0
731    1.0
732    1.0
733    1.0
734    1.0
735    1.0
736    1.0
737    1.0
738    1.0
739    0.0
740    1.0
741    1.0
742    1.0
743    1.0
744    1.0
745    1.0
746    0.0
747    1.0
748    0.0
749    1.0
750    1.0
751    1.0
752    1.0
753    1.0
754    1.0
755    1.0
756    1.0
757    0.0
      ... 
789    1.0
790    1.0
791    1.0
792    1.0
793    0.0
794    0.0
795    1.0
796    1.0
797    0.0
798    1.0
799    1.0
800    1.0
801    1.0
802    1.0
803    1.0
804    1.0
805    1.0
806    1.0
807    1.0
808    1.0
809    1.0
810    1.0
811    0.0
812    1.0
813    1.0
814    1.0
815    1.0
816    0.0
817    1.0
818    1.0
Name: esem_status, Length: 91, dtype: float64)
50. ('predY', array([1., 0., 1., 1., 1., 1., 1., 1., 1., 1., 1., 1., 1., 1., 1., 1., 1.,
       1., 1., 1., 1., 1., 1., 1., 1., 1., 1., 1., 1., 0., 1., 1., 1., 1.,
       1., 1., 1., 1., 1., 1., 1., 0., 1., 1., 1., 1., 1., 1., 1., 1., 1.,
       1., 1., 1., 1., 1., 1., 1., 1., 1., 1., 1., 1., 1., 1., 1., 0., 1.,
       1., 1., 1., 1., 1., 1., 1., 1., 1., 1., 1., 1., 1., 1., 1., 1., 1.,
       1., 1., 1., 1., 1., 1.]))
51. ('Y_test', 819    0.0
820    1.0
821    1.0
822    1.0
823    1.0
824    1.0
825    1.0
826    0.0
827    1.0
828    1.0
829    1.0
830    1.0
831    0.0
832    1.0
833    1.0
834    1.0
835    1.0
836    1.0
837    0.0
838    1.0
839    1.0
840    1.0
841    1.0
842    1.0
843    1.0
844    0.0
845    1.0
846    1.0
847    1.0
848    1.0
      ... 
886    1.0
887    1.0
888    1.0
889    1.0
890    1.0
891    1.0
892    1.0
893    0.0
894    1.0
895    1.0
896    1.0
897    1.0
898    1.0
899    0.0
900    1.0
901    0.0
902    0.0
903    0.0
904    1.0
905    1.0
906    1.0
907    0.0
908    1.0
909    0.0
910    1.0
911    1.0
912    0.0
913    1.0
914    0.0
915    1.0
Name: esem_status, Length: 97, dtype: float64)
52. ('predY', array([1., 1., 1., 1., 1., 1., 1., 1., 1., 1., 1., 1., 1., 1., 1., 1., 1.,
       1., 1., 1., 1., 1., 1., 1., 1., 0., 1., 1., 1., 1., 1., 1., 1., 1.,
       0., 1., 1., 1., 0., 1., 1., 1., 1., 1., 1., 1., 1., 1., 1., 1., 1.,
       1., 1., 1., 1., 1., 1., 0., 1., 1., 1., 1., 1., 1., 1., 1., 1., 1.,
       1., 1., 1., 1., 1., 1., 1., 1., 1., 1., 1., 1., 1., 1., 1., 1., 1.,
       1., 1., 1., 0., 1., 1., 0., 1., 1., 1., 1., 1.]))
54. ('start',)
55. ('regression', 'Xgboost')
59. ('Y_test', 0     0.0
1     1.0
2     0.0
3     1.0
4     1.0
5     0.0
6     1.0
7     1.0
8     1.0
9     1.0
10    0.0
11    0.0
12    1.0
13    1.0
14    0.0
15    1.0
16    1.0
17    1.0
18    1.0
19    1.0
20    1.0
21    1.0
22    1.0
23    1.0
24    0.0
25    1.0
26    1.0
27    0.0
28    1.0
29    1.0
     ... 
61    1.0
62    1.0
63    1.0
64    1.0
65    1.0
66    0.0
67    1.0
68    1.0
69    1.0
70    1.0
71    1.0
72    1.0
73    1.0
74    1.0
75    1.0
76    0.0
77    0.0
78    1.0
79    0.0
80    1.0
81    1.0
82    1.0
83    1.0
84    1.0
85    1.0
86    1.0
87    1.0
88    1.0
89    0.0
90    1.0
Name: esem_status, Length: 91, dtype: float64)
60. ('predY', array([1., 1., 0., 1., 1., 0., 1., 1., 1., 0., 1., 0., 1., 1., 1., 1., 1.,
       1., 1., 1., 1., 1., 1., 1., 0., 1., 0., 1., 1., 1., 1., 1., 1., 1.,
       1., 1., 0., 0., 0., 1., 1., 1., 0., 1., 0., 1., 1., 1., 1., 1., 1.,
       1., 1., 1., 1., 1., 1., 0., 0., 1., 1., 1., 1., 1., 1., 1., 0., 1.,
       1., 1., 1., 1., 1., 0., 1., 1., 0., 0., 1., 1., 1., 0., 1., 1., 1.,
       1., 1., 1., 0., 1., 1.], dtype=float32))
64. ('Y_test', 91     1.0
92     1.0
93     1.0
94     1.0
95     0.0
96     1.0
97     0.0
98     1.0
99     1.0
100    1.0
101    1.0
102    1.0
103    1.0
104    1.0
105    1.0
106    1.0
107    0.0
108    1.0
109    1.0
110    1.0
111    1.0
112    1.0
113    1.0
114    1.0
115    0.0
116    1.0
117    1.0
118    1.0
119    0.0
120    1.0
      ... 
152    1.0
153    1.0
154    1.0
155    0.0
156    1.0
157    1.0
158    1.0
159    1.0
160    1.0
161    0.0
162    1.0
163    1.0
164    1.0
165    1.0
166    1.0
167    1.0
168    0.0
169    1.0
170    1.0
171    1.0
172    1.0
173    1.0
174    1.0
175    1.0
176    1.0
177    0.0
178    0.0
179    1.0
180    1.0
181    1.0
Name: esem_status, Length: 91, dtype: float64)
65. ('predY', array([1., 1., 1., 1., 0., 1., 1., 1., 1., 1., 1., 1., 1., 1., 1., 1., 1.,
       1., 1., 1., 1., 0., 1., 1., 0., 1., 0., 1., 1., 1., 1., 1., 0., 1.,
       0., 1., 1., 1., 1., 1., 1., 1., 1., 1., 1., 1., 0., 1., 1., 1., 1.,
       0., 0., 1., 1., 1., 1., 1., 1., 1., 1., 1., 1., 1., 1., 1., 1., 1.,
       1., 1., 0., 1., 1., 1., 1., 1., 1., 1., 1., 1., 1., 0., 1., 1., 1.,
       1., 0., 1., 1., 1., 1.], dtype=float32))
69. ('Y_test', 182    1.0
183    1.0
184    1.0
185    1.0
186    1.0
187    1.0
188    1.0
189    1.0
190    1.0
191    0.0
192    1.0
193    1.0
194    1.0
195    0.0
196    1.0
197    0.0
198    1.0
199    1.0
200    1.0
201    1.0
202    0.0
203    1.0
204    1.0
205    1.0
206    0.0
207    1.0
208    0.0
209    0.0
210    1.0
211    1.0
      ... 
243    1.0
244    1.0
245    1.0
246    1.0
247    1.0
248    1.0
249    1.0
250    1.0
251    1.0
252    1.0
253    1.0
254    1.0
255    1.0
256    1.0
257    1.0
258    1.0
259    1.0
260    1.0
261    1.0
262    1.0
263    0.0
264    1.0
265    0.0
266    1.0
267    1.0
268    1.0
269    1.0
270    1.0
271    0.0
272    1.0
Name: esem_status, Length: 91, dtype: float64)
70. ('predY', array([1., 1., 1., 1., 1., 1., 1., 0., 1., 1., 1., 1., 1., 0., 1., 0., 0.,
       1., 1., 1., 1., 0., 1., 1., 1., 1., 0., 0., 0., 1., 1., 1., 1., 1.,
       1., 1., 1., 1., 0., 0., 1., 1., 1., 1., 1., 1., 1., 1., 1., 1., 1.,
       1., 1., 1., 1., 0., 0., 1., 0., 1., 1., 1., 1., 1., 1., 1., 1., 1.,
       0., 1., 1., 1., 1., 0., 1., 1., 0., 1., 1., 1., 1., 0., 1., 0., 1.,
       1., 1., 1., 1., 0., 1.], dtype=float32))
74. ('Y_test', 273    1.0
274    1.0
275    1.0
276    1.0
277    1.0
278    1.0
279    1.0
280    1.0
281    0.0
282    1.0
283    1.0
284    1.0
285    1.0
286    1.0
287    1.0
288    1.0
289    1.0
290    0.0
291    1.0
292    1.0
293    1.0
294    1.0
295    1.0
296    0.0
297    1.0
298    1.0
299    1.0
300    1.0
301    1.0
302    0.0
      ... 
334    1.0
335    1.0
336    1.0
337    1.0
338    1.0
339    1.0
340    1.0
341    1.0
342    1.0
343    1.0
344    1.0
345    0.0
346    1.0
347    1.0
348    1.0
349    1.0
350    1.0
351    1.0
352    1.0
353    1.0
354    1.0
355    1.0
356    1.0
357    1.0
358    0.0
359    1.0
360    1.0
361    1.0
362    1.0
363    1.0
Name: esem_status, Length: 91, dtype: float64)
75. ('predY', array([1., 1., 0., 1., 1., 1., 1., 1., 1., 1., 1., 1., 0., 1., 1., 1., 1.,
       0., 1., 1., 1., 1., 1., 0., 1., 1., 1., 1., 1., 1., 1., 1., 1., 1.,
       1., 0., 1., 1., 1., 0., 1., 1., 0., 1., 1., 1., 1., 1., 1., 1., 1.,
       1., 1., 1., 1., 0., 1., 1., 1., 1., 1., 1., 1., 1., 1., 1., 1., 1.,
       1., 1., 1., 1., 0., 1., 1., 1., 1., 1., 1., 1., 1., 1., 1., 1., 1.,
       1., 1., 1., 1., 1., 1.], dtype=float32))
79. ('Y_test', 364    1.0
365    1.0
366    0.0
367    1.0
368    1.0
369    1.0
370    1.0
371    1.0
372    0.0
373    0.0
374    1.0
375    1.0
376    0.0
377    1.0
378    0.0
379    1.0
380    1.0
381    1.0
382    0.0
383    1.0
384    1.0
385    1.0
386    1.0
387    1.0
388    0.0
389    0.0
390    0.0
391    1.0
392    0.0
393    1.0
      ... 
425    1.0
426    1.0
427    1.0
428    0.0
429    1.0
430    0.0
431    1.0
432    1.0
433    1.0
434    1.0
435    1.0
436    1.0
437    1.0
438    1.0
439    1.0
440    1.0
441    1.0
442    1.0
443    1.0
444    1.0
445    1.0
446    1.0
447    1.0
448    0.0
449    1.0
450    1.0
451    1.0
452    1.0
453    0.0
454    1.0
Name: esem_status, Length: 91, dtype: float64)
80. ('predY', array([1., 1., 1., 1., 1., 1., 1., 1., 1., 0., 1., 1., 1., 1., 0., 1., 1.,
       1., 0., 1., 1., 1., 1., 1., 1., 1., 0., 1., 0., 1., 1., 1., 1., 1.,
       1., 1., 1., 0., 0., 1., 1., 0., 1., 1., 1., 0., 1., 0., 1., 1., 0.,
       1., 1., 1., 1., 0., 1., 1., 1., 1., 1., 1., 1., 1., 0., 1., 1., 1.,
       1., 1., 1., 1., 1., 1., 1., 1., 0., 0., 0., 1., 1., 1., 1., 1., 0.,
       1., 1., 1., 1., 0., 1.], dtype=float32))
84. ('Y_test', 455    1.0
456    0.0
457    1.0
458    1.0
459    1.0
460    1.0
461    1.0
462    1.0
463    1.0
464    1.0
465    0.0
466    1.0
467    1.0
468    1.0
469    1.0
470    1.0
471    1.0
472    1.0
473    1.0
474    1.0
475    1.0
476    0.0
477    1.0
478    1.0
479    1.0
480    1.0
481    1.0
482    1.0
483    0.0
484    1.0
      ... 
516    1.0
517    1.0
518    1.0
519    1.0
520    0.0
521    1.0
522    1.0
523    1.0
524    1.0
525    0.0
526    1.0
527    1.0
528    1.0
529    1.0
530    1.0
531    1.0
532    1.0
533    0.0
534    1.0
535    1.0
536    1.0
537    1.0
538    1.0
539    0.0
540    1.0
541    1.0
542    0.0
543    1.0
544    1.0
545    1.0
Name: esem_status, Length: 91, dtype: float64)
85. ('predY', array([1., 1., 1., 1., 1., 1., 1., 1., 0., 1., 0., 0., 1., 1., 1., 1., 0.,
       1., 1., 1., 1., 1., 1., 1., 1., 1., 1., 1., 0., 1., 1., 0., 1., 1.,
       1., 1., 0., 1., 1., 1., 0., 1., 0., 1., 1., 0., 0., 1., 1., 1., 1.,
       0., 1., 1., 1., 1., 0., 1., 1., 0., 1., 1., 0., 1., 1., 0., 1., 1.,
       0., 1., 0., 1., 1., 1., 1., 1., 1., 1., 0., 1., 1., 0., 1., 1., 0.,
       1., 1., 1., 1., 1., 1.], dtype=float32))
89. ('Y_test', 546    1.0
547    1.0
548    1.0
549    0.0
550    1.0
551    1.0
552    1.0
553    1.0
554    0.0
555    1.0
556    1.0
557    1.0
558    0.0
559    1.0
560    1.0
561    0.0
562    1.0
563    1.0
564    0.0
565    1.0
566    1.0
567    1.0
568    1.0
569    1.0
570    1.0
571    0.0
572    1.0
573    0.0
574    1.0
575    1.0
      ... 
607    0.0
608    1.0
609    1.0
610    0.0
611    1.0
612    0.0
613    1.0
614    1.0
615    0.0
616    0.0
617    1.0
618    0.0
619    1.0
620    0.0
621    1.0
622    1.0
623    1.0
624    0.0
625    0.0
626    1.0
627    1.0
628    1.0
629    1.0
630    0.0
631    1.0
632    1.0
633    1.0
634    1.0
635    1.0
636    1.0
Name: esem_status, Length: 91, dtype: float64)
90. ('predY', array([1., 1., 1., 1., 0., 1., 1., 1., 1., 1., 1., 1., 1., 1., 1., 1., 1.,
       1., 1., 1., 0., 1., 1., 1., 0., 1., 1., 0., 1., 1., 1., 1., 1., 1.,
       1., 1., 0., 1., 1., 1., 1., 1., 1., 1., 1., 1., 1., 1., 1., 1., 1.,
       0., 1., 1., 1., 1., 1., 1., 1., 1., 1., 0., 1., 0., 1., 1., 0., 0.,
       1., 1., 0., 0., 1., 0., 1., 1., 0., 1., 1., 1., 1., 1., 1., 1., 1.,
       1., 1., 1., 1., 1., 1.], dtype=float32))
94. ('Y_test', 637    1.0
638    1.0
639    0.0
640    0.0
641    1.0
642    1.0
643    1.0
644    1.0
645    1.0
646    0.0
647    1.0
648    0.0
649    1.0
650    0.0
651    1.0
652    1.0
653    1.0
654    0.0
655    1.0
656    1.0
657    0.0
658    1.0
659    1.0
660    0.0
661    1.0
662    0.0
663    0.0
664    1.0
665    1.0
666    1.0
      ... 
698    1.0
699    1.0
700    1.0
701    1.0
702    1.0
703    1.0
704    0.0
705    1.0
706    1.0
707    1.0
708    1.0
709    0.0
710    0.0
711    1.0
712    1.0
713    1.0
714    1.0
715    0.0
716    1.0
717    1.0
718    0.0
719    1.0
720    1.0
721    0.0
722    1.0
723    1.0
724    0.0
725    1.0
726    0.0
727    0.0
Name: esem_status, Length: 91, dtype: float64)
95. ('predY', array([1., 1., 1., 0., 0., 1., 1., 1., 1., 1., 1., 1., 1., 1., 1., 1., 1.,
       1., 1., 1., 1., 1., 1., 1., 1., 1., 1., 1., 1., 1., 1., 1., 1., 1.,
       0., 1., 0., 1., 1., 1., 0., 1., 1., 1., 1., 0., 0., 1., 1., 1., 1.,
       1., 1., 1., 1., 1., 1., 0., 1., 1., 1., 1., 1., 1., 0., 1., 1., 0.,
       0., 0., 1., 1., 0., 0., 1., 1., 1., 1., 0., 1., 1., 1., 1., 1., 1.,
       1., 1., 1., 0., 0., 1.], dtype=float32))
99. ('Y_test', 728    1.0
729    1.0
730    1.0
731    1.0
732    1.0
733    1.0
734    1.0
735    1.0
736    1.0
737    1.0
738    1.0
739    1.0
740    1.0
741    1.0
742    1.0
743    1.0
744    0.0
745    1.0
746    1.0
747    1.0
748    0.0
749    1.0
750    1.0
751    1.0
752    1.0
753    1.0
754    1.0
755    0.0
756    1.0
757    1.0
      ... 
789    1.0
790    1.0
791    1.0
792    1.0
793    1.0
794    1.0
795    1.0
796    1.0
797    1.0
798    1.0
799    1.0
800    1.0
801    1.0
802    0.0
803    1.0
804    1.0
805    1.0
806    1.0
807    1.0
808    1.0
809    0.0
810    1.0
811    1.0
812    1.0
813    0.0
814    1.0
815    1.0
816    1.0
817    1.0
818    0.0
Name: esem_status, Length: 91, dtype: float64)
100. ('predY', array([1., 1., 1., 1., 1., 1., 1., 1., 1., 1., 1., 1., 1., 1., 1., 1., 0.,
       1., 1., 1., 1., 1., 1., 1., 1., 1., 1., 0., 1., 1., 1., 1., 0., 1.,
       1., 0., 0., 1., 0., 1., 1., 1., 1., 1., 1., 0., 1., 1., 0., 1., 1.,
       1., 1., 1., 1., 1., 1., 1., 1., 1., 0., 1., 1., 1., 1., 1., 0., 1.,
       0., 1., 1., 1., 1., 1., 0., 1., 1., 1., 1., 1., 1., 0., 1., 1., 1.,
       1., 1., 1., 1., 1., 1.], dtype=float32))
104. ('Y_test', 819    1.0
820    1.0
821    0.0
822    0.0
823    1.0
824    0.0
825    1.0
826    1.0
827    1.0
828    0.0
829    1.0
830    1.0
831    0.0
832    1.0
833    0.0
834    1.0
835    1.0
836    1.0
837    1.0
838    1.0
839    1.0
840    1.0
841    0.0
842    1.0
843    1.0
844    0.0
845    1.0
846    1.0
847    0.0
848    1.0
      ... 
886    1.0
887    1.0
888    1.0
889    1.0
890    1.0
891    0.0
892    0.0
893    0.0
894    1.0
895    0.0
896    0.0
897    1.0
898    1.0
899    1.0
900    1.0
901    1.0
902    1.0
903    1.0
904    1.0
905    1.0
906    1.0
907    1.0
908    1.0
909    1.0
910    0.0
911    1.0
912    0.0
913    1.0
914    1.0
915    0.0
Name: esem_status, Length: 97, dtype: float64)
105. ('predY', array([1., 1., 1., 0., 1., 1., 1., 1., 1., 0., 1., 1., 0., 1., 0., 1., 1.,
       0., 1., 1., 1., 1., 1., 1., 1., 1., 1., 1., 0., 0., 1., 1., 1., 1.,
       1., 1., 1., 0., 1., 1., 0., 1., 1., 1., 1., 1., 1., 1., 0., 1., 1.,
       1., 0., 1., 1., 1., 1., 0., 0., 0., 1., 1., 1., 1., 0., 1., 1., 1.,
       1., 1., 1., 1., 0., 0., 1., 1., 1., 0., 1., 1., 1., 1., 1., 1., 1.,
       1., 1., 1., 1., 1., 1., 1., 0., 0., 1., 1., 0.], dtype=float32))
107. ('start',)
108. ('regression', 'SVM')
109. ('Y_test', 0     1.0
1     0.0
2     1.0
3     1.0
4     1.0
5     1.0
6     1.0
7     0.0
8     1.0
9     0.0
10    1.0
11    0.0
12    1.0
13    1.0
14    0.0
15    1.0
16    1.0
17    1.0
18    0.0
19    1.0
20    1.0
21    1.0
22    1.0
23    1.0
24    1.0
25    1.0
26    1.0
27    1.0
28    0.0
29    1.0
     ... 
61    1.0
62    1.0
63    1.0
64    1.0
65    1.0
66    1.0
67    1.0
68    1.0
69    1.0
70    1.0
71    1.0
72    1.0
73    1.0
74    1.0
75    1.0
76    0.0
77    1.0
78    1.0
79    1.0
80    1.0
81    1.0
82    1.0
83    1.0
84    0.0
85    0.0
86    1.0
87    0.0
88    1.0
89    1.0
90    1.0
Name: esem_status, Length: 91, dtype: float64)
110. ('predY', array([1., 1., 1., 1., 1., 1., 1., 1., 1., 1., 1., 1., 1., 1., 1., 1., 1.,
       1., 1., 0., 1., 1., 1., 1., 1., 1., 1., 1., 1., 1., 1., 0., 1., 1.,
       1., 1., 1., 1., 1., 0., 1., 1., 1., 1., 1., 1., 1., 1., 1., 1., 1.,
       1., 1., 1., 1., 1., 1., 1., 1., 1., 1., 1., 1., 1., 1., 1., 1., 1.,
       1., 0., 1., 1., 1., 1., 1., 1., 0., 1., 1., 1., 1., 1., 1., 1., 0.,
       1., 1., 1., 1., 1., 1.]))
111. ('Y_test', 91     0.0
92     0.0
93     1.0
94     1.0
95     0.0
96     1.0
97     1.0
98     1.0
99     1.0
100    1.0
101    1.0
102    1.0
103    1.0
104    1.0
105    1.0
106    1.0
107    1.0
108    1.0
109    1.0
110    1.0
111    1.0
112    0.0
113    1.0
114    1.0
115    1.0
116    1.0
117    0.0
118    1.0
119    0.0
120    0.0
      ... 
152    1.0
153    1.0
154    1.0
155    0.0
156    1.0
157    1.0
158    1.0
159    1.0
160    1.0
161    1.0
162    1.0
163    1.0
164    0.0
165    1.0
166    1.0
167    1.0
168    1.0
169    1.0
170    1.0
171    1.0
172    1.0
173    1.0
174    1.0
175    1.0
176    1.0
177    1.0
178    1.0
179    0.0
180    1.0
181    0.0
Name: esem_status, Length: 91, dtype: float64)
112. ('predY', array([0., 1., 1., 1., 0., 1., 1., 1., 1., 1., 1., 1., 1., 1., 1., 1., 1.,
       1., 1., 1., 1., 1., 1., 1., 1., 1., 1., 1., 1., 0., 1., 1., 1., 1.,
       1., 1., 1., 1., 1., 1., 1., 1., 1., 1., 1., 1., 0., 1., 1., 0., 1.,
       1., 1., 1., 1., 1., 1., 1., 1., 1., 0., 1., 1., 1., 0., 1., 1., 1.,
       1., 1., 1., 1., 1., 0., 1., 1., 1., 1., 1., 1., 1., 1., 1., 1., 0.,
       1., 1., 1., 1., 1., 0.]))
113. ('Y_test', 182    1.0
183    1.0
184    1.0
185    1.0
186    1.0
187    1.0
188    1.0
189    1.0
190    1.0
191    1.0
192    1.0
193    1.0
194    1.0
195    1.0
196    0.0
197    1.0
198    1.0
199    1.0
200    1.0
201    0.0
202    1.0
203    1.0
204    1.0
205    1.0
206    1.0
207    1.0
208    1.0
209    1.0
210    1.0
211    1.0
      ... 
243    0.0
244    1.0
245    1.0
246    0.0
247    1.0
248    1.0
249    1.0
250    1.0
251    1.0
252    0.0
253    1.0
254    1.0
255    1.0
256    1.0
257    1.0
258    1.0
259    1.0
260    1.0
261    1.0
262    0.0
263    0.0
264    1.0
265    0.0
266    1.0
267    1.0
268    1.0
269    1.0
270    1.0
271    1.0
272    1.0
Name: esem_status, Length: 91, dtype: float64)
114. ('predY', array([1., 1., 1., 1., 1., 1., 1., 1., 1., 1., 1., 1., 1., 1., 0., 0., 1.,
       1., 1., 1., 1., 1., 1., 1., 1., 1., 1., 1., 1., 1., 1., 1., 0., 1.,
       1., 1., 0., 1., 1., 1., 1., 1., 1., 1., 1., 1., 1., 1., 1., 1., 1.,
       1., 0., 0., 1., 0., 1., 1., 1., 1., 1., 0., 1., 1., 1., 1., 1., 1.,
       1., 0., 0., 1., 1., 1., 1., 1., 1., 1., 1., 1., 1., 1., 1., 1., 1.,
       1., 1., 1., 1., 1., 1.]))
115. ('Y_test', 273    1.0
274    1.0
275    1.0
276    1.0
277    1.0
278    1.0
279    0.0
280    1.0
281    0.0
282    0.0
283    1.0
284    1.0
285    1.0
286    1.0
287    1.0
288    1.0
289    0.0
290    1.0
291    1.0
292    1.0
293    1.0
294    1.0
295    1.0
296    1.0
297    1.0
298    1.0
299    1.0
300    0.0
301    1.0
302    1.0
      ... 
334    1.0
335    0.0
336    1.0
337    1.0
338    0.0
339    0.0
340    1.0
341    1.0
342    1.0
343    1.0
344    1.0
345    1.0
346    1.0
347    1.0
348    1.0
349    1.0
350    1.0
351    0.0
352    1.0
353    1.0
354    0.0
355    1.0
356    1.0
357    1.0
358    1.0
359    1.0
360    1.0
361    1.0
362    0.0
363    1.0
Name: esem_status, Length: 91, dtype: float64)
116. ('predY', array([1., 1., 1., 1., 1., 1., 0., 1., 1., 1., 1., 1., 1., 1., 1., 1., 1.,
       1., 1., 1., 1., 1., 1., 1., 1., 1., 1., 1., 1., 1., 1., 1., 1., 1.,
       1., 1., 1., 1., 1., 1., 1., 0., 1., 1., 1., 1., 1., 1., 1., 1., 0.,
       1., 0., 1., 1., 1., 1., 1., 1., 1., 1., 1., 1., 1., 1., 1., 0., 1.,
       1., 0., 1., 1., 1., 1., 1., 1., 1., 1., 1., 1., 1., 1., 0., 1., 0.,
       1., 1., 1., 1., 0., 1.]))
117. ('Y_test', 364    1.0
365    1.0
366    1.0
367    1.0
368    1.0
369    1.0
370    1.0
371    1.0
372    0.0
373    1.0
374    1.0
375    1.0
376    1.0
377    0.0
378    1.0
379    1.0
380    1.0
381    0.0
382    1.0
383    0.0
384    1.0
385    0.0
386    1.0
387    1.0
388    1.0
389    1.0
390    1.0
391    1.0
392    1.0
393    1.0
      ... 
425    1.0
426    1.0
427    1.0
428    1.0
429    1.0
430    1.0
431    1.0
432    1.0
433    1.0
434    0.0
435    1.0
436    1.0
437    1.0
438    1.0
439    1.0
440    1.0
441    1.0
442    1.0
443    0.0
444    1.0
445    1.0
446    1.0
447    1.0
448    1.0
449    0.0
450    1.0
451    0.0
452    0.0
453    1.0
454    0.0
Name: esem_status, Length: 91, dtype: float64)
118. ('predY', array([1., 0., 1., 1., 1., 1., 1., 1., 1., 1., 1., 1., 1., 1., 1., 1., 1.,
       1., 1., 1., 0., 1., 1., 1., 1., 1., 1., 1., 1., 1., 1., 1., 1., 1.,
       1., 1., 1., 1., 1., 1., 1., 1., 1., 1., 1., 1., 1., 1., 1., 1., 1.,
       1., 1., 0., 1., 1., 1., 1., 1., 1., 1., 1., 1., 1., 1., 1., 1., 1.,
       1., 1., 0., 1., 1., 1., 1., 1., 1., 1., 1., 1., 1., 1., 1., 1., 1.,
       1., 1., 1., 0., 1., 0.]))
119. ('Y_test', 455    1.0
456    1.0
457    1.0
458    1.0
459    1.0
460    0.0
461    1.0
462    0.0
463    0.0
464    1.0
465    1.0
466    1.0
467    1.0
468    1.0
469    1.0
470    1.0
471    1.0
472    1.0
473    1.0
474    1.0
475    1.0
476    1.0
477    1.0
478    0.0
479    1.0
480    1.0
481    1.0
482    1.0
483    1.0
484    1.0
      ... 
516    1.0
517    1.0
518    1.0
519    1.0
520    1.0
521    0.0
522    1.0
523    1.0
524    1.0
525    1.0
526    1.0
527    1.0
528    1.0
529    0.0
530    1.0
531    1.0
532    1.0
533    0.0
534    1.0
535    1.0
536    1.0
537    1.0
538    1.0
539    0.0
540    1.0
541    1.0
542    1.0
543    0.0
544    0.0
545    1.0
Name: esem_status, Length: 91, dtype: float64)
120. ('predY', array([1., 1., 1., 1., 1., 0., 1., 1., 1., 1., 1., 1., 1., 1., 1., 1., 1.,
       1., 1., 1., 1., 1., 1., 1., 1., 1., 1., 1., 1., 1., 1., 1., 1., 1.,
       1., 1., 1., 1., 0., 1., 1., 1., 1., 1., 1., 1., 1., 1., 0., 1., 1.,
       1., 1., 1., 0., 1., 1., 1., 1., 1., 1., 1., 1., 1., 1., 1., 0., 1.,
       1., 1., 1., 1., 1., 1., 1., 1., 1., 1., 0., 1., 1., 1., 1., 1., 1.,
       1., 1., 1., 0., 1., 1.]))
121. ('Y_test', 546    0.0
547    1.0
548    1.0
549    1.0
550    1.0
551    1.0
552    1.0
553    1.0
554    0.0
555    0.0
556    1.0
557    1.0
558    1.0
559    1.0
560    1.0
561    1.0
562    1.0
563    1.0
564    0.0
565    1.0
566    1.0
567    1.0
568    1.0
569    1.0
570    1.0
571    0.0
572    0.0
573    0.0
574    1.0
575    0.0
      ... 
607    1.0
608    1.0
609    1.0
610    1.0
611    1.0
612    1.0
613    1.0
614    1.0
615    0.0
616    1.0
617    1.0
618    1.0
619    1.0
620    1.0
621    0.0
622    1.0
623    1.0
624    1.0
625    1.0
626    1.0
627    1.0
628    1.0
629    1.0
630    1.0
631    0.0
632    0.0
633    1.0
634    1.0
635    1.0
636    1.0
Name: esem_status, Length: 91, dtype: float64)
122. ('predY', array([1., 0., 1., 1., 1., 1., 1., 1., 1., 0., 1., 1., 1., 1., 1., 1., 1.,
       1., 1., 1., 1., 1., 1., 1., 1., 1., 1., 0., 1., 0., 1., 1., 1., 1.,
       1., 1., 1., 0., 1., 1., 0., 1., 1., 1., 1., 1., 1., 1., 1., 1., 1.,
       1., 1., 1., 1., 1., 1., 0., 1., 1., 1., 0., 1., 0., 1., 1., 0., 1.,
       1., 0., 1., 1., 1., 1., 1., 1., 1., 1., 1., 1., 1., 1., 1., 1., 1.,
       0., 0., 1., 1., 1., 1.]))
123. ('Y_test', 637    1.0
638    1.0
639    1.0
640    0.0
641    1.0
642    1.0
643    0.0
644    1.0
645    1.0
646    1.0
647    1.0
648    0.0
649    0.0
650    1.0
651    1.0
652    1.0
653    0.0
654    1.0
655    1.0
656    1.0
657    1.0
658    1.0
659    1.0
660    1.0
661    1.0
662    0.0
663    0.0
664    1.0
665    1.0
666    1.0
      ... 
698    0.0
699    0.0
700    1.0
701    0.0
702    0.0
703    1.0
704    1.0
705    0.0
706    0.0
707    1.0
708    0.0
709    1.0
710    0.0
711    1.0
712    1.0
713    1.0
714    1.0
715    1.0
716    0.0
717    1.0
718    1.0
719    1.0
720    1.0
721    0.0
722    1.0
723    1.0
724    1.0
725    1.0
726    1.0
727    0.0
Name: esem_status, Length: 91, dtype: float64)
124. ('predY', array([1., 1., 1., 0., 1., 1., 0., 1., 1., 1., 1., 0., 1., 1., 1., 1., 1.,
       1., 1., 1., 1., 1., 1., 1., 1., 1., 1., 1., 0., 1., 1., 1., 1., 1.,
       1., 0., 1., 1., 1., 1., 1., 1., 1., 0., 1., 1., 1., 1., 1., 1., 1.,
       1., 1., 1., 1., 1., 1., 1., 1., 1., 1., 1., 1., 1., 1., 1., 1., 1.,
       1., 1., 1., 0., 1., 1., 1., 1., 1., 1., 1., 1., 1., 1., 1., 1., 1.,
       1., 1., 1., 1., 1., 1.]))
125. ('Y_test', 728    1.0
729    0.0
730    1.0
731    1.0
732    1.0
733    1.0
734    0.0
735    1.0
736    0.0
737    0.0
738    0.0
739    1.0
740    0.0
741    1.0
742    1.0
743    0.0
744    1.0
745    1.0
746    1.0
747    0.0
748    1.0
749    0.0
750    0.0
751    1.0
752    1.0
753    1.0
754    1.0
755    1.0
756    0.0
757    1.0
      ... 
789    1.0
790    1.0
791    1.0
792    1.0
793    1.0
794    1.0
795    1.0
796    1.0
797    1.0
798    0.0
799    1.0
800    1.0
801    1.0
802    1.0
803    0.0
804    1.0
805    1.0
806    1.0
807    1.0
808    0.0
809    0.0
810    1.0
811    1.0
812    1.0
813    1.0
814    1.0
815    1.0
816    1.0
817    1.0
818    1.0
Name: esem_status, Length: 91, dtype: float64)
126. ('predY', array([1., 0., 1., 1., 1., 0., 1., 1., 0., 1., 0., 1., 1., 1., 1., 1., 1.,
       1., 1., 1., 1., 1., 0., 1., 1., 1., 1., 1., 0., 1., 1., 1., 1., 1.,
       1., 1., 1., 1., 1., 1., 1., 1., 1., 0., 1., 1., 1., 0., 0., 1., 1.,
       1., 1., 1., 1., 1., 1., 1., 1., 1., 1., 1., 1., 1., 1., 1., 1., 1.,
       1., 1., 0., 1., 1., 1., 1., 0., 1., 1., 1., 1., 0., 0., 1., 1., 1.,
       1., 1., 1., 1., 1., 1.]))
127. ('Y_test', 819    1.0
820    1.0
821    0.0
822    1.0
823    1.0
824    1.0
825    1.0
826    1.0
827    1.0
828    0.0
829    0.0
830    1.0
831    1.0
832    1.0
833    1.0
834    0.0
835    1.0
836    1.0
837    1.0
838    1.0
839    0.0
840    1.0
841    1.0
842    0.0
843    0.0
844    1.0
845    1.0
846    1.0
847    0.0
848    1.0
      ... 
886    1.0
887    1.0
888    1.0
889    1.0
890    1.0
891    0.0
892    1.0
893    1.0
894    1.0
895    1.0
896    1.0
897    1.0
898    0.0
899    1.0
900    0.0
901    1.0
902    1.0
903    1.0
904    0.0
905    1.0
906    0.0
907    1.0
908    1.0
909    0.0
910    1.0
911    1.0
912    1.0
913    1.0
914    1.0
915    0.0
Name: esem_status, Length: 97, dtype: float64)
128. ('predY', array([1., 1., 1., 1., 1., 1., 1., 1., 1., 1., 0., 1., 1., 1., 1., 1., 1.,
       1., 1., 1., 0., 1., 1., 1., 0., 1., 1., 1., 1., 1., 1., 1., 1., 1.,
       1., 1., 1., 1., 1., 1., 1., 1., 1., 1., 1., 1., 1., 1., 1., 1., 1.,
       1., 1., 1., 1., 1., 1., 1., 1., 1., 1., 1., 1., 0., 1., 1., 1., 1.,
       1., 1., 1., 1., 1., 1., 1., 0., 1., 1., 0., 1., 1., 0., 1., 1., 1.,
       1., 1., 0., 1., 1., 1., 1., 1., 1., 1., 1., 0.]))
136. ('start',)
137. ('regression', 'Linear')
138. ('Y_test', 0     1.0
1     1.0
2     0.0
3     1.0
4     1.0
5     0.0
6     0.0
7     1.0
8     1.0
9     1.0
10    1.0
11    1.0
12    1.0
13    1.0
14    1.0
15    1.0
16    1.0
17    1.0
18    1.0
19    1.0
20    1.0
21    1.0
22    1.0
23    1.0
24    1.0
25    1.0
26    0.0
27    1.0
28    1.0
29    1.0
     ... 
61    1.0
62    0.0
63    1.0
64    0.0
65    1.0
66    1.0
67    1.0
68    1.0
69    1.0
70    1.0
71    1.0
72    1.0
73    1.0
74    1.0
75    1.0
76    0.0
77    1.0
78    1.0
79    1.0
80    1.0
81    1.0
82    1.0
83    1.0
84    1.0
85    1.0
86    1.0
87    1.0
88    1.0
89    1.0
90    0.0
Name: esem_status, Length: 91, dtype: float64)
139. ('predY', array([1., 1., 1., 1., 1., 1., 1., 1., 1., 1., 1., 1., 1., 1., 1., 1., 1.,
       1., 1., 1., 1., 1., 1., 1., 1., 1., 1., 1., 1., 1., 1., 1., 1., 0.,
       1., 1., 0., 1., 1., 0., 1., 1., 1., 1., 1., 1., 1., 1., 1., 1., 1.,
       1., 1., 1., 1., 1., 1., 1., 1., 1., 0., 1., 1., 1., 0., 0., 1., 1.,
       1., 1., 1., 1., 1., 1., 1., 1., 1., 1., 1., 1., 1., 1., 1., 1., 1.,
       1., 1., 1., 1., 1., 1.]))
140. ('Y_test', 91     1.0
92     1.0
93     1.0
94     1.0
95     1.0
96     1.0
97     1.0
98     1.0
99     0.0
100    1.0
101    0.0
102    1.0
103    1.0
104    0.0
105    0.0
106    1.0
107    1.0
108    0.0
109    1.0
110    0.0
111    1.0
112    1.0
113    1.0
114    1.0
115    1.0
116    1.0
117    1.0
118    1.0
119    1.0
120    0.0
      ... 
152    0.0
153    1.0
154    1.0
155    1.0
156    0.0
157    1.0
158    1.0
159    1.0
160    0.0
161    1.0
162    1.0
163    0.0
164    1.0
165    1.0
166    0.0
167    1.0
168    0.0
169    0.0
170    1.0
171    1.0
172    1.0
173    1.0
174    1.0
175    1.0
176    1.0
177    0.0
178    1.0
179    1.0
180    0.0
181    1.0
Name: esem_status, Length: 91, dtype: float64)
141. ('predY', array([1., 1., 1., 1., 1., 1., 1., 1., 1., 1., 1., 1., 1., 1., 0., 1., 1.,
       0., 1., 1., 1., 1., 1., 1., 1., 1., 1., 1., 1., 0., 1., 1., 1., 1.,
       1., 1., 1., 1., 1., 1., 1., 1., 1., 1., 1., 1., 1., 1., 1., 1., 1.,
       1., 1., 1., 1., 1., 1., 1., 1., 1., 1., 1., 1., 1., 1., 1., 1., 1.,
       1., 1., 1., 1., 1., 1., 1., 1., 1., 1., 1., 1., 1., 1., 1., 1., 1.,
       1., 1., 1., 1., 1., 1.]))
142. ('Y_test', 182    1.0
183    1.0
184    1.0
185    1.0
186    1.0
187    1.0
188    1.0
189    0.0
190    1.0
191    1.0
192    1.0
193    1.0
194    0.0
195    1.0
196    1.0
197    1.0
198    1.0
199    1.0
200    1.0
201    1.0
202    1.0
203    1.0
204    1.0
205    1.0
206    1.0
207    1.0
208    0.0
209    1.0
210    1.0
211    1.0
      ... 
243    1.0
244    1.0
245    1.0
246    1.0
247    1.0
248    1.0
249    1.0
250    0.0
251    1.0
252    1.0
253    1.0
254    1.0
255    1.0
256    1.0
257    1.0
258    1.0
259    0.0
260    0.0
261    1.0
262    0.0
263    1.0
264    0.0
265    1.0
266    1.0
267    0.0
268    0.0
269    0.0
270    1.0
271    1.0
272    1.0
Name: esem_status, Length: 91, dtype: float64)
143. ('predY', array([1., 1., 1., 1., 1., 1., 1., 1., 0., 1., 1., 1., 1., 1., 1., 1., 1.,
       1., 1., 1., 1., 1., 1., 1., 1., 1., 0., 1., 1., 1., 1., 1., 1., 1.,
       1., 1., 1., 1., 1., 1., 1., 1., 1., 1., 1., 1., 1., 1., 1., 1., 1.,
       1., 1., 1., 0., 1., 1., 1., 1., 1., 1., 1., 1., 1., 1., 1., 1., 1.,
       0., 1., 1., 1., 1., 1., 1., 1., 1., 1., 1., 1., 1., 1., 0., 1., 1.,
       1., 0., 0., 1., 1., 1.]))
144. ('Y_test', 273    1.0
274    1.0
275    0.0
276    1.0
277    1.0
278    1.0
279    1.0
280    0.0
281    1.0
282    1.0
283    1.0
284    1.0
285    1.0
286    0.0
287    1.0
288    1.0
289    1.0
290    1.0
291    1.0
292    1.0
293    0.0
294    1.0
295    1.0
296    1.0
297    1.0
298    1.0
299    0.0
300    0.0
301    0.0
302    1.0
      ... 
334    0.0
335    1.0
336    1.0
337    0.0
338    1.0
339    1.0
340    1.0
341    1.0
342    1.0
343    1.0
344    0.0
345    1.0
346    1.0
347    1.0
348    0.0
349    1.0
350    1.0
351    1.0
352    0.0
353    0.0
354    1.0
355    1.0
356    1.0
357    0.0
358    1.0
359    1.0
360    1.0
361    1.0
362    1.0
363    0.0
Name: esem_status, Length: 91, dtype: float64)
145. ('predY', array([1., 1., 1., 1., 1., 1., 1., 1., 1., 1., 1., 1., 1., 1., 1., 1., 1.,
       1., 1., 1., 1., 1., 1., 1., 1., 1., 0., 1., 1., 1., 1., 1., 1., 1.,
       1., 1., 1., 1., 1., 1., 1., 1., 1., 1., 1., 1., 1., 1., 1., 1., 1.,
       1., 1., 1., 1., 1., 1., 1., 1., 1., 1., 1., 1., 1., 0., 1., 1., 1.,
       1., 1., 0., 1., 1., 1., 1., 1., 1., 1., 1., 0., 1., 1., 1., 1., 1.,
       1., 1., 1., 1., 1., 1.]))
146. ('Y_test', 364    1.0
365    1.0
366    1.0
367    1.0
368    0.0
369    1.0
370    1.0
371    1.0
372    1.0
373    1.0
374    1.0
375    1.0
376    1.0
377    1.0
378    1.0
379    1.0
380    1.0
381    1.0
382    0.0
383    1.0
384    1.0
385    1.0
386    0.0
387    0.0
388    1.0
389    1.0
390    1.0
391    1.0
392    1.0
393    0.0
      ... 
425    1.0
426    1.0
427    1.0
428    1.0
429    0.0
430    0.0
431    1.0
432    0.0
433    1.0
434    1.0
435    1.0
436    1.0
437    1.0
438    0.0
439    1.0
440    1.0
441    0.0
442    1.0
443    1.0
444    1.0
445    0.0
446    1.0
447    1.0
448    0.0
449    1.0
450    1.0
451    0.0
452    1.0
453    1.0
454    1.0
Name: esem_status, Length: 91, dtype: float64)
147. ('predY', array([1., 1., 1., 1., 0., 0., 1., 1., 1., 1., 1., 1., 1., 1., 1., 1., 1.,
       1., 1., 1., 1., 1., 1., 1., 1., 1., 1., 1., 1., 0., 1., 1., 1., 1.,
       1., 1., 1., 1., 1., 1., 1., 1., 1., 1., 1., 0., 1., 1., 1., 1., 1.,
       0., 1., 1., 1., 1., 1., 1., 1., 1., 1., 1., 1., 1., 1., 1., 1., 1.,
       1., 1., 1., 1., 1., 1., 1., 1., 1., 0., 1., 1., 1., 0., 1., 1., 1.,
       1., 1., 1., 1., 1., 1.]))
148. ('Y_test', 455    1.0
456    0.0
457    1.0
458    0.0
459    1.0
460    1.0
461    1.0
462    0.0
463    1.0
464    1.0
465    1.0
466    1.0
467    1.0
468    0.0
469    1.0
470    1.0
471    1.0
472    1.0
473    0.0
474    0.0
475    1.0
476    0.0
477    1.0
478    1.0
479    0.0
480    1.0
481    1.0
482    1.0
483    1.0
484    1.0
      ... 
516    1.0
517    0.0
518    0.0
519    1.0
520    1.0
521    1.0
522    1.0
523    1.0
524    1.0
525    1.0
526    1.0
527    1.0
528    1.0
529    1.0
530    1.0
531    1.0
532    1.0
533    1.0
534    1.0
535    1.0
536    1.0
537    1.0
538    0.0
539    1.0
540    1.0
541    1.0
542    1.0
543    0.0
544    1.0
545    1.0
Name: esem_status, Length: 91, dtype: float64)
149. ('predY', array([1., 1., 1., 0., 1., 1., 1., 0., 1., 1., 1., 1., 1., 1., 1., 1., 1.,
       1., 0., 1., 1., 0., 1., 1., 1., 1., 1., 1., 1., 1., 1., 1., 1., 1.,
       1., 1., 0., 1., 1., 1., 1., 1., 1., 1., 1., 0., 1., 1., 1., 1., 1.,
       1., 1., 1., 0., 1., 1., 1., 1., 1., 1., 1., 0., 1., 1., 1., 1., 1.,
       1., 1., 1., 1., 1., 1., 1., 1., 1., 1., 1., 1., 1., 1., 1., 1., 1.,
       1., 1., 1., 1., 1., 1.]))
150. ('Y_test', 546    0.0
547    1.0
548    1.0
549    0.0
550    1.0
551    0.0
552    0.0
553    0.0
554    0.0
555    0.0
556    1.0
557    1.0
558    1.0
559    0.0
560    0.0
561    1.0
562    1.0
563    1.0
564    0.0
565    1.0
566    1.0
567    1.0
568    0.0
569    1.0
570    1.0
571    1.0
572    1.0
573    1.0
574    1.0
575    1.0
      ... 
607    1.0
608    0.0
609    0.0
610    1.0
611    1.0
612    0.0
613    1.0
614    1.0
615    1.0
616    1.0
617    1.0
618    1.0
619    1.0
620    0.0
621    1.0
622    1.0
623    1.0
624    0.0
625    1.0
626    1.0
627    1.0
628    1.0
629    1.0
630    0.0
631    0.0
632    1.0
633    1.0
634    1.0
635    0.0
636    1.0
Name: esem_status, Length: 91, dtype: float64)
151. ('predY', array([1., 1., 1., 1., 1., 1., 1., 1., 1., 1., 1., 0., 1., 1., 1., 1., 1.,
       0., 1., 1., 1., 1., 1., 1., 1., 1., 1., 1., 1., 1., 1., 1., 1., 1.,
       1., 1., 1., 1., 1., 1., 1., 1., 1., 0., 1., 1., 1., 1., 1., 1., 1.,
       1., 1., 0., 1., 1., 1., 1., 1., 1., 1., 1., 1., 0., 1., 1., 1., 0.,
       1., 1., 1., 1., 1., 1., 1., 1., 1., 1., 1., 1., 1., 1., 1., 1., 1.,
       0., 1., 1., 1., 1., 1.]))
152. ('Y_test', 637    1.0
638    1.0
639    1.0
640    1.0
641    1.0
642    1.0
643    1.0
644    1.0
645    1.0
646    1.0
647    1.0
648    1.0
649    0.0
650    1.0
651    1.0
652    1.0
653    1.0
654    0.0
655    1.0
656    0.0
657    1.0
658    1.0
659    1.0
660    1.0
661    1.0
662    1.0
663    0.0
664    0.0
665    1.0
666    1.0
      ... 
698    1.0
699    1.0
700    1.0
701    1.0
702    1.0
703    0.0
704    1.0
705    1.0
706    1.0
707    1.0
708    1.0
709    1.0
710    0.0
711    1.0
712    1.0
713    1.0
714    1.0
715    1.0
716    1.0
717    1.0
718    1.0
719    1.0
720    1.0
721    1.0
722    1.0
723    0.0
724    0.0
725    1.0
726    1.0
727    1.0
Name: esem_status, Length: 91, dtype: float64)
153. ('predY', array([1., 1., 1., 1., 1., 1., 1., 1., 1., 1., 1., 1., 1., 1., 1., 1., 1.,
       1., 1., 1., 1., 1., 1., 1., 1., 1., 1., 1., 1., 1., 1., 1., 1., 1.,
       1., 1., 1., 1., 1., 1., 1., 1., 1., 1., 1., 1., 0., 1., 1., 1., 1.,
       1., 1., 1., 1., 1., 1., 1., 1., 1., 1., 1., 1., 1., 1., 1., 0., 1.,
       1., 1., 1., 1., 1., 1., 1., 1., 1., 1., 1., 1., 1., 1., 1., 1., 1.,
       1., 1., 0., 1., 1., 1.]))
154. ('Y_test', 728    1.0
729    1.0
730    1.0
731    1.0
732    1.0
733    0.0
734    1.0
735    0.0
736    1.0
737    1.0
738    1.0
739    1.0
740    1.0
741    1.0
742    1.0
743    1.0
744    1.0
745    1.0
746    0.0
747    0.0
748    0.0
749    1.0
750    1.0
751    1.0
752    0.0
753    1.0
754    1.0
755    1.0
756    1.0
757    1.0
      ... 
789    0.0
790    1.0
791    1.0
792    1.0
793    1.0
794    0.0
795    1.0
796    0.0
797    1.0
798    1.0
799    1.0
800    1.0
801    1.0
802    1.0
803    1.0
804    1.0
805    1.0
806    1.0
807    1.0
808    1.0
809    1.0
810    1.0
811    1.0
812    0.0
813    0.0
814    1.0
815    1.0
816    0.0
817    1.0
818    1.0
Name: esem_status, Length: 91, dtype: float64)
155. ('predY', array([1., 1., 1., 1., 1., 1., 1., 1., 1., 1., 1., 1., 1., 1., 1., 1., 1.,
       1., 1., 1., 1., 1., 1., 1., 1., 1., 1., 1., 1., 1., 1., 1., 1., 1.,
       1., 1., 1., 1., 1., 1., 1., 1., 1., 1., 1., 1., 1., 1., 1., 1., 1.,
       1., 1., 1., 1., 1., 0., 1., 1., 1., 1., 1., 1., 1., 1., 1., 1., 1.,
       1., 1., 1., 1., 1., 1., 1., 1., 1., 1., 1., 1., 1., 1., 1., 1., 1.,
       1., 1., 1., 1., 1., 1.]))
156. ('Y_test', 819    1.0
820    1.0
821    0.0
822    1.0
823    1.0
824    1.0
825    1.0
826    1.0
827    0.0
828    0.0
829    1.0
830    1.0
831    0.0
832    0.0
833    1.0
834    0.0
835    1.0
836    1.0
837    1.0
838    1.0
839    1.0
840    0.0
841    1.0
842    1.0
843    1.0
844    1.0
845    1.0
846    1.0
847    1.0
848    1.0
      ... 
886    0.0
887    1.0
888    0.0
889    1.0
890    1.0
891    1.0
892    1.0
893    1.0
894    0.0
895    1.0
896    1.0
897    1.0
898    1.0
899    1.0
900    1.0
901    1.0
902    1.0
903    0.0
904    1.0
905    0.0
906    1.0
907    0.0
908    1.0
909    1.0
910    1.0
911    1.0
912    1.0
913    1.0
914    1.0
915    1.0
Name: esem_status, Length: 97, dtype: float64)
157. ('predY', array([1., 1., 1., 1., 1., 1., 1., 1., 0., 1., 1., 1., 1., 1., 1., 1., 1.,
       1., 1., 1., 1., 1., 1., 1., 1., 1., 1., 1., 1., 1., 1., 1., 0., 1.,
       1., 1., 1., 1., 1., 1., 1., 1., 1., 1., 1., 1., 1., 1., 1., 1., 1.,
       1., 1., 1., 1., 1., 1., 0., 1., 1., 1., 1., 1., 1., 0., 1., 1., 1.,
       1., 1., 1., 1., 1., 1., 1., 1., 1., 1., 1., 1., 1., 1., 1., 1., 1.,
       1., 1., 1., 1., 0., 1., 1., 1., 1., 1., 1., 1.]))
159. ('start',)
160. ('regression', 'Logistic')
161. ('Y_test', 0     1.0
1     1.0
2     1.0
3     1.0
4     0.0
5     1.0
6     1.0
7     0.0
8     1.0
9     1.0
10    1.0
11    1.0
12    1.0
13    1.0
14    1.0
15    1.0
16    1.0
17    1.0
18    1.0
19    1.0
20    1.0
21    1.0
22    1.0
23    1.0
24    1.0
25    1.0
26    0.0
27    1.0
28    1.0
29    1.0
     ... 
61    1.0
62    1.0
63    0.0
64    0.0
65    1.0
66    0.0
67    1.0
68    1.0
69    1.0
70    1.0
71    0.0
72    0.0
73    0.0
74    1.0
75    1.0
76    1.0
77    1.0
78    1.0
79    1.0
80    1.0
81    1.0
82    1.0
83    1.0
84    1.0
85    0.0
86    1.0
87    1.0
88    1.0
89    0.0
90    0.0
Name: esem_status, Length: 91, dtype: float64)
162. ('predY', array([1., 1., 1., 1., 1., 1., 1., 1., 1., 1., 1., 1., 1., 1., 1., 1., 1.,
       1., 1., 1., 1., 1., 1., 1., 0., 1., 1., 1., 1., 1., 1., 1., 1., 1.,
       0., 1., 1., 1., 1., 1., 1., 1., 1., 0., 1., 1., 1., 1., 1., 1., 1.,
       1., 1., 1., 1., 1., 1., 1., 1., 1., 1., 1., 1., 1., 1., 1., 0., 1.,
       1., 1., 1., 1., 1., 1., 1., 1., 1., 1., 1., 1., 1., 1., 1., 1., 1.,
       1., 1., 1., 1., 1., 1.]))
163. ('Y_test', 91     1.0
92     1.0
93     1.0
94     1.0
95     1.0
96     1.0
97     0.0
98     0.0
99     0.0
100    0.0
101    1.0
102    1.0
103    1.0
104    1.0
105    1.0
106    1.0
107    1.0
108    0.0
109    1.0
110    0.0
111    1.0
112    1.0
113    1.0
114    1.0
115    1.0
116    1.0
117    0.0
118    0.0
119    1.0
120    1.0
      ... 
152    1.0
153    1.0
154    1.0
155    1.0
156    0.0
157    1.0
158    0.0
159    1.0
160    1.0
161    1.0
162    0.0
163    1.0
164    1.0
165    1.0
166    1.0
167    1.0
168    1.0
169    1.0
170    1.0
171    1.0
172    1.0
173    0.0
174    1.0
175    0.0
176    1.0
177    0.0
178    1.0
179    1.0
180    1.0
181    0.0
Name: esem_status, Length: 91, dtype: float64)
164. ('predY', array([1., 1., 1., 1., 1., 1., 1., 1., 1., 1., 1., 1., 1., 1., 1., 1., 1.,
       1., 1., 0., 1., 1., 1., 1., 1., 1., 1., 1., 1., 1., 0., 1., 1., 1.,
       1., 1., 1., 1., 1., 1., 1., 1., 1., 1., 1., 1., 1., 1., 1., 1., 1.,
       1., 1., 1., 0., 1., 1., 1., 1., 1., 1., 1., 1., 1., 1., 0., 1., 1.,
       1., 1., 1., 1., 1., 1., 1., 1., 1., 1., 1., 1., 1., 1., 1., 1., 1.,
       1., 0., 1., 1., 1., 1.]))
165. ('Y_test', 182    1.0
183    1.0
184    1.0
185    1.0
186    0.0
187    1.0
188    1.0
189    0.0
190    1.0
191    1.0
192    1.0
193    1.0
194    1.0
195    1.0
196    0.0
197    1.0
198    1.0
199    0.0
200    1.0
201    1.0
202    1.0
203    1.0
204    1.0
205    1.0
206    0.0
207    1.0
208    1.0
209    0.0
210    1.0
211    1.0
      ... 
243    1.0
244    1.0
245    1.0
246    1.0
247    1.0
248    1.0
249    1.0
250    1.0
251    1.0
252    1.0
253    0.0
254    0.0
255    0.0
256    1.0
257    1.0
258    1.0
259    1.0
260    1.0
261    1.0
262    0.0
263    0.0
264    0.0
265    1.0
266    0.0
267    1.0
268    1.0
269    1.0
270    1.0
271    1.0
272    1.0
Name: esem_status, Length: 91, dtype: float64)
166. ('predY', array([1., 1., 1., 0., 1., 1., 1., 1., 1., 1., 1., 1., 1., 1., 1., 1., 1.,
       1., 1., 1., 1., 1., 1., 1., 0., 1., 1., 1., 1., 1., 1., 1., 1., 1.,
       1., 1., 0., 1., 1., 1., 1., 1., 1., 1., 1., 1., 0., 1., 1., 1., 1.,
       1., 1., 1., 1., 1., 1., 1., 1., 1., 1., 1., 1., 1., 1., 1., 0., 1.,
       1., 1., 0., 1., 1., 1., 1., 1., 1., 1., 1., 1., 0., 0., 0., 1., 1.,
       1., 1., 1., 1., 1., 1.]))
167. ('Y_test', 273    1.0
274    1.0
275    1.0
276    1.0
277    1.0
278    1.0
279    0.0
280    1.0
281    1.0
282    1.0
283    1.0
284    1.0
285    1.0
286    1.0
287    0.0
288    1.0
289    1.0
290    1.0
291    1.0
292    1.0
293    1.0
294    1.0
295    1.0
296    1.0
297    0.0
298    1.0
299    1.0
300    1.0
301    1.0
302    1.0
      ... 
334    1.0
335    1.0
336    1.0
337    1.0
338    0.0
339    1.0
340    1.0
341    1.0
342    1.0
343    1.0
344    1.0
345    1.0
346    1.0
347    1.0
348    1.0
349    1.0
350    0.0
351    1.0
352    1.0
353    0.0
354    1.0
355    1.0
356    1.0
357    1.0
358    1.0
359    1.0
360    1.0
361    0.0
362    1.0
363    1.0
Name: esem_status, Length: 91, dtype: float64)
168. ('predY', array([1., 1., 1., 1., 1., 1., 1., 1., 1., 1., 1., 1., 1., 1., 1., 1., 1.,
       1., 1., 1., 1., 1., 1., 1., 1., 1., 1., 1., 1., 1., 1., 1., 0., 1.,
       1., 1., 1., 1., 1., 1., 1., 1., 1., 1., 1., 1., 1., 1., 1., 1., 1.,
       1., 1., 1., 1., 0., 1., 1., 1., 1., 1., 1., 1., 1., 1., 1., 1., 1.,
       0., 1., 1., 1., 1., 1., 1., 1., 1., 1., 1., 1., 1., 1., 1., 1., 1.,
       1., 1., 1., 1., 1., 1.]))
169. ('Y_test', 364    1.0
365    1.0
366    1.0
367    1.0
368    1.0
369    0.0
370    1.0
371    0.0
372    1.0
373    0.0
374    1.0
375    0.0
376    1.0
377    1.0
378    1.0
379    1.0
380    1.0
381    1.0
382    1.0
383    1.0
384    1.0
385    1.0
386    1.0
387    1.0
388    1.0
389    0.0
390    0.0
391    1.0
392    1.0
393    0.0
      ... 
425    1.0
426    1.0
427    1.0
428    1.0
429    1.0
430    1.0
431    0.0
432    1.0
433    1.0
434    1.0
435    1.0
436    1.0
437    1.0
438    0.0
439    1.0
440    1.0
441    0.0
442    0.0
443    1.0
444    1.0
445    0.0
446    1.0
447    1.0
448    0.0
449    0.0
450    1.0
451    1.0
452    1.0
453    1.0
454    0.0
Name: esem_status, Length: 91, dtype: float64)
170. ('predY', array([1., 1., 1., 1., 1., 1., 1., 1., 1., 1., 1., 0., 1., 0., 1., 1., 1.,
       1., 1., 1., 1., 1., 1., 1., 1., 1., 1., 1., 1., 1., 1., 1., 1., 1.,
       1., 1., 1., 1., 1., 1., 1., 1., 1., 1., 1., 0., 1., 1., 1., 1., 1.,
       1., 1., 1., 1., 1., 1., 1., 1., 1., 1., 1., 1., 1., 1., 1., 1., 1.,
       1., 1., 1., 1., 1., 1., 1., 1., 1., 1., 1., 1., 1., 1., 1., 1., 1.,
       1., 1., 1., 1., 1., 1.]))
171. ('Y_test', 455    1.0
456    1.0
457    1.0
458    0.0
459    1.0
460    1.0
461    0.0
462    1.0
463    1.0
464    0.0
465    0.0
466    1.0
467    1.0
468    0.0
469    1.0
470    1.0
471    1.0
472    0.0
473    1.0
474    1.0
475    1.0
476    1.0
477    0.0
478    1.0
479    1.0
480    1.0
481    1.0
482    0.0
483    1.0
484    0.0
      ... 
516    1.0
517    1.0
518    1.0
519    1.0
520    1.0
521    1.0
522    1.0
523    1.0
524    1.0
525    1.0
526    0.0
527    1.0
528    1.0
529    1.0
530    1.0
531    1.0
532    0.0
533    1.0
534    1.0
535    1.0
536    1.0
537    1.0
538    0.0
539    0.0
540    1.0
541    1.0
542    0.0
543    1.0
544    1.0
545    0.0
Name: esem_status, Length: 91, dtype: float64)
172. ('predY', array([1., 1., 1., 0., 1., 1., 0., 1., 1., 1., 1., 1., 1., 0., 1., 1., 1.,
       0., 1., 1., 1., 1., 0., 1., 1., 1., 1., 1., 1., 1., 1., 1., 1., 1.,
       1., 0., 1., 1., 1., 1., 1., 1., 1., 1., 1., 1., 1., 1., 1., 1., 1.,
       1., 1., 1., 1., 1., 1., 1., 1., 1., 1., 1., 1., 1., 1., 0., 1., 1.,
       1., 1., 1., 1., 1., 1., 1., 1., 1., 1., 1., 1., 1., 1., 1., 1., 1.,
       0., 1., 0., 1., 1., 1.]))
173. ('Y_test', 546    1.0
547    1.0
548    1.0
549    0.0
550    1.0
551    0.0
552    0.0
553    0.0
554    1.0
555    1.0
556    1.0
557    1.0
558    1.0
559    1.0
560    1.0
561    0.0
562    0.0
563    0.0
564    1.0
565    1.0
566    1.0
567    1.0
568    1.0
569    1.0
570    1.0
571    1.0
572    1.0
573    1.0
574    1.0
575    1.0
      ... 
607    1.0
608    1.0
609    1.0
610    1.0
611    0.0
612    1.0
613    0.0
614    0.0
615    1.0
616    1.0
617    0.0
618    1.0
619    1.0
620    1.0
621    1.0
622    1.0
623    1.0
624    1.0
625    1.0
626    1.0
627    1.0
628    1.0
629    1.0
630    1.0
631    1.0
632    0.0
633    1.0
634    1.0
635    1.0
636    0.0
Name: esem_status, Length: 91, dtype: float64)
174. ('predY', array([1., 1., 1., 1., 1., 1., 1., 1., 1., 1., 1., 1., 1., 1., 1., 0., 1.,
       1., 1., 1., 1., 1., 1., 1., 1., 1., 1., 1., 1., 1., 1., 1., 1., 1.,
       1., 1., 1., 1., 1., 1., 1., 1., 1., 1., 1., 1., 1., 1., 1., 1., 1.,
       1., 1., 1., 1., 1., 0., 1., 1., 1., 1., 1., 1., 1., 1., 1., 1., 1.,
       1., 1., 1., 1., 1., 1., 1., 1., 1., 1., 1., 1., 1., 1., 1., 1., 1.,
       1., 1., 1., 1., 1., 1.]))
175. ('Y_test', 637    1.0
638    1.0
639    1.0
640    1.0
641    0.0
642    1.0
643    1.0
644    1.0
645    1.0
646    1.0
647    1.0
648    1.0
649    1.0
650    1.0
651    1.0
652    1.0
653    1.0
654    1.0
655    1.0
656    1.0
657    1.0
658    0.0
659    1.0
660    1.0
661    0.0
662    1.0
663    0.0
664    1.0
665    1.0
666    1.0
      ... 
698    0.0
699    1.0
700    1.0
701    1.0
702    0.0
703    0.0
704    1.0
705    1.0
706    1.0
707    1.0
708    1.0
709    1.0
710    1.0
711    1.0
712    1.0
713    1.0
714    1.0
715    1.0
716    1.0
717    1.0
718    0.0
719    1.0
720    1.0
721    1.0
722    1.0
723    1.0
724    1.0
725    1.0
726    1.0
727    1.0
Name: esem_status, Length: 91, dtype: float64)
176. ('predY', array([1., 1., 1., 1., 1., 1., 1., 1., 1., 1., 1., 1., 1., 1., 1., 1., 1.,
       1., 1., 0., 1., 1., 1., 1., 1., 1., 1., 1., 1., 1., 1., 1., 1., 1.,
       1., 1., 1., 1., 1., 1., 1., 1., 0., 1., 0., 1., 1., 1., 1., 1., 1.,
       1., 1., 1., 1., 1., 1., 1., 1., 1., 1., 0., 1., 1., 1., 1., 0., 1.,
       1., 1., 1., 1., 1., 1., 1., 1., 1., 1., 1., 1., 1., 0., 1., 1., 1.,
       1., 1., 1., 1., 1., 0.]))
177. ('Y_test', 728    0.0
729    1.0
730    1.0
731    0.0
732    1.0
733    1.0
734    0.0
735    1.0
736    0.0
737    1.0
738    1.0
739    1.0
740    1.0
741    1.0
742    1.0
743    1.0
744    1.0
745    0.0
746    1.0
747    1.0
748    0.0
749    0.0
750    1.0
751    1.0
752    1.0
753    1.0
754    1.0
755    1.0
756    1.0
757    1.0
      ... 
789    1.0
790    1.0
791    0.0
792    1.0
793    1.0
794    1.0
795    0.0
796    0.0
797    1.0
798    1.0
799    1.0
800    1.0
801    1.0
802    1.0
803    1.0
804    1.0
805    0.0
806    1.0
807    1.0
808    0.0
809    0.0
810    0.0
811    0.0
812    1.0
813    0.0
814    1.0
815    1.0
816    1.0
817    1.0
818    0.0
Name: esem_status, Length: 91, dtype: float64)
178. ('predY', array([1., 1., 1., 1., 1., 1., 1., 1., 1., 1., 1., 1., 1., 1., 1., 0., 1.,
       1., 1., 1., 1., 1., 1., 1., 1., 1., 1., 1., 1., 1., 1., 1., 1., 1.,
       1., 1., 1., 1., 1., 1., 1., 1., 1., 1., 1., 1., 1., 1., 1., 1., 1.,
       1., 0., 1., 1., 1., 1., 1., 1., 1., 1., 1., 1., 0., 1., 1., 1., 1.,
       1., 1., 1., 1., 1., 1., 1., 1., 1., 1., 1., 1., 1., 1., 1., 1., 1.,
       1., 1., 1., 1., 1., 1.]))
179. ('Y_test', 819    1.0
820    1.0
821    1.0
822    0.0
823    1.0
824    1.0
825    0.0
826    1.0
827    1.0
828    1.0
829    1.0
830    1.0
831    1.0
832    1.0
833    0.0
834    1.0
835    1.0
836    1.0
837    1.0
838    0.0
839    1.0
840    1.0
841    0.0
842    1.0
843    0.0
844    1.0
845    1.0
846    1.0
847    1.0
848    1.0
      ... 
886    1.0
887    1.0
888    0.0
889    0.0
890    0.0
891    1.0
892    1.0
893    0.0
894    0.0
895    1.0
896    0.0
897    0.0
898    1.0
899    1.0
900    1.0
901    1.0
902    1.0
903    1.0
904    1.0
905    1.0
906    1.0
907    1.0
908    1.0
909    1.0
910    1.0
911    1.0
912    1.0
913    1.0
914    1.0
915    1.0
Name: esem_status, Length: 97, dtype: float64)
180. ('predY', array([1., 1., 1., 1., 1., 1., 0., 1., 1., 1., 1., 1., 1., 1., 1., 1., 1.,
       1., 1., 1., 1., 0., 1., 1., 1., 1., 1., 1., 1., 1., 1., 1., 1., 1.,
       1., 1., 1., 1., 1., 1., 1., 1., 0., 1., 1., 1., 0., 1., 1., 1., 1.,
       1., 1., 1., 1., 1., 0., 1., 1., 0., 1., 1., 1., 1., 1., 1., 1., 1.,
       1., 1., 0., 1., 1., 1., 1., 1., 1., 0., 1., 1., 1., 1., 1., 1., 1.,
       1., 1., 1., 1., 1., 1., 1., 0., 1., 1., 1., 1.]))
182. ('start',)
183. ('regression', 'Xgboost')
187. ('Y_test', 0     1.0
1     1.0
2     1.0
3     0.0
4     1.0
5     1.0
6     0.0
7     0.0
8     1.0
9     0.0
10    1.0
11    1.0
12    1.0
13    1.0
14    0.0
15    1.0
16    1.0
17    1.0
18    1.0
19    1.0
20    0.0
21    1.0
22    1.0
23    1.0
24    1.0
25    1.0
26    0.0
27    1.0
28    1.0
29    1.0
     ... 
61    1.0
62    1.0
63    1.0
64    1.0
65    1.0
66    1.0
67    1.0
68    1.0
69    1.0
70    0.0
71    1.0
72    0.0
73    1.0
74    1.0
75    1.0
76    1.0
77    0.0
78    1.0
79    1.0
80    1.0
81    1.0
82    0.0
83    1.0
84    1.0
85    1.0
86    0.0
87    0.0
88    1.0
89    0.0
90    1.0
Name: esem_status, Length: 91, dtype: float64)
188. ('predY', array([1., 1., 1., 0., 1., 1., 0., 0., 1., 0., 1., 1., 1., 1., 1., 1., 1.,
       1., 1., 1., 1., 1., 0., 1., 1., 1., 0., 1., 1., 1., 1., 1., 1., 1.,
       1., 1., 0., 1., 1., 1., 1., 1., 0., 1., 1., 1., 1., 1., 1., 1., 0.,
       1., 0., 1., 0., 1., 1., 0., 0., 1., 1., 1., 1., 1., 1., 1., 1., 1.,
       1., 1., 1., 1., 0., 0., 1., 1., 1., 0., 0., 1., 1., 1., 1., 1., 1.,
       1., 1., 1., 1., 0., 1.], dtype=float32))
192. ('Y_test', 91     1.0
92     1.0
93     1.0
94     1.0
95     1.0
96     1.0
97     1.0
98     0.0
99     1.0
100    1.0
101    1.0
102    1.0
103    1.0
104    1.0
105    0.0
106    0.0
107    0.0
108    1.0
109    1.0
110    1.0
111    1.0
112    1.0
113    1.0
114    1.0
115    1.0
116    1.0
117    0.0
118    1.0
119    1.0
120    1.0
      ... 
152    0.0
153    0.0
154    1.0
155    1.0
156    1.0
157    1.0
158    1.0
159    0.0
160    1.0
161    1.0
162    1.0
163    0.0
164    0.0
165    0.0
166    1.0
167    0.0
168    1.0
169    0.0
170    1.0
171    1.0
172    1.0
173    1.0
174    1.0
175    1.0
176    1.0
177    1.0
178    1.0
179    1.0
180    1.0
181    1.0
Name: esem_status, Length: 91, dtype: float64)
193. ('predY', array([1., 1., 1., 1., 1., 1., 1., 0., 1., 1., 1., 0., 1., 1., 1., 1., 0.,
       1., 1., 1., 1., 1., 1., 1., 1., 1., 0., 1., 1., 0., 1., 1., 1., 1.,
       0., 1., 1., 1., 0., 1., 1., 1., 1., 1., 1., 0., 1., 1., 1., 1., 1.,
       1., 0., 0., 1., 1., 1., 1., 1., 1., 1., 1., 0., 1., 1., 0., 1., 1.,
       1., 1., 1., 1., 0., 0., 1., 1., 1., 1., 0., 1., 1., 1., 1., 1., 1.,
       1., 1., 1., 1., 1., 1.], dtype=float32))
197. ('Y_test', 182    1.0
183    1.0
184    1.0
185    1.0
186    1.0
187    1.0
188    1.0
189    0.0
190    1.0
191    1.0
192    1.0
193    0.0
194    1.0
195    1.0
196    0.0
197    1.0
198    0.0
199    0.0
200    1.0
201    1.0
202    0.0
203    1.0
204    1.0
205    1.0
206    1.0
207    0.0
208    1.0
209    0.0
210    1.0
211    1.0
      ... 
243    0.0
244    0.0
245    1.0
246    1.0
247    0.0
248    1.0
249    1.0
250    0.0
251    1.0
252    1.0
253    1.0
254    1.0
255    0.0
256    1.0
257    1.0
258    1.0
259    1.0
260    0.0
261    1.0
262    0.0
263    1.0
264    1.0
265    1.0
266    1.0
267    1.0
268    0.0
269    1.0
270    1.0
271    1.0
272    1.0
Name: esem_status, Length: 91, dtype: float64)
198. ('predY', array([1., 1., 1., 1., 1., 0., 1., 1., 1., 1., 1., 1., 1., 1., 0., 1., 1.,
       0., 1., 1., 1., 1., 1., 1., 1., 1., 1., 1., 1., 1., 0., 0., 1., 1.,
       0., 1., 1., 1., 0., 1., 1., 0., 0., 1., 1., 1., 1., 1., 1., 1., 1.,
       1., 1., 0., 1., 0., 1., 1., 1., 1., 1., 0., 0., 1., 1., 0., 1., 1.,
       0., 1., 1., 1., 1., 0., 1., 1., 1., 1., 0., 1., 1., 1., 1., 1., 1.,
       1., 0., 1., 1., 1., 1.], dtype=float32))
202. ('Y_test', 273    1.0
274    0.0
275    1.0
276    1.0
277    0.0
278    1.0
279    1.0
280    1.0
281    1.0
282    0.0
283    1.0
284    1.0
285    1.0
286    1.0
287    1.0
288    0.0
289    1.0
290    0.0
291    1.0
292    0.0
293    0.0
294    1.0
295    1.0
296    1.0
297    1.0
298    1.0
299    1.0
300    0.0
301    1.0
302    1.0
      ... 
334    1.0
335    1.0
336    1.0
337    0.0
338    1.0
339    0.0
340    1.0
341    1.0
342    1.0
343    1.0
344    1.0
345    1.0
346    0.0
347    1.0
348    1.0
349    1.0
350    1.0
351    0.0
352    1.0
353    0.0
354    0.0
355    1.0
356    0.0
357    1.0
358    0.0
359    1.0
360    1.0
361    1.0
362    1.0
363    1.0
Name: esem_status, Length: 91, dtype: float64)
203. ('predY', array([0., 1., 1., 1., 1., 1., 1., 1., 1., 0., 0., 1., 1., 1., 1., 0., 1.,
       1., 1., 0., 1., 1., 1., 1., 1., 1., 1., 0., 1., 1., 1., 1., 1., 1.,
       1., 1., 1., 1., 1., 1., 1., 1., 1., 1., 1., 1., 1., 1., 1., 1., 1.,
       0., 1., 1., 1., 1., 1., 1., 1., 1., 1., 0., 1., 1., 0., 1., 0., 1.,
       1., 1., 1., 1., 1., 0., 0., 1., 1., 1., 1., 0., 0., 1., 1., 1., 1.,
       0., 1., 1., 1., 1., 1.], dtype=float32))
207. ('Y_test', 364    1.0
365    0.0
366    1.0
367    0.0
368    0.0
369    1.0
370    1.0
371    0.0
372    1.0
373    1.0
374    0.0
375    1.0
376    1.0
377    1.0
378    1.0
379    1.0
380    0.0
381    0.0
382    1.0
383    1.0
384    1.0
385    1.0
386    1.0
387    0.0
388    1.0
389    1.0
390    1.0
391    0.0
392    1.0
393    0.0
      ... 
425    1.0
426    1.0
427    1.0
428    1.0
429    1.0
430    1.0
431    1.0
432    1.0
433    1.0
434    0.0
435    1.0
436    1.0
437    1.0
438    1.0
439    1.0
440    0.0
441    1.0
442    1.0
443    1.0
444    1.0
445    0.0
446    1.0
447    1.0
448    0.0
449    1.0
450    1.0
451    1.0
452    1.0
453    1.0
454    1.0
Name: esem_status, Length: 91, dtype: float64)
208. ('predY', array([1., 0., 1., 0., 0., 1., 1., 1., 1., 1., 1., 1., 1., 1., 1., 1., 0.,
       1., 1., 1., 1., 1., 1., 0., 0., 1., 1., 0., 1., 1., 1., 1., 1., 1.,
       1., 1., 1., 1., 1., 1., 1., 1., 1., 1., 1., 1., 1., 1., 0., 1., 1.,
       1., 1., 0., 1., 0., 1., 1., 0., 1., 1., 1., 1., 1., 1., 1., 1., 1.,
       1., 1., 0., 1., 1., 1., 0., 1., 0., 0., 1., 1., 1., 1., 1., 0., 1.,
       1., 1., 1., 1., 0., 1.], dtype=float32))
212. ('Y_test', 455    1.0
456    1.0
457    0.0
458    1.0
459    1.0
460    1.0
461    1.0
462    1.0
463    1.0
464    0.0
465    1.0
466    1.0
467    1.0
468    1.0
469    1.0
470    1.0
471    1.0
472    1.0
473    1.0
474    1.0
475    0.0
476    1.0
477    1.0
478    1.0
479    1.0
480    1.0
481    1.0
482    1.0
483    0.0
484    1.0
      ... 
516    1.0
517    1.0
518    1.0
519    1.0
520    1.0
521    1.0
522    1.0
523    1.0
524    1.0
525    1.0
526    1.0
527    0.0
528    1.0
529    1.0
530    1.0
531    1.0
532    1.0
533    1.0
534    1.0
535    1.0
536    0.0
537    1.0
538    1.0
539    1.0
540    1.0
541    1.0
542    0.0
543    1.0
544    1.0
545    1.0
Name: esem_status, Length: 91, dtype: float64)
213. ('predY', array([1., 1., 0., 1., 1., 1., 1., 1., 1., 1., 1., 1., 1., 1., 1., 1., 1.,
       1., 0., 1., 1., 1., 1., 1., 1., 1., 1., 1., 1., 1., 1., 1., 0., 1.,
       0., 1., 1., 1., 1., 1., 0., 1., 1., 1., 1., 1., 1., 1., 1., 0., 1.,
       0., 1., 1., 1., 0., 0., 0., 0., 1., 1., 1., 1., 1., 1., 1., 1., 1.,
       1., 1., 1., 1., 0., 1., 0., 0., 0., 1., 1., 0., 1., 1., 1., 1., 1.,
       1., 1., 1., 0., 1., 1.], dtype=float32))
217. ('Y_test', 546    1.0
547    1.0
548    1.0
549    1.0
550    1.0
551    1.0
552    1.0
553    1.0
554    1.0
555    1.0
556    1.0
557    0.0
558    1.0
559    0.0
560    1.0
561    1.0
562    1.0
563    1.0
564    1.0
565    1.0
566    1.0
567    0.0
568    1.0
569    1.0
570    1.0
571    1.0
572    0.0
573    1.0
574    1.0
575    1.0
      ... 
607    1.0
608    0.0
609    1.0
610    0.0
611    0.0
612    0.0
613    0.0
614    1.0
615    1.0
616    0.0
617    1.0
618    0.0
619    1.0
620    1.0
621    1.0
622    1.0
623    0.0
624    1.0
625    1.0
626    1.0
627    1.0
628    1.0
629    1.0
630    0.0
631    0.0
632    1.0
633    0.0
634    1.0
635    1.0
636    1.0
Name: esem_status, Length: 91, dtype: float64)
218. ('predY', array([1., 1., 1., 1., 1., 1., 1., 1., 1., 1., 0., 0., 1., 1., 1., 1., 0.,
       1., 1., 1., 1., 1., 1., 0., 1., 1., 1., 1., 1., 1., 0., 0., 1., 1.,
       1., 0., 1., 1., 1., 1., 1., 1., 1., 1., 0., 1., 1., 1., 1., 1., 1.,
       0., 1., 1., 1., 1., 1., 1., 1., 1., 1., 1., 0., 1., 0., 1., 1., 1.,
       1., 1., 0., 1., 1., 0., 1., 1., 1., 1., 1., 1., 1., 1., 1., 0., 0.,
       1., 1., 1., 1., 1., 1.], dtype=float32))
222. ('Y_test', 637    1.0
638    0.0
639    1.0
640    1.0
641    1.0
642    1.0
643    1.0
644    1.0
645    1.0
646    1.0
647    1.0
648    0.0
649    1.0
650    0.0
651    1.0
652    1.0
653    1.0
654    1.0
655    1.0
656    1.0
657    1.0
658    1.0
659    1.0
660    1.0
661    1.0
662    1.0
663    1.0
664    1.0
665    1.0
666    1.0
      ... 
698    0.0
699    1.0
700    1.0
701    0.0
702    1.0
703    1.0
704    1.0
705    1.0
706    1.0
707    1.0
708    0.0
709    1.0
710    1.0
711    1.0
712    1.0
713    1.0
714    1.0
715    1.0
716    1.0
717    0.0
718    1.0
719    1.0
720    1.0
721    1.0
722    0.0
723    1.0
724    1.0
725    0.0
726    0.0
727    1.0
Name: esem_status, Length: 91, dtype: float64)
223. ('predY', array([1., 1., 1., 1., 1., 1., 1., 1., 1., 0., 1., 1., 1., 1., 1., 1., 1.,
       1., 0., 1., 1., 1., 1., 1., 0., 1., 1., 1., 0., 1., 1., 1., 1., 1.,
       1., 1., 1., 0., 1., 0., 1., 1., 1., 1., 0., 1., 1., 1., 1., 1., 0.,
       1., 1., 1., 0., 1., 1., 1., 1., 1., 1., 0., 1., 0., 1., 0., 1., 1.,
       0., 1., 1., 0., 1., 1., 0., 1., 1., 0., 1., 1., 1., 1., 1., 1., 1.,
       0., 0., 1., 1., 1., 1.], dtype=float32))
227. ('Y_test', 728    1.0
729    1.0
730    1.0
731    1.0
732    1.0
733    1.0
734    1.0
735    1.0
736    1.0
737    1.0
738    1.0
739    1.0
740    1.0
741    1.0
742    1.0
743    1.0
744    0.0
745    1.0
746    1.0
747    1.0
748    1.0
749    1.0
750    1.0
751    1.0
752    1.0
753    0.0
754    1.0
755    1.0
756    1.0
757    1.0
      ... 
789    1.0
790    1.0
791    1.0
792    1.0
793    1.0
794    0.0
795    1.0
796    1.0
797    1.0
798    0.0
799    0.0
800    1.0
801    1.0
802    1.0
803    1.0
804    1.0
805    1.0
806    1.0
807    1.0
808    1.0
809    1.0
810    0.0
811    1.0
812    0.0
813    1.0
814    1.0
815    1.0
816    1.0
817    1.0
818    1.0
Name: esem_status, Length: 91, dtype: float64)
228. ('predY', array([1., 1., 1., 1., 1., 1., 1., 1., 1., 1., 1., 1., 1., 1., 1., 1., 1.,
       1., 0., 1., 1., 1., 1., 0., 1., 1., 1., 1., 1., 1., 0., 1., 0., 1.,
       1., 1., 1., 0., 1., 1., 1., 1., 1., 1., 1., 1., 1., 1., 1., 1., 1.,
       1., 1., 1., 1., 1., 1., 1., 1., 0., 1., 1., 1., 1., 1., 1., 0., 1.,
       1., 0., 1., 1., 1., 1., 0., 1., 1., 1., 1., 1., 1., 1., 1., 1., 1.,
       1., 1., 1., 1., 1., 1.], dtype=float32))
232. ('Y_test', 819    0.0
820    1.0
821    1.0
822    1.0
823    1.0
824    0.0
825    0.0
826    0.0
827    1.0
828    1.0
829    1.0
830    1.0
831    0.0
832    1.0
833    1.0
834    1.0
835    0.0
836    1.0
837    1.0
838    0.0
839    1.0
840    1.0
841    0.0
842    1.0
843    1.0
844    0.0
845    1.0
846    1.0
847    1.0
848    1.0
      ... 
886    1.0
887    1.0
888    1.0
889    1.0
890    1.0
891    1.0
892    1.0
893    1.0
894    1.0
895    1.0
896    1.0
897    1.0
898    1.0
899    1.0
900    1.0
901    1.0
902    1.0
903    1.0
904    1.0
905    1.0
906    1.0
907    1.0
908    1.0
909    1.0
910    1.0
911    1.0
912    1.0
913    1.0
914    0.0
915    1.0
Name: esem_status, Length: 97, dtype: float64)
233. ('predY', array([1., 1., 1., 1., 1., 0., 1., 1., 1., 0., 1., 1., 0., 1., 1., 0., 0.,
       1., 1., 1., 1., 1., 0., 1., 1., 0., 1., 1., 1., 1., 1., 1., 1., 1.,
       1., 1., 1., 1., 1., 1., 1., 1., 1., 1., 1., 0., 1., 1., 1., 1., 1.,
       0., 1., 0., 1., 0., 0., 0., 1., 0., 1., 1., 1., 1., 1., 0., 1., 0.,
       0., 1., 0., 1., 1., 0., 1., 1., 1., 1., 1., 1., 1., 1., 1., 1., 1.,
       1., 1., 1., 1., 1., 1., 1., 0., 1., 1., 1., 1.], dtype=float32))
235. ('start',)
236. ('regression', 'SVM')
237. ('Y_test', 0     1.0
1     0.0
2     1.0
3     1.0
4     1.0
5     0.0
6     1.0
7     1.0
8     1.0
9     1.0
10    0.0
11    0.0
12    0.0
13    1.0
14    1.0
15    1.0
16    1.0
17    1.0
18    1.0
19    1.0
20    1.0
21    1.0
22    1.0
23    1.0
24    0.0
25    1.0
26    1.0
27    0.0
28    0.0
29    1.0
     ... 
61    0.0
62    1.0
63    1.0
64    0.0
65    0.0
66    0.0
67    1.0
68    0.0
69    1.0
70    1.0
71    1.0
72    0.0
73    1.0
74    0.0
75    1.0
76    1.0
77    0.0
78    1.0
79    1.0
80    1.0
81    1.0
82    1.0
83    0.0
84    1.0
85    1.0
86    1.0
87    1.0
88    1.0
89    1.0
90    1.0
Name: esem_status, Length: 91, dtype: float64)
238. ('predY', array([1., 1., 1., 1., 1., 0., 1., 1., 1., 1., 1., 1., 1., 1., 1., 1., 1.,
       1., 1., 1., 1., 1., 1., 1., 1., 1., 1., 1., 0., 1., 1., 1., 1., 1.,
       0., 0., 1., 1., 1., 1., 1., 1., 0., 1., 1., 1., 1., 1., 0., 1., 1.,
       1., 1., 1., 1., 1., 1., 1., 1., 1., 1., 1., 1., 1., 0., 0., 1., 1.,
       0., 1., 1., 1., 1., 1., 0., 1., 1., 1., 1., 1., 1., 1., 1., 1., 1.,
       1., 1., 1., 1., 1., 1.]))
239. ('Y_test', 91     1.0
92     0.0
93     1.0
94     1.0
95     1.0
96     1.0
97     1.0
98     1.0
99     1.0
100    1.0
101    1.0
102    1.0
103    1.0
104    1.0
105    1.0
106    1.0
107    1.0
108    1.0
109    0.0
110    0.0
111    0.0
112    0.0
113    1.0
114    1.0
115    1.0
116    1.0
117    1.0
118    0.0
119    1.0
120    1.0
      ... 
152    1.0
153    1.0
154    1.0
155    1.0
156    1.0
157    1.0
158    1.0
159    1.0
160    0.0
161    1.0
162    1.0
163    1.0
164    1.0
165    1.0
166    1.0
167    1.0
168    1.0
169    0.0
170    1.0
171    1.0
172    0.0
173    1.0
174    1.0
175    1.0
176    0.0
177    1.0
178    0.0
179    1.0
180    1.0
181    1.0
Name: esem_status, Length: 91, dtype: float64)
240. ('predY', array([1., 1., 1., 1., 1., 1., 1., 1., 1., 1., 1., 1., 1., 1., 1., 1., 1.,
       1., 0., 1., 0., 1., 0., 1., 1., 1., 1., 1., 1., 0., 1., 1., 1., 1.,
       1., 1., 1., 1., 1., 0., 1., 1., 0., 1., 1., 1., 1., 1., 1., 1., 1.,
       0., 1., 1., 1., 1., 1., 0., 1., 1., 1., 1., 1., 1., 1., 1., 1., 1.,
       1., 0., 1., 1., 1., 1., 0., 1., 1., 1., 1., 1., 1., 1., 1., 1., 1.,
       1., 1., 0., 1., 1., 1.]))
241. ('Y_test', 182    1.0
183    1.0
184    1.0
185    1.0
186    1.0
187    0.0
188    1.0
189    1.0
190    1.0
191    1.0
192    0.0
193    1.0
194    1.0
195    1.0
196    0.0
197    1.0
198    1.0
199    1.0
200    0.0
201    1.0
202    1.0
203    0.0
204    1.0
205    1.0
206    1.0
207    1.0
208    0.0
209    1.0
210    1.0
211    1.0
      ... 
243    1.0
244    1.0
245    1.0
246    1.0
247    1.0
248    1.0
249    1.0
250    1.0
251    1.0
252    1.0
253    1.0
254    1.0
255    1.0
256    1.0
257    0.0
258    1.0
259    1.0
260    1.0
261    1.0
262    0.0
263    0.0
264    1.0
265    1.0
266    1.0
267    1.0
268    1.0
269    1.0
270    1.0
271    1.0
272    1.0
Name: esem_status, Length: 91, dtype: float64)
242. ('predY', array([1., 1., 1., 1., 1., 1., 1., 1., 1., 1., 1., 1., 1., 1., 0., 1., 1.,
       1., 1., 1., 1., 1., 1., 1., 1., 1., 1., 1., 1., 1., 0., 1., 1., 1.,
       1., 1., 1., 1., 1., 1., 1., 1., 1., 0., 1., 1., 0., 1., 1., 0., 1.,
       1., 1., 1., 1., 1., 0., 1., 0., 1., 1., 1., 1., 1., 1., 1., 1., 1.,
       1., 1., 1., 1., 1., 1., 1., 1., 1., 1., 1., 1., 0., 0., 1., 1., 1.,
       1., 1., 1., 1., 1., 1.]))
243. ('Y_test', 273    1.0
274    0.0
275    0.0
276    1.0
277    1.0
278    0.0
279    1.0
280    1.0
281    1.0
282    1.0
283    1.0
284    0.0
285    0.0
286    1.0
287    1.0
288    1.0
289    1.0
290    1.0
291    0.0
292    1.0
293    1.0
294    1.0
295    1.0
296    1.0
297    0.0
298    0.0
299    1.0
300    1.0
301    1.0
302    1.0
      ... 
334    0.0
335    1.0
336    1.0
337    1.0
338    1.0
339    1.0
340    1.0
341    1.0
342    1.0
343    1.0
344    1.0
345    1.0
346    1.0
347    1.0
348    1.0
349    1.0
350    0.0
351    1.0
352    1.0
353    1.0
354    1.0
355    1.0
356    1.0
357    0.0
358    0.0
359    1.0
360    1.0
361    1.0
362    1.0
363    1.0
Name: esem_status, Length: 91, dtype: float64)
244. ('predY', array([1., 1., 1., 1., 1., 0., 1., 1., 1., 1., 1., 0., 0., 1., 1., 1., 1.,
       1., 1., 1., 1., 1., 1., 1., 0., 1., 1., 1., 1., 1., 1., 1., 1., 1.,
       0., 1., 1., 1., 1., 1., 1., 1., 1., 1., 1., 1., 1., 1., 1., 1., 0.,
       1., 1., 0., 1., 1., 1., 1., 1., 1., 1., 1., 0., 1., 1., 1., 1., 1.,
       1., 1., 1., 1., 1., 1., 1., 1., 1., 1., 1., 1., 1., 1., 1., 1., 1.,
       1., 1., 1., 1., 1., 1.]))
245. ('Y_test', 364    1.0
365    1.0
366    1.0
367    1.0
368    1.0
369    1.0
370    0.0
371    1.0
372    1.0
373    1.0
374    1.0
375    0.0
376    1.0
377    1.0
378    1.0
379    1.0
380    1.0
381    1.0
382    1.0
383    0.0
384    0.0
385    1.0
386    1.0
387    0.0
388    1.0
389    1.0
390    1.0
391    1.0
392    0.0
393    1.0
      ... 
425    0.0
426    1.0
427    1.0
428    1.0
429    1.0
430    0.0
431    1.0
432    1.0
433    1.0
434    1.0
435    1.0
436    1.0
437    1.0
438    1.0
439    1.0
440    1.0
441    1.0
442    1.0
443    0.0
444    1.0
445    1.0
446    1.0
447    1.0
448    1.0
449    1.0
450    1.0
451    1.0
452    1.0
453    1.0
454    1.0
Name: esem_status, Length: 91, dtype: float64)
246. ('predY', array([1., 1., 1., 1., 1., 1., 0., 1., 1., 1., 1., 0., 1., 1., 1., 1., 1.,
       1., 1., 1., 0., 1., 1., 0., 1., 1., 1., 1., 1., 1., 1., 1., 0., 1.,
       1., 1., 1., 1., 1., 1., 1., 1., 0., 1., 1., 1., 1., 1., 1., 0., 1.,
       1., 1., 0., 1., 1., 1., 1., 0., 1., 1., 1., 1., 1., 1., 1., 1., 1.,
       1., 1., 0., 1., 1., 1., 1., 1., 1., 1., 1., 0., 1., 1., 1., 1., 1.,
       1., 1., 1., 1., 1., 1.]))
247. ('Y_test', 455    0.0
456    0.0
457    1.0
458    1.0
459    1.0
460    1.0
461    0.0
462    1.0
463    1.0
464    0.0
465    1.0
466    1.0
467    1.0
468    1.0
469    1.0
470    0.0
471    0.0
472    1.0
473    1.0
474    1.0
475    1.0
476    0.0
477    1.0
478    1.0
479    0.0
480    1.0
481    1.0
482    1.0
483    1.0
484    1.0
      ... 
516    1.0
517    1.0
518    1.0
519    1.0
520    1.0
521    1.0
522    0.0
523    1.0
524    1.0
525    1.0
526    1.0
527    1.0
528    1.0
529    1.0
530    1.0
531    1.0
532    1.0
533    1.0
534    1.0
535    1.0
536    1.0
537    1.0
538    1.0
539    1.0
540    1.0
541    1.0
542    0.0
543    1.0
544    1.0
545    1.0
Name: esem_status, Length: 91, dtype: float64)
248. ('predY', array([1., 1., 1., 1., 1., 1., 0., 1., 1., 1., 1., 1., 1., 1., 1., 1., 1.,
       1., 1., 1., 1., 1., 1., 1., 0., 1., 1., 1., 1., 1., 1., 1., 1., 1.,
       1., 1., 1., 1., 1., 1., 1., 0., 1., 1., 1., 1., 1., 1., 1., 1., 1.,
       1., 1., 1., 1., 1., 1., 1., 0., 1., 0., 0., 1., 1., 1., 0., 1., 1.,
       0., 1., 1., 1., 1., 1., 1., 1., 1., 1., 1., 1., 1., 1., 1., 1., 1.,
       1., 1., 0., 1., 1., 1.]))
249. ('Y_test', 546    1.0
547    1.0
548    1.0
549    1.0
550    1.0
551    1.0
552    1.0
553    1.0
554    0.0
555    1.0
556    1.0
557    1.0
558    1.0
559    1.0
560    1.0
561    1.0
562    1.0
563    1.0
564    0.0
565    0.0
566    1.0
567    0.0
568    1.0
569    1.0
570    1.0
571    1.0
572    1.0
573    1.0
574    1.0
575    1.0
      ... 
607    1.0
608    1.0
609    1.0
610    0.0
611    1.0
612    1.0
613    1.0
614    1.0
615    1.0
616    1.0
617    1.0
618    1.0
619    1.0
620    1.0
621    0.0
622    1.0
623    0.0
624    1.0
625    1.0
626    1.0
627    0.0
628    1.0
629    0.0
630    1.0
631    1.0
632    1.0
633    0.0
634    1.0
635    1.0
636    1.0
Name: esem_status, Length: 91, dtype: float64)
250. ('predY', array([1., 1., 1., 1., 1., 1., 1., 1., 1., 1., 1., 1., 1., 1., 1., 1., 1.,
       1., 0., 1., 1., 0., 1., 1., 1., 1., 1., 0., 1., 1., 1., 1., 1., 1.,
       1., 1., 1., 1., 0., 1., 1., 1., 1., 1., 1., 1., 1., 1., 1., 1., 1.,
       1., 1., 1., 1., 1., 1., 1., 1., 1., 1., 1., 1., 1., 1., 1., 1., 1.,
       1., 1., 1., 1., 1., 1., 0., 0., 1., 1., 1., 1., 1., 1., 1., 0., 1.,
       1., 1., 1., 1., 1., 1.]))
251. ('Y_test', 637    1.0
638    1.0
639    1.0
640    1.0
641    1.0
642    1.0
643    1.0
644    1.0
645    0.0
646    1.0
647    0.0
648    1.0
649    1.0
650    1.0
651    1.0
652    1.0
653    1.0
654    1.0
655    1.0
656    0.0
657    1.0
658    1.0
659    1.0
660    0.0
661    0.0
662    1.0
663    1.0
664    0.0
665    1.0
666    1.0
      ... 
698    1.0
699    1.0
700    1.0
701    1.0
702    1.0
703    1.0
704    1.0
705    0.0
706    1.0
707    1.0
708    1.0
709    1.0
710    1.0
711    1.0
712    1.0
713    1.0
714    1.0
715    1.0
716    1.0
717    1.0
718    1.0
719    1.0
720    1.0
721    0.0
722    0.0
723    0.0
724    1.0
725    1.0
726    1.0
727    1.0
Name: esem_status, Length: 91, dtype: float64)
252. ('predY', array([1., 1., 1., 1., 1., 1., 1., 1., 1., 1., 1., 1., 1., 1., 1., 1., 0.,
       1., 1., 0., 1., 1., 1., 1., 1., 1., 0., 0., 1., 1., 1., 1., 1., 1.,
       1., 0., 0., 1., 1., 0., 1., 0., 1., 1., 1., 1., 1., 1., 1., 1., 1.,
       0., 1., 1., 1., 1., 1., 1., 0., 1., 1., 1., 1., 1., 1., 1., 1., 1.,
       1., 1., 1., 1., 1., 1., 1., 1., 1., 1., 1., 1., 1., 1., 1., 1., 1.,
       1., 1., 1., 1., 1., 1.]))
253. ('Y_test', 728    1.0
729    0.0
730    1.0
731    0.0
732    0.0
733    1.0
734    1.0
735    0.0
736    1.0
737    0.0
738    0.0
739    1.0
740    1.0
741    1.0
742    1.0
743    1.0
744    1.0
745    1.0
746    1.0
747    1.0
748    1.0
749    0.0
750    1.0
751    1.0
752    1.0
753    0.0
754    1.0
755    1.0
756    0.0
757    1.0
      ... 
789    0.0
790    1.0
791    1.0
792    1.0
793    1.0
794    1.0
795    0.0
796    1.0
797    1.0
798    1.0
799    1.0
800    1.0
801    1.0
802    1.0
803    1.0
804    0.0
805    1.0
806    0.0
807    0.0
808    1.0
809    1.0
810    1.0
811    1.0
812    1.0
813    1.0
814    1.0
815    1.0
816    1.0
817    1.0
818    1.0
Name: esem_status, Length: 91, dtype: float64)
254. ('predY', array([1., 0., 1., 0., 1., 1., 1., 1., 1., 1., 1., 1., 1., 1., 1., 1., 1.,
       1., 1., 1., 1., 1., 1., 1., 0., 0., 1., 0., 0., 1., 1., 1., 1., 1.,
       1., 1., 1., 1., 1., 0., 1., 1., 1., 1., 1., 1., 1., 1., 1., 1., 1.,
       1., 1., 1., 1., 1., 1., 1., 1., 1., 1., 1., 1., 1., 1., 1., 1., 0.,
       1., 1., 1., 1., 1., 1., 0., 1., 0., 1., 0., 1., 1., 1., 1., 1., 1.,
       1., 1., 1., 1., 1., 1.]))
255. ('Y_test', 819    0.0
820    1.0
821    1.0
822    0.0
823    1.0
824    1.0
825    0.0
826    1.0
827    1.0
828    1.0
829    0.0
830    1.0
831    1.0
832    1.0
833    1.0
834    1.0
835    1.0
836    1.0
837    1.0
838    1.0
839    1.0
840    1.0
841    1.0
842    1.0
843    0.0
844    1.0
845    1.0
846    1.0
847    0.0
848    1.0
      ... 
886    0.0
887    0.0
888    1.0
889    1.0
890    0.0
891    1.0
892    0.0
893    1.0
894    1.0
895    1.0
896    1.0
897    1.0
898    1.0
899    0.0
900    1.0
901    1.0
902    1.0
903    0.0
904    1.0
905    1.0
906    1.0
907    1.0
908    0.0
909    1.0
910    1.0
911    1.0
912    1.0
913    0.0
914    1.0
915    1.0
Name: esem_status, Length: 97, dtype: float64)
256. ('predY', array([1., 1., 1., 1., 0., 1., 1., 0., 1., 1., 1., 1., 0., 1., 1., 1., 1.,
       1., 1., 0., 1., 1., 1., 1., 1., 1., 1., 1., 1., 1., 1., 1., 1., 1.,
       1., 1., 1., 1., 0., 1., 1., 1., 1., 1., 1., 1., 1., 1., 1., 1., 1.,
       1., 1., 1., 1., 1., 1., 1., 1., 1., 1., 1., 1., 1., 1., 1., 1., 0.,
       1., 1., 1., 1., 1., 0., 1., 1., 1., 1., 1., 1., 1., 1., 1., 1., 1.,
       1., 0., 0., 1., 1., 1., 1., 1., 1., 1., 1., 1.]))
