0. ('finished cleaning', '/home/alex/Thesis/Experiment/Data/AggregateText/hamstergem__hamster.json')
1. ('finished cleaning', '/home/alex/Thesis/Experiment/Data/AggregateText/drakeet__MaterialDialog.json')
2. ('finished cleaning', '/home/alex/Thesis/Experiment/Data/AggregateText/nicklockwood__iRate.json')
3. ('finished cleaning', '/home/alex/Thesis/Experiment/Data/AggregateText/zurb__foundation-apps.json')
4. ('finished cleaning', '/home/alex/Thesis/Experiment/Data/AggregateText/utahta__pythonbrew.json')
5. ('finished cleaning', '/home/alex/Thesis/Experiment/Data/AggregateText/hojberg__cssarrowplease.json')
6. ('finished cleaning', '/home/alex/Thesis/Experiment/Data/AggregateText/dataarts__dat.gui.json')
7. ('finished cleaning', '/home/alex/Thesis/Experiment/Data/AggregateText/formly-js__angular-formly.json')
8. ('finished cleaning', '/home/alex/Thesis/Experiment/Data/AggregateText/stig__json-framework.json')
9. ('finished cleaning', '/home/alex/Thesis/Experiment/Data/AggregateText/flightjs__flight.json')
10. ('finished cleaning', '/home/alex/Thesis/Experiment/Data/AggregateText/gazay__gon.json')
11. ('finished cleaning', '/home/alex/Thesis/Experiment/Data/AggregateText/benjaminoakes__maid.json')
12. ('finished cleaning', '/home/alex/Thesis/Experiment/Data/AggregateText/johannilsson__android-pulltorefresh.json')
13. ('finished cleaning', '/home/alex/Thesis/Experiment/Data/AggregateText/HubSpot__offline.json')
14. ('finished cleaning', '/home/alex/Thesis/Experiment/Data/AggregateText/tobie__ua-parser.json')
15. ('finished cleaning', '/home/alex/Thesis/Experiment/Data/AggregateText/Compass__compass.json')
16. ('finished cleaning', '/home/alex/Thesis/Experiment/Data/AggregateText/revolunet__angular-carousel.json')
17. ('finished cleaning', '/home/alex/Thesis/Experiment/Data/AggregateText/SlexAxton__yepnope.js.json')
18. ('finished cleaning', '/home/alex/Thesis/Experiment/Data/AggregateText/cartalyst__sentry.json')
19. ('finished cleaning', '/home/alex/Thesis/Experiment/Data/AggregateText/atom__vim-mode.json')
20. ('finished cleaning', '/home/alex/Thesis/Experiment/Data/AggregateText/nicklockwood__iVersion.json')
21. ('finished cleaning', '/home/alex/Thesis/Experiment/Data/AggregateText/Khan__khan-exercises.json')
22. ('finished cleaning', '/home/alex/Thesis/Experiment/Data/AggregateText/json5__json5.json')
23. ('finished cleaning', '/home/alex/Thesis/Experiment/Data/AggregateText/martinblech__xmltodict.json')
24. ('finished cleaning', '/home/alex/Thesis/Experiment/Data/AggregateText/hpneo__gmaps.json')
25. ('finished cleaning', '/home/alex/Thesis/Experiment/Data/AggregateText/holman__spark.json')
26. ('finished cleaning', '/home/alex/Thesis/Experiment/Data/AggregateText/seven1m__30-days-of-elixir.json')
27. ('finished cleaning', '/home/alex/Thesis/Experiment/Data/AggregateText/google-fabric__velocity-react.json')
28. ('finished cleaning', '/home/alex/Thesis/Experiment/Data/AggregateText/bfirsh__jsnes.json')
29. ('finished cleaning', '/home/alex/Thesis/Experiment/Data/AggregateText/imsky__holder.json')
30. ('finished cleaning', '/home/alex/Thesis/Experiment/Data/AggregateText/burke__zeus.json')
31. ('finished cleaning', '/home/alex/Thesis/Experiment/Data/AggregateText/casesandberg__reactcss.json')
32. ('finished cleaning', '/home/alex/Thesis/Experiment/Data/AggregateText/jaredsinclair__JTSImageViewController.json')
33. ('finished cleaning', '/home/alex/Thesis/Experiment/Data/AggregateText/coolwanglu__pdf2htmlEX.json')
34. ('finished cleaning', '/home/alex/Thesis/Experiment/Data/AggregateText/feathericons__feather.json')
35. ('finished cleaning', '/home/alex/Thesis/Experiment/Data/AggregateText/Prototik__HoloEverywhere.json')
36. ('finished cleaning', '/home/alex/Thesis/Experiment/Data/AggregateText/adamzap__landslide.json')
37. ('finished cleaning', '/home/alex/Thesis/Experiment/Data/AggregateText/dropbox__dropbox-js.json')
38. ('finished cleaning', '/home/alex/Thesis/Experiment/Data/AggregateText/asciimoo__drawille.json')
39. ('finished cleaning', '/home/alex/Thesis/Experiment/Data/AggregateText/cloudhead__node-static.json')
40. ('finished cleaning', '/home/alex/Thesis/Experiment/Data/AggregateText/mishoo__UglifyJS.json')
41. ('finished cleaning', '/home/alex/Thesis/Experiment/Data/AggregateText/me115__linuxtools_rst.json')
42. ('finished cleaning', '/home/alex/Thesis/Experiment/Data/AggregateText/mootools__mootools-core.json')
43. ('finished cleaning', '/home/alex/Thesis/Experiment/Data/AggregateText/nicinabox__superslides.json')
44. ('finished cleaning', '/home/alex/Thesis/Experiment/Data/AggregateText/markdalgleish__stellar.js.json')
45. ('finished cleaning', '/home/alex/Thesis/Experiment/Data/AggregateText/drublic__css-modal.json')
46. ('finished cleaning', '/home/alex/Thesis/Experiment/Data/AggregateText/jaunesarmiento__fries.json')
47. ('finished cleaning', '/home/alex/Thesis/Experiment/Data/AggregateText/spotify__HubFramework.json')
48. ('finished cleaning', '/home/alex/Thesis/Experiment/Data/AggregateText/jquery__jquery-mobile.json')
49. ('finished cleaning', '/home/alex/Thesis/Experiment/Data/AggregateText/yeoman__generator-webapp.json')
50. ('finished cleaning', '/home/alex/Thesis/Experiment/Data/AggregateText/webpack-contrib__sass-loader.json')
51. ('finished cleaning', '/home/alex/Thesis/Experiment/Data/AggregateText/isaacs__node-glob.json')
52. ('finished cleaning', '/home/alex/Thesis/Experiment/Data/AggregateText/HazyResearch__deepdive.json')
53. ('finished cleaning', '/home/alex/Thesis/Experiment/Data/AggregateText/wting__autojump.json')
54. ('finished cleaning', '/home/alex/Thesis/Experiment/Data/AggregateText/chrippa__livestreamer.json')
55. ('finished cleaning', '/home/alex/Thesis/Experiment/Data/AggregateText/rbgirshick__rcnn.json')
56. ('finished cleaning', '/home/alex/Thesis/Experiment/Data/AggregateText/quil__quil.json')
57. ('finished cleaning', '/home/alex/Thesis/Experiment/Data/AggregateText/VictorBjelkholm__ngProgress.json')
58. ('finished cleaning', '/home/alex/Thesis/Experiment/Data/AggregateText/prasmussen__gdrive.json')
59. ('finished cleaning', '/home/alex/Thesis/Experiment/Data/AggregateText/daneden__Toast.json')
60. ('finished cleaning', '/home/alex/Thesis/Experiment/Data/AggregateText/crosswalk-project__crosswalk.json')
61. ('finished cleaning', '/home/alex/Thesis/Experiment/Data/AggregateText/yuku-t__jquery-textcomplete.json')
62. ('finished cleaning', '/home/alex/Thesis/Experiment/Data/AggregateText/JakeWharton__sdk-manager-plugin.json')
63. ('finished cleaning', '/home/alex/Thesis/Experiment/Data/AggregateText/hipache__hipache.json')
64. ('finished cleaning', '/home/alex/Thesis/Experiment/Data/AggregateText/johnpolacek__superscrollorama.json')
65. ('finished cleaning', '/home/alex/Thesis/Experiment/Data/AggregateText/Rich-Harris__ramjet.json')
66. ('finished cleaning', '/home/alex/Thesis/Experiment/Data/AggregateText/stripe__mosql.json')
67. ('finished cleaning', '/home/alex/Thesis/Experiment/Data/AggregateText/Homebrew__homebrew-php.json')
68. ('finished cleaning', '/home/alex/Thesis/Experiment/Data/AggregateText/shazow__ssh-chat.json')
69. ('finished cleaning', '/home/alex/Thesis/Experiment/Data/AggregateText/creationix__js-git.json')
70. ('finished cleaning', '/home/alex/Thesis/Experiment/Data/AggregateText/christianalfoni__formsy-react.json')
71. ('finished cleaning', '/home/alex/Thesis/Experiment/Data/AggregateText/JoanZapata__android-pdfview.json')
72. ('finished cleaning', '/home/alex/Thesis/Experiment/Data/AggregateText/appjs__appjs.json')
73. ('finished cleaning', '/home/alex/Thesis/Experiment/Data/AggregateText/nelhage__reptyr.json')
74. ('finished cleaning', '/home/alex/Thesis/Experiment/Data/AggregateText/ericdrowell__KineticJS.json')
75. ('finished cleaning', '/home/alex/Thesis/Experiment/Data/AggregateText/gilesbowkett__rewind.json')
76. ('finished cleaning', '/home/alex/Thesis/Experiment/Data/AggregateText/JakeWharton__NineOldAndroids.json')
77. ('finished cleaning', '/home/alex/Thesis/Experiment/Data/AggregateText/Comcast__FreeFlow.json')
78. ('finished cleaning', '/home/alex/Thesis/Experiment/Data/AggregateText/bramp__js-sequence-diagrams.json')
79. ('finished cleaning', '/home/alex/Thesis/Experiment/Data/AggregateText/documentcloud__visualsearch.json')
80. ('finished cleaning', '/home/alex/Thesis/Experiment/Data/AggregateText/fruux__Baikal.json')
81. ('finished cleaning', '/home/alex/Thesis/Experiment/Data/AggregateText/radex__SwiftyUserDefaults.json')
82. ('finished cleaning', '/home/alex/Thesis/Experiment/Data/AggregateText/specta__specta.json')
83. ('finished cleaning', '/home/alex/Thesis/Experiment/Data/AggregateText/mailgun__godebug.json')
84. ('finished cleaning', '/home/alex/Thesis/Experiment/Data/AggregateText/stutrek__scrollMonitor.json')
85. ('finished cleaning', '/home/alex/Thesis/Experiment/Data/AggregateText/nikgraf__belle.json')
86. ('finished cleaning', '/home/alex/Thesis/Experiment/Data/AggregateText/prikhi__pencil.json')
87. ('finished cleaning', '/home/alex/Thesis/Experiment/Data/AggregateText/polaris1119__The-Golang-Standard-Library-by-Example.json')
88. ('finished cleaning', '/home/alex/Thesis/Experiment/Data/AggregateText/tbruyelle__RxPermissions.json')
89. ('finished cleaning', '/home/alex/Thesis/Experiment/Data/AggregateText/njdehoog__NHBalancedFlowLayout.json')
90. ('finished cleaning', '/home/alex/Thesis/Experiment/Data/AggregateText/zk00006__OpenTLD.json')
91. ('finished cleaning', '/home/alex/Thesis/Experiment/Data/AggregateText/joyoyao__superCleanMaster.json')
92. ('finished cleaning', '/home/alex/Thesis/Experiment/Data/AggregateText/angular__quickstart.json')
93. ('finished cleaning', '/home/alex/Thesis/Experiment/Data/AggregateText/harthur__brain.json')
94. ('finished cleaning', '/home/alex/Thesis/Experiment/Data/AggregateText/exif-js__exif-js.json')
95. ('finished cleaning', '/home/alex/Thesis/Experiment/Data/AggregateText/goraft__raft.json')
96. ('finished cleaning', '/home/alex/Thesis/Experiment/Data/AggregateText/carrot__share-button.json')
97. ('finished cleaning', '/home/alex/Thesis/Experiment/Data/AggregateText/clojure__core.async.json')
98. ('finished cleaning', '/home/alex/Thesis/Experiment/Data/AggregateText/alexk111__SVG-Morpheus.json')
99. ('finished cleaning', '/home/alex/Thesis/Experiment/Data/AggregateText/elrumordelaluz__csshake.json')
100. ('finished cleaning', '/home/alex/Thesis/Experiment/Data/AggregateText/facebookarchive__facebook-php-sdk.json')
101. ('finished cleaning', '/home/alex/Thesis/Experiment/Data/AggregateText/defunkt__dotjs.json')
102. ('finished cleaning', '/home/alex/Thesis/Experiment/Data/AggregateText/RubyMoney__money.json')
103. ('finished cleaning', '/home/alex/Thesis/Experiment/Data/AggregateText/aFarkas__webshim.json')
104. ('finished cleaning', '/home/alex/Thesis/Experiment/Data/AggregateText/progit__progit.json')
105. ('finished cleaning', '/home/alex/Thesis/Experiment/Data/AggregateText/summerblue__phphub.json')
106. ('finished cleaning', '/home/alex/Thesis/Experiment/Data/AggregateText/johnpolacek__scrollorama.json')
107. ('finished cleaning', '/home/alex/Thesis/Experiment/Data/AggregateText/evil-icons__evil-icons.json')
108. ('finished cleaning', '/home/alex/Thesis/Experiment/Data/AggregateText/jejacks0n__teaspoon.json')
109. ('finished cleaning', '/home/alex/Thesis/Experiment/Data/AggregateText/ashtuchkin__iconv-lite.json')
110. ('finished cleaning', '/home/alex/Thesis/Experiment/Data/AggregateText/spray__spray.json')
111. ('finished cleaning', '/home/alex/Thesis/Experiment/Data/AggregateText/MobileChromeApps__mobile-chrome-apps.json')
112. ('finished cleaning', '/home/alex/Thesis/Experiment/Data/AggregateText/johannilsson__android-actionbar.json')
113. ('finished cleaning', '/home/alex/Thesis/Experiment/Data/AggregateText/dfcb__BigVideo.js.json')
114. ('finished cleaning', '/home/alex/Thesis/Experiment/Data/AggregateText/markushi__android-ui.json')
115. ('finished cleaning', '/home/alex/Thesis/Experiment/Data/AggregateText/rtfeldman__seamless-immutable.json')
116. ('finished cleaning', '/home/alex/Thesis/Experiment/Data/AggregateText/rsms__node-imagemagick.json')
117. ('finished cleaning', '/home/alex/Thesis/Experiment/Data/AggregateText/mikechambers__as3corelib.json')
118. ('finished cleaning', '/home/alex/Thesis/Experiment/Data/AggregateText/angular-ui__ui-utils.json')
119. ('finished cleaning', '/home/alex/Thesis/Experiment/Data/AggregateText/omab__python-social-auth.json')
120. ('finished cleaning', '/home/alex/Thesis/Experiment/Data/AggregateText/gitlabhq__gitlab-ci.json')
121. ('finished cleaning', '/home/alex/Thesis/Experiment/Data/AggregateText/deis__deis.json')
122. ('finished cleaning', '/home/alex/Thesis/Experiment/Data/AggregateText/lipis__bootstrap-social.json')
123. ('finished cleaning', '/home/alex/Thesis/Experiment/Data/AggregateText/hueniverse__oz.json')
124. ('finished cleaning', '/home/alex/Thesis/Experiment/Data/AggregateText/sehmaschine__django-grappelli.json')
125. ('finished cleaning', '/home/alex/Thesis/Experiment/Data/AggregateText/facebookarchive__origami.json')
126. ('finished cleaning', '/home/alex/Thesis/Experiment/Data/AggregateText/igrigorik__ga-beacon.json')
127. ('finished cleaning', '/home/alex/Thesis/Experiment/Data/AggregateText/uber-archive__image-diff.json')
128. ('finished cleaning', '/home/alex/Thesis/Experiment/Data/AggregateText/sj26__mailcatcher.json')
129. ('finished cleaning', '/home/alex/Thesis/Experiment/Data/AggregateText/zensh__jsgen.json')
130. ('finished cleaning', '/home/alex/Thesis/Experiment/Data/AggregateText/rbgirshick__fast-rcnn.json')
131. ('finished cleaning', '/home/alex/Thesis/Experiment/Data/AggregateText/leemunroe__grunt-email-workflow.json')
132. ('finished cleaning', '/home/alex/Thesis/Experiment/Data/AggregateText/jonathanslenders__pyvim.json')
133. ('finished cleaning', '/home/alex/Thesis/Experiment/Data/AggregateText/rofl0r__proxychains-ng.json')
134. ('finished cleaning', '/home/alex/Thesis/Experiment/Data/AggregateText/IanLunn__jQuery-Parallax.json')
135. ('finished cleaning', '/home/alex/Thesis/Experiment/Data/AggregateText/morrisjs__morris.js.json')
136. ('finished cleaning', '/home/alex/Thesis/Experiment/Data/AggregateText/nicklockwood__FXBlurView.json')
137. ('finished cleaning', '/home/alex/Thesis/Experiment/Data/AggregateText/addyosmani__basket.js.json')
138. ('finished cleaning', '/home/alex/Thesis/Experiment/Data/AggregateText/fabien-d__alertify.js.json')
139. ('finished cleaning', '/home/alex/Thesis/Experiment/Data/AggregateText/toland__qlmarkdown.json')
140. ('finished cleaning', '/home/alex/Thesis/Experiment/Data/AggregateText/yeoman__yeoman.json')
141. ('finished cleaning', '/home/alex/Thesis/Experiment/Data/AggregateText/PHPOffice__PHPExcel.json')
142. ('finished cleaning', '/home/alex/Thesis/Experiment/Data/AggregateText/jp9000__OBS.json')
143. ('finished cleaning', '/home/alex/Thesis/Experiment/Data/AggregateText/tower__tower.json')
144. ('finished cleaning', '/home/alex/Thesis/Experiment/Data/AggregateText/jdesboeufs__connect-mongo.json')
145. ('finished cleaning', '/home/alex/Thesis/Experiment/Data/AggregateText/Nyx0uf__NYXImagesKit.json')
146. ('finished cleaning', '/home/alex/Thesis/Experiment/Data/AggregateText/twilio__stashboard.json')
147. ('finished cleaning', '/home/alex/Thesis/Experiment/Data/AggregateText/facebook__mention-bot.json')
148. ('finished cleaning', '/home/alex/Thesis/Experiment/Data/AggregateText/postwait__node-amqp.json')
149. ('finished cleaning', '/home/alex/Thesis/Experiment/Data/AggregateText/antimatter15__ocrad.js.json')
150. ('finished cleaning', '/home/alex/Thesis/Experiment/Data/AggregateText/lra__mackup.json')
151. ('finished cleaning', '/home/alex/Thesis/Experiment/Data/AggregateText/d3__d3-plugins.json')
152. ('finished cleaning', '/home/alex/Thesis/Experiment/Data/AggregateText/KrauseFx__TSMessages.json')
153. ('finished cleaning', '/home/alex/Thesis/Experiment/Data/AggregateText/allmarkedup__purl.json')
154. ('finished cleaning', '/home/alex/Thesis/Experiment/Data/AggregateText/overtake__telegram.json')
155. ('finished cleaning', '/home/alex/Thesis/Experiment/Data/AggregateText/trailblazer__cells.json')
156. ('finished cleaning', '/home/alex/Thesis/Experiment/Data/AggregateText/NUKnightLab__TimelineJS.json')
157. ('finished cleaning', '/home/alex/Thesis/Experiment/Data/AggregateText/prawnpdf__prawn.json')
158. ('finished cleaning', '/home/alex/Thesis/Experiment/Data/AggregateText/tpope__vim-pathogen.json')
159. ('finished cleaning', '/home/alex/Thesis/Experiment/Data/AggregateText/facebook__PathPicker.json')
160. ('finished cleaning', '/home/alex/Thesis/Experiment/Data/AggregateText/thedjpetersen__subway.json')
161. ('finished cleaning', '/home/alex/Thesis/Experiment/Data/AggregateText/mikeash__MAObjCRuntime.json')
162. ('finished cleaning', '/home/alex/Thesis/Experiment/Data/AggregateText/socketstream__socketstream.json')
163. ('finished cleaning', '/home/alex/Thesis/Experiment/Data/AggregateText/tilemill-project__tilemill.json')
164. ('finished cleaning', '/home/alex/Thesis/Experiment/Data/AggregateText/tobegit3hub__seagull.json')
165. ('finished cleaning', '/home/alex/Thesis/Experiment/Data/AggregateText/RomainPiel__Titanic.json')
166. ('finished cleaning', '/home/alex/Thesis/Experiment/Data/AggregateText/go-mgo__mgo.json')
167. ('finished cleaning', '/home/alex/Thesis/Experiment/Data/AggregateText/callumboddy__CBZSplashView.json')
168. ('finished cleaning', '/home/alex/Thesis/Experiment/Data/AggregateText/airbnb__AirMapView.json')
169. ('finished cleaning', '/home/alex/Thesis/Experiment/Data/AggregateText/nathansearles__Slides.json')
170. ('finished cleaning', '/home/alex/Thesis/Experiment/Data/AggregateText/curran__screencasts.json')
171. ('finished cleaning', '/home/alex/Thesis/Experiment/Data/AggregateText/facebookarchive__fixed-data-table.json')
172. ('finished cleaning', '/home/alex/Thesis/Experiment/Data/AggregateText/squaremo__rabbit.js.json')
173. ('finished cleaning', '/home/alex/Thesis/Experiment/Data/AggregateText/scrapy__dirbot.json')
174. ('finished cleaning', '/home/alex/Thesis/Experiment/Data/AggregateText/gorangajic__react-icons.json')
175. ('finished cleaning', '/home/alex/Thesis/Experiment/Data/AggregateText/jessesquires__JSQMessagesViewController.json')
176. ('finished cleaning', '/home/alex/Thesis/Experiment/Data/AggregateText/emojione__emojify.js.json')
177. ('finished cleaning', '/home/alex/Thesis/Experiment/Data/AggregateText/carlsednaoui__ouibounce.json')
178. ('finished cleaning', '/home/alex/Thesis/Experiment/Data/AggregateText/somerandomdude__Iconic.json')
179. ('finished cleaning', '/home/alex/Thesis/Experiment/Data/AggregateText/go-yaml__yaml.json')
180. ('finished cleaning', '/home/alex/Thesis/Experiment/Data/AggregateText/jquery-backstretch__jquery-backstretch.json')
181. ('finished cleaning', '/home/alex/Thesis/Experiment/Data/AggregateText/js-next__react-style.json')
182. ('finished cleaning', '/home/alex/Thesis/Experiment/Data/AggregateText/sagivo__algorithms.json')
183. ('finished cleaning', '/home/alex/Thesis/Experiment/Data/AggregateText/snowdream__awesome-android.json')
184. ('finished cleaning', '/home/alex/Thesis/Experiment/Data/AggregateText/douban__code.json')
185. ('finished cleaning', '/home/alex/Thesis/Experiment/Data/AggregateText/millermedeiros__js-signals.json')
186. ('finished cleaning', '/home/alex/Thesis/Experiment/Data/AggregateText/chocolatey__chocolatey.json')
187. ('finished cleaning', '/home/alex/Thesis/Experiment/Data/AggregateText/adamdbradley__foresight.js.json')
188. ('finished cleaning', '/home/alex/Thesis/Experiment/Data/AggregateText/getify__LABjs.json')
189. ('finished cleaning', '/home/alex/Thesis/Experiment/Data/AggregateText/mojombo__chronic.json')
190. ('finished cleaning', '/home/alex/Thesis/Experiment/Data/AggregateText/fsnotify__fsnotify.json')
191. ('finished cleaning', '/home/alex/Thesis/Experiment/Data/AggregateText/mhagger__git-imerge.json')
192. ('finished cleaning', '/home/alex/Thesis/Experiment/Data/AggregateText/AFNetworking__AFIncrementalStore.json')
193. ('finished cleaning', '/home/alex/Thesis/Experiment/Data/AggregateText/damonkohler__sl4a.json')
194. ('finished cleaning', '/home/alex/Thesis/Experiment/Data/AggregateText/topcoat__topcoat.json')
195. ('finished cleaning', '/home/alex/Thesis/Experiment/Data/AggregateText/gmoledina__GMGridView.json')
196. ('finished cleaning', '/home/alex/Thesis/Experiment/Data/AggregateText/nicklockwood__FXForms.json')
197. ('finished cleaning', '/home/alex/Thesis/Experiment/Data/AggregateText/evrone__quiet_assets.json')
198. ('finished cleaning', '/home/alex/Thesis/Experiment/Data/AggregateText/kien__ctrlp.vim.json')
199. ('finished cleaning', '/home/alex/Thesis/Experiment/Data/AggregateText/lucadegasperi__oauth2-server-laravel.json')
200. ('finished cleaning', '/home/alex/Thesis/Experiment/Data/AggregateText/facebookarchive__scribe.json')
201. ('finished cleaning', '/home/alex/Thesis/Experiment/Data/AggregateText/jescalan__roots.json')
202. ('finished cleaning', '/home/alex/Thesis/Experiment/Data/AggregateText/wavded__humane-js.json')
203. ('finished cleaning', '/home/alex/Thesis/Experiment/Data/AggregateText/mobileplayer__mobileplayer-ios.json')
204. ('finished cleaning', '/home/alex/Thesis/Experiment/Data/AggregateText/kriskowal__q.json')
205. ('finished cleaning', '/home/alex/Thesis/Experiment/Data/AggregateText/go-gorp__gorp.json')
206. ('finished cleaning', '/home/alex/Thesis/Experiment/Data/AggregateText/ionic-team__ng-cordova.json')
207. ('finished cleaning', '/home/alex/Thesis/Experiment/Data/AggregateText/tools__godep.json')
208. ('finished cleaning', '/home/alex/Thesis/Experiment/Data/AggregateText/iron__iron.json')
209. ('finished cleaning', '/home/alex/Thesis/Experiment/Data/AggregateText/sindresorhus__screenfull.js.json')
210. ('finished cleaning', '/home/alex/Thesis/Experiment/Data/AggregateText/0xced__iOS-Artwork-Extractor.json')
211. ('finished cleaning', '/home/alex/Thesis/Experiment/Data/AggregateText/go-martini__martini.json')
212. ('finished cleaning', '/home/alex/Thesis/Experiment/Data/AggregateText/rigoneri__syte.json')
213. ('finished cleaning', '/home/alex/Thesis/Experiment/Data/AggregateText/junegunn__redis-stat.json')
214. ('finished cleaning', '/home/alex/Thesis/Experiment/Data/AggregateText/twitter-archive__gizzard.json')
215. ('finished cleaning', '/home/alex/Thesis/Experiment/Data/AggregateText/pornel__slip.json')
216. ('finished cleaning', '/home/alex/Thesis/Experiment/Data/AggregateText/dchelimsky__rspec.json')
217. ('finished cleaning', '/home/alex/Thesis/Experiment/Data/AggregateText/square__crossfilter.json')
218. ('finished cleaning', '/home/alex/Thesis/Experiment/Data/AggregateText/michaelficarra__CoffeeScriptRedux.json')
219. ('finished cleaning', '/home/alex/Thesis/Experiment/Data/AggregateText/filamentgroup__fixed-sticky.json')
220. ('finished cleaning', '/home/alex/Thesis/Experiment/Data/AggregateText/leapmotion__leapjs.json')
221. ('finished cleaning', '/home/alex/Thesis/Experiment/Data/AggregateText/angular-ui__bootstrap.json')
222. ('finished cleaning', '/home/alex/Thesis/Experiment/Data/AggregateText/stormzhang__9GAG.json')
223. ('finished cleaning', '/home/alex/Thesis/Experiment/Data/AggregateText/makovkastar__FloatingActionButton.json')
224. ('finished cleaning', '/home/alex/Thesis/Experiment/Data/AggregateText/mgravell__protobuf-net.json')
225. ('finished cleaning', '/home/alex/Thesis/Experiment/Data/AggregateText/spulec__freezegun.json')
226. ('finished cleaning', '/home/alex/Thesis/Experiment/Data/AggregateText/hokein__electron-sample-apps.json')
