0. ('getting issues for', 0)
0. ('getting issues for', 1)
0. ('getting issues for', 2)
0. ('getting issues for', 3)
0. ('getting issues for', 4)
0. ('getting issues for', 5)
14. ('finished repo', 'allmarkedup/purl')
15. ('getting issues for', 5)
14. ('finished repo', 'harthur/brain')
15. ('getting issues for', 1)
14. ('finished repo', 'creationix/js-git')
15. ('getting issues for', 2)
29. ('finished repo', 'curran/screencasts')
30. ('getting issues for', 2)
14. ('finished repo', 'addyosmani/basket.js')
15. ('getting issues for', 0)
44. ('finished repo', 'mikechambers/as3corelib')
45. ('getting issues for', 2)
59. ('finished repo', 'somerandomdude/Iconic')
60. ('getting issues for', 2)
74. ('finished repo', 'flightjs/flight')
75. ('getting issues for', 2)
29. ('finished repo', 'sehmaschine/django-grappelli')
30. ('getting issues for', 5)
14. ('finished repo', 'omab/python-social-auth')
15. ('getting issues for', 4)
14. ('finished repo', 'lra/mackup')
15. ('getting issues for', 3)
89. ('finished repo', 'mgravell/protobuf-net')
90. ('getting issues for', 2)
104. ('finished repo', 'mikeash/MAObjCRuntime')
105. ('getting issues for', 2)
119. ('finished repo', 'carlsednaoui/ouibounce')
120. ('getting issues for', 2)
29. ('finished repo', 'ericdrowell/KineticJS')
30. ('getting issues for', 0)
29. ('finished repo', 'facebook/PathPicker')
30. ('getting issues for', 4)
29. ('finished repo', 'progit/progit')
30. ('getting issues for', 3)
44. ('finished repo', 'igrigorik/ga-beacon')
45. ('getting issues for', 4)
134. ('finished repo', 'square/crossfilter')
135. ('getting issues for', 2)
44. ('finished repo', 'cartalyst/sentry')
45. ('getting issues for', 3)
59. ('finished repo', 'antimatter15/ocrad.js')
60. ('getting issues for', 3)
59. ('finished repo', 'gazay/gon')
60. ('getting issues for', 4)
74. ('finished repo', 'exif-js/exif-js')
75. ('getting issues for', 4)
74. ('finished repo', 'imsky/holder')
75. ('getting issues for', 3)
89. ('finished repo', 'facebookarchive/origami')
90. ('getting issues for', 4)
149. ('finished repo', 'hpneo/gmaps')
150. ('getting issues for', 2)
104. ('finished repo', 'airbnb/AirMapView')
105. ('getting issues for', 4)
119. ('finished repo', 'toland/qlmarkdown')
120. ('getting issues for', 4)
89. ('finished repo', 'thedjpetersen/subway')
90. ('getting issues for', 3)
104. ('finished repo', 'hueniverse/oz')
105. ('getting issues for', 3)
134. ('finished repo', 'hipache/hipache')
135. ('getting issues for', 4)
164. ('finished repo', 'prikhi/pencil')
165. ('getting issues for', 2)
149. ('finished repo', 'hokein/electron-sample-apps')
150. ('getting issues for', 4)
119. ('finished repo', 'angular-ui/ui-utils')
120. ('getting issues for', 3)
134. ('finished repo', 'zk00006/OpenTLD')
135. ('getting issues for', 3)
44. ('finished repo', 'webpack-contrib/sass-loader')
45. ('getting issues for', 0)
59. ('finished repo', 'zensh/jsgen')
60. ('getting issues for', 0)
164. ('finished repo', 'google-fabric/velocity-react')
165. ('getting issues for', 4)
149. ('finished repo', 'nelhage/reptyr')
150. ('getting issues for', 3)
179. ('finished repo', 'aFarkas/webshim')
180. ('getting issues for', 2)
194. ('finished repo', 'evrone/quiet_assets')
195. ('getting issues for', 2)
164. ('finished repo', 'nicklockwood/FXForms')
165. ('getting issues for', 3)
179. ('finished repo', 'michaelficarra/CoffeeScriptRedux')
180. ('getting issues for', 4)
194. ('finished repo', 'Rich-Harris/ramjet')
195. ('getting issues for', 4)
209. ('finished repo', 'JakeWharton/sdk-manager-plugin')
210. ('getting issues for', 2)
209. ('finished repo', 'nathansearles/Slides')
210. ('getting issues for', 4)
224. ('finished repo', 'stripe/mosql')
225. ('getting issues for', 4)
224. ('finished repo', 'tobie/ua-parser')
225. ('getting issues for', 2)
179. ('finished repo', 'morrisjs/morris.js')
180. ('getting issues for', 3)
194. ('finished repo', 'NUKnightLab/TimelineJS')
195. ('getting issues for', 3)
74. ('finished repo', 'ionic-team/ng-cordova')
75. ('getting issues for', 0)
239. ('finished repo', 'prasmussen/gdrive')
240. ('getting issues for', 2)
254. ('finished repo', 'summerblue/phphub')
255. ('getting issues for', 2)
89. ('finished repo', 'facebook/mention-bot')
90. ('getting issues for', 0)
44. ('finished repo', 'jessesquires/JSQMessagesViewController')
45. ('getting issues for', 5)
104. ('finished repo', 'ashtuchkin/iconv-lite')
105. ('getting issues for', 0)
119. ('finished repo', 'AFNetworking/AFIncrementalStore')
120. ('getting issues for', 0)
59. ('finished repo', 'gitlabhq/gitlab-ci')
60. ('getting issues for', 5)
74. ('finished repo', 'getify/LABjs')
75. ('getting issues for', 5)
89. ('finished repo', 'yuku-t/jquery-textcomplete')
90. ('getting issues for', 5)
239. ('finished repo', 'chrippa/livestreamer')
240. ('getting issues for', 4)
104. ('finished repo', 'RubyMoney/money')
105. ('getting issues for', 5)
134. ('finished repo', 'atom/vim-mode')
135. ('getting issues for', 0)
119. ('finished repo', 'twitter-archive/gizzard')
120. ('getting issues for', 5)
134. ('finished repo', 'dfcb/BigVideo.js')
135. ('getting issues for', 5)
149. ('finished repo', 'johnpolacek/superscrollorama')
150. ('getting issues for', 5)
164. ('finished repo', 'pornel/slip')
165. ('getting issues for', 5)
179. ('finished repo', 'elrumordelaluz/csshake')
180. ('getting issues for', 5)
269. ('finished repo', 'tilemill-project/tilemill')
270. ('getting issues for', 2)
194. ('finished repo', 'spotify/HubFramework')
195. ('getting issues for', 5)
284. ('finished repo', 'jquery-backstretch/jquery-backstretch')
285. ('getting issues for', 2)
299. ('finished repo', 'go-gorp/gorp')
300. ('getting issues for', 2)
209. ('finished repo', 'burke/zeus')
210. ('getting issues for', 5)
224. ('finished repo', 'sagivo/algorithms')
225. ('getting issues for', 5)
314. ('finished repo', 'iron/iron')
315. ('getting issues for', 2)
239. ('finished repo', 'kriskowal/q')
240. ('getting issues for', 5)
254. ('finished repo', 'VictorBjelkholm/ngProgress')
255. ('getting issues for', 5)
329. ('finished repo', 'mootools/mootools-core')
330. ('getting issues for', 2)
344. ('finished repo', 'squaremo/rabbit.js')
345. ('getting issues for', 2)
359. ('finished repo', 'overtake/telegram')
360. ('getting issues for', 2)
374. ('finished repo', 'adamzap/landslide')
375. ('getting issues for', 2)
389. ('finished repo', 'Comcast/FreeFlow')
390. ('getting issues for', 2)
404. ('finished repo', 'markushi/android-ui')
405. ('getting issues for', 2)
269. ('finished repo', 'trailblazer/cells')
270. ('getting issues for', 5)
419. ('finished repo', 'spulec/freezegun')
420. ('getting issues for', 2)
434. ('finished repo', 'facebookarchive/scribe')
435. ('getting issues for', 2)
449. ('finished repo', 'jonathanslenders/pyvim')
450. ('getting issues for', 2)
464. ('finished repo', 'hojberg/cssarrowplease')
465. ('getting issues for', 2)
479. ('finished repo', 'facebookarchive/facebook-php-sdk')
480. ('getting issues for', 2)
494. ('finished repo', 'go-yaml/yaml')
495. ('getting issues for', 2)
509. ('finished repo', '0xced/iOS-Artwork-Extractor')
510. ('getting issues for', 2)
524. ('finished repo', 'johannilsson/android-actionbar')
525. ('getting issues for', 2)
284. ('finished repo', 'formly-js/angular-formly')
285. ('getting issues for', 5)
299. ('finished repo', 'dataarts/dat.gui')
300. ('getting issues for', 5)
539. ('finished repo', 'topcoat/topcoat')
540. ('getting issues for', 2)
29. ('finished repo', 'deis/deis')
30. ('getting issues for', 1)
554. ('finished repo', 'go-martini/martini')
555. ('getting issues for', 2)
44. ('finished repo', 'me115/linuxtools_rst')
45. ('getting issues for', 1)
314. ('finished repo', 'kien/ctrlp.vim')
315. ('getting issues for', 5)
569. ('finished repo', 'rtfeldman/seamless-immutable')
59. ('finished repo', 'christianalfoni/formsy-react')
60. ('getting issues for', 1)
329. ('finished repo', 'fsnotify/fsnotify')
330. ('getting issues for', 5)
344. ('finished repo', 'tpope/vim-pathogen')
345. ('getting issues for', 5)
359. ('finished repo', 'johnpolacek/scrollorama')
360. ('getting issues for', 5)
74. ('finished repo', 'tbruyelle/RxPermissions')
75. ('getting issues for', 1)
374. ('finished repo', 'drublic/css-modal')
375. ('getting issues for', 5)
89. ('finished repo', 'jp9000/OBS')
90. ('getting issues for', 1)
104. ('finished repo', 'wavded/humane-js')
105. ('getting issues for', 1)
119. ('finished repo', 'daneden/Toast')
120. ('getting issues for', 1)
389. ('finished repo', 'rofl0r/proxychains-ng')
390. ('getting issues for', 5)
404. ('finished repo', 'angular/quickstart')
405. ('getting issues for', 5)
419. ('finished repo', 'gorangajic/react-icons')
420. ('getting issues for', 5)
434. ('finished repo', 'jaunesarmiento/fries')
435. ('getting issues for', 5)
449. ('finished repo', 'lipis/bootstrap-social')
450. ('getting issues for', 5)
464. ('finished repo', 'quil/quil')
465. ('getting issues for', 5)
479. ('finished repo', 'rbgirshick/fast-rcnn')
480. ('getting issues for', 5)
494. ('finished repo', 'alexk111/SVG-Morpheus')
495. ('getting issues for', 5)
509. ('finished repo', 'johannilsson/android-pulltorefresh')
510. ('getting issues for', 5)
209. ('finished repo', 'jquery/jquery-mobile')
210. ('getting issues for', 3)
224. ('finished repo', 'carrot/share-button')
225. ('getting issues for', 3)
239. ('finished repo', 'clojure/core.async')
240. ('getting issues for', 3)
254. ('finished repo', 'angular-ui/bootstrap')
255. ('getting issues for', 4)
269. ('finished repo', 'njdehoog/NHBalancedFlowLayout')
270. ('getting issues for', 4)
284. ('finished repo', 'nikgraf/belle')
285. ('getting issues for', 4)
299. ('finished repo', 'nicklockwood/iRate')
300. ('getting issues for', 4)
314. ('finished repo', 'stig/json-framework')
315. ('getting issues for', 4)
329. ('finished repo', 'snowdream/awesome-android')
330. ('getting issues for', 4)
344. ('finished repo', 'mailgun/godebug')
345. ('getting issues for', 4)
359. ('finished repo', 'JakeWharton/NineOldAndroids')
360. ('getting issues for', 4)
374. ('finished repo', 'gmoledina/GMGridView')
375. ('getting issues for', 4)
389. ('finished repo', 'dchelimsky/rspec')
390. ('getting issues for', 4)
254. ('finished repo', 'jescalan/roots')
255. ('getting issues for', 3)
269. ('finished repo', 'specta/specta')
270. ('getting issues for', 3)
284. ('finished repo', 'asciimoo/drawille')
285. ('getting issues for', 3)
404. ('finished repo', 'tower/tower')
405. ('getting issues for', 4)
419. ('finished repo', 'sj26/mailcatcher')
420. ('getting issues for', 4)
434. ('finished repo', 'mojombo/chronic')
435. ('getting issues for', 4)
524. ('finished repo', 'Homebrew/homebrew-php')
525. ('getting issues for', 5)
299. ('finished repo', 'tools/godep')
300. ('getting issues for', 3)
539. ('finished repo', 'cloudhead/node-static')
540. ('getting issues for', 5)
554. ('finished repo', 'adamdbradley/foresight.js')
314. ('finished repo', 'socketstream/socketstream')
315. ('getting issues for', 3)
329. ('finished repo', 'appjs/appjs')
330. ('getting issues for', 3)
344. ('finished repo', 'SlexAxton/yepnope.js')
345. ('getting issues for', 3)
359. ('finished repo', 'rbgirshick/rcnn')
360. ('getting issues for', 3)
449. ('finished repo', 'Compass/compass')
450. ('getting issues for', 4)
464. ('finished repo', 'junegunn/redis-stat')
465. ('getting issues for', 4)
479. ('finished repo', 'leapmotion/leapjs')
480. ('getting issues for', 4)
494. ('finished repo', 'nicinabox/superslides')
495. ('getting issues for', 4)
509. ('finished repo', 'uber-archive/image-diff')
510. ('getting issues for', 4)
524. ('finished repo', 'yeoman/generator-webapp')
525. ('getting issues for', 4)
374. ('finished repo', 'yeoman/yeoman')
375. ('getting issues for', 3)
389. ('finished repo', 'sindresorhus/screenfull.js')
390. ('getting issues for', 3)
404. ('finished repo', 'millermedeiros/js-signals')
405. ('getting issues for', 3)
149. ('finished repo', 'Khan/khan-exercises')
150. ('getting issues for', 0)
164. ('finished repo', 'seven1m/30-days-of-elixir')
165. ('getting issues for', 0)
419. ('finished repo', 'goraft/raft')
420. ('getting issues for', 3)
434. ('finished repo', 'douban/code')
435. ('getting issues for', 3)
449. ('finished repo', 'Nyx0uf/NYXImagesKit')
450. ('getting issues for', 3)
464. ('finished repo', 'twilio/stashboard')
465. ('getting issues for', 3)
539. ('finished repo', 'PHPOffice/PHPExcel')
540. ('getting issues for', 4)
479. ('finished repo', 'postwait/node-amqp')
480. ('getting issues for', 3)
494. ('finished repo', 'callumboddy/CBZSplashView')
495. ('getting issues for', 3)
509. ('finished repo', 'polaris1119/The-Golang-Standard-Library-by-Example')
510. ('getting issues for', 3)
179. ('finished repo', 'HazyResearch/deepdive')
180. ('getting issues for', 0)
524. ('finished repo', 'jaredsinclair/JTSImageViewController')
525. ('getting issues for', 3)
134. ('finished repo', 'crosswalk-project/crosswalk')
135. ('getting issues for', 1)
149. ('finished repo', 'filamentgroup/fixed-sticky')
150. ('getting issues for', 1)
554. ('finished repo', 'zurb/foundation-apps')
555. ('getting issues for', 4)
569. ('finished repo', 'mhagger/git-imerge')
539. ('finished repo', 'coolwanglu/pdf2htmlEX')
540. ('getting issues for', 3)
554. ('finished repo', 'rsms/node-imagemagick')
555. ('getting issues for', 3)
194. ('finished repo', 'prawnpdf/prawn')
195. ('getting issues for', 0)
569. ('finished repo', 'hamstergem/hamster')
164. ('finished repo', 'fruux/Baikal')
165. ('getting issues for', 1)
179. ('finished repo', 'rigoneri/syte')
180. ('getting issues for', 1)
194. ('finished repo', 'joyoyao/superCleanMaster')
195. ('getting issues for', 1)
209. ('finished repo', 'RomainPiel/Titanic')
210. ('getting issues for', 1)
209. ('finished repo', 'Prototik/HoloEverywhere')
210. ('getting issues for', 0)
224. ('finished repo', 'facebookarchive/fixed-data-table')
225. ('getting issues for', 1)
224. ('finished repo', 'go-mgo/mgo')
225. ('getting issues for', 0)
239. ('finished repo', 'holman/spark')
240. ('getting issues for', 1)
254. ('finished repo', 'nicklockwood/iVersion')
255. ('getting issues for', 1)
269. ('finished repo', 'revolunet/angular-carousel')
270. ('getting issues for', 1)
284. ('finished repo', 'js-next/react-style')
285. ('getting issues for', 1)
299. ('finished repo', 'dropbox/dropbox-js')
300. ('getting issues for', 1)
314. ('finished repo', 'radex/SwiftyUserDefaults')
315. ('getting issues for', 1)
329. ('finished repo', 'IanLunn/jQuery-Parallax')
330. ('getting issues for', 1)
344. ('finished repo', 'd3/d3-plugins')
345. ('getting issues for', 1)
359. ('finished repo', 'drakeet/MaterialDialog')
360. ('getting issues for', 1)
374. ('finished repo', 'mishoo/UglifyJS')
375. ('getting issues for', 1)
239. ('finished repo', 'chocolatey/chocolatey')
240. ('getting issues for', 0)
254. ('finished repo', 'utahta/pythonbrew')
255. ('getting issues for', 0)
269. ('finished repo', 'KrauseFx/TSMessages')
270. ('getting issues for', 0)
389. ('finished repo', 'jejacks0n/teaspoon')
390. ('getting issues for', 1)
284. ('finished repo', 'lucadegasperi/oauth2-server-laravel')
285. ('getting issues for', 0)
404. ('finished repo', 'stormzhang/9GAG')
405. ('getting issues for', 1)
299. ('finished repo', 'casesandberg/reactcss')
300. ('getting issues for', 0)
419. ('finished repo', 'stutrek/scrollMonitor')
420. ('getting issues for', 1)
434. ('finished repo', 'bfirsh/jsnes')
435. ('getting issues for', 1)
449. ('finished repo', 'json5/json5')
450. ('getting issues for', 1)
464. ('finished repo', 'JoanZapata/android-pdfview')
465. ('getting issues for', 1)
314. ('finished repo', 'MobileChromeApps/mobile-chrome-apps')
315. ('getting issues for', 0)
479. ('finished repo', 'documentcloud/visualsearch')
480. ('getting issues for', 1)
329. ('finished repo', 'shazow/ssh-chat')
330. ('getting issues for', 0)
344. ('finished repo', 'feathericons/feather')
345. ('getting issues for', 0)
359. ('finished repo', 'wting/autojump')
360. ('getting issues for', 0)
494. ('finished repo', 'spray/spray')
495. ('getting issues for', 1)
374. ('finished repo', 'markdalgleish/stellar.js')
375. ('getting issues for', 0)
509. ('finished repo', 'leemunroe/grunt-email-workflow')
510. ('getting issues for', 1)
389. ('finished repo', 'damonkohler/sl4a')
390. ('getting issues for', 0)
524. ('finished repo', 'nicklockwood/FXBlurView')
525. ('getting issues for', 1)
404. ('finished repo', 'martinblech/xmltodict')
405. ('getting issues for', 0)
539. ('finished repo', 'emojione/emojify.js')
540. ('getting issues for', 1)
419. ('finished repo', 'makovkastar/FloatingActionButton')
420. ('getting issues for', 0)
434. ('finished repo', 'jdesboeufs/connect-mongo')
435. ('getting issues for', 0)
554. ('finished repo', 'isaacs/node-glob')
555. ('getting issues for', 1)
569. ('finished repo', 'tobegit3hub/seagull')
449. ('finished repo', 'mobileplayer/mobileplayer-ios')
450. ('getting issues for', 0)
464. ('finished repo', 'benjaminoakes/maid')
465. ('getting issues for', 0)
479. ('finished repo', 'defunkt/dotjs')
480. ('getting issues for', 0)
494. ('finished repo', 'gilesbowkett/rewind')
495. ('getting issues for', 0)
509. ('finished repo', 'bramp/js-sequence-diagrams')
510. ('getting issues for', 0)
524. ('finished repo', 'HubSpot/offline')
525. ('getting issues for', 0)
539. ('finished repo', 'evil-icons/evil-icons')
540. ('getting issues for', 0)
554. ('finished repo', 'fabien-d/alertify.js')
555. ('getting issues for', 0)
569. ('finished repo', 'scrapy/dirbot')
