1. ('issue_comments for repo', 'addyosmani/basket.js', 'uses token', 0)
1. ('issue_comments for repo', 'harthur/brain', 'uses token', 1)
1. ('issue_comments for repo', 'creationix/js-git', 'uses token', 2)
1. ('issue_comments for repo', 'lra/mackup', 'uses token', 3)
1. ('issue_comments for repo', 'omab/python-social-auth', 'uses token', 4)
1. ('issue_comments for repo', 'allmarkedup/purl', 'uses token', 5)
16. ('issue_comments for repo', 'sehmaschine/django-grappelli', 'uses token', 5)
16. ('issue_comments for repo', 'deis/deis', 'uses token', 1)
16. ('issue_comments for repo', 'curran/screencasts', 'uses token', 2)
31. ('issue_comments for repo', 'mikechambers/as3corelib', 'uses token', 2)
16. ('issue_comments for repo', 'ericdrowell/KineticJS', 'uses token', 0)
46. ('issue_comments for repo', 'somerandomdude/Iconic', 'uses token', 2)
61. ('issue_comments for repo', 'flightjs/flight', 'uses token', 2)
76. ('issue_comments for repo', 'mgravell/protobuf-net', 'uses token', 2)
31. ('issue_comments for repo', 'jessesquires/JSQMessagesViewController', 'uses token', 5)
16. ('issue_comments for repo', 'facebook/PathPicker', 'uses token', 4)
16. ('issue_comments for repo', 'progit/progit', 'uses token', 3)
91. ('issue_comments for repo', 'mikeash/MAObjCRuntime', 'uses token', 2)
106. ('issue_comments for repo', 'carlsednaoui/ouibounce', 'uses token', 2)
121. ('issue_comments for repo', 'square/crossfilter', 'uses token', 2)
31. ('issue_comments for repo', 'webpack-contrib/sass-loader', 'uses token', 0)
31. ('issue_comments for repo', 'igrigorik/ga-beacon', 'uses token', 4)
31. ('issue_comments for repo', 'cartalyst/sentry', 'uses token', 3)
46. ('issue_comments for repo', 'gazay/gon', 'uses token', 4)
136. ('issue_comments for repo', 'hpneo/gmaps', 'uses token', 2)
46. ('issue_comments for repo', 'antimatter15/ocrad.js', 'uses token', 3)
61. ('issue_comments for repo', 'imsky/holder', 'uses token', 3)
61. ('issue_comments for repo', 'exif-js/exif-js', 'uses token', 4)
76. ('issue_comments for repo', 'facebookarchive/origami', 'uses token', 4)
76. ('issue_comments for repo', 'thedjpetersen/subway', 'uses token', 3)
91. ('issue_comments for repo', 'airbnb/AirMapView', 'uses token', 4)
151. ('issue_comments for repo', 'prikhi/pencil', 'uses token', 2)
106. ('issue_comments for repo', 'toland/qlmarkdown', 'uses token', 4)
121. ('issue_comments for repo', 'hipache/hipache', 'uses token', 4)
91. ('issue_comments for repo', 'hueniverse/oz', 'uses token', 3)
106. ('issue_comments for repo', 'angular-ui/ui-utils', 'uses token', 3)
136. ('issue_comments for repo', 'hokein/electron-sample-apps', 'uses token', 4)
166. ('issue_comments for repo', 'aFarkas/webshim', 'uses token', 2)
151. ('issue_comments for repo', 'google-fabric/velocity-react', 'uses token', 4)
121. ('issue_comments for repo', 'zk00006/OpenTLD', 'uses token', 3)
136. ('issue_comments for repo', 'nelhage/reptyr', 'uses token', 3)
46. ('issue_comments for repo', 'zensh/jsgen', 'uses token', 0)
61. ('issue_comments for repo', 'ionic-team/ng-cordova', 'uses token', 0)
166. ('issue_comments for repo', 'michaelficarra/CoffeeScriptRedux', 'uses token', 4)
151. ('issue_comments for repo', 'nicklockwood/FXForms', 'uses token', 3)
181. ('issue_comments for repo', 'evrone/quiet_assets', 'uses token', 2)
196. ('issue_comments for repo', 'JakeWharton/sdk-manager-plugin', 'uses token', 2)
166. ('issue_comments for repo', 'morrisjs/morris.js', 'uses token', 3)
181. ('issue_comments for repo', 'Rich-Harris/ramjet', 'uses token', 4)
196. ('issue_comments for repo', 'nathansearles/Slides', 'uses token', 4)
211. ('issue_comments for repo', 'tobie/ua-parser', 'uses token', 2)
211. ('issue_comments for repo', 'stripe/mosql', 'uses token', 4)
226. ('issue_comments for repo', 'chrippa/livestreamer', 'uses token', 4)
226. ('issue_comments for repo', 'prasmussen/gdrive', 'uses token', 2)
181. ('issue_comments for repo', 'NUKnightLab/TimelineJS', 'uses token', 3)
196. ('issue_comments for repo', 'jquery/jquery-mobile', 'uses token', 3)
76. ('issue_comments for repo', 'facebook/mention-bot', 'uses token', 0)
241. ('issue_comments for repo', 'summerblue/phphub', 'uses token', 2)
256. ('issue_comments for repo', 'tilemill-project/tilemill', 'uses token', 2)
91. ('issue_comments for repo', 'ashtuchkin/iconv-lite', 'uses token', 0)
46. ('issue_comments for repo', 'gitlabhq/gitlab-ci', 'uses token', 5)
106. ('issue_comments for repo', 'AFNetworking/AFIncrementalStore', 'uses token', 0)
121. ('issue_comments for repo', 'atom/vim-mode', 'uses token', 0)
61. ('issue_comments for repo', 'getify/LABjs', 'uses token', 5)
76. ('issue_comments for repo', 'yuku-t/jquery-textcomplete', 'uses token', 5)
91. ('issue_comments for repo', 'RubyMoney/money', 'uses token', 5)
241. ('issue_comments for repo', 'angular-ui/bootstrap', 'uses token', 4)
106. ('issue_comments for repo', 'twitter-archive/gizzard', 'uses token', 5)
136. ('issue_comments for repo', 'Khan/khan-exercises', 'uses token', 0)
121. ('issue_comments for repo', 'dfcb/BigVideo.js', 'uses token', 5)
136. ('issue_comments for repo', 'johnpolacek/superscrollorama', 'uses token', 5)
151. ('issue_comments for repo', 'pornel/slip', 'uses token', 5)
166. ('issue_comments for repo', 'elrumordelaluz/csshake', 'uses token', 5)
181. ('issue_comments for repo', 'spotify/HubFramework', 'uses token', 5)
271. ('issue_comments for repo', 'jquery-backstretch/jquery-backstretch', 'uses token', 2)
196. ('issue_comments for repo', 'burke/zeus', 'uses token', 5)
286. ('issue_comments for repo', 'go-gorp/gorp', 'uses token', 2)
301. ('issue_comments for repo', 'iron/iron', 'uses token', 2)
211. ('issue_comments for repo', 'sagivo/algorithms', 'uses token', 5)
226. ('issue_comments for repo', 'kriskowal/q', 'uses token', 5)
316. ('issue_comments for repo', 'mootools/mootools-core', 'uses token', 2)
241. ('issue_comments for repo', 'VictorBjelkholm/ngProgress', 'uses token', 5)
256. ('issue_comments for repo', 'trailblazer/cells', 'uses token', 5)
331. ('issue_comments for repo', 'squaremo/rabbit.js', 'uses token', 2)
346. ('issue_comments for repo', 'overtake/telegram', 'uses token', 2)
361. ('issue_comments for repo', 'adamzap/landslide', 'uses token', 2)
376. ('issue_comments for repo', 'Comcast/FreeFlow', 'uses token', 2)
391. ('issue_comments for repo', 'markushi/android-ui', 'uses token', 2)
406. ('issue_comments for repo', 'spulec/freezegun', 'uses token', 2)
271. ('issue_comments for repo', 'formly-js/angular-formly', 'uses token', 5)
421. ('issue_comments for repo', 'facebookarchive/scribe', 'uses token', 2)
436. ('issue_comments for repo', 'jonathanslenders/pyvim', 'uses token', 2)
451. ('issue_comments for repo', 'hojberg/cssarrowplease', 'uses token', 2)
466. ('issue_comments for repo', 'facebookarchive/facebook-php-sdk', 'uses token', 2)
481. ('issue_comments for repo', 'go-yaml/yaml', 'uses token', 2)
496. ('issue_comments for repo', '0xced/iOS-Artwork-Extractor', 'uses token', 2)
511. ('issue_comments for repo', 'johannilsson/android-actionbar', 'uses token', 2)
526. ('issue_comments for repo', 'topcoat/topcoat', 'uses token', 2)
286. ('issue_comments for repo', 'dataarts/dat.gui', 'uses token', 5)
301. ('issue_comments for repo', 'kien/ctrlp.vim', 'uses token', 5)
541. ('issue_comments for repo', 'go-martini/martini', 'uses token', 2)
31. ('issue_comments for repo', 'me115/linuxtools_rst', 'uses token', 1)
556. ('issue_comments for repo', 'rtfeldman/seamless-immutable', 'uses token', 2)
46. ('issue_comments for repo', 'christianalfoni/formsy-react', 'uses token', 1)
316. ('issue_comments for repo', 'fsnotify/fsnotify', 'uses token', 5)
61. ('issue_comments for repo', 'tbruyelle/RxPermissions', 'uses token', 1)
331. ('issue_comments for repo', 'tpope/vim-pathogen', 'uses token', 5)
346. ('issue_comments for repo', 'johnpolacek/scrollorama', 'uses token', 5)
361. ('issue_comments for repo', 'drublic/css-modal', 'uses token', 5)
76. ('issue_comments for repo', 'jp9000/OBS', 'uses token', 1)
376. ('issue_comments for repo', 'rofl0r/proxychains-ng', 'uses token', 5)
91. ('issue_comments for repo', 'wavded/humane-js', 'uses token', 1)
106. ('issue_comments for repo', 'daneden/Toast', 'uses token', 1)
121. ('issue_comments for repo', 'crosswalk-project/crosswalk', 'uses token', 1)
391. ('issue_comments for repo', 'angular/quickstart', 'uses token', 5)
406. ('issue_comments for repo', 'gorangajic/react-icons', 'uses token', 5)
421. ('issue_comments for repo', 'jaunesarmiento/fries', 'uses token', 5)
436. ('issue_comments for repo', 'lipis/bootstrap-social', 'uses token', 5)
451. ('issue_comments for repo', 'quil/quil', 'uses token', 5)
466. ('issue_comments for repo', 'rbgirshick/fast-rcnn', 'uses token', 5)
481. ('issue_comments for repo', 'alexk111/SVG-Morpheus', 'uses token', 5)
496. ('issue_comments for repo', 'johannilsson/android-pulltorefresh', 'uses token', 5)
511. ('issue_comments for repo', 'Homebrew/homebrew-php', 'uses token', 5)
211. ('issue_comments for repo', 'carrot/share-button', 'uses token', 3)
226. ('issue_comments for repo', 'clojure/core.async', 'uses token', 3)
241. ('issue_comments for repo', 'jescalan/roots', 'uses token', 3)
256. ('issue_comments for repo', 'njdehoog/NHBalancedFlowLayout', 'uses token', 4)
271. ('issue_comments for repo', 'nikgraf/belle', 'uses token', 4)
286. ('issue_comments for repo', 'nicklockwood/iRate', 'uses token', 4)
301. ('issue_comments for repo', 'stig/json-framework', 'uses token', 4)
316. ('issue_comments for repo', 'snowdream/awesome-android', 'uses token', 4)
331. ('issue_comments for repo', 'mailgun/godebug', 'uses token', 4)
346. ('issue_comments for repo', 'JakeWharton/NineOldAndroids', 'uses token', 4)
361. ('issue_comments for repo', 'gmoledina/GMGridView', 'uses token', 4)
376. ('issue_comments for repo', 'dchelimsky/rspec', 'uses token', 4)
391. ('issue_comments for repo', 'tower/tower', 'uses token', 4)
256. ('issue_comments for repo', 'specta/specta', 'uses token', 3)
271. ('issue_comments for repo', 'asciimoo/drawille', 'uses token', 3)
286. ('issue_comments for repo', 'tools/godep', 'uses token', 3)
406. ('issue_comments for repo', 'sj26/mailcatcher', 'uses token', 4)
421. ('issue_comments for repo', 'mojombo/chronic', 'uses token', 4)
436. ('issue_comments for repo', 'Compass/compass', 'uses token', 4)
526. ('issue_comments for repo', 'cloudhead/node-static', 'uses token', 5)
301. ('issue_comments for repo', 'socketstream/socketstream', 'uses token', 3)
541. ('issue_comments for repo', 'adamdbradley/foresight.js', 'uses token', 5)
316. ('issue_comments for repo', 'appjs/appjs', 'uses token', 3)
331. ('issue_comments for repo', 'SlexAxton/yepnope.js', 'uses token', 3)
346. ('issue_comments for repo', 'rbgirshick/rcnn', 'uses token', 3)
361. ('issue_comments for repo', 'yeoman/yeoman', 'uses token', 3)
451. ('issue_comments for repo', 'junegunn/redis-stat', 'uses token', 4)
466. ('issue_comments for repo', 'leapmotion/leapjs', 'uses token', 4)
481. ('issue_comments for repo', 'nicinabox/superslides', 'uses token', 4)
496. ('issue_comments for repo', 'uber-archive/image-diff', 'uses token', 4)
511. ('issue_comments for repo', 'yeoman/generator-webapp', 'uses token', 4)
526. ('issue_comments for repo', 'PHPOffice/PHPExcel', 'uses token', 4)
376. ('issue_comments for repo', 'sindresorhus/screenfull.js', 'uses token', 3)
391. ('issue_comments for repo', 'millermedeiros/js-signals', 'uses token', 3)
406. ('issue_comments for repo', 'goraft/raft', 'uses token', 3)
151. ('issue_comments for repo', 'seven1m/30-days-of-elixir', 'uses token', 0)
166. ('issue_comments for repo', 'HazyResearch/deepdive', 'uses token', 0)
421. ('issue_comments for repo', 'douban/code', 'uses token', 3)
436. ('issue_comments for repo', 'Nyx0uf/NYXImagesKit', 'uses token', 3)
451. ('issue_comments for repo', 'twilio/stashboard', 'uses token', 3)
466. ('issue_comments for repo', 'postwait/node-amqp', 'uses token', 3)
541. ('issue_comments for repo', 'zurb/foundation-apps', 'uses token', 4)
481. ('issue_comments for repo', 'callumboddy/CBZSplashView', 'uses token', 3)
496. ('issue_comments for repo', 'polaris1119/The-Golang-Standard-Library-by-Example', 'uses token', 3)
511. ('issue_comments for repo', 'jaredsinclair/JTSImageViewController', 'uses token', 3)
181. ('issue_comments for repo', 'prawnpdf/prawn', 'uses token', 0)
526. ('issue_comments for repo', 'coolwanglu/pdf2htmlEX', 'uses token', 3)
136. ('issue_comments for repo', 'filamentgroup/fixed-sticky', 'uses token', 1)
151. ('issue_comments for repo', 'fruux/Baikal', 'uses token', 1)
556. ('issue_comments for repo', 'mhagger/git-imerge', 'uses token', 4)
541. ('issue_comments for repo', 'rsms/node-imagemagick', 'uses token', 3)
556. ('issue_comments for repo', 'hamstergem/hamster', 'uses token', 3)
196. ('issue_comments for repo', 'Prototik/HoloEverywhere', 'uses token', 0)
166. ('issue_comments for repo', 'rigoneri/syte', 'uses token', 1)
181. ('issue_comments for repo', 'joyoyao/superCleanMaster', 'uses token', 1)
196. ('issue_comments for repo', 'RomainPiel/Titanic', 'uses token', 1)
211. ('issue_comments for repo', 'facebookarchive/fixed-data-table', 'uses token', 1)
211. ('issue_comments for repo', 'go-mgo/mgo', 'uses token', 0)
226. ('issue_comments for repo', 'holman/spark', 'uses token', 1)
226. ('issue_comments for repo', 'chocolatey/chocolatey', 'uses token', 0)
241. ('issue_comments for repo', 'nicklockwood/iVersion', 'uses token', 1)
256. ('issue_comments for repo', 'revolunet/angular-carousel', 'uses token', 1)
271. ('issue_comments for repo', 'js-next/react-style', 'uses token', 1)
286. ('issue_comments for repo', 'dropbox/dropbox-js', 'uses token', 1)
301. ('issue_comments for repo', 'radex/SwiftyUserDefaults', 'uses token', 1)
316. ('issue_comments for repo', 'IanLunn/jQuery-Parallax', 'uses token', 1)
331. ('issue_comments for repo', 'd3/d3-plugins', 'uses token', 1)
346. ('issue_comments for repo', 'drakeet/MaterialDialog', 'uses token', 1)
361. ('issue_comments for repo', 'mishoo/UglifyJS', 'uses token', 1)
376. ('issue_comments for repo', 'jejacks0n/teaspoon', 'uses token', 1)
241. ('issue_comments for repo', 'utahta/pythonbrew', 'uses token', 0)
256. ('issue_comments for repo', 'KrauseFx/TSMessages', 'uses token', 0)
271. ('issue_comments for repo', 'lucadegasperi/oauth2-server-laravel', 'uses token', 0)
391. ('issue_comments for repo', 'stormzhang/9GAG', 'uses token', 1)
286. ('issue_comments for repo', 'casesandberg/reactcss', 'uses token', 0)
406. ('issue_comments for repo', 'stutrek/scrollMonitor', 'uses token', 1)
301. ('issue_comments for repo', 'MobileChromeApps/mobile-chrome-apps', 'uses token', 0)
421. ('issue_comments for repo', 'bfirsh/jsnes', 'uses token', 1)
436. ('issue_comments for repo', 'json5/json5', 'uses token', 1)
451. ('issue_comments for repo', 'JoanZapata/android-pdfview', 'uses token', 1)
466. ('issue_comments for repo', 'documentcloud/visualsearch', 'uses token', 1)
316. ('issue_comments for repo', 'shazow/ssh-chat', 'uses token', 0)
481. ('issue_comments for repo', 'spray/spray', 'uses token', 1)
331. ('issue_comments for repo', 'feathericons/feather', 'uses token', 0)
346. ('issue_comments for repo', 'wting/autojump', 'uses token', 0)
361. ('issue_comments for repo', 'markdalgleish/stellar.js', 'uses token', 0)
496. ('issue_comments for repo', 'leemunroe/grunt-email-workflow', 'uses token', 1)
376. ('issue_comments for repo', 'damonkohler/sl4a', 'uses token', 0)
511. ('issue_comments for repo', 'nicklockwood/FXBlurView', 'uses token', 1)
391. ('issue_comments for repo', 'martinblech/xmltodict', 'uses token', 0)
526. ('issue_comments for repo', 'emojione/emojify.js', 'uses token', 1)
406. ('issue_comments for repo', 'makovkastar/FloatingActionButton', 'uses token', 0)
541. ('issue_comments for repo', 'isaacs/node-glob', 'uses token', 1)
421. ('issue_comments for repo', 'jdesboeufs/connect-mongo', 'uses token', 0)
436. ('issue_comments for repo', 'mobileplayer/mobileplayer-ios', 'uses token', 0)
556. ('issue_comments for repo', 'tobegit3hub/seagull', 'uses token', 1)
451. ('issue_comments for repo', 'benjaminoakes/maid', 'uses token', 0)
466. ('issue_comments for repo', 'defunkt/dotjs', 'uses token', 0)
481. ('issue_comments for repo', 'gilesbowkett/rewind', 'uses token', 0)
496. ('issue_comments for repo', 'bramp/js-sequence-diagrams', 'uses token', 0)
511. ('issue_comments for repo', 'HubSpot/offline', 'uses token', 0)
526. ('issue_comments for repo', 'evil-icons/evil-icons', 'uses token', 0)
541. ('issue_comments for repo', 'fabien-d/alertify.js', 'uses token', 0)
556. ('issue_comments for repo', 'scrapy/dirbot', 'uses token', 0)
