0. ('started',)
1. ('processed', 'Homebrew/legacy-homebrew')
2. ('processed', 'Prinzhorn/skrollr')
3. ('processed', 'Shopify/dashing')
4. ('processed', 'carhartl/jquery-cookie')
5. ('processed', 'nhaarman/ListViewAnimations')
6. ('processed', 'jscs-dev/node-jscs')
7. ('processed', 'lucasr/twoway-view')
8. ('processed', 'nickoneill/PermissionScope')
9. ('processed', 'ECSlidingViewController/ECSlidingViewController')
10. ('processed', 'mcxiaoke/android-volley')
11. ('processed', 'jariz/vibrant.js')
12. ('processed', 'stripe/jquery.payment')
13. ('processed', 'fex-team/ueditor')
14. ('processed', 'github/hubot-scripts')
15. ('processed', 'stephanenicolas/robospice')
16. ('processed', 'pedrovgs/DraggablePanel')
17. ('processed', 'evilsocket/bettercap')
18. ('processed', 'lg/murder')
19. ('processed', 'philipwalton/html-inspector')
20. ('processed', 'Linuxbrew/legacy-linuxbrew')
21. ('processed', 'BootstrapCMS/CMS')
22. ('processed', 'jedireza/drywall')
23. ('processed', 'kazupon/vue-validator')
24. ('processed', 'IdentityServer/IdentityServer3')
25. ('processed', 'malarkey/320andup')
26. ('processed', 'chanjarster/weixin-java-tools')
27. ('processed', 'minikomi/Bootstrap-Form-Builder')
28. ('processed', 'nodejs/node-convergence-archive')
29. ('processed', 'digitalBush/jquery.maskedinput')
30. ('processed', 'redbooth/teambox')
31. ('processed', 'javallone/regexper')
32. ('processed', 'msysgit/msysgit')
33. ('processed', 'skynetservices/skynet-archive')
34. ('processed', 'M66B/XPrivacy')
35. ('processed', 'ReturnInfinity/BareMetal-OS-legacy')
36. ('processed', 'nefarius/ScpToolkit')
37. ('processed', 'react-mdl/react-mdl')
38. ('processed', 'MattRix/UnityDecompiled')
39. ('processed', 'TonicArtos/StickyGridHeaders')
40. ('processed', 'heroku/legacy-cli')
41. ('processed', 'dz0ny/leapcast')
42. ('processed', 'XLabs/Xamarin-Forms-Labs')
43. ('processed', 'babel/babylon')
44. ('processed', 'designmodo/startup-demo')
45. ('processed', 'jedireza/aqua')
46. ('processed', 'rgrove/lazyload')
47. ('processed', 'rails/strong_parameters')
48. ('processed', 'PocketMine/PocketMine-MP')
49. ('processed', 'pinggod/hexo-theme-apollo')
50. ('processed', 'artursapek/mondrian')
51. ('processed', 'rashidkpc/kibana2')
52. ('processed', 'ubilabs/geocomplete')
53. ('processed', 'keithamus/jwerty')
54. ('processed', 'mhoofman/wordpress-heroku')
55. ('processed', 'shoes/shoes-deprecated')
56. ('processed', 'jonikorpi/Frameless')
57. ('processed', 'WardCunningham/Smallest-Federated-Wiki')
58. ('processed', 'lukabernardi/LBBlurredImage')
59. ('processed', 'Mechazawa/FuckFuckAdblock')
60. ('processed', 'YorickPeterse/oga')
61. ('processed', 'gratipay/gratipay.com')
62. ('processed', 'botherder/detekt')
63. ('processed', 'morr/jquery.appear')
64. ('processed', 'ms-iot/samples')
65. ('processed', 'MicrosoftEdge/static-code-scan')
66. ('processed', 'jacobian/djangobook.com')
67. ('processed', 'fzaninotto/screenshot-as-a-service')
68. ('processed', 'guardianproject/ChatSecureAndroid')
69. ('processed', 'josh/css-explain')
70. ('processed', 'nodemailer/mailparser')
71. ('processed', 'kossnocorp/jquery.turbolinks')
72. ('processed', 'cheeaun/mooeditable')
73. ('processed', 'fbrctr/fabricator')
74. ('processed', 'aspnet/dnx')
75. ('processed', 'lucasr/smoothie')
76. ('processed', 'angular/angular.io')
77. ('processed', 'mikemaccana/python-docx')
78. ('processed', 'emmenko/redux-react-router-async-example')
79. ('processed', 'anselmh/object-fit')
80. ('processed', 'wordpress-mobile/WordPress-Editor-iOS')
81. ('processed', 'miniflux/miniflux-legacy')
82. ('processed', 'oakes/play-clj')
83. ('processed', 'AlexBarinov/UIBubbleTableView')
84. ('processed', 'desandro/classie')
85. ('processed', 'tjake/Solandra')
86. ('processed', 'rails/exception_notification')
87. ('processed', 'oakes/SolidOak')
88. ('processed', 'timjansen/minified.js')
89. ('processed', 'Shopify/Timber')
90. ('processed', 'RaiMan/SikuliX-2014')
91. ('processed', 'LeoNatan/LNNotificationsUI')
92. ('processed', 'RReverser/mpegts')
93. ('processed', 'puffnfresh/roy')
94. ('processed', 'brockallen/BrockAllen.MembershipReboot')
95. ('processed', 'customelements/www')
96. ('processed', 'heroku/hk')
97. ('processed', 'YorickPeterse/ruby-lint')
98. ('processed', 'ztellman/lamina')
99. ('processed', 'sparkfun/phant')
100. ('processed', 'mattetti/googlecharts')
101. ('processed', 'sebastianbergmann/money')
102. ('processed', 'auth0/auth0-angular')
103. ('processed', 'n1k0/SublimeHighlight')
104. ('processed', 'rahatarmanahmed/CircularProgressView')
105. ('processed', 'integrity/integrity')
106. ('processed', 'cjohansen/juicer')
107. ('processed', 'rails/cache_digests')
108. ('processed', 'ai212983/android-spinnerwheel')
109. ('processed', 'nanorc/nanorc')
110. ('processed', 'jupyter/colaboratory')
111. ('processed', 'pires/android-obd-reader')
112. ('processed', 'rgrove/larch')
113. ('processed', 'nicoulaj/idea-markdown')
114. ('processed', 'TheNewNormal/kube-solo-osx')
115. ('processed', 'CodaFi/AFNetworking-RACExtensions')
116. ('processed', 'rtomayko/replicate')
117. ('processed', 'joomla/joomla-platform')
118. ('processed', 'lvillani/android-cropimage')
119. ('processed', 'brunogaspar/laravel-starter-kit')
120. ('processed', 'chrisalbon/mlai')
121. ('processed', 'shiguredo/packer-templates')
122. ('processed', 'IdentityServer/IdentityServer3.Samples')
123. ('processed', 'krmaxwell/maltrieve')
124. ('processed', 'fommil/netlib-java')
125. ('processed', 'compose/governor')
126. ('processed', 'ztellman/automat')
127. ('processed', 'lballabio/quantlib-old')
128. ('processed', 'lukeredpath/LRResty')
129. ('processed', 'lattera/glibc')
130. ('processed', 'emberjs/list-view')
131. ('processed', 'MichaelDrogalis/dire')
132. ('processed', 'scottyab/AESCrypt-Android')
133. ('processed', 'mattetti/Weasel-Diesel')
134. ('processed', 'martinandert/react-inline')
135. ('processed', 'smashwilson/merge-conflicts')
136. ('processed', 'semperos/clj-webdriver')
137. ('processed', 'osm2vectortiles/osm2vectortiles')
138. ('processed', 'EFForg/privacybadgerfirefox-legacy')
139. ('processed', 'gmetais/grunt-devperf')
140. ('processed', 'miniflux/picoFeed')
141. ('processed', 'rgrove/jsmin-php')
142. ('processed', 'codahale/metrics')
143. ('processed', 'IdentityServer/IdentityServer2')
144. ('processed', 'kasperisager/sails-generate-auth')
145. ('processed', 'JakeWharton/ActionBarSherlock')
146. ('processed', 'omab/django-social-auth')
147. ('processed', 'cyrilmottier/GreenDroid')
148. ('processed', 'cameronmcefee/plax')
149. ('processed', 'kissyteam/kissy')
150. ('processed', 'webpack/react-starter')
151. ('processed', 'leah/PullToRefresh')
152. ('processed', 'mojombo/grit')
153. ('processed', 'pakerfeldt/android-viewflow')
154. ('processed', 'Shougo/neocomplcache.vim')
155. ('processed', 'ylechelle/OpenUDID')
156. ('processed', 'soundcloud/roshi')
157. ('processed', 'flavienlaurent/datetimepicker')
158. ('processed', 'technoweenie/restful-authentication')
159. ('processed', 'Automattic/expect.js')
160. ('processed', 'aanand/git-up')
161. ('processed', 'josevalim/inherited_resources')
162. ('processed', 'gh-unit/gh-unit')
163. ('processed', 'sd6352051/NiftyDialogEffects')
164. ('processed', 'meteoric/meteor-ionic')
165. ('processed', 'farhadi/html5sortable')
166. ('processed', 'kartograph/kartograph.js')
167. ('processed', 'lawloretienne/QuickReturn')
168. ('processed', 'Lokaltog/vim-powerline')
169. ('processed', 'amoffat/bootstrap-application-wizard')
170. ('processed', 'ququplay/jquery-mobile-flat-ui-theme')
171. ('processed', 'facebookarchive/three20')
172. ('processed', 'docker/docker-registry')
173. ('processed', 'yahoo/mojito')
174. ('processed', 'syedhali/EZAudio')
175. ('processed', 'arunoda/meteor-up')
176. ('processed', 'facebookarchive/huxley')
177. ('processed', 'steipete/PSTCollectionView')
178. ('processed', 'schneiderandre/popping')
179. ('processed', 'jimbojsb/launchrocket')
180. ('processed', 'gimenete/iOS-boilerplate')
181. ('processed', 'rafaelconde/ios8-ui-kit')
182. ('processed', 'HansPinckaers/GrowingTextView')
183. ('processed', 'youknowone/UI7Kit')
184. ('processed', 'coresmart/persistencejs')
185. ('processed', 'tjerkw/Android-SlideExpandableListView')
186. ('processed', 'MojoJolo/textteaser')
187. ('processed', 'Simbul/baker')
188. ('processed', 'rasmusbergpalm/DeepLearnToolbox')
189. ('processed', 'Famous/famous')
190. ('processed', 'soffes/sstoolkit')
191. ('processed', 'rsms/kod')
192. ('processed', 'componentjs/component')
193. ('processed', 'BorisMoore/jquery-tmpl')
194. ('processed', 'dmytrodanylyk/circular-progress-button')
195. ('processed', 'nostalgiaz/bootstrap-switch')
196. ('processed', 'jakiestfu/Snap.js')
197. ('processed', 'openaphid/android-flip')
198. ('processed', 'git-game/git-game')
199. ('processed', 'rickyrauch/Balloons.IO')
200. ('processed', 'abrasive/shairport')
201. ('processed', 'bigspaceship/shine.js')
202. ('processed', 'pkyeck/socket.IO-objc')
203. ('processed', 'dbushell/Nestable')
204. ('processed', 'cliftonc/calipso')
205. ('processed', 'mattgallagher/AudioStreamer')
206. ('processed', 'insoshi/insoshi')
207. ('processed', 'scripted-editor/scripted')
208. ('processed', 'mattgemmell/MGSplitViewController')
209. ('processed', 'arturadib/strapdown')
210. ('processed', 'kevana/ui-for-docker')
211. ('processed', 'Swiip/generator-gulp-angular')
212. ('processed', 'blueimp/Bootstrap-Image-Gallery')
213. ('processed', 'myell0w/MTStatusBarOverlay')
214. ('processed', 'jeromegn/Backbone.localStorage')
215. ('processed', 'rubysherpas/forem')
216. ('processed', 'p-e-w/finalterm')
217. ('processed', 'jhollingworth/bootstrap-wysihtml5')
218. ('processed', 'h5bp/mobile-boilerplate')
219. ('processed', 'square/cube')
220. ('processed', 'kenkeiter/skeuocard')
221. ('processed', 'nothingmagical/cheddar-ios')
222. ('processed', 'tumblr/TMCache')
223. ('processed', 'venomous0x/WhatsAPI')
224. ('processed', 'everpix/Everpix-Intelligence')
225. ('processed', 'ryanb/nifty-generators')
226. ('processed', 'Valve/fingerprintjs')
227. ('processed', 'node-js-libs/node.io')
228. ('processed', 'karmi/retire')
229. ('processed', 'overshare/overshare-kit')
230. ('processed', 'MacRuby/MacRuby')
231. ('processed', 'maccman/juggernaut')
232. ('processed', 'square/dagger')
233. ('processed', 'square/otto')
234. ('processed', 'roboguice/roboguice')
235. ('processed', 'karpathy/neuraltalk')
236. ('processed', 'turbolinks/turbolinks-classic')
237. ('processed', 'google/gxui')
238. ('processed', 'KeyboardFire/mkcast')
239. ('processed', 'mozilla-services/heka')
240. ('processed', 'twitter-archive/kestrel')
241. ('processed', 'kattrali/cocoapods-xcode-plugin')
242. ('processed', 'itsabot/abot')
243. ('processed', 'smileyborg/UIView-AutoLayout')
244. ('processed', 'RomainPiel/Shimmer-android')
245. ('processed', 'Quinny898/PersistentSearch')
246. ('processed', 'shu223/PulsingHalo')
247. ('processed', 'popcorn-time/popcorn-app')
248. ('processed', 'jonikorpi/Golden-Grid-System')
249. ('processed', 'tensorflow/tensorflow')
250. ('processed', 'facebook/react')
251. ('processed', 'd3/d3')
252. ('processed', 'facebook/react-native')
253. ('processed', 'electron/electron')
254. ('processed', 'nodejs/node')
255. ('processed', 'atom/atom')
256. ('processed', 'mrdoob/three.js')
257. ('processed', 'hakimel/reveal.js')
258. ('processed', 'reactjs/redux')
259. ('processed', 'axios/axios')
260. ('processed', 'rg3/youtube-dl')
261. ('processed', 'nvbn/thefuck')
262. ('processed', 'kubernetes/kubernetes')
263. ('processed', 'ionic-team/ionic')
264. ('processed', 'getlantern/lantern')
265. ('processed', 'impress/impress.js')
266. ('processed', 'x64dbg/x64dbg')
267. ('processed', 'Microsoft/TypeScript')
268. ('processed', 'Dogfalo/materialize')
269. ('processed', 'ReactiveX/RxJava')
270. ('processed', 'bitcoin/bitcoin')
271. ('processed', 'babel/babel')
272. ('processed', 'neovim/neovim')
273. ('processed', 'ecomfe/echarts')
274. ('processed', 'ant-design/ant-design')
275. ('processed', 'TryGhost/Ghost')
276. ('processed', 'google/protobuf')
277. ('processed', 'gohugoio/hugo')
278. ('processed', 'gogits/gogs')
279. ('processed', 'google/guava')
280. ('processed', 'serverless/serverless')
281. ('processed', 'select2/select2')
282. ('processed', 'fchollet/keras')
283. ('processed', 'XX-net/XX-Net')
284. ('processed', 'storybooks/storybook')
285. ('processed', 'JetBrains/kotlin')
286. ('processed', 'hexojs/hexo')
287. ('processed', 'PhilJay/MPAndroidChart')
288. ('processed', 'fastlane/fastlane')
289. ('processed', 'grafana/grafana')
290. ('processed', 'bumptech/glide')
291. ('processed', 'videojs/video.js')
292. ('processed', 'photonstorm/phaser')
293. ('processed', 'syncthing/syncthing')
294. ('processed', 'rs/SDWebImage')
295. ('processed', 'emberjs/ember.js')
296. ('processed', 'ReactiveCocoa/ReactiveCocoa')
297. ('processed', 'pixijs/pixi.js')
298. ('processed', 'soimort/you-get')
299. ('processed', 'postcss/postcss')
300. ('processed', 'coreos/etcd')
301. ('processed', 'quilljs/quill')
302. ('processed', 'symfony/symfony')
303. ('processed', 'RocketChat/Rocket.Chat')
304. ('processed', 'SwiftyJSON/SwiftyJSON')
305. ('processed', 'angular/angular-cli')
306. ('processed', 'getsentry/sentry')
307. ('processed', 'facebook/flow')
308. ('processed', 'npm/npm')
309. ('processed', 'ethereum/go-ethereum')
310. ('processed', 'prometheus/prometheus')
311. ('processed', 'syl20bnr/spacemacs')
312. ('processed', 'grpc/grpc')
313. ('processed', 'codemirror/CodeMirror')
314. ('processed', 'Microsoft/CNTK')
315. ('processed', 'jiahaog/nativefier')
316. ('processed', 'containous/traefik')
317. ('processed', 'angular-ui/ui-router')
318. ('processed', 'sequelize/sequelize')
319. ('processed', 'dotnet/corefx')
320. ('processed', 'cmderdev/cmder')
321. ('processed', 'apache/incubator-mxnet')
322. ('processed', 'avajs/ava')
323. ('processed', 'home-assistant/home-assistant')
324. ('processed', 'alibaba/fastjson')
325. ('processed', 'cockroachdb/cockroach')
326. ('processed', 'afollestad/material-dialogs')
327. ('processed', 'wekan/wekan')
328. ('processed', 'redux-saga/redux-saga')
329. ('processed', 'visionmedia/superagent')
330. ('processed', 'pingcap/tidb')
331. ('processed', 'docker/compose')
332. ('processed', 'uikit/uikit')
333. ('processed', 'facebook/osquery')
334. ('processed', 'realm/realm-cocoa')
335. ('processed', 'gorhill/uBlock')
336. ('processed', 'yiisoft/yii2')
337. ('processed', 'CoderMJLee/MJRefresh')
338. ('processed', 'Homebrew/brew')
339. ('processed', 'hashicorp/terraform')
340. ('processed', 'localForage/localForage')
341. ('processed', 'facebook/prepack')
342. ('processed', 'ampproject/amphtml')
343. ('processed', 'laravel/framework')
344. ('processed', 'onevcat/Kingfisher')
345. ('processed', 'jgm/pandoc')
346. ('processed', 'swagger-api/swagger-ui')
347. ('processed', 'eslint/eslint')
348. ('processed', 'sampotts/plyr')
349. ('processed', 'PHPMailer/PHPMailer')
350. ('processed', 'minio/minio')
351. ('processed', 'tj/commander.js')
352. ('processed', 'pyenv/pyenv')
353. ('processed', 'Kotlin/anko')
354. ('processed', 'equinusocio/material-theme')
355. ('processed', 'playframework/playframework')
356. ('processed', 'facebook/rocksdb')
357. ('processed', 'resin-io/etcher')
358. ('processed', 'maxwellito/vivus')
359. ('processed', 'encode/django-rest-framework')
360. ('processed', 'scala/scala')
361. ('processed', 'Automattic/wp-calypso')
362. ('processed', 'labstack/echo')
363. ('processed', 'kangax/fabric.js')
364. ('processed', 'PowerShell/PowerShell')
365. ('processed', 'revel/revel')
366. ('processed', 'CosmicMind/Material')
367. ('processed', 'fish-shell/fish-shell')
368. ('processed', 'svg/svgo')
369. ('processed', 'erikras/redux-form')
370. ('processed', 'google/flatbuffers')
371. ('processed', 'dotnet/coreclr')
372. ('processed', 'mxcl/PromiseKit')
373. ('processed', 'chmln/flatpickr')
374. ('processed', 'mikepenz/MaterialDrawer')
375. ('processed', 'metabase/metabase')
376. ('processed', 'fgnass/spin.js')
377. ('processed', 'realm/SwiftLint')
378. ('processed', 'aria2/aria2')
379. ('processed', 'slimphp/Slim')
380. ('processed', 'explosion/spaCy')
381. ('processed', 'lerna/lerna')
382. ('processed', 'docker/kitematic')
383. ('processed', 'gaearon/react-hot-loader')
384. ('processed', 'bazelbuild/bazel')
385. ('processed', 'NodeBB/NodeBB')
386. ('processed', 'Moya/Moya')
387. ('processed', 'mishoo/UglifyJS2')
388. ('processed', 'piwik/piwik')
389. ('processed', 'websockets/ws')
390. ('processed', 'Khan/KaTeX')
391. ('processed', 'rancher/rancher')
392. ('processed', 'openzipkin/zipkin')
393. ('processed', 'mozilla-mobile/firefox-ios')
394. ('processed', 'curl/curl')
395. ('processed', 'jp9000/obs-studio')
396. ('processed', 'fullcalendar/fullcalendar')
397. ('processed', 'tmuxinator/tmuxinator')
398. ('processed', 'ryanoasis/nerd-fonts')
399. ('processed', 'facebook/nuclide')
400. ('processed', 'FineUploader/fine-uploader')
401. ('processed', 'cakephp/cakephp')
402. ('processed', 'ShareX/ShareX')
403. ('processed', 'v2ray/v2ray-core')
404. ('processed', 'boot2docker/boot2docker')
405. ('processed', 'gabrielbull/react-desktop')
406. ('processed', 'portainer/portainer')
407. ('processed', 'marionettejs/backbone.marionette')
408. ('processed', 'google/cadvisor')
409. ('processed', 'giakki/uncss')
410. ('processed', 'casperjs/casperjs')
411. ('processed', 'brave/browser-laptop')
412. ('processed', 'dotnet/core')
413. ('processed', 'radare/radare2')
414. ('processed', 'BoostIO/Boostnote')
415. ('processed', 'Hearst-DD/ObjectMapper')
416. ('processed', 'ether/etherpad-lite')
417. ('processed', 'xbmc/xbmc')
418. ('processed', 'aspnet/Home')
419. ('processed', 'Microsoft/ChakraCore')
420. ('processed', 'dularion/streama')
421. ('processed', 'reactioncommerce/reaction')
422. ('processed', 'googlei18n/libphonenumber')
423. ('processed', 'facebook/chisel')
424. ('processed', 'aksonov/react-native-router-flux')
425. ('processed', 'catchorg/Catch2')
426. ('processed', 'SBoudrias/Inquirer.js')
427. ('processed', 'addyosmani/critical')
428. ('processed', 'RaRe-Technologies/gensim')
429. ('processed', 'vuejs-templates/webpack')
430. ('processed', 'gradle/gradle')
431. ('processed', 'dropwizard/dropwizard')
432. ('processed', 'Masterminds/glide')
433. ('processed', 'showdownjs/showdown')
434. ('processed', 'twitter/finagle')
435. ('processed', 'lipangit/JiaoZiVideoPlayer')
436. ('processed', 'overtrue/wechat')
437. ('processed', 'robb/Cartography')
438. ('processed', 'micropython/micropython')
439. ('processed', 'FormidableLabs/spectacle')
440. ('processed', 'OnsenUI/OnsenUI')
441. ('processed', 'hankcs/HanLP')
442. ('processed', 'zulip/zulip')
443. ('processed', 'askmike/gekko')
444. ('processed', 'node-nock/nock')
445. ('processed', 'walkor/Workerman')
446. ('processed', 'mediaelement/mediaelement')
447. ('processed', 'ethereum/mist')
448. ('processed', 'facebook/facebook-ios-sdk')
449. ('processed', 'Microsoft/WinObjC')
450. ('processed', 'google/brotli')
451. ('processed', 'utatti/perfect-scrollbar')
452. ('processed', 'symless/synergy-core')
453. ('processed', 'gorilla/mux')
454. ('processed', 'FriendsOfPHP/PHP-CS-Fixer')
455. ('processed', 'aspnet/EntityFrameworkCore')
456. ('processed', 'facebook/buck')
457. ('processed', 'naver/pinpoint')
458. ('processed', 'dropwizard/metrics')
459. ('processed', 'bpampuch/pdfmake')
460. ('processed', 'nikic/PHP-Parser')
461. ('processed', 'darknessomi/musicbox')
462. ('processed', 'go-gitea/gitea')
463. ('processed', 'notepad-plus-plus/notepad-plus-plus')
464. ('processed', 'quasarframework/quasar')
465. ('processed', 'gentilkiwi/mimikatz')
466. ('processed', 'trello/RxLifecycle')
467. ('processed', 'magento/magento2')
468. ('processed', 'elastic/beats')
469. ('processed', 'wagtail/wagtail')
470. ('processed', 'AutoMapper/AutoMapper')
471. ('processed', 'rt2zz/redux-persist')
472. ('processed', 'puma/puma')
473. ('processed', 'trufflesuite/truffle')
474. ('processed', 'ustbhuangyi/better-scroll')
475. ('processed', 'filamentgroup/loadCSS')
476. ('processed', 'OpenRefine/OpenRefine')
477. ('processed', 'aspnet/Mvc')
478. ('processed', 'dgraph-io/dgraph')
479. ('processed', 'grpc/grpc-go')
480. ('processed', 'angular-ui/ui-grid')
481. ('processed', 'PrismJS/prism')
482. ('processed', 'AudioKit/AudioKit')
483. ('processed', 'google/google-api-php-client')
484. ('processed', 'laradock/laradock')
485. ('processed', 'pallets/jinja')
486. ('processed', 'weaveworks/weave')
487. ('processed', 'Netflix/eureka')
488. ('processed', 'filamentgroup/tablesaw')
489. ('processed', 'openresty/openresty')
490. ('processed', 'electron-userland/electron-packager')
491. ('processed', 'sosedoff/pgweb')
492. ('processed', 'aio-libs/aiohttp')
493. ('processed', 'jupyterlab/jupyterlab')
494. ('processed', 'sass/node-sass')
495. ('processed', 'reactjs/react-rails')
496. ('processed', 'top-think/think')
497. ('processed', 'swagger-api/swagger-core')
498. ('processed', 'sameersbn/docker-gitlab')
499. ('processed', 'moxiecode/plupload')
500. ('processed', 'bookshelf/bookshelf')
501. ('processed', 'icsharpcode/ILSpy')
502. ('processed', 'harelba/q')
503. ('processed', 'kubernetes/helm')
504. ('processed', 'kubernetes/kops')
505. ('processed', 'RPCS3/rpcs3')
506. ('processed', 'influxdata/telegraf')
507. ('processed', 'alrra/browser-logos')
508. ('processed', 'fabiolb/fabio')
509. ('processed', 'stylelint/stylelint')
510. ('processed', 'purescript/purescript')
511. ('processed', 'banchichen/TZImagePickerController')
512. ('processed', 'SocketCluster/socketcluster')
513. ('processed', 'dompdf/dompdf')
514. ('processed', 'electron-userland/electron-builder')
515. ('processed', 'MagicStack/uvloop')
516. ('processed', 'lipis/flag-icon-css')
517. ('processed', 'kivy/python-for-android')
518. ('processed', 'Maximus5/ConEmu')
519. ('processed', 'doctrine/doctrine2')
520. ('processed', 'ant-design/ant-design-mobile')
521. ('processed', 'julienXX/terminal-notifier')
522. ('processed', 'kickstarter/android-oss')
523. ('processed', 'commonsguy/cw-omnibus')
524. ('processed', 'SoftEtherVPN/SoftEtherVPN')
525. ('processed', 'bobthecow/psysh')
526. ('processed', 'sockeqwe/mosby')
527. ('processed', 'shadowsocks/shadowsocks-qt5')
528. ('processed', 'inorganik/countUp.js')
529. ('processed', 'angular-translate/angular-translate')
530. ('processed', 'DevExpress/testcafe')
531. ('processed', 'visualfc/liteide')
532. ('processed', 'Microsoft/react-native-code-push')
533. ('processed', 'BBC-News/wraith')
534. ('processed', '18F/web-design-standards')
535. ('processed', 'woocommerce/woocommerce')
536. ('processed', 'aspnetboilerplate/aspnetboilerplate')
537. ('processed', 'openshift/origin')
538. ('processed', 'os-js/OS.js')
539. ('processed', 'styleguidist/react-styleguidist')
540. ('processed', 'PostgresApp/PostgresApp')
541. ('processed', 'evernote/android-job')
542. ('processed', 'hashcat/oclHashcat')
543. ('processed', 'nanomsg/nanomsg')
544. ('processed', 'kovidgoyal/calibre')
545. ('processed', 'clappr/clappr')
546. ('processed', 'react-dropzone/react-dropzone')
547. ('processed', 'Varying-Vagrant-Vagrants/VVV')
548. ('processed', 'graphite-project/graphite-web')
549. ('processed', 'cytoscape/cytoscape.js')
550. ('processed', 'hybridgroup/gobot')
551. ('processed', 'macvim-dev/macvim')
552. ('processed', 'ory/hydra')
553. ('processed', 'codecentric/spring-boot-admin')
554. ('processed', 'theintern/intern')
555. ('processed', 'Sylius/Sylius')
556. ('processed', 'medcl/elasticsearch-analysis-ik')
557. ('processed', 'lokesh/lightbox2')
558. ('processed', 'strapi/strapi')
559. ('processed', 'aws/aws-sdk-js')
560. ('processed', 'grpc/grpc-java')
561. ('processed', 'Workiva/go-datastructures')
562. ('processed', 'zsh-users/antigen')
563. ('processed', 'ReactiveX/RxKotlin')
564. ('processed', 'semantic-release/semantic-release')
565. ('processed', 'luin/ioredis')
566. ('processed', 'snowplow/snowplow')
567. ('processed', 'davemorrissey/subsampling-scale-image-view')
568. ('processed', 'roots/bedrock')
569. ('processed', 'addyosmani/grunt-uncss')
570. ('processed', 'apereo/cas')
571. ('processed', 'paritytech/parity')
572. ('processed', 'robolectric/robolectric')
573. ('processed', 'limonte/sweetalert2')
574. ('processed', 'aws/aws-sdk-go')
575. ('processed', 'restic/restic')
576. ('processed', 'jupyter/notebook')
577. ('processed', 'primefaces/primeng')
578. ('processed', 'rabbitmq/rabbitmq-server')
579. ('processed', 'yannickcr/eslint-plugin-react')
580. ('processed', 'serge-rider/dbeaver')
581. ('processed', 'shardingjdbc/sharding-jdbc')
582. ('processed', 'ben-manes/caffeine')
583. ('processed', 'layerhq/Atlas-iOS')
584. ('processed', 'garyburd/redigo')
585. ('processed', 'lbryio/lbry')
586. ('processed', 'ag-grid/ag-grid')
587. ('processed', 'activemerchant/active_merchant')
588. ('processed', 'linkerd/linkerd')
589. ('processed', 'TooTallNate/Java-WebSocket')
590. ('processed', 'sass/libsass')
591. ('processed', 'AliasIO/Wappalyzer')
592. ('processed', 'k9mail/k-9')
593. ('processed', 'haifengl/smile')
594. ('processed', 'zaproxy/zaproxy')
595. ('processed', 'video-dev/hls.js')
596. ('processed', 'App-vNext/Polly')
597. ('processed', 'jisaacks/GitGutter')
598. ('processed', 'malcommac/SwiftDate')
599. ('processed', 'PowerShell/Win32-OpenSSH')
600. ('processed', 'artf/grapesjs')
601. ('processed', 'totaljs/framework')
602. ('processed', 'AliSoftware/OHHTTPStubs')
603. ('processed', 'bolt/bolt')
604. ('processed', 'swaywm/sway')
605. ('processed', 'thephpleague/oauth2-server')
606. ('processed', 'mesosphere/marathon')
607. ('processed', 'chainer/chainer')
608. ('processed', 'mycolorway/simditor')
609. ('processed', 'mikepenz/Android-Iconics')
610. ('processed', 'zcash/zcash')
611. ('processed', 'ealeksandrov/EAIntroView')
612. ('processed', 'redfin/react-server')
613. ('processed', 'wp-cli/wp-cli')
614. ('processed', 'rqlite/rqlite')
615. ('processed', 'checkstyle/checkstyle')
616. ('processed', 'react-cosmos/react-cosmos')
617. ('processed', '23/resumable.js')
618. ('processed', 'oklai/koala')
619. ('processed', 'sbt/sbt')
620. ('processed', 'webpack/webpack-dev-server')
621. ('processed', 'Eloston/ungoogled-chromium')
622. ('processed', 'n1nj4sec/pupy')
623. ('processed', 'borgbackup/borg')
624. ('processed', 'mstarke/MacPass')
625. ('processed', 'invoiceninja/invoiceninja')
626. ('processed', 'NervanaSystems/neon')
627. ('processed', 'Kinto/kinto')
628. ('processed', 'kartik-v/bootstrap-fileinput')
629. ('processed', 'openlayers/openlayers')
630. ('processed', 'Alluxio/alluxio')
631. ('processed', 'orientechnologies/orientdb')
632. ('processed', 'keybase/client')
633. ('processed', 'socketio/engine.io')
634. ('processed', 'kanboard/kanboard')
635. ('processed', 'grpc-ecosystem/grpc-gateway')
636. ('processed', 'swagger-api/swagger-editor')
637. ('processed', 'NLPchina/elasticsearch-sql')
638. ('processed', 'mmistakes/minimal-mistakes')
639. ('processed', 'angular/angularfire2')
640. ('processed', 'SwiftBond/Bond')
641. ('processed', 'Microsoft/vscode-go')
642. ('processed', 'playcanvas/engine')
643. ('processed', 'spotify/annoy')
644. ('processed', 'hyperium/hyper')
645. ('processed', 'go-chi/chi')
646. ('processed', 'direnv/direnv')
647. ('processed', 'pixelsign/html5-device-mockups')
648. ('processed', 'searchkit/searchkit')
649. ('processed', 'pnpm/pnpm')
650. ('processed', 'Microsoft/code-push')
651. ('processed', 'real-logic/aeron')
652. ('processed', 'HearthSim/Hearthstone-Deck-Tracker')
653. ('processed', 'wdullaer/MaterialDateTimePicker')
654. ('processed', 'epoberezkin/ajv')
655. ('processed', 'jenssegers/laravel-mongodb')
656. ('processed', 'ember-cli/ember-cli')
657. ('processed', 'brigade/scss-lint')
658. ('processed', 'pili-engineering/PLDroidPlayer')
659. ('processed', 'qutebrowser/qutebrowser')
660. ('processed', 'GetmeUK/ContentTools')
661. ('processed', 'insin/nwb')
662. ('processed', 'spatie/laravel-permission')
663. ('processed', 'twitter/heron')
664. ('processed', 'JeffreySu/WeiXinMPSDK')
665. ('processed', 'cockpit-project/cockpit')
666. ('processed', 'typelift/Swiftz')
667. ('processed', 'catfan/Medoo')
668. ('processed', 'sachinchoolur/lightGallery')
669. ('processed', 'kangax/html-minifier')
670. ('processed', 'TykTechnologies/tyk')
671. ('processed', 'mqttjs/MQTT.js')
672. ('processed', 'graphql-python/graphene')
673. ('processed', 'grommet/grommet')
674. ('processed', 'aws/aws-sdk-php')
675. ('processed', 'socketio/socket.io-client-swift')
676. ('processed', 'acdlite/flux-standard-action')
677. ('processed', 'basho/riak')
678. ('processed', 'AnalyticalGraphicsInc/cesium')
679. ('processed', 'frappe/erpnext')
680. ('processed', 'NLog/NLog')
681. ('processed', 'directus/directus')
682. ('processed', 'coreos/flannel')
683. ('processed', 'cwRichardKim/RKNotificationHub')
684. ('processed', 'heroku/react-refetch')
685. ('processed', 'OfficeDev/office-ui-fabric-core')
686. ('processed', 'Tencent/GT')
687. ('processed', 'emberjs/data')
688. ('processed', 'thoughtbot/clearance')
689. ('processed', 'emqtt/emqttd')
690. ('processed', 'tonsky/datascript')
691. ('processed', 'WhisperSystems/Signal-Desktop')
692. ('processed', 'docker/docker-py')
693. ('processed', 'RNCryptor/RNCryptor')
694. ('processed', 'garris/BackstopJS')
695. ('processed', 'picocms/Pico')
696. ('processed', 'asciimoo/searx')
697. ('processed', 'phan/phan')
698. ('processed', 'Studio-42/elFinder')
699. ('processed', 'mamedev/mame')
700. ('processed', 'nicolaskruchten/pivottable')
701. ('processed', 'mapbox/mapbox-gl-js')
702. ('processed', 'hybridauth/hybridauth')
703. ('processed', 'adnanh/webhook')
704. ('processed', 'Quick/Nimble')
705. ('processed', 'matrix-org/synapse')
706. ('processed', 'googlevr/gvr-android-sdk')
707. ('processed', 'tsuru/tsuru')
708. ('processed', 'JrCs/docker-letsencrypt-nginx-proxy-companion')
709. ('processed', 'joomla/joomla-cms')
710. ('processed', 'OpenKinect/libfreenect')
711. ('processed', 'stampit-org/stampit')
712. ('processed', 'chrismiles/CMPopTipView')
713. ('processed', 'nteract/hydrogen')
714. ('processed', 'kean/Nuke')
715. ('processed', 'jazzband/pip-tools')
716. ('processed', 'b3log/symphony')
717. ('processed', 'pachyderm/pachyderm')
718. ('processed', 'fengyuanchen/viewerjs')
719. ('processed', 'aws/aws-sdk-ruby')
720. ('processed', 'danklammer/bytesize-icons')
721. ('processed', 'google/closure-library')
722. ('processed', 'ecomfe/zrender')
723. ('processed', 'IdentityServer/IdentityServer4')
724. ('processed', 'css/csso')
725. ('processed', 'gorhill/uMatrix')
726. ('processed', 'api-platform/api-platform')
727. ('processed', 'kbengine/kbengine')
728. ('processed', 'mapbox/mapbox-gl-native')
729. ('processed', 'Financial-Times/polyfill-service')
730. ('processed', 'centrifugal/centrifugo')
731. ('processed', 'Behat/Behat')
732. ('processed', 'bshaffer/oauth2-server-php')
733. ('processed', 'diesel-rs/diesel')
734. ('processed', 'Skyscanner/SkyFloatingLabelTextField')
735. ('processed', 'asaskevich/govalidator')
736. ('processed', 'sindresorhus/got')
737. ('processed', 'ArtSabintsev/Harpy')
738. ('processed', 'Hacker0x01/react-datepicker')
739. ('processed', 'mrclay/minify')
740. ('processed', 'siddontang/ledisdb')
741. ('processed', 'owncloud/android')
742. ('processed', 'clientIO/joint')
743. ('processed', 'hyperoslo/Hue')
744. ('processed', 'roundcube/roundcubemail')
745. ('processed', 'noflo/noflo')
746. ('processed', '521dimensions/amplitudejs')
747. ('processed', 'ArtSabintsev/Siren')
748. ('processed', 'danger/danger')
749. ('processed', 'nbs-system/naxsi')
750. ('processed', 'phw/peek')
751. ('processed', 'JustArchi/ArchiSteamFarm')
752. ('processed', 'vavr-io/vavr')
753. ('processed', 'szwacz/electron-boilerplate')
754. ('processed', 'lampepfl/dotty')
755. ('processed', 'BorisMoore/jsrender')
756. ('processed', 'nteract/nteract')
757. ('processed', 'andersao/l5-repository')
758. ('processed', 'containerd/containerd')
759. ('processed', 'hylang/hy')
760. ('processed', 'aseprite/aseprite')
761. ('processed', 'inversify/InversifyJS')
762. ('processed', 'marmelroy/PhoneNumberKit')
763. ('processed', 'fex-team/fis3')
764. ('processed', 'appcelerator/titanium_mobile')
765. ('processed', 'google/benchmark')
766. ('processed', 'Ereza/CustomActivityOnCrash')
767. ('processed', 'golemfactory/golem')
768. ('processed', 'grails/grails-core')
769. ('processed', 'coteditor/CotEditor')
770. ('processed', 'kubernetes/dashboard')
771. ('processed', 'xonsh/xonsh')
772. ('processed', 'micha/resty')
773. ('processed', 'react-native-community/react-native-svg')
774. ('processed', 'fibjs/fibjs')
775. ('processed', 'laravel/homestead')
776. ('processed', 'getsentry/raven-js')
777. ('processed', 'FreeRDP/FreeRDP')
778. ('processed', 'neon-bindings/neon')
779. ('processed', 'Project-OSRM/osrm-backend')
780. ('processed', 'owner888/phpspider')
781. ('processed', 'apiaryio/dredd')
782. ('processed', 'giggsey/libphonenumber-for-php')
783. ('processed', 'phalcon/zephir')
784. ('processed', 'Dash-Industry-Forum/dash.js')
785. ('processed', 'SeleniumHQ/docker-selenium')
786. ('processed', 'phpro/grumphp')
787. ('processed', 'wooorm/alex')
788. ('processed', 'googlevr/gvr-unity-sdk')
789. ('processed', 'sqlectron/sqlectron-gui')
790. ('processed', 'hickford/MechanicalSoup')
791. ('processed', 'froala/wysiwyg-editor')
792. ('processed', 'jhnns/rewire')
793. ('processed', 'maximebf/php-debugbar')
794. ('processed', 'sschmid/Entitas-CSharp')
795. ('processed', 'jflesch/paperwork')
796. ('processed', 'honestbleeps/Reddit-Enhancement-Suite')
797. ('processed', 'termux/termux-app')
798. ('processed', 'devxoul/Then')
799. ('processed', 'libretro/RetroArch')
800. ('processed', 'star7th/showdoc')
801. ('processed', '3lvis/Sync')
802. ('processed', 'dlew/joda-time-android')
803. ('processed', 'qmk/qmk_firmware')
804. ('processed', 'mikepenz/FastAdapter')
805. ('processed', 'dokan-dev/dokany')
806. ('processed', 'wbotelhos/raty')
807. ('processed', 'nopSolutions/nopCommerce')
808. ('processed', 'aspnet/KestrelHttpServer')
809. ('processed', 'ueberauth/guardian')
810. ('processed', 'emacs-helm/helm')
811. ('processed', 'dmfay/massive-js')
812. ('processed', 'PrismLibrary/Prism')
813. ('processed', 'iron-io/functions')
814. ('processed', 'pornel/pngquant')
815. ('processed', 'RichardKnop/machinery')
816. ('processed', 'mizzy/serverspec')
817. ('processed', 'hhatto/autopep8')
818. ('processed', 'TimOliver/TOCropViewController')
819. ('processed', 'WebAssembly/binaryen')
820. ('processed', 'VirusTotal/yara')
821. ('processed', 'go-swagger/go-swagger')
822. ('processed', 'material-components/material-components-ios')
823. ('processed', 'graphql-java/graphql-java')
824. ('processed', 'jpillora/chisel')
825. ('processed', 'PHP-FFMpeg/PHP-FFMpeg')
826. ('processed', 'buttercup/buttercup-desktop')
827. ('processed', 'oliviertassinari/react-swipeable-views')
828. ('processed', 'frida/frida')
829. ('processed', 'mikepenz/AboutLibraries')
830. ('processed', 'twitter/util')
831. ('processed', 'shogun-toolbox/shogun')
832. ('processed', 'ngx-translate/core')
833. ('processed', 'stuyam/pressure')
834. ('processed', 'mapnik/mapnik')
835. ('processed', 'google/shaka-player')
836. ('processed', 'cryptomator/cryptomator')
837. ('processed', 'ThingEngineer/PHP-MySQLi-Database-Class')
838. ('processed', 'ruslanskorb/RSKImageCropper')
839. ('processed', 'meandmax/lory')
840. ('processed', 'ppwwyyxx/tensorpack')
841. ('processed', 'kpumuk/meta-tags')
842. ('processed', 'streamlink/streamlink')
843. ('processed', 'Netflix/ribbon')
844. ('processed', 'vitalets/angular-xeditable')
845. ('processed', 'phpseclib/phpseclib')
846. ('processed', 'mongodb/mongo-java-driver')
847. ('processed', 'junit-team/junit5')
848. ('processed', 'CMB2/CMB2')
849. ('processed', 'jenssegers/agent')
850. ('processed', 'snabbco/snabb')
851. ('processed', 'rubygems/rubygems')
852. ('processed', 'raphw/byte-buddy')
853. ('processed', 'spatie/laravel-medialibrary')
854. ('processed', 'webonyx/graphql-php')
855. ('processed', 'spotify/helios')
856. ('processed', 'kubernetes/heapster')
857. ('processed', 'cleanflight/cleanflight')
858. ('processed', 'mRemoteNG/mRemoteNG')
859. ('processed', 'ninject/Ninject')
860. ('processed', 'louthy/language-ext')
861. ('processed', 'collectd/collectd')
862. ('processed', 'bitpay/copay')
863. ('processed', 'elastic/curator')
864. ('processed', 'javiereguiluz/EasyAdminBundle')
865. ('processed', 'itinance/react-native-fs')
866. ('processed', 'jcubic/jquery.terminal')
867. ('processed', 'astrada/google-drive-ocamlfuse')
868. ('processed', 'darktable-org/darktable')
869. ('processed', 'rhysd/NyaoVim')
870. ('processed', 'longitachi/ZLPhotoBrowser')
871. ('processed', 'videojs/videojs-contrib-hls')
872. ('processed', 'nameko/nameko')
873. ('processed', 'samratashok/nishang')
874. ('processed', 'pre-commit/pre-commit')
875. ('processed', 'davidkpiano/react-redux-form')
876. ('processed', 'tarantool/tarantool')
877. ('processed', 'moneyphp/money')
878. ('processed', 'NorthwoodsSoftware/GoJS')
879. ('processed', 'ReactiveCocoa/ReactiveSwift')
880. ('processed', 'jssor/slider')
881. ('processed', 'graphql-dotnet/graphql-dotnet')
882. ('processed', 'actionhero/actionhero')
883. ('processed', 'drush-ops/drush')
884. ('processed', 'laracasts/Laravel-5-Generators-Extended')
885. ('processed', 'jarun/Buku')
886. ('processed', 'linkedin/pinot')
887. ('processed', 'nutzam/nutz')
888. ('processed', 'sheerun/vim-polyglot')
889. ('processed', 'Zewo/Zewo')
890. ('processed', 'postcss/postcss-loader')
891. ('processed', 'DamnWidget/anaconda')
892. ('processed', 'qTox/qTox')
893. ('processed', 'php-curl-class/php-curl-class')
894. ('processed', 'CorsixTH/CorsixTH')
895. ('processed', 'Microsoft/ELL')
896. ('processed', 'espressif/esptool')
897. ('processed', 'pwittchen/ReactiveNetwork')
898. ('processed', 'mit-nlp/MITIE')
899. ('processed', 'htacg/tidy-html5')
900. ('processed', 'solidusio/solidus')
901. ('processed', 'netguru/ResponseDetective')
902. ('processed', 'jwilder/dockerize')
903. ('processed', 'mirumee/saleor')
904. ('processed', 'hyperhq/hyperd')
905. ('processed', 'jMonkeyEngine/jmonkeyengine')
906. ('processed', 'PHPSocialNetwork/phpfastcache')
907. ('processed', 'GoogleCloudPlatform/google-cloud-node')
908. ('processed', 'FriendsOfSymfony/FOSRestBundle')
909. ('processed', 'SixLabors/ImageSharp')
910. ('processed', 'lxc/lxd')
911. ('processed', 'mysticatea/npm-run-all')
912. ('processed', 'Qihoo360/pika')
913. ('processed', 'verlok/lazyload')
914. ('processed', 'remiprev/her')
915. ('processed', 'wordpress-mobile/WordPress-Android')
916. ('processed', 'vitaly-t/pg-promise')
917. ('processed', 'vector-im/riot-web')
918. ('processed', 'pritunl/pritunl')
919. ('processed', 'inikulin/parse5')
920. ('processed', 'azkaban/azkaban')
921. ('processed', 'infobyte/faraday')
922. ('processed', 'Clipy/Clipy')
923. ('processed', 'lanayotech/vagrant-manager')
924. ('processed', 'conan-io/conan')
925. ('processed', 'Deletescape-Media/Lawnchair')
926. ('processed', 'MediaBrowser/Emby')
927. ('processed', 'coleifer/huey')
928. ('processed', 'roots/trellis')
929. ('processed', 'kimmobrunfeldt/concurrently')
930. ('processed', 'PaulLeCam/react-leaflet')
931. ('processed', 'LWJGL/lwjgl3')
932. ('processed', 'convox/rack')
933. ('processed', 'nanoc/nanoc')
934. ('processed', 'pytransitions/transitions')
935. ('processed', 'gotev/android-upload-service')
936. ('processed', 'ionic-team/ionic-native')
937. ('processed', 'sonata-project/SonataAdminBundle')
938. ('processed', 'mlaursen/react-md')
939. ('processed', 'PX4/Firmware')
940. ('processed', 'mar10/fancytree')
941. ('processed', 'ruflin/Elastica')
942. ('processed', 'slackapi/node-slack-sdk')
943. ('processed', 'btraceio/btrace')
944. ('processed', 'hkellaway/Gloss')
945. ('processed', 'jasonlong/isometric-contributions')
946. ('processed', 'deanoemcke/thegreatsuspender')
947. ('processed', 'erikdoe/ocmock')
948. ('processed', 'TwidereProject/Twidere-Android')
949. ('processed', 'mcamara/laravel-localization')
950. ('processed', 'reactjs/react-docgen')
951. ('processed', 'Lone-Coder/letsencrypt-win-simple')
952. ('processed', 'canjs/canjs')
953. ('processed', 'lj2007331/lnmp')
954. ('processed', 'bustoutsolutions/siesta')
955. ('processed', 'FrDH/jQuery.dotdotdot')
956. ('processed', 'hacdias/filemanager')
957. ('processed', 'go-playground/validator')
958. ('processed', 'ai/visibilityjs')
959. ('processed', 'Automattic/simplenote-electron')
960. ('processed', 'mgechev/codelyzer')
961. ('processed', 'Netflix/archaius')
962. ('processed', 'hadley/devtools')
963. ('processed', 'quantmind/pulsar')
964. ('processed', 'vispy/vispy')
965. ('processed', 'coocood/freecache')
966. ('processed', '1N3/Sn1per')
967. ('processed', 'nelmio/alice')
968. ('processed', 'alignedleft/d3-book')
969. ('processed', 'facelessuser/BracketHighlighter')
970. ('processed', 'ARMmbed/mbed-os')
971. ('processed', 'Polidea/RxAndroidBle')
972. ('processed', 'rom-rb/rom')
973. ('processed', 'WebGoat/WebGoat')
974. ('processed', 'openstreetmap/iD')
975. ('processed', 'aspnet/Identity')
976. ('processed', 'pika/pika')
977. ('processed', 'mozilla/MozDef')
978. ('processed', 'nabla-c0d3/sslyze')
979. ('processed', 'igniterealtime/Openfire')
980. ('processed', 'stripe/stripe-php')
981. ('processed', 'tdebatty/java-string-similarity')
982. ('processed', 'w3c/web-platform-tests')
983. ('processed', 'thephpleague/csv')
984. ('processed', 'liferay/alloy-ui')
985. ('processed', 'ermouth/jQuery.my')
986. ('processed', 'cesanta/mongoose-os')
987. ('processed', 'gruntjs/grunt-contrib-uglify')
988. ('processed', 'kriswallsmith/Buzz')
989. ('processed', 'octokit/octokit.net')
990. ('processed', 'swagger-api/swagger-js')
991. ('processed', 'M66B/NetGuard')
992. ('processed', 'codeclimate/codeclimate')
993. ('processed', 'Microsoft/vscode-react-native')
994. ('processed', 'rap2hpoutre/laravel-log-viewer')
995. ('processed', 'GovernmentCommunicationsHeadquarters/Gaffer')
996. ('processed', 'cloudfoundry/bosh')
997. ('processed', 'lyst/lightfm')
998. ('processed', 'mltframework/shotcut')
999. ('processed', 'nana-4/materia-theme')
1000. ('processed', 'preciousforever/sketch-data-populator')
1001. ('processed', 'phpspec/phpspec')
1002. ('processed', 'reactjs/React.NET')
1003. ('error, zero length row', [])
1004. ('error, zero length row', [])
1005. ('started',)
1006. ('processed', 'Homebrew/legacy-homebrew')
1007. ('processed', 'Prinzhorn/skrollr')
1008. ('processed', 'Shopify/dashing')
1009. ('processed', 'carhartl/jquery-cookie')
1010. ('processed', 'nhaarman/ListViewAnimations')
1011. ('processed', 'jscs-dev/node-jscs')
1012. ('processed', 'lucasr/twoway-view')
1013. ('processed', 'nickoneill/PermissionScope')
1014. ('processed', 'ECSlidingViewController/ECSlidingViewController')
1015. ('processed', 'mcxiaoke/android-volley')
1016. ('processed', 'jariz/vibrant.js')
1017. ('processed', 'stripe/jquery.payment')
1018. ('processed', 'fex-team/ueditor')
1019. ('processed', 'github/hubot-scripts')
1020. ('processed', 'stephanenicolas/robospice')
1021. ('processed', 'pedrovgs/DraggablePanel')
1022. ('processed', 'evilsocket/bettercap')
1023. ('processed', 'lg/murder')
1024. ('processed', 'philipwalton/html-inspector')
1025. ('processed', 'Linuxbrew/legacy-linuxbrew')
1026. ('processed', 'BootstrapCMS/CMS')
1027. ('processed', 'jedireza/drywall')
1028. ('processed', 'kazupon/vue-validator')
1029. ('processed', 'IdentityServer/IdentityServer3')
1030. ('processed', 'malarkey/320andup')
1031. ('processed', 'chanjarster/weixin-java-tools')
1032. ('processed', 'minikomi/Bootstrap-Form-Builder')
1033. ('processed', 'nodejs/node-convergence-archive')
1034. ('processed', 'digitalBush/jquery.maskedinput')
1035. ('processed', 'redbooth/teambox')
1036. ('processed', 'javallone/regexper')
1037. ('processed', 'msysgit/msysgit')
1038. ('processed', 'skynetservices/skynet-archive')
1039. ('processed', 'M66B/XPrivacy')
1040. ('processed', 'ReturnInfinity/BareMetal-OS-legacy')
1041. ('processed', 'nefarius/ScpToolkit')
1042. ('processed', 'react-mdl/react-mdl')
1043. ('processed', 'MattRix/UnityDecompiled')
1044. ('processed', 'TonicArtos/StickyGridHeaders')
1045. ('processed', 'heroku/legacy-cli')
1046. ('processed', 'dz0ny/leapcast')
1047. ('processed', 'XLabs/Xamarin-Forms-Labs')
1048. ('processed', 'babel/babylon')
1049. ('processed', 'designmodo/startup-demo')
1050. ('processed', 'jedireza/aqua')
1051. ('processed', 'rgrove/lazyload')
1052. ('processed', 'rails/strong_parameters')
1053. ('processed', 'PocketMine/PocketMine-MP')
1054. ('processed', 'pinggod/hexo-theme-apollo')
1055. ('processed', 'artursapek/mondrian')
1056. ('processed', 'rashidkpc/kibana2')
1057. ('processed', 'ubilabs/geocomplete')
1058. ('processed', 'keithamus/jwerty')
1059. ('processed', 'mhoofman/wordpress-heroku')
1060. ('processed', 'shoes/shoes-deprecated')
1061. ('processed', 'jonikorpi/Frameless')
1062. ('processed', 'WardCunningham/Smallest-Federated-Wiki')
1063. ('processed', 'lukabernardi/LBBlurredImage')
1064. ('processed', 'Mechazawa/FuckFuckAdblock')
1065. ('processed', 'YorickPeterse/oga')
1066. ('processed', 'gratipay/gratipay.com')
1067. ('processed', 'botherder/detekt')
1068. ('processed', 'morr/jquery.appear')
1069. ('processed', 'ms-iot/samples')
1070. ('processed', 'MicrosoftEdge/static-code-scan')
1071. ('processed', 'jacobian/djangobook.com')
1072. ('processed', 'fzaninotto/screenshot-as-a-service')
1073. ('processed', 'guardianproject/ChatSecureAndroid')
1074. ('processed', 'josh/css-explain')
1075. ('processed', 'nodemailer/mailparser')
1076. ('processed', 'kossnocorp/jquery.turbolinks')
1077. ('processed', 'cheeaun/mooeditable')
1078. ('processed', 'fbrctr/fabricator')
1079. ('processed', 'aspnet/dnx')
1080. ('processed', 'lucasr/smoothie')
1081. ('processed', 'angular/angular.io')
1082. ('processed', 'mikemaccana/python-docx')
1083. ('processed', 'emmenko/redux-react-router-async-example')
1084. ('processed', 'anselmh/object-fit')
1085. ('processed', 'wordpress-mobile/WordPress-Editor-iOS')
1086. ('processed', 'miniflux/miniflux-legacy')
1087. ('processed', 'oakes/play-clj')
1088. ('processed', 'AlexBarinov/UIBubbleTableView')
1089. ('processed', 'desandro/classie')
1090. ('processed', 'tjake/Solandra')
1091. ('processed', 'rails/exception_notification')
1092. ('processed', 'oakes/SolidOak')
1093. ('processed', 'timjansen/minified.js')
1094. ('processed', 'Shopify/Timber')
1095. ('processed', 'RaiMan/SikuliX-2014')
1096. ('processed', 'LeoNatan/LNNotificationsUI')
1097. ('processed', 'RReverser/mpegts')
1098. ('processed', 'puffnfresh/roy')
1099. ('processed', 'brockallen/BrockAllen.MembershipReboot')
1100. ('processed', 'customelements/www')
1101. ('processed', 'heroku/hk')
1102. ('processed', 'YorickPeterse/ruby-lint')
1103. ('processed', 'ztellman/lamina')
1104. ('processed', 'sparkfun/phant')
1105. ('processed', 'mattetti/googlecharts')
1106. ('processed', 'sebastianbergmann/money')
1107. ('processed', 'auth0/auth0-angular')
1108. ('processed', 'n1k0/SublimeHighlight')
1109. ('processed', 'rahatarmanahmed/CircularProgressView')
1110. ('processed', 'integrity/integrity')
1111. ('processed', 'cjohansen/juicer')
1112. ('processed', 'rails/cache_digests')
1113. ('processed', 'ai212983/android-spinnerwheel')
1114. ('processed', 'nanorc/nanorc')
1115. ('processed', 'jupyter/colaboratory')
1116. ('processed', 'pires/android-obd-reader')
1117. ('processed', 'rgrove/larch')
1118. ('processed', 'nicoulaj/idea-markdown')
1119. ('processed', 'TheNewNormal/kube-solo-osx')
1120. ('processed', 'CodaFi/AFNetworking-RACExtensions')
1121. ('processed', 'rtomayko/replicate')
1122. ('processed', 'joomla/joomla-platform')
1123. ('processed', 'lvillani/android-cropimage')
1124. ('processed', 'brunogaspar/laravel-starter-kit')
1125. ('processed', 'chrisalbon/mlai')
1126. ('processed', 'shiguredo/packer-templates')
1127. ('processed', 'IdentityServer/IdentityServer3.Samples')
1128. ('processed', 'krmaxwell/maltrieve')
1129. ('processed', 'fommil/netlib-java')
1130. ('processed', 'compose/governor')
1131. ('processed', 'ztellman/automat')
1132. ('processed', 'lballabio/quantlib-old')
1133. ('processed', 'lukeredpath/LRResty')
1134. ('processed', 'lattera/glibc')
1135. ('processed', 'emberjs/list-view')
1136. ('processed', 'MichaelDrogalis/dire')
1137. ('processed', 'scottyab/AESCrypt-Android')
1138. ('processed', 'mattetti/Weasel-Diesel')
1139. ('processed', 'martinandert/react-inline')
1140. ('processed', 'smashwilson/merge-conflicts')
1141. ('processed', 'semperos/clj-webdriver')
1142. ('processed', 'osm2vectortiles/osm2vectortiles')
1143. ('processed', 'EFForg/privacybadgerfirefox-legacy')
1144. ('processed', 'gmetais/grunt-devperf')
1145. ('processed', 'miniflux/picoFeed')
1146. ('processed', 'rgrove/jsmin-php')
1147. ('processed', 'codahale/metrics')
1148. ('processed', 'IdentityServer/IdentityServer2')
1149. ('processed', 'kasperisager/sails-generate-auth')
1150. ('processed', 'JakeWharton/ActionBarSherlock')
1151. ('processed', 'omab/django-social-auth')
1152. ('processed', 'cyrilmottier/GreenDroid')
1153. ('processed', 'cameronmcefee/plax')
1154. ('processed', 'kissyteam/kissy')
1155. ('processed', 'webpack/react-starter')
1156. ('processed', 'leah/PullToRefresh')
1157. ('processed', 'mojombo/grit')
1158. ('processed', 'pakerfeldt/android-viewflow')
1159. ('processed', 'Shougo/neocomplcache.vim')
1160. ('processed', 'ylechelle/OpenUDID')
1161. ('processed', 'soundcloud/roshi')
1162. ('processed', 'flavienlaurent/datetimepicker')
1163. ('processed', 'technoweenie/restful-authentication')
1164. ('processed', 'Automattic/expect.js')
1165. ('processed', 'aanand/git-up')
1166. ('processed', 'josevalim/inherited_resources')
1167. ('processed', 'gh-unit/gh-unit')
1168. ('processed', 'sd6352051/NiftyDialogEffects')
1169. ('processed', 'meteoric/meteor-ionic')
1170. ('processed', 'farhadi/html5sortable')
1171. ('processed', 'kartograph/kartograph.js')
1172. ('processed', 'lawloretienne/QuickReturn')
1173. ('processed', 'Lokaltog/vim-powerline')
1174. ('processed', 'amoffat/bootstrap-application-wizard')
1175. ('processed', 'ququplay/jquery-mobile-flat-ui-theme')
1176. ('processed', 'facebookarchive/three20')
1177. ('processed', 'docker/docker-registry')
1178. ('processed', 'yahoo/mojito')
1179. ('processed', 'syedhali/EZAudio')
1180. ('processed', 'arunoda/meteor-up')
1181. ('processed', 'facebookarchive/huxley')
1182. ('processed', 'steipete/PSTCollectionView')
1183. ('processed', 'schneiderandre/popping')
1184. ('processed', 'jimbojsb/launchrocket')
1185. ('processed', 'gimenete/iOS-boilerplate')
1186. ('processed', 'rafaelconde/ios8-ui-kit')
1187. ('processed', 'HansPinckaers/GrowingTextView')
1188. ('processed', 'youknowone/UI7Kit')
1189. ('processed', 'coresmart/persistencejs')
1190. ('processed', 'tjerkw/Android-SlideExpandableListView')
1191. ('processed', 'MojoJolo/textteaser')
1192. ('processed', 'Simbul/baker')
1193. ('processed', 'rasmusbergpalm/DeepLearnToolbox')
1194. ('processed', 'Famous/famous')
1195. ('processed', 'soffes/sstoolkit')
1196. ('processed', 'rsms/kod')
1197. ('processed', 'componentjs/component')
1198. ('processed', 'BorisMoore/jquery-tmpl')
1199. ('processed', 'dmytrodanylyk/circular-progress-button')
1200. ('processed', 'nostalgiaz/bootstrap-switch')
1201. ('processed', 'jakiestfu/Snap.js')
1202. ('processed', 'openaphid/android-flip')
1203. ('processed', 'git-game/git-game')
1204. ('processed', 'rickyrauch/Balloons.IO')
1205. ('processed', 'abrasive/shairport')
1206. ('processed', 'bigspaceship/shine.js')
1207. ('processed', 'pkyeck/socket.IO-objc')
1208. ('processed', 'dbushell/Nestable')
1209. ('processed', 'cliftonc/calipso')
1210. ('processed', 'mattgallagher/AudioStreamer')
1211. ('processed', 'insoshi/insoshi')
1212. ('processed', 'scripted-editor/scripted')
1213. ('processed', 'mattgemmell/MGSplitViewController')
1214. ('processed', 'arturadib/strapdown')
1215. ('processed', 'kevana/ui-for-docker')
1216. ('processed', 'Swiip/generator-gulp-angular')
1217. ('processed', 'blueimp/Bootstrap-Image-Gallery')
1218. ('processed', 'myell0w/MTStatusBarOverlay')
1219. ('processed', 'jeromegn/Backbone.localStorage')
1220. ('processed', 'rubysherpas/forem')
1221. ('processed', 'p-e-w/finalterm')
1222. ('processed', 'jhollingworth/bootstrap-wysihtml5')
1223. ('processed', 'h5bp/mobile-boilerplate')
1224. ('processed', 'square/cube')
1225. ('processed', 'kenkeiter/skeuocard')
1226. ('processed', 'nothingmagical/cheddar-ios')
1227. ('processed', 'tumblr/TMCache')
1228. ('processed', 'venomous0x/WhatsAPI')
1229. ('processed', 'everpix/Everpix-Intelligence')
1230. ('processed', 'ryanb/nifty-generators')
1231. ('processed', 'Valve/fingerprintjs')
1232. ('processed', 'node-js-libs/node.io')
1233. ('processed', 'karmi/retire')
1234. ('processed', 'overshare/overshare-kit')
1235. ('processed', 'MacRuby/MacRuby')
1236. ('processed', 'maccman/juggernaut')
1237. ('processed', 'square/dagger')
1238. ('processed', 'square/otto')
1239. ('processed', 'roboguice/roboguice')
1240. ('processed', 'karpathy/neuraltalk')
1241. ('processed', 'turbolinks/turbolinks-classic')
1242. ('processed', 'google/gxui')
1243. ('processed', 'KeyboardFire/mkcast')
1244. ('processed', 'mozilla-services/heka')
1245. ('processed', 'twitter-archive/kestrel')
1246. ('processed', 'kattrali/cocoapods-xcode-plugin')
1247. ('processed', 'itsabot/abot')
1248. ('processed', 'smileyborg/UIView-AutoLayout')
1249. ('processed', 'RomainPiel/Shimmer-android')
1250. ('processed', 'Quinny898/PersistentSearch')
1251. ('processed', 'shu223/PulsingHalo')
1252. ('processed', 'popcorn-time/popcorn-app')
1253. ('processed', 'jonikorpi/Golden-Grid-System')
1254. ('processed', 'tensorflow/tensorflow')
1255. ('processed', 'facebook/react')
1256. ('processed', 'd3/d3')
1257. ('processed', 'facebook/react-native')
1258. ('processed', 'electron/electron')
1259. ('processed', 'nodejs/node')
1260. ('processed', 'atom/atom')
1261. ('processed', 'mrdoob/three.js')
1262. ('processed', 'hakimel/reveal.js')
1263. ('processed', 'reactjs/redux')
1264. ('processed', 'axios/axios')
1265. ('processed', 'rg3/youtube-dl')
1266. ('processed', 'nvbn/thefuck')
1267. ('processed', 'kubernetes/kubernetes')
1268. ('processed', 'ionic-team/ionic')
1269. ('processed', 'getlantern/lantern')
1270. ('processed', 'impress/impress.js')
1271. ('processed', 'x64dbg/x64dbg')
1272. ('processed', 'Microsoft/TypeScript')
1273. ('processed', 'Dogfalo/materialize')
1274. ('processed', 'ReactiveX/RxJava')
1275. ('processed', 'bitcoin/bitcoin')
1276. ('processed', 'babel/babel')
1277. ('processed', 'neovim/neovim')
1278. ('processed', 'ecomfe/echarts')
1279. ('processed', 'ant-design/ant-design')
1280. ('processed', 'TryGhost/Ghost')
1281. ('processed', 'google/protobuf')
1282. ('processed', 'gohugoio/hugo')
1283. ('processed', 'gogits/gogs')
1284. ('processed', 'google/guava')
1285. ('processed', 'serverless/serverless')
1286. ('processed', 'select2/select2')
1287. ('processed', 'fchollet/keras')
1288. ('processed', 'XX-net/XX-Net')
1289. ('processed', 'storybooks/storybook')
1290. ('processed', 'JetBrains/kotlin')
1291. ('processed', 'hexojs/hexo')
1292. ('processed', 'PhilJay/MPAndroidChart')
1293. ('processed', 'fastlane/fastlane')
1294. ('processed', 'grafana/grafana')
1295. ('processed', 'bumptech/glide')
1296. ('processed', 'videojs/video.js')
1297. ('processed', 'photonstorm/phaser')
1298. ('processed', 'syncthing/syncthing')
1299. ('processed', 'rs/SDWebImage')
1300. ('processed', 'emberjs/ember.js')
1301. ('processed', 'ReactiveCocoa/ReactiveCocoa')
1302. ('processed', 'pixijs/pixi.js')
1303. ('processed', 'soimort/you-get')
1304. ('processed', 'postcss/postcss')
1305. ('processed', 'coreos/etcd')
1306. ('processed', 'quilljs/quill')
1307. ('processed', 'symfony/symfony')
1308. ('processed', 'RocketChat/Rocket.Chat')
1309. ('processed', 'SwiftyJSON/SwiftyJSON')
1310. ('processed', 'angular/angular-cli')
1311. ('processed', 'getsentry/sentry')
1312. ('processed', 'facebook/flow')
1313. ('processed', 'npm/npm')
1314. ('processed', 'ethereum/go-ethereum')
1315. ('processed', 'prometheus/prometheus')
1316. ('processed', 'syl20bnr/spacemacs')
1317. ('processed', 'grpc/grpc')
1318. ('processed', 'codemirror/CodeMirror')
1319. ('processed', 'Microsoft/CNTK')
1320. ('processed', 'jiahaog/nativefier')
1321. ('processed', 'containous/traefik')
1322. ('processed', 'angular-ui/ui-router')
1323. ('processed', 'sequelize/sequelize')
1324. ('processed', 'dotnet/corefx')
1325. ('processed', 'cmderdev/cmder')
1326. ('processed', 'apache/incubator-mxnet')
1327. ('processed', 'avajs/ava')
1328. ('processed', 'home-assistant/home-assistant')
1329. ('processed', 'alibaba/fastjson')
1330. ('processed', 'cockroachdb/cockroach')
1331. ('processed', 'afollestad/material-dialogs')
1332. ('processed', 'wekan/wekan')
1333. ('processed', 'redux-saga/redux-saga')
1334. ('processed', 'visionmedia/superagent')
1335. ('processed', 'pingcap/tidb')
1336. ('processed', 'docker/compose')
1337. ('processed', 'uikit/uikit')
1338. ('processed', 'facebook/osquery')
1339. ('processed', 'realm/realm-cocoa')
1340. ('processed', 'gorhill/uBlock')
1341. ('processed', 'yiisoft/yii2')
1342. ('processed', 'CoderMJLee/MJRefresh')
1343. ('processed', 'Homebrew/brew')
1344. ('processed', 'hashicorp/terraform')
1345. ('processed', 'localForage/localForage')
1346. ('processed', 'facebook/prepack')
1347. ('processed', 'ampproject/amphtml')
1348. ('processed', 'laravel/framework')
1349. ('processed', 'onevcat/Kingfisher')
1350. ('processed', 'jgm/pandoc')
1351. ('processed', 'swagger-api/swagger-ui')
1352. ('processed', 'eslint/eslint')
1353. ('processed', 'sampotts/plyr')
1354. ('processed', 'PHPMailer/PHPMailer')
1355. ('processed', 'minio/minio')
1356. ('processed', 'tj/commander.js')
1357. ('processed', 'pyenv/pyenv')
1358. ('processed', 'Kotlin/anko')
1359. ('processed', 'equinusocio/material-theme')
1360. ('processed', 'playframework/playframework')
1361. ('processed', 'facebook/rocksdb')
1362. ('processed', 'resin-io/etcher')
1363. ('processed', 'maxwellito/vivus')
1364. ('processed', 'encode/django-rest-framework')
1365. ('processed', 'scala/scala')
1366. ('processed', 'Automattic/wp-calypso')
1367. ('processed', 'labstack/echo')
1368. ('processed', 'kangax/fabric.js')
1369. ('processed', 'PowerShell/PowerShell')
1370. ('processed', 'revel/revel')
1371. ('processed', 'CosmicMind/Material')
1372. ('processed', 'fish-shell/fish-shell')
1373. ('processed', 'svg/svgo')
1374. ('processed', 'erikras/redux-form')
1375. ('processed', 'google/flatbuffers')
1376. ('processed', 'dotnet/coreclr')
1377. ('processed', 'mxcl/PromiseKit')
1378. ('processed', 'chmln/flatpickr')
1379. ('processed', 'mikepenz/MaterialDrawer')
1380. ('processed', 'metabase/metabase')
1381. ('processed', 'fgnass/spin.js')
1382. ('processed', 'realm/SwiftLint')
1383. ('processed', 'aria2/aria2')
1384. ('processed', 'slimphp/Slim')
1385. ('processed', 'explosion/spaCy')
1386. ('processed', 'lerna/lerna')
1387. ('processed', 'docker/kitematic')
1388. ('processed', 'gaearon/react-hot-loader')
1389. ('processed', 'bazelbuild/bazel')
1390. ('processed', 'NodeBB/NodeBB')
1391. ('processed', 'Moya/Moya')
1392. ('processed', 'mishoo/UglifyJS2')
1393. ('processed', 'piwik/piwik')
1394. ('processed', 'websockets/ws')
1395. ('processed', 'Khan/KaTeX')
1396. ('processed', 'rancher/rancher')
1397. ('processed', 'openzipkin/zipkin')
1398. ('processed', 'mozilla-mobile/firefox-ios')
1399. ('processed', 'curl/curl')
1400. ('processed', 'jp9000/obs-studio')
1401. ('processed', 'fullcalendar/fullcalendar')
1402. ('processed', 'tmuxinator/tmuxinator')
1403. ('processed', 'ryanoasis/nerd-fonts')
1404. ('processed', 'facebook/nuclide')
1405. ('processed', 'FineUploader/fine-uploader')
1406. ('processed', 'cakephp/cakephp')
1407. ('processed', 'ShareX/ShareX')
1408. ('processed', 'v2ray/v2ray-core')
1409. ('processed', 'boot2docker/boot2docker')
1410. ('processed', 'gabrielbull/react-desktop')
1411. ('processed', 'portainer/portainer')
1412. ('processed', 'marionettejs/backbone.marionette')
1413. ('processed', 'google/cadvisor')
1414. ('processed', 'giakki/uncss')
1415. ('processed', 'casperjs/casperjs')
1416. ('processed', 'brave/browser-laptop')
1417. ('processed', 'dotnet/core')
1418. ('processed', 'radare/radare2')
1419. ('processed', 'BoostIO/Boostnote')
1420. ('processed', 'Hearst-DD/ObjectMapper')
1421. ('processed', 'ether/etherpad-lite')
1422. ('processed', 'xbmc/xbmc')
1423. ('processed', 'aspnet/Home')
1424. ('processed', 'Microsoft/ChakraCore')
1425. ('processed', 'dularion/streama')
1426. ('processed', 'reactioncommerce/reaction')
1427. ('processed', 'googlei18n/libphonenumber')
1428. ('processed', 'facebook/chisel')
1429. ('processed', 'aksonov/react-native-router-flux')
1430. ('processed', 'catchorg/Catch2')
1431. ('processed', 'SBoudrias/Inquirer.js')
1432. ('processed', 'addyosmani/critical')
1433. ('processed', 'RaRe-Technologies/gensim')
1434. ('processed', 'vuejs-templates/webpack')
1435. ('processed', 'gradle/gradle')
1436. ('processed', 'dropwizard/dropwizard')
1437. ('processed', 'Masterminds/glide')
1438. ('processed', 'showdownjs/showdown')
1439. ('processed', 'twitter/finagle')
1440. ('processed', 'lipangit/JiaoZiVideoPlayer')
1441. ('processed', 'overtrue/wechat')
1442. ('processed', 'robb/Cartography')
1443. ('processed', 'micropython/micropython')
1444. ('processed', 'FormidableLabs/spectacle')
1445. ('processed', 'OnsenUI/OnsenUI')
1446. ('processed', 'hankcs/HanLP')
1447. ('processed', 'zulip/zulip')
1448. ('processed', 'askmike/gekko')
1449. ('processed', 'node-nock/nock')
1450. ('processed', 'walkor/Workerman')
1451. ('processed', 'mediaelement/mediaelement')
1452. ('processed', 'ethereum/mist')
1453. ('processed', 'facebook/facebook-ios-sdk')
1454. ('processed', 'Microsoft/WinObjC')
1455. ('processed', 'google/brotli')
1456. ('processed', 'utatti/perfect-scrollbar')
1457. ('processed', 'symless/synergy-core')
1458. ('processed', 'gorilla/mux')
1459. ('processed', 'FriendsOfPHP/PHP-CS-Fixer')
1460. ('processed', 'aspnet/EntityFrameworkCore')
1461. ('processed', 'facebook/buck')
1462. ('processed', 'naver/pinpoint')
1463. ('processed', 'dropwizard/metrics')
1464. ('processed', 'bpampuch/pdfmake')
1465. ('processed', 'nikic/PHP-Parser')
1466. ('processed', 'darknessomi/musicbox')
1467. ('processed', 'go-gitea/gitea')
1468. ('processed', 'notepad-plus-plus/notepad-plus-plus')
1469. ('processed', 'quasarframework/quasar')
1470. ('processed', 'gentilkiwi/mimikatz')
1471. ('processed', 'trello/RxLifecycle')
1472. ('processed', 'magento/magento2')
1473. ('processed', 'elastic/beats')
1474. ('processed', 'wagtail/wagtail')
1475. ('processed', 'AutoMapper/AutoMapper')
1476. ('processed', 'rt2zz/redux-persist')
1477. ('processed', 'puma/puma')
1478. ('processed', 'trufflesuite/truffle')
1479. ('processed', 'ustbhuangyi/better-scroll')
1480. ('processed', 'filamentgroup/loadCSS')
1481. ('processed', 'OpenRefine/OpenRefine')
1482. ('processed', 'aspnet/Mvc')
1483. ('processed', 'dgraph-io/dgraph')
1484. ('processed', 'grpc/grpc-go')
1485. ('processed', 'angular-ui/ui-grid')
1486. ('processed', 'PrismJS/prism')
1487. ('processed', 'AudioKit/AudioKit')
1488. ('processed', 'google/google-api-php-client')
1489. ('processed', 'laradock/laradock')
1490. ('processed', 'pallets/jinja')
1491. ('processed', 'weaveworks/weave')
1492. ('processed', 'Netflix/eureka')
1493. ('processed', 'filamentgroup/tablesaw')
1494. ('processed', 'openresty/openresty')
1495. ('processed', 'electron-userland/electron-packager')
1496. ('processed', 'sosedoff/pgweb')
1497. ('processed', 'aio-libs/aiohttp')
1498. ('processed', 'jupyterlab/jupyterlab')
1499. ('processed', 'sass/node-sass')
1500. ('processed', 'reactjs/react-rails')
1501. ('processed', 'top-think/think')
1502. ('processed', 'swagger-api/swagger-core')
1503. ('processed', 'sameersbn/docker-gitlab')
1504. ('processed', 'moxiecode/plupload')
1505. ('processed', 'bookshelf/bookshelf')
1506. ('processed', 'icsharpcode/ILSpy')
1507. ('processed', 'harelba/q')
1508. ('processed', 'kubernetes/helm')
1509. ('processed', 'kubernetes/kops')
1510. ('processed', 'RPCS3/rpcs3')
1511. ('processed', 'influxdata/telegraf')
1512. ('processed', 'alrra/browser-logos')
1513. ('processed', 'fabiolb/fabio')
1514. ('processed', 'stylelint/stylelint')
1515. ('processed', 'purescript/purescript')
1516. ('processed', 'banchichen/TZImagePickerController')
1517. ('processed', 'SocketCluster/socketcluster')
1518. ('processed', 'dompdf/dompdf')
1519. ('processed', 'electron-userland/electron-builder')
1520. ('processed', 'MagicStack/uvloop')
1521. ('processed', 'lipis/flag-icon-css')
1522. ('processed', 'kivy/python-for-android')
1523. ('processed', 'Maximus5/ConEmu')
1524. ('processed', 'doctrine/doctrine2')
1525. ('processed', 'ant-design/ant-design-mobile')
1526. ('processed', 'julienXX/terminal-notifier')
1527. ('processed', 'kickstarter/android-oss')
1528. ('processed', 'commonsguy/cw-omnibus')
1529. ('processed', 'SoftEtherVPN/SoftEtherVPN')
1530. ('processed', 'bobthecow/psysh')
1531. ('processed', 'sockeqwe/mosby')
1532. ('processed', 'shadowsocks/shadowsocks-qt5')
1533. ('processed', 'inorganik/countUp.js')
1534. ('processed', 'angular-translate/angular-translate')
1535. ('processed', 'DevExpress/testcafe')
1536. ('processed', 'visualfc/liteide')
1537. ('processed', 'Microsoft/react-native-code-push')
1538. ('processed', 'BBC-News/wraith')
1539. ('processed', '18F/web-design-standards')
1540. ('processed', 'woocommerce/woocommerce')
1541. ('processed', 'aspnetboilerplate/aspnetboilerplate')
1542. ('processed', 'openshift/origin')
1543. ('processed', 'os-js/OS.js')
1544. ('processed', 'styleguidist/react-styleguidist')
1545. ('processed', 'PostgresApp/PostgresApp')
1546. ('processed', 'evernote/android-job')
1547. ('processed', 'hashcat/oclHashcat')
1548. ('processed', 'nanomsg/nanomsg')
1549. ('processed', 'kovidgoyal/calibre')
1550. ('processed', 'clappr/clappr')
1551. ('processed', 'react-dropzone/react-dropzone')
1552. ('processed', 'Varying-Vagrant-Vagrants/VVV')
1553. ('processed', 'graphite-project/graphite-web')
1554. ('processed', 'cytoscape/cytoscape.js')
1555. ('processed', 'hybridgroup/gobot')
1556. ('processed', 'macvim-dev/macvim')
1557. ('processed', 'ory/hydra')
1558. ('processed', 'codecentric/spring-boot-admin')
1559. ('processed', 'theintern/intern')
1560. ('processed', 'Sylius/Sylius')
1561. ('processed', 'medcl/elasticsearch-analysis-ik')
1562. ('processed', 'lokesh/lightbox2')
1563. ('processed', 'strapi/strapi')
1564. ('processed', 'aws/aws-sdk-js')
1565. ('processed', 'grpc/grpc-java')
1566. ('processed', 'Workiva/go-datastructures')
1567. ('processed', 'zsh-users/antigen')
1568. ('processed', 'ReactiveX/RxKotlin')
1569. ('processed', 'semantic-release/semantic-release')
1570. ('processed', 'luin/ioredis')
1571. ('processed', 'snowplow/snowplow')
1572. ('processed', 'davemorrissey/subsampling-scale-image-view')
1573. ('processed', 'roots/bedrock')
1574. ('processed', 'addyosmani/grunt-uncss')
1575. ('processed', 'apereo/cas')
1576. ('processed', 'paritytech/parity')
1577. ('processed', 'robolectric/robolectric')
1578. ('processed', 'limonte/sweetalert2')
1579. ('processed', 'aws/aws-sdk-go')
1580. ('processed', 'restic/restic')
1581. ('processed', 'jupyter/notebook')
1582. ('processed', 'primefaces/primeng')
1583. ('processed', 'rabbitmq/rabbitmq-server')
1584. ('processed', 'yannickcr/eslint-plugin-react')
1585. ('processed', 'serge-rider/dbeaver')
1586. ('processed', 'shardingjdbc/sharding-jdbc')
1587. ('processed', 'ben-manes/caffeine')
1588. ('processed', 'layerhq/Atlas-iOS')
1589. ('processed', 'garyburd/redigo')
1590. ('processed', 'lbryio/lbry')
1591. ('processed', 'ag-grid/ag-grid')
1592. ('processed', 'activemerchant/active_merchant')
1593. ('processed', 'linkerd/linkerd')
1594. ('processed', 'TooTallNate/Java-WebSocket')
1595. ('processed', 'sass/libsass')
1596. ('processed', 'AliasIO/Wappalyzer')
1597. ('processed', 'k9mail/k-9')
1598. ('processed', 'haifengl/smile')
1599. ('processed', 'zaproxy/zaproxy')
1600. ('processed', 'video-dev/hls.js')
1601. ('processed', 'App-vNext/Polly')
1602. ('processed', 'jisaacks/GitGutter')
1603. ('processed', 'malcommac/SwiftDate')
1604. ('processed', 'PowerShell/Win32-OpenSSH')
1605. ('processed', 'artf/grapesjs')
1606. ('processed', 'totaljs/framework')
1607. ('processed', 'AliSoftware/OHHTTPStubs')
1608. ('processed', 'bolt/bolt')
1609. ('processed', 'swaywm/sway')
1610. ('processed', 'thephpleague/oauth2-server')
1611. ('processed', 'mesosphere/marathon')
1612. ('processed', 'chainer/chainer')
1613. ('processed', 'mycolorway/simditor')
1614. ('processed', 'mikepenz/Android-Iconics')
1615. ('processed', 'zcash/zcash')
1616. ('processed', 'ealeksandrov/EAIntroView')
1617. ('processed', 'redfin/react-server')
1618. ('processed', 'wp-cli/wp-cli')
1619. ('processed', 'rqlite/rqlite')
1620. ('processed', 'checkstyle/checkstyle')
1621. ('processed', 'react-cosmos/react-cosmos')
1622. ('processed', '23/resumable.js')
1623. ('processed', 'oklai/koala')
1624. ('processed', 'sbt/sbt')
1625. ('processed', 'webpack/webpack-dev-server')
1626. ('processed', 'Eloston/ungoogled-chromium')
1627. ('processed', 'n1nj4sec/pupy')
1628. ('processed', 'borgbackup/borg')
1629. ('processed', 'mstarke/MacPass')
1630. ('processed', 'invoiceninja/invoiceninja')
1631. ('processed', 'NervanaSystems/neon')
1632. ('processed', 'Kinto/kinto')
1633. ('processed', 'kartik-v/bootstrap-fileinput')
1634. ('processed', 'openlayers/openlayers')
1635. ('processed', 'Alluxio/alluxio')
1636. ('processed', 'orientechnologies/orientdb')
1637. ('processed', 'keybase/client')
1638. ('processed', 'socketio/engine.io')
1639. ('processed', 'kanboard/kanboard')
1640. ('processed', 'grpc-ecosystem/grpc-gateway')
1641. ('processed', 'swagger-api/swagger-editor')
1642. ('processed', 'NLPchina/elasticsearch-sql')
1643. ('processed', 'mmistakes/minimal-mistakes')
1644. ('processed', 'angular/angularfire2')
1645. ('processed', 'SwiftBond/Bond')
1646. ('processed', 'Microsoft/vscode-go')
1647. ('processed', 'playcanvas/engine')
1648. ('processed', 'spotify/annoy')
1649. ('processed', 'hyperium/hyper')
1650. ('processed', 'go-chi/chi')
1651. ('processed', 'direnv/direnv')
1652. ('processed', 'pixelsign/html5-device-mockups')
1653. ('processed', 'searchkit/searchkit')
1654. ('processed', 'pnpm/pnpm')
1655. ('processed', 'Microsoft/code-push')
1656. ('processed', 'real-logic/aeron')
1657. ('processed', 'HearthSim/Hearthstone-Deck-Tracker')
1658. ('processed', 'wdullaer/MaterialDateTimePicker')
1659. ('processed', 'epoberezkin/ajv')
1660. ('processed', 'jenssegers/laravel-mongodb')
1661. ('processed', 'ember-cli/ember-cli')
1662. ('processed', 'brigade/scss-lint')
1663. ('processed', 'pili-engineering/PLDroidPlayer')
1664. ('processed', 'qutebrowser/qutebrowser')
1665. ('processed', 'GetmeUK/ContentTools')
1666. ('processed', 'insin/nwb')
1667. ('processed', 'spatie/laravel-permission')
1668. ('processed', 'twitter/heron')
1669. ('processed', 'JeffreySu/WeiXinMPSDK')
1670. ('processed', 'cockpit-project/cockpit')
1671. ('processed', 'typelift/Swiftz')
1672. ('processed', 'catfan/Medoo')
1673. ('processed', 'sachinchoolur/lightGallery')
1674. ('processed', 'kangax/html-minifier')
1675. ('processed', 'TykTechnologies/tyk')
1676. ('processed', 'mqttjs/MQTT.js')
1677. ('processed', 'graphql-python/graphene')
1678. ('processed', 'grommet/grommet')
1679. ('processed', 'aws/aws-sdk-php')
1680. ('processed', 'socketio/socket.io-client-swift')
1681. ('processed', 'acdlite/flux-standard-action')
1682. ('processed', 'basho/riak')
1683. ('processed', 'AnalyticalGraphicsInc/cesium')
1684. ('processed', 'frappe/erpnext')
1685. ('processed', 'NLog/NLog')
1686. ('processed', 'directus/directus')
1687. ('processed', 'coreos/flannel')
1688. ('processed', 'cwRichardKim/RKNotificationHub')
1689. ('processed', 'heroku/react-refetch')
1690. ('processed', 'OfficeDev/office-ui-fabric-core')
1691. ('processed', 'Tencent/GT')
1692. ('processed', 'emberjs/data')
1693. ('processed', 'thoughtbot/clearance')
1694. ('processed', 'emqtt/emqttd')
1695. ('processed', 'tonsky/datascript')
1696. ('processed', 'WhisperSystems/Signal-Desktop')
1697. ('processed', 'docker/docker-py')
1698. ('processed', 'RNCryptor/RNCryptor')
1699. ('processed', 'garris/BackstopJS')
1700. ('processed', 'picocms/Pico')
1701. ('processed', 'asciimoo/searx')
1702. ('processed', 'phan/phan')
1703. ('processed', 'Studio-42/elFinder')
1704. ('processed', 'mamedev/mame')
1705. ('processed', 'nicolaskruchten/pivottable')
1706. ('processed', 'mapbox/mapbox-gl-js')
1707. ('processed', 'hybridauth/hybridauth')
1708. ('processed', 'adnanh/webhook')
1709. ('processed', 'Quick/Nimble')
1710. ('processed', 'matrix-org/synapse')
1711. ('processed', 'googlevr/gvr-android-sdk')
1712. ('processed', 'tsuru/tsuru')
1713. ('processed', 'JrCs/docker-letsencrypt-nginx-proxy-companion')
1714. ('processed', 'joomla/joomla-cms')
1715. ('processed', 'OpenKinect/libfreenect')
1716. ('processed', 'stampit-org/stampit')
1717. ('processed', 'chrismiles/CMPopTipView')
1718. ('processed', 'nteract/hydrogen')
1719. ('processed', 'kean/Nuke')
1720. ('processed', 'jazzband/pip-tools')
1721. ('processed', 'b3log/symphony')
1722. ('processed', 'pachyderm/pachyderm')
1723. ('processed', 'fengyuanchen/viewerjs')
1724. ('processed', 'aws/aws-sdk-ruby')
1725. ('processed', 'danklammer/bytesize-icons')
1726. ('processed', 'google/closure-library')
1727. ('processed', 'ecomfe/zrender')
1728. ('processed', 'IdentityServer/IdentityServer4')
1729. ('processed', 'css/csso')
1730. ('processed', 'gorhill/uMatrix')
1731. ('processed', 'api-platform/api-platform')
1732. ('processed', 'kbengine/kbengine')
1733. ('processed', 'mapbox/mapbox-gl-native')
1734. ('processed', 'Financial-Times/polyfill-service')
1735. ('processed', 'centrifugal/centrifugo')
1736. ('processed', 'Behat/Behat')
1737. ('processed', 'bshaffer/oauth2-server-php')
1738. ('processed', 'diesel-rs/diesel')
1739. ('processed', 'Skyscanner/SkyFloatingLabelTextField')
1740. ('processed', 'asaskevich/govalidator')
1741. ('processed', 'sindresorhus/got')
1742. ('processed', 'ArtSabintsev/Harpy')
1743. ('processed', 'Hacker0x01/react-datepicker')
1744. ('processed', 'mrclay/minify')
1745. ('processed', 'siddontang/ledisdb')
1746. ('processed', 'owncloud/android')
1747. ('processed', 'clientIO/joint')
1748. ('processed', 'hyperoslo/Hue')
1749. ('processed', 'roundcube/roundcubemail')
1750. ('processed', 'noflo/noflo')
1751. ('processed', '521dimensions/amplitudejs')
1752. ('processed', 'ArtSabintsev/Siren')
1753. ('processed', 'danger/danger')
1754. ('processed', 'nbs-system/naxsi')
1755. ('processed', 'phw/peek')
1756. ('processed', 'JustArchi/ArchiSteamFarm')
1757. ('processed', 'vavr-io/vavr')
1758. ('processed', 'szwacz/electron-boilerplate')
1759. ('processed', 'lampepfl/dotty')
1760. ('processed', 'BorisMoore/jsrender')
1761. ('processed', 'nteract/nteract')
1762. ('processed', 'andersao/l5-repository')
1763. ('processed', 'containerd/containerd')
1764. ('processed', 'hylang/hy')
1765. ('processed', 'aseprite/aseprite')
1766. ('processed', 'inversify/InversifyJS')
1767. ('processed', 'marmelroy/PhoneNumberKit')
1768. ('processed', 'fex-team/fis3')
1769. ('processed', 'appcelerator/titanium_mobile')
1770. ('processed', 'google/benchmark')
1771. ('processed', 'Ereza/CustomActivityOnCrash')
1772. ('processed', 'golemfactory/golem')
1773. ('processed', 'grails/grails-core')
1774. ('processed', 'coteditor/CotEditor')
1775. ('processed', 'kubernetes/dashboard')
1776. ('processed', 'xonsh/xonsh')
1777. ('processed', 'micha/resty')
1778. ('processed', 'react-native-community/react-native-svg')
1779. ('processed', 'fibjs/fibjs')
1780. ('processed', 'laravel/homestead')
1781. ('processed', 'getsentry/raven-js')
1782. ('processed', 'FreeRDP/FreeRDP')
1783. ('processed', 'neon-bindings/neon')
1784. ('processed', 'Project-OSRM/osrm-backend')
1785. ('processed', 'owner888/phpspider')
1786. ('processed', 'apiaryio/dredd')
1787. ('processed', 'giggsey/libphonenumber-for-php')
1788. ('processed', 'phalcon/zephir')
1789. ('processed', 'Dash-Industry-Forum/dash.js')
1790. ('processed', 'SeleniumHQ/docker-selenium')
1791. ('processed', 'phpro/grumphp')
1792. ('processed', 'wooorm/alex')
1793. ('processed', 'googlevr/gvr-unity-sdk')
1794. ('processed', 'sqlectron/sqlectron-gui')
1795. ('processed', 'hickford/MechanicalSoup')
1796. ('processed', 'froala/wysiwyg-editor')
1797. ('processed', 'jhnns/rewire')
1798. ('processed', 'maximebf/php-debugbar')
1799. ('processed', 'sschmid/Entitas-CSharp')
1800. ('processed', 'jflesch/paperwork')
1801. ('processed', 'honestbleeps/Reddit-Enhancement-Suite')
1802. ('processed', 'termux/termux-app')
1803. ('processed', 'devxoul/Then')
1804. ('processed', 'libretro/RetroArch')
1805. ('processed', 'star7th/showdoc')
1806. ('processed', '3lvis/Sync')
1807. ('processed', 'dlew/joda-time-android')
1808. ('processed', 'qmk/qmk_firmware')
1809. ('processed', 'mikepenz/FastAdapter')
1810. ('processed', 'dokan-dev/dokany')
1811. ('processed', 'wbotelhos/raty')
1812. ('processed', 'nopSolutions/nopCommerce')
1813. ('processed', 'aspnet/KestrelHttpServer')
1814. ('processed', 'ueberauth/guardian')
1815. ('processed', 'emacs-helm/helm')
1816. ('processed', 'dmfay/massive-js')
1817. ('processed', 'PrismLibrary/Prism')
1818. ('processed', 'iron-io/functions')
1819. ('processed', 'pornel/pngquant')
1820. ('processed', 'RichardKnop/machinery')
1821. ('processed', 'mizzy/serverspec')
1822. ('processed', 'hhatto/autopep8')
1823. ('processed', 'TimOliver/TOCropViewController')
1824. ('processed', 'WebAssembly/binaryen')
1825. ('processed', 'VirusTotal/yara')
1826. ('processed', 'go-swagger/go-swagger')
1827. ('processed', 'material-components/material-components-ios')
1828. ('processed', 'graphql-java/graphql-java')
1829. ('processed', 'jpillora/chisel')
1830. ('processed', 'PHP-FFMpeg/PHP-FFMpeg')
1831. ('processed', 'buttercup/buttercup-desktop')
1832. ('processed', 'oliviertassinari/react-swipeable-views')
1833. ('processed', 'frida/frida')
1834. ('processed', 'mikepenz/AboutLibraries')
1835. ('processed', 'twitter/util')
1836. ('processed', 'shogun-toolbox/shogun')
1837. ('processed', 'ngx-translate/core')
1838. ('processed', 'stuyam/pressure')
1839. ('processed', 'mapnik/mapnik')
1840. ('processed', 'google/shaka-player')
1841. ('processed', 'cryptomator/cryptomator')
1842. ('processed', 'ThingEngineer/PHP-MySQLi-Database-Class')
1843. ('processed', 'ruslanskorb/RSKImageCropper')
1844. ('processed', 'meandmax/lory')
1845. ('processed', 'ppwwyyxx/tensorpack')
1846. ('processed', 'kpumuk/meta-tags')
1847. ('processed', 'streamlink/streamlink')
1848. ('processed', 'Netflix/ribbon')
1849. ('processed', 'vitalets/angular-xeditable')
1850. ('processed', 'phpseclib/phpseclib')
1851. ('processed', 'mongodb/mongo-java-driver')
1852. ('processed', 'junit-team/junit5')
1853. ('processed', 'CMB2/CMB2')
1854. ('processed', 'jenssegers/agent')
1855. ('processed', 'snabbco/snabb')
1856. ('processed', 'rubygems/rubygems')
1857. ('processed', 'raphw/byte-buddy')
1858. ('processed', 'spatie/laravel-medialibrary')
1859. ('processed', 'webonyx/graphql-php')
1860. ('processed', 'spotify/helios')
1861. ('processed', 'kubernetes/heapster')
1862. ('processed', 'cleanflight/cleanflight')
1863. ('processed', 'mRemoteNG/mRemoteNG')
1864. ('processed', 'ninject/Ninject')
1865. ('processed', 'louthy/language-ext')
1866. ('processed', 'collectd/collectd')
1867. ('processed', 'bitpay/copay')
1868. ('processed', 'elastic/curator')
1869. ('processed', 'javiereguiluz/EasyAdminBundle')
1870. ('processed', 'itinance/react-native-fs')
1871. ('processed', 'jcubic/jquery.terminal')
1872. ('processed', 'astrada/google-drive-ocamlfuse')
1873. ('processed', 'darktable-org/darktable')
1874. ('processed', 'rhysd/NyaoVim')
1875. ('processed', 'longitachi/ZLPhotoBrowser')
1876. ('processed', 'videojs/videojs-contrib-hls')
1877. ('processed', 'nameko/nameko')
1878. ('processed', 'samratashok/nishang')
1879. ('processed', 'pre-commit/pre-commit')
1880. ('processed', 'davidkpiano/react-redux-form')
1881. ('processed', 'tarantool/tarantool')
1882. ('processed', 'moneyphp/money')
1883. ('processed', 'NorthwoodsSoftware/GoJS')
1884. ('processed', 'ReactiveCocoa/ReactiveSwift')
1885. ('processed', 'jssor/slider')
1886. ('processed', 'graphql-dotnet/graphql-dotnet')
1887. ('processed', 'actionhero/actionhero')
1888. ('processed', 'drush-ops/drush')
1889. ('processed', 'laracasts/Laravel-5-Generators-Extended')
1890. ('processed', 'jarun/Buku')
1891. ('processed', 'linkedin/pinot')
1892. ('processed', 'nutzam/nutz')
1893. ('processed', 'sheerun/vim-polyglot')
1894. ('processed', 'Zewo/Zewo')
1895. ('processed', 'postcss/postcss-loader')
1896. ('processed', 'DamnWidget/anaconda')
1897. ('processed', 'qTox/qTox')
1898. ('processed', 'php-curl-class/php-curl-class')
1899. ('processed', 'CorsixTH/CorsixTH')
1900. ('processed', 'Microsoft/ELL')
1901. ('processed', 'espressif/esptool')
1902. ('processed', 'pwittchen/ReactiveNetwork')
1903. ('processed', 'mit-nlp/MITIE')
1904. ('processed', 'htacg/tidy-html5')
1905. ('processed', 'solidusio/solidus')
1906. ('processed', 'netguru/ResponseDetective')
1907. ('processed', 'jwilder/dockerize')
1908. ('processed', 'mirumee/saleor')
1909. ('processed', 'hyperhq/hyperd')
1910. ('processed', 'jMonkeyEngine/jmonkeyengine')
1911. ('processed', 'PHPSocialNetwork/phpfastcache')
1912. ('processed', 'GoogleCloudPlatform/google-cloud-node')
1913. ('processed', 'FriendsOfSymfony/FOSRestBundle')
1914. ('processed', 'SixLabors/ImageSharp')
1915. ('processed', 'lxc/lxd')
1916. ('processed', 'mysticatea/npm-run-all')
1917. ('processed', 'Qihoo360/pika')
1918. ('processed', 'verlok/lazyload')
1919. ('processed', 'remiprev/her')
1920. ('processed', 'wordpress-mobile/WordPress-Android')
1921. ('processed', 'vitaly-t/pg-promise')
1922. ('processed', 'vector-im/riot-web')
1923. ('processed', 'pritunl/pritunl')
1924. ('processed', 'inikulin/parse5')
1925. ('processed', 'azkaban/azkaban')
1926. ('processed', 'infobyte/faraday')
1927. ('processed', 'Clipy/Clipy')
1928. ('processed', 'lanayotech/vagrant-manager')
1929. ('processed', 'conan-io/conan')
1930. ('processed', 'Deletescape-Media/Lawnchair')
1931. ('processed', 'MediaBrowser/Emby')
1932. ('processed', 'coleifer/huey')
1933. ('processed', 'roots/trellis')
1934. ('processed', 'kimmobrunfeldt/concurrently')
1935. ('processed', 'PaulLeCam/react-leaflet')
1936. ('processed', 'LWJGL/lwjgl3')
1937. ('processed', 'convox/rack')
1938. ('processed', 'nanoc/nanoc')
1939. ('processed', 'pytransitions/transitions')
1940. ('processed', 'gotev/android-upload-service')
1941. ('processed', 'ionic-team/ionic-native')
1942. ('processed', 'sonata-project/SonataAdminBundle')
1943. ('processed', 'mlaursen/react-md')
1944. ('processed', 'PX4/Firmware')
1945. ('processed', 'mar10/fancytree')
1946. ('processed', 'ruflin/Elastica')
1947. ('processed', 'slackapi/node-slack-sdk')
1948. ('processed', 'btraceio/btrace')
1949. ('processed', 'hkellaway/Gloss')
1950. ('processed', 'jasonlong/isometric-contributions')
1951. ('processed', 'deanoemcke/thegreatsuspender')
1952. ('processed', 'erikdoe/ocmock')
1953. ('processed', 'TwidereProject/Twidere-Android')
1954. ('processed', 'mcamara/laravel-localization')
1955. ('processed', 'reactjs/react-docgen')
1956. ('processed', 'Lone-Coder/letsencrypt-win-simple')
1957. ('processed', 'canjs/canjs')
1958. ('processed', 'lj2007331/lnmp')
1959. ('processed', 'bustoutsolutions/siesta')
1960. ('processed', 'FrDH/jQuery.dotdotdot')
1961. ('processed', 'hacdias/filemanager')
1962. ('processed', 'go-playground/validator')
1963. ('processed', 'ai/visibilityjs')
1964. ('processed', 'Automattic/simplenote-electron')
1965. ('processed', 'mgechev/codelyzer')
1966. ('processed', 'Netflix/archaius')
1967. ('processed', 'hadley/devtools')
1968. ('processed', 'quantmind/pulsar')
1969. ('processed', 'vispy/vispy')
1970. ('processed', 'coocood/freecache')
1971. ('processed', '1N3/Sn1per')
1972. ('processed', 'nelmio/alice')
1973. ('processed', 'alignedleft/d3-book')
1974. ('processed', 'facelessuser/BracketHighlighter')
1975. ('processed', 'ARMmbed/mbed-os')
1976. ('processed', 'Polidea/RxAndroidBle')
1977. ('processed', 'rom-rb/rom')
1978. ('processed', 'WebGoat/WebGoat')
1979. ('processed', 'openstreetmap/iD')
1980. ('processed', 'aspnet/Identity')
1981. ('processed', 'pika/pika')
1982. ('processed', 'mozilla/MozDef')
1983. ('processed', 'nabla-c0d3/sslyze')
1984. ('processed', 'igniterealtime/Openfire')
1985. ('processed', 'stripe/stripe-php')
1986. ('processed', 'tdebatty/java-string-similarity')
1987. ('processed', 'w3c/web-platform-tests')
1988. ('processed', 'thephpleague/csv')
1989. ('processed', 'liferay/alloy-ui')
1990. ('processed', 'ermouth/jQuery.my')
1991. ('processed', 'cesanta/mongoose-os')
1992. ('processed', 'gruntjs/grunt-contrib-uglify')
1993. ('processed', 'kriswallsmith/Buzz')
1994. ('processed', 'octokit/octokit.net')
1995. ('processed', 'swagger-api/swagger-js')
1996. ('processed', 'M66B/NetGuard')
1997. ('processed', 'codeclimate/codeclimate')
1998. ('processed', 'Microsoft/vscode-react-native')
1999. ('processed', 'rap2hpoutre/laravel-log-viewer')
2000. ('processed', 'GovernmentCommunicationsHeadquarters/Gaffer')
2001. ('processed', 'cloudfoundry/bosh')
2002. ('processed', 'lyst/lightfm')
2003. ('processed', 'mltframework/shotcut')
2004. ('processed', 'nana-4/materia-theme')
2005. ('processed', 'preciousforever/sketch-data-populator')
2006. ('processed', 'phpspec/phpspec')
2007. ('processed', 'reactjs/React.NET')
2008. ('error, zero length row', [])
2009. ('error, zero length row', [])
