16. ('start',)
17. ('sumOfSquares', 24.001002244530046)
18. ('n', 3)
19. ('variance', 12.000501122265023)
28. ('start',)
29. ('sumOfSquares', 0.0)
30. ('n', 3)
31. ('variance', 0.0)
40. ('start',)
41. ('sumOfSquares', 10.392304845413264)
42. ('n', 3)
43. ('variance', 5.196152422706632)
16. ('start',)
17. ('sumOfSquares', 24.001002244530046)
18. ('n', 3)
19. ('variance', 12.000501122265023)
28. ('start',)
29. ('sumOfSquares', 0.0)
30. ('n', 3)
31. ('variance', 0.0)
40. ('start',)
41. ('sumOfSquares', 10.392304845413264)
42. ('n', 3)
43. ('variance', 5.196152422706632)
16. ('start',)
17. ('sumOfSquares', 24.001002244530046)
18. ('n', 3)
19. ('variance', 12.000501122265023)
28. ('start',)
29. ('sumOfSquares', 0.0)
30. ('n', 3)
31. ('variance', 0.0)
40. ('start',)
41. ('sumOfSquares', 10.392304845413264)
42. ('n', 3)
43. ('variance', 5.196152422706632)
16. ('start',)
17. ('sumOfSquares', 24.001002244530046)
18. ('n', 3)
19. ('variance', 12.000501122265023)
28. ('start',)
29. ('sumOfSquares', 0.0)
30. ('n', 3)
31. ('variance', 0.0)
40. ('start',)
41. ('sumOfSquares', 10.392304845413264)
42. ('n', 3)
43. ('variance', 5.196152422706632)
16. ('start',)
17. ('sumOfSquares', 24.001002244530046)
18. ('n', 3)
19. ('variance', 12.000501122265023)
28. ('start',)
29. ('sumOfSquares', 0.0)
30. ('n', 3)
31. ('variance', 0.0)
40. ('start',)
41. ('sumOfSquares', 10.392304845413264)
42. ('n', 3)
43. ('variance', 5.196152422706632)
16. ('start',)
17. ('sumOfSquares', 24.001002244530046)
18. ('n', 3)
19. ('variance', 12.000501122265023)
28. ('start',)
29. ('sumOfSquares', 0.0)
30. ('n', 3)
31. ('variance', 0.0)
40. ('start',)
41. ('sumOfSquares', 10.392304845413264)
42. ('n', 3)
43. ('variance', 5.196152422706632)
16. ('start',)
17. ('sumOfSquares', 24.001002244530046)
18. ('n', 3)
19. ('variance', 12.000501122265023)
28. ('start',)
29. ('sumOfSquares', 0.0)
30. ('n', 3)
31. ('variance', 0.0)
40. ('start',)
41. ('sumOfSquares', 10.392304845413264)
42. ('n', 3)
43. ('variance', 5.196152422706632)
16. ('start',)
17. ('sumOfSquares', 24.001002244530046)
18. ('n', 3)
19. ('variance', 12.000501122265023)
28. ('start',)
29. ('sumOfSquares', 0.0)
30. ('n', 3)
31. ('variance', 0.0)
40. ('start',)
41. ('sumOfSquares', 10.392304845413264)
42. ('n', 3)
43. ('variance', 5.196152422706632)
16. ('start',)
17. ('sumOfSquares', 24.001002244530046)
18. ('n', 3)
19. ('variance', 12.000501122265023)
28. ('start',)
29. ('sumOfSquares', 0.0)
30. ('n', 3)
31. ('variance', 0.0)
40. ('start',)
41. ('sumOfSquares', 10.392304845413264)
42. ('n', 3)
43. ('variance', 5.196152422706632)
16. ('start',)
17. ('sumOfSquares', 24.001002244530046)
18. ('n', 3)
19. ('variance', 12.000501122265023)
28. ('start',)
29. ('sumOfSquares', 0.0)
30. ('n', 3)
31. ('variance', 0.0)
40. ('start',)
41. ('sumOfSquares', 10.392304845413264)
42. ('n', 3)
43. ('variance', 5.196152422706632)
16. ('start',)
17. ('sumOfSquares', 24.001002244530046)
18. ('n', 3)
19. ('variance', 12.000501122265023)
28. ('start',)
29. ('sumOfSquares', 0.0)
30. ('n', 3)
31. ('variance', 0.0)
40. ('start',)
41. ('sumOfSquares', 10.392304845413264)
42. ('n', 3)
43. ('variance', 5.196152422706632)
16. ('start',)
17. ('sumOfSquares', 24.001002244530046)
18. ('n', 3)
19. ('variance', 12.000501122265023)
28. ('start',)
29. ('sumOfSquares', 0.0)
30. ('n', 3)
31. ('variance', 0.0)
40. ('start',)
41. ('sumOfSquares', 10.392304845413264)
42. ('n', 3)
43. ('variance', 5.196152422706632)
16. ('start',)
17. ('sumOfSquares', 24.001002244530046)
18. ('n', 3)
19. ('variance', 12.000501122265023)
28. ('start',)
29. ('sumOfSquares', 0.0)
30. ('n', 3)
31. ('variance', 0.0)
40. ('start',)
41. ('sumOfSquares', 10.392304845413264)
42. ('n', 3)
43. ('variance', 5.196152422706632)
16. ('start',)
17. ('sumOfSquares', 24.001002244530046)
18. ('n', 3)
19. ('variance', 12.000501122265023)
28. ('start',)
29. ('sumOfSquares', 0.0)
30. ('n', 3)
31. ('variance', 0.0)
40. ('start',)
41. ('sumOfSquares', 10.392304845413264)
42. ('n', 3)
43. ('variance', 5.196152422706632)
16. ('start',)
17. ('sumOfSquares', 24.001002244530046)
18. ('n', 3)
19. ('variance', 12.000501122265023)
28. ('start',)
29. ('sumOfSquares', 0.0)
30. ('n', 3)
31. ('variance', 0.0)
40. ('start',)
41. ('sumOfSquares', 10.392304845413264)
42. ('n', 3)
43. ('variance', 5.196152422706632)
16. ('start',)
17. ('sumOfSquares', 24.001002244530046)
18. ('n', 3)
19. ('variance', 12.000501122265023)
28. ('start',)
29. ('sumOfSquares', 0.0)
30. ('n', 3)
31. ('variance', 0.0)
40. ('start',)
41. ('sumOfSquares', 10.392304845413264)
42. ('n', 3)
43. ('variance', 5.196152422706632)
16. ('start',)
17. ('sumOfSquares', 24.001002244530046)
18. ('n', 3)
19. ('variance', 12.000501122265023)
28. ('start',)
29. ('sumOfSquares', 0.0)
30. ('n', 3)
31. ('variance', 0.0)
40. ('start',)
41. ('sumOfSquares', 10.392304845413264)
42. ('n', 3)
43. ('variance', 5.196152422706632)
16. ('start',)
17. ('sumOfSquares', 24.001002244530046)
18. ('n', 3)
19. ('variance', 12.000501122265023)
28. ('start',)
29. ('sumOfSquares', 0.0)
30. ('n', 3)
31. ('variance', 0.0)
40. ('start',)
41. ('sumOfSquares', 10.392304845413264)
42. ('n', 3)
43. ('variance', 5.196152422706632)
16. ('start',)
17. ('sumOfSquares', 24.001002244530046)
18. ('n', 3)
19. ('variance', 12.000501122265023)
28. ('start',)
29. ('sumOfSquares', 0.0)
30. ('n', 3)
31. ('variance', 0.0)
40. ('start',)
41. ('sumOfSquares', 10.392304845413264)
42. ('n', 3)
43. ('variance', 5.196152422706632)
16. ('start',)
17. ('sumOfSquares', 24.001002244530046)
18. ('n', 3)
19. ('variance', 12.000501122265023)
28. ('start',)
29. ('sumOfSquares', 0.0)
30. ('n', 3)
31. ('variance', 0.0)
40. ('start',)
41. ('sumOfSquares', 10.392304845413264)
42. ('n', 3)
43. ('variance', 5.196152422706632)
16. ('start',)
17. ('sumOfSquares', 24.001002244530046)
18. ('n', 3)
19. ('variance', 12.000501122265023)
28. ('start',)
29. ('sumOfSquares', 0.0)
30. ('n', 3)
31. ('variance', 0.0)
40. ('start',)
41. ('sumOfSquares', 10.392304845413264)
42. ('n', 3)
43. ('variance', 5.196152422706632)
16. ('start',)
17. ('sumOfSquares', 24.001002244530046)
18. ('n', 3)
19. ('variance', 12.000501122265023)
28. ('start',)
29. ('sumOfSquares', 0.0)
30. ('n', 3)
31. ('variance', 0.0)
40. ('start',)
41. ('sumOfSquares', 10.392304845413264)
42. ('n', 3)
43. ('variance', 5.196152422706632)
16. ('start',)
17. ('sumOfSquares', 24.001002244530046)
18. ('n', 3)
19. ('variance', 12.000501122265023)
28. ('start',)
29. ('sumOfSquares', 0.0)
30. ('n', 3)
31. ('variance', 0.0)
40. ('start',)
41. ('sumOfSquares', 10.392304845413264)
42. ('n', 3)
43. ('variance', 5.196152422706632)
16. ('start',)
17. ('sumOfSquares', 24.001002244530046)
18. ('n', 3)
19. ('variance', 12.000501122265023)
28. ('start',)
29. ('sumOfSquares', 0.0)
30. ('n', 3)
31. ('variance', 0.0)
40. ('start',)
41. ('sumOfSquares', 10.392304845413264)
42. ('n', 3)
43. ('variance', 5.196152422706632)
16. ('start',)
17. ('sumOfSquares', 24.001002244530046)
18. ('n', 3)
19. ('variance', 12.000501122265023)
28. ('start',)
29. ('sumOfSquares', 0.0)
30. ('n', 3)
31. ('variance', 0.0)
40. ('start',)
41. ('sumOfSquares', 10.392304845413264)
42. ('n', 3)
43. ('variance', 5.196152422706632)
