52. ('start',)
61. ('start',)
62. ('start',)
63. ('start',)
64. ('start',)
52. ('start',)
61. ('start',)
62. ('start',)
63. ('start',)
64. ('start',)
52. ('start',)
61. ('start',)
62. ('start',)
63. ('start',)
64. ('start',)
52. ('start',)
61. ('start',)
62. ('start',)
63. ('start',)
64. ('start',)
52. ('start',)
61. ('start',)
62. ('start',)
63. ('start',)
64. ('start',)
73. ('start',)
52. ('start',)
61. ('start',)
62. ('start',)
63. ('start',)
64. ('start',)
73. ('start',)
52. ('start',)
61. ('start',)
62. ('start',)
63. ('start',)
64. ('start',)
65. ('start',)
52. ('start',)
61. ('start',)
62. ('start',)
63. ('start',)
64. ('start',)
65. ('start',)
52. ('start',)
61. ('start',)
62. ('start',)
63. ('start',)
64. ('start',)
65. ('start',)
66. ('region 2 selected',)
52. ('start',)
61. ('start',)
62. ('start',)
63. ('start',)
64. ('start',)
65. ('start',)
66. ('region 2 selected',)
52. ('start',)
61. ('start',)
62. ('start',)
63. ('start',)
64. ('start',)
65. ('start',)
66. ('region 2 selected',)
67. ('start',)
52. ('start',)
61. ('start',)
62. ('start',)
63. ('start',)
64. ('start',)
65. ('start',)
66. ('region 2 selected',)
67. ('start',)
68. ('start',)
52. ('start',)
61. ('start',)
62. ('start',)
63. ('start',)
64. ('start',)
65. ('start',)
66. ('region 2 selected',)
67. ('start',)
68. ('start',)
69. ('start',)
52. ('start',)
61. ('start',)
62. ('start',)
63. ('start',)
64. ('start',)
65. ('start',)
66. ('region 2 selected',)
67. ('start',)
68. ('start',)
69. ('start',)
52. ('start',)
61. ('start',)
62. ('start',)
63. ('start',)
64. ('start',)
65. ('start',)
66. ('region 2 selected',)
67. ('start',)
68. ('start',)
69. ('start',)
52. ('start',)
61. ('start',)
62. ('start',)
63. ('start',)
64. ('start',)
65. ('start',)
66. ('region 2 selected',)
67. ('start',)
68. ('start',)
69. ('start',)
52. ('start',)
61. ('start',)
62. ('start',)
63. ('start',)
64. ('start',)
65. ('start',)
66. ('region 2 selected',)
67. ('start',)
68. ('start',)
69. ('start',)
70. ('start',)
52. ('start',)
61. ('start',)
62. ('start',)
63. ('start',)
64. ('start',)
65. ('start',)
66. ('region 2 selected',)
67. ('start',)
68. ('start',)
69. ('start',)
70. ('start',)
52. ('start',)
61. ('start',)
62. ('start',)
63. ('start',)
64. ('start',)
65. ('start',)
66. ('region 2 selected',)
67. ('start',)
68. ('start',)
69. ('start',)
70. ('start',)
52. ('start',)
61. ('start',)
62. ('start',)
63. ('start',)
64. ('start',)
65. ('start',)
66. ('region 2 selected',)
67. ('start',)
68. ('start',)
69. ('start',)
70. ('start',)
52. ('start',)
61. ('start',)
62. ('start',)
63. ('start',)
64. ('start',)
65. ('start',)
66. ('region 2 selected',)
67. ('start',)
68. ('start',)
69. ('start',)
70. ('start',)
