0. ('SYMLOG_metrics start',)
1. ('Processing', 'slackapi__node-slack-sdk.json')
29. ('Processing', 'electron-userland__electron-builder.json')
57. ('Processing', 'googlevr__gvr-unity-sdk.json')
85. ('Processing', 'facebook__rocksdb.json')
113. ('Processing', 'SoftEtherVPN__SoftEtherVPN.json')
141. ('Processing', 'casperjs__casperjs.json')
169. ('Processing', 'nodejs__node-convergence-archive.json')
197. ('Processing', 'jupyter__notebook.json')
225. ('Processing', 'SixLabors__ImageSharp.json')
253. ('Processing', 'marionettejs__backbone.marionette.json')
281. ('Processing', 'phpseclib__phpseclib.json')
309. ('Processing', 'pkyeck__socket.IO-objc.json')
337. ('Processing', 'rgrove__jsmin-php.json')
341. ('Processing', 'Dash-Industry-Forum__dash.js.json')
369. ('Processing', 'mattgemmell__MGSplitViewController.json')
397. ('Processing', 'askmike__gekko.json')
425. ('Processing', 'haifengl__smile.json')
429. ('Processing', 'Prinzhorn__skrollr.json')
457. ('Processing', 'BootstrapCMS__CMS.json')
461. ('Processing', 'jupyter__colaboratory.json')
489. ('Processing', 'quantmind__pulsar.json')
517. ('Processing', 'kenkeiter__skeuocard.json')
545. ('Processing', 'joomla__joomla-cms.json')
573. ('Processing', 'searchkit__searchkit.json')
601. ('Processing', 'kimmobrunfeldt__concurrently.json')
629. ('Processing', 'TooTallNate__Java-WebSocket.json')
657. ('Processing', 'Zewo__Zewo.json')
685. ('Processing', 'doctrine__doctrine2.json')
713. ('Processing', 'bobthecow__psysh.json')
741. ('Processing', 'artf__grapesjs.json')
769. ('Processing', 'openshift__origin.json')
797. ('Processing', 'realm__realm-cocoa.json')
825. ('Processing', 'spatie__laravel-medialibrary.json')
853. ('Processing', 'ermouth__jQuery.my.json')
881. ('Processing', 'devxoul__Then.json')
909. ('Processing', 'MattRix__UnityDecompiled.json')
913. ('Processing', 'junit-team__junit5.json')
941. ('Processing', 'jflesch__paperwork.json')
945. ('Processing', 'aseprite__aseprite.json')
973. ('Processing', 'Microsoft__ELL.json')
1001. ('Processing', 'docker__docker-registry.json')
1029. ('Processing', 'ethereum__mist.json')
1057. ('Processing', 'cjohansen__juicer.json')
1085. ('Processing', 'dotnet__corefx.json')
1113. ('Processing', 'BBC-News__wraith.json')
1141. ('Processing', 'quasarframework__quasar.json')
1169. ('Processing', 'solidusio__solidus.json')
1197. ('Processing', 'lucasr__smoothie.json')
1225. ('Processing', 'weaveworks__weave.json')
1253. ('Processing', 'youknowone__UI7Kit.json')
1281. ('Processing', 'honestbleeps__Reddit-Enhancement-Suite.json')
1309. ('Processing', 'Clipy__Clipy.json')
1337. ('Processing', 'tonsky__datascript.json')
1365. ('Processing', 'go-chi__chi.json')
1393. ('Processing', 'smileyborg__UIView-AutoLayout.json')
1421. ('Processing', 'star7th__showdoc.json')
1449. ('Processing', 'ARMmbed__mbed-os.json')
1477. ('Processing', 'activemerchant__active_merchant.json')
1505. ('Processing', 'robolectric__robolectric.json')
1533. ('Processing', 'kanboard__kanboard.json')
1561. ('Processing', 'dlew__joda-time-android.json')
1589. ('Processing', 'AnalyticalGraphicsInc__cesium.json')
1617. ('Processing', 'tsuru__tsuru.json')
1645. ('Processing', 'trufflesuite__truffle.json')
1673. ('Processing', 'cryptomator__cryptomator.json')
1701. ('Processing', 'hashcat__oclHashcat.json')
1729. ('Processing', 'b3log__symphony.json')
1733. ('Processing', 'NodeBB__NodeBB.json')
1761. ('Processing', 'PHPMailer__PHPMailer.json')
1789. ('Processing', 'hkellaway__Gloss.json')
1817. ('Processing', 'mongodb__mongo-java-driver.json')
1845. ('Processing', 'ztellman__lamina.json')
1873. ('Processing', 'google__flatbuffers.json')
1901. ('Processing', 'emqtt__emqttd.json')
1929. ('Processing', 'RaRe-Technologies__gensim.json')
1957. ('Processing', 'jp9000__obs-studio.json')
1985. ('Processing', 'gradle__gradle.json')
2013. ('Processing', 'BorisMoore__jquery-tmpl.json')
2041. ('Processing', 'ealeksandrov__EAIntroView.json')
2069. ('Processing', 'CoderMJLee__MJRefresh.json')
2097. ('Processing', 'graphite-project__graphite-web.json')
2125. ('Processing', 'keybase__client.json')
2153. ('Processing', 'utatti__perfect-scrollbar.json')
2181. ('Processing', 'phalcon__zephir.json')
2209. ('Processing', 'rsms__kod.json')
2213. ('Processing', 'sbt__sbt.json')
2241. ('Processing', 'nanoc__nanoc.json')
2269. ('Processing', 'slimphp__Slim.json')
2297. ('Processing', 'alibaba__fastjson.json')
2325. ('Processing', 'Simbul__baker.json')
2353. ('Processing', 'wekan__wekan.json')
2381. ('Processing', 'WebAssembly__binaryen.json')
2409. ('Processing', 'clientIO__joint.json')
2437. ('Processing', 'select2__select2.json')
2465. ('Processing', 'fex-team__fis3.json')
2493. ('Processing', 'TryGhost__Ghost.json')
2521. ('Processing', 'google__shaka-player.json')
2549. ('Processing', 'walkor__Workerman.json')
2577. ('Processing', 'rgrove__lazyload.json')
2605. ('Processing', 'hexojs__hexo.json')
2633. ('Processing', 'javiereguiluz__EasyAdminBundle.json')
2661. ('Processing', 'nickoneill__PermissionScope.json')
2689. ('Processing', 'raphw__byte-buddy.json')
2717. ('Processing', 'centrifugal__centrifugo.json')
2745. ('Processing', 'digitalBush__jquery.maskedinput.json')
2773. ('Processing', 'cheeaun__mooeditable.json')
2777. ('Processing', 'overtrue__wechat.json')
2805. ('Processing', 'google__brotli.json')
2833. ('Processing', 'TheNewNormal__kube-solo-osx.json')
2861. ('Processing', 'semperos__clj-webdriver.json')
2865. ('Processing', 'micropython__micropython.json')
2893. ('Processing', 'timjansen__minified.js.json')
2921. ('Processing', 'OnsenUI__OnsenUI.json')
2925. ('Processing', 'angular__angularfire2.json')
2929. ('Processing', 'dropwizard__metrics.json')
2957. ('Processing', 'pornel__pngquant.json')
2985. ('Processing', 'Netflix__archaius.json')
3013. ('Processing', 'grpc__grpc.json')
3041. ('Processing', 'angular__angular-cli.json')
3069. ('Processing', 'apiaryio__dredd.json')
3097. ('Processing', 'css__csso.json')
3125. ('Processing', 'googlevr__gvr-android-sdk.json')
3153. ('Processing', 'louthy__language-ext.json')
3181. ('Processing', 'ionic-team__ionic-native.json')
3209. ('Processing', 'ant-design__ant-design-mobile.json')
3237. ('Processing', 'strapi__strapi.json')
3265. ('Processing', 'dotnet__coreclr.json')
3293. ('Processing', 'mizzy__serverspec.json')
3297. ('Processing', 'nhaarman__ListViewAnimations.json')
3325. ('Processing', 'szwacz__electron-boilerplate.json')
3353. ('Processing', 'getlantern__lantern.json')
3381. ('Processing', 'Microsoft__CNTK.json')
3409. ('Processing', 'jscs-dev__node-jscs.json')
3437. ('Processing', 'cakephp__cakephp.json')
3465. ('Processing', 'Homebrew__legacy-homebrew.json')
3493. ('Processing', 'fgnass__spin.js.json')
3521. ('Processing', 'laravel__homestead.json')
3549. ('Processing', 'diesel-rs__diesel.json')
3577. ('Processing', 'RNCryptor__RNCryptor.json')
3605. ('Processing', 'hankcs__HanLP.json')
3633. ('Processing', 'steipete__PSTCollectionView.json')
3661. ('Processing', 'webpack__react-starter.json')
3689. ('Processing', 'malcommac__SwiftDate.json')
3717. ('Processing', 'lawloretienne__QuickReturn.json')
3721. ('Processing', 'ben-manes__caffeine.json')
3749. ('Processing', 'getsentry__raven-js.json')
3777. ('Processing', 'mikepenz__Android-Iconics.json')
3805. ('Processing', 'andersao__l5-repository.json')
3833. ('Processing', 'nopSolutions__nopCommerce.json')
3861. ('Processing', 'twitter__finagle.json')
3889. ('Processing', 'ag-grid__ag-grid.json')
3917. ('Processing', 'trello__RxLifecycle.json')
3945. ('Processing', 'reactjs__redux.json')
3973. ('Processing', 'sequelize__sequelize.json')
4001. ('Processing', 'linkerd__linkerd.json')
4029. ('Processing', 'nikic__PHP-Parser.json')
4057. ('Processing', 'swagger-api__swagger-js.json')
4085. ('Processing', 'OfficeDev__office-ui-fabric-core.json')
4113. ('Processing', 'facebook__react-native.json')
4141. ('Processing', 'Sylius__Sylius.json')
4169. ('Processing', 'kriswallsmith__Buzz.json')
4197. ('Processing', 'MichaelDrogalis__dire.json')
4225. ('Processing', 'lucasr__twoway-view.json')
4253. ('Processing', 'mapbox__mapbox-gl-native.json')
4281. ('Processing', 'kpumuk__meta-tags.json')
4309. ('Processing', 'pili-engineering__PLDroidPlayer.json')
4337. ('Processing', 'containous__traefik.json')
4365. ('Processing', 'tarantool__tarantool.json')
4393. ('Processing', 'rom-rb__rom.json')
4421. ('Processing', 'alrra__browser-logos.json')
4449. ('Processing', 'lanayotech__vagrant-manager.json')
4477. ('Processing', 'mRemoteNG__mRemoteNG.json')
4505. ('Processing', 'fommil__netlib-java.json')
4533. ('Processing', 'BoostIO__Boostnote.json')
4561. ('Processing', 'lxc__lxd.json')
4565. ('Processing', 'clappr__clappr.json')
4593. ('Processing', 'RPCS3__rpcs3.json')
4621. ('Processing', 'Homebrew__brew.json')
4649. ('Processing', 'dropwizard__dropwizard.json')
4677. ('Processing', 'rs__SDWebImage.json')
4705. ('Processing', 'rhysd__NyaoVim.json')
4733. ('Processing', 'gabrielbull__react-desktop.json')
4761. ('Processing', 'PowerShell__Win32-OpenSSH.json')
4789. ('Processing', 'acdlite__flux-standard-action.json')
4817. ('Processing', 'icsharpcode__ILSpy.json')
4845. ('Processing', 'emberjs__list-view.json')
4873. ('Processing', 'thephpleague__oauth2-server.json')
4901. ('Processing', 'gratipay__gratipay.com.json')
4929. ('Processing', 'puma__puma.json')
4957. ('Processing', 'cesanta__mongoose-os.json')
4985. ('Processing', 'Automattic__wp-calypso.json')
5013. ('Processing', 'kasperisager__sails-generate-auth.json')
5041. ('Processing', 'shoes__shoes-deprecated.json')
5069. ('Processing', 'curl__curl.json')
5097. ('Processing', 'kubernetes__dashboard.json')
5125. ('Processing', 'marmelroy__PhoneNumberKit.json')
5153. ('Processing', 'zulip__zulip.json')
5181. ('Processing', 'facelessuser__BracketHighlighter.json')
5209. ('Processing', 'fchollet__keras.json')
5237. ('Processing', 'GetmeUK__ContentTools.json')
5265. ('Processing', 'google__cadvisor.json')
5293. ('Processing', 'bpampuch__pdfmake.json')
5321. ('Processing', 'onevcat__Kingfisher.json')
5349. ('Processing', 'lampepfl__dotty.json')
5377. ('Processing', 'owner888__phpspider.json')
5381. ('Processing', 'fzaninotto__screenshot-as-a-service.json')
5409. ('Processing', 'w3c__web-platform-tests.json')
5437. ('Processing', 'graphql-python__graphene.json')
5465. ('Processing', 'cleanflight__cleanflight.json')
5493. ('Processing', 'roboguice__roboguice.json')
5521. ('Processing', 'rg3__youtube-dl.json')
5549. ('Processing', 'minio__minio.json')
5577. ('Processing', 'cwRichardKim__RKNotificationHub.json')
5605. ('Processing', 'DamnWidget__anaconda.json')
5633. ('Processing', 'spotify__helios.json')
5661. ('Processing', 'semantic-release__semantic-release.json')
5689. ('Processing', 'SocketCluster__socketcluster.json')
5717. ('Processing', 'harelba__q.json')
5745. ('Processing', 'aws__aws-sdk-go.json')
5773. ('Processing', 'krmaxwell__maltrieve.json')
5801. ('Processing', 'invoiceninja__invoiceninja.json')
5829. ('Processing', 'hhatto__autopep8.json')
5857. ('Processing', 'noflo__noflo.json')
5885. ('Processing', 'FreeRDP__FreeRDP.json')
5913. ('Processing', '3lvis__Sync.json')
5941. ('Processing', 'serge-rider__dbeaver.json')
5969. ('Processing', 'Quinny898__PersistentSearch.json')
5973. ('Processing', 'LWJGL__lwjgl3.json')
6001. ('Processing', 'docker__compose.json')
6029. ('Processing', 'meteoric__meteor-ionic.json')
6057. ('Processing', 'overshare__overshare-kit.json')
6085. ('Processing', 'facebook__prepack.json')
6113. ('Processing', 'wordpress-mobile__WordPress-Android.json')
6141. ('Processing', 'verlok__lazyload.json')
6169. ('Processing', 'moxiecode__plupload.json')
6197. ('Processing', 'adnanh__webhook.json')
6225. ('Processing', 'scala__scala.json')
6253. ('Processing', 'customelements__www.json')
6281. ('Processing', 'Microsoft__vscode-go.json')
6309. ('Processing', 'impress__impress.js.json')
6337. ('Processing', 'GovernmentCommunicationsHeadquarters__Gaffer.json')
6365. ('Processing', 'sass__libsass.json')
6393. ('Processing', '521dimensions__amplitudejs.json')
6421. ('Processing', 'schneiderandre__popping.json')
6425. ('Processing', 'jhnns__rewire.json')
6453. ('Processing', 'mar10__fancytree.json')
6481. ('Processing', 'zsh-users__antigen.json')
6509. ('Processing', 'qmk__qmk_firmware.json')
6537. ('Processing', 'Hearst-DD__ObjectMapper.json')
6565. ('Processing', 'mattgallagher__AudioStreamer.json')
6593. ('Processing', 'mikepenz__MaterialDrawer.json')
6621. ('Processing', '1N3__Sn1per.json')
6649. ('Processing', 'IdentityServer__IdentityServer3.Samples.json')
6677. ('Processing', 'maxwellito__vivus.json')
6705. ('Processing', 'maximebf__php-debugbar.json')
6733. ('Processing', 'astrada__google-drive-ocamlfuse.json')
6761. ('Processing', 'googlei18n__libphonenumber.json')
6789. ('Processing', 'jcubic__jquery.terminal.json')
6817. ('Processing', 'mrdoob__three.js.json')
6845. ('Processing', 'ecomfe__echarts.json')
6873. ('Processing', 'hacdias__filemanager.json')
6901. ('Processing', 'xbmc__xbmc.json')
6929. ('Processing', 'woocommerce__woocommerce.json')
6957. ('Processing', 'FriendsOfSymfony__FOSRestBundle.json')
6985. ('Processing', 'Polidea__RxAndroidBle.json')
7013. ('Processing', 'npm__npm.json')
7041. ('Processing', 'aksonov__react-native-router-flux.json')
7069. ('Processing', 'Microsoft__ChakraCore.json')
7097. ('Processing', 'jeromegn__Backbone.localStorage.json')
7125. ('Processing', 'socketio__engine.io.json')
7153. ('Processing', 'laracasts__Laravel-5-Generators-Extended.json')
7181. ('Processing', 'emmenko__redux-react-router-async-example.json')
7209. ('Processing', 'hybridgroup__gobot.json')
7237. ('Processing', '23__resumable.js.json')
7265. ('Processing', 'JustArchi__ArchiSteamFarm.json')
7293. ('Processing', 'owncloud__android.json')
7297. ('Processing', 'aanand__git-up.json')
7325. ('Processing', 'oakes__SolidOak.json')
7353. ('Processing', 'tdebatty__java-string-similarity.json')
7381. ('Processing', 'oakes__play-clj.json')
7409. ('Processing', 'primefaces__primeng.json')
7437. ('Processing', 'scripted-editor__scripted.json')
7465. ('Processing', 'rqlite__rqlite.json')
7493. ('Processing', 'dgraph-io__dgraph.json')
7521. ('Processing', 'playframework__playframework.json')
7549. ('Processing', 'turbolinks__turbolinks-classic.json')
7577. ('Processing', 'tensorflow__tensorflow.json')
7605. ('Processing', 'mrclay__minify.json')
7633. ('Processing', 'kovidgoyal__calibre.json')
7661. ('Processing', 'lokesh__lightbox2.json')
7689. ('Processing', 'heroku__legacy-cli.json')
7717. ('Processing', 'SBoudrias__Inquirer.js.json')
7745. ('Processing', 'ThingEngineer__PHP-MySQLi-Database-Class.json')
7773. ('Processing', 'prometheus__prometheus.json')
7801. ('Processing', 'home-assistant__home-assistant.json')
7829. ('Processing', 'ecomfe__zrender.json')
7857. ('Processing', 'ArtSabintsev__Harpy.json')
7861. ('Processing', 'remiprev__her.json')
7889. ('Processing', 'joomla__joomla-platform.json')
7917. ('Processing', 'angular-ui__ui-router.json')
7945. ('Processing', 'stampit-org__stampit.json')
7973. ('Processing', 'gruntjs__grunt-contrib-uglify.json')
8001. ('Processing', 'Alluxio__alluxio.json')
8029. ('Processing', 'd3__d3.json')
8057. ('Processing', 'phpspec__phpspec.json')
8085. ('Processing', 'docker__docker-py.json')
8113. ('Processing', 'insin__nwb.json')
8141. ('Processing', 'restic__restic.json')
8169. ('Processing', 'aspnet__KestrelHttpServer.json')
8197. ('Processing', 'davidkpiano__react-redux-form.json')
8225. ('Processing', 'Lokaltog__vim-powerline.json')
8253. ('Processing', 'cytoscape__cytoscape.js.json')
8281. ('Processing', 'MojoJolo__textteaser.json')
8285. ('Processing', 'rubygems__rubygems.json')
8313. ('Processing', 'maccman__juggernaut.json')
8341. ('Processing', 'inorganik__countUp.js.json')
8369. ('Processing', 'kbengine__kbengine.json')
8397. ('Processing', 'coocood__freecache.json')
8425. ('Processing', 'lerna__lerna.json')
8453. ('Processing', 'commonsguy__cw-omnibus.json')
8457. ('Processing', 'AudioKit__AudioKit.json')
8485. ('Processing', 'ppwwyyxx__tensorpack.json')
8513. ('Processing', 'dotnet__core.json')
8541. ('Processing', 'babel__babel.json')
8569. ('Processing', 'jasonlong__isometric-contributions.json')
8573. ('Processing', 'kossnocorp__jquery.turbolinks.json')
8601. ('Processing', 'vavr-io__vavr.json')
8629. ('Processing', 'wbotelhos__raty.json')
8657. ('Processing', 'aspnet__dnx.json')
8685. ('Processing', 'JeffreySu__WeiXinMPSDK.json')
8713. ('Processing', 'integrity__integrity.json')
8741. ('Processing', 'omab__django-social-auth.json')
8769. ('Processing', 'top-think__think.json')
8797. ('Processing', 'mqttjs__MQTT.js.json')
8825. ('Processing', 'pnpm__pnpm.json')
8853. ('Processing', 'karmi__retire.json')
8881. ('Processing', 'kubernetes__kubernetes.json')
8909. ('Processing', 'kartik-v__bootstrap-fileinput.json')
8937. ('Processing', 'lballabio__quantlib-old.json')
8965. ('Processing', 'compose__governor.json')
8993. ('Processing', 'matrix-org__synapse.json')
9021. ('Processing', 'ngx-translate__core.json')
9049. ('Processing', 'photonstorm__phaser.json')
9077. ('Processing', 'jpillora__chisel.json')
9105. ('Processing', 'VirusTotal__yara.json')
9133. ('Processing', 'filamentgroup__tablesaw.json')
9161. ('Processing', 'ubilabs__geocomplete.json')
9189. ('Processing', 'angular__angular.io.json')
9217. ('Processing', 'TwidereProject__Twidere-Android.json')
9245. ('Processing', 'kazupon__vue-validator.json')
9273. ('Processing', 'BorisMoore__jsrender.json')
9301. ('Processing', 'jgm__pandoc.json')
9329. ('Processing', 'jonikorpi__Golden-Grid-System.json')
9333. ('Processing', 'jiahaog__nativefier.json')
9361. ('Processing', 'zaproxy__zaproxy.json')
9389. ('Processing', 'macvim-dev__macvim.json')
9417. ('Processing', 'sindresorhus__got.json')
9445. ('Processing', 'sosedoff__pgweb.json')
9473. ('Processing', 'dz0ny__leapcast.json')
9501. ('Processing', 'luin__ioredis.json')
9529. ('Processing', 'vitaly-t__pg-promise.json')
9557. ('Processing', 'PocketMine__PocketMine-MP.json')
9585. ('Processing', 'neon-bindings__neon.json')
9613. ('Processing', 'reactjs__React.NET.json')
9641. ('Processing', 'spatie__laravel-permission.json')
9669. ('Processing', 'PrismJS__prism.json')
9697. ('Processing', 'aspnet__EntityFrameworkCore.json')
9725. ('Processing', 'ReactiveX__RxJava.json')
9753. ('Processing', 'axios__axios.json')
9781. ('Processing', 'hylang__hy.json')
9809. ('Processing', 'Microsoft__vscode-react-native.json')
9837. ('Processing', 'myell0w__MTStatusBarOverlay.json')
9865. ('Processing', 'ylechelle__OpenUDID.json')
9893. ('Processing', 'orientechnologies__orientdb.json')
9921. ('Processing', 'canjs__canjs.json')
9949. ('Processing', 'quilljs__quill.json')
9977. ('Processing', 'Dogfalo__materialize.json')
10005. ('Processing', 'elastic__curator.json')
10033. ('Processing', 'IdentityServer__IdentityServer3.json')
10061. ('Processing', 'tjake__Solandra.json')
10089. ('Processing', 'facebook__buck.json')
10117. ('Processing', 'chrismiles__CMPopTipView.json')
10145. ('Processing', 'TonicArtos__StickyGridHeaders.json')
10173. ('Processing', 'socketio__socket.io-client-swift.json')
10201. ('Processing', 'wdullaer__MaterialDateTimePicker.json')
10229. ('Processing', 'roots__bedrock.json')
10257. ('Processing', 'btraceio__btrace.json')
10285. ('Processing', 'thephpleague__csv.json')
10313. ('Processing', 'jupyterlab__jupyterlab.json')
10341. ('Processing', 'nvbn__thefuck.json')
10369. ('Processing', 'yahoo__mojito.json')
10397. ('Processing', 'buttercup__buttercup-desktop.json')
10425. ('Processing', 'SwiftyJSON__SwiftyJSON.json')
10453. ('Processing', 'lyst__lightfm.json')
10481. ('Processing', 'evilsocket__bettercap.json')
10509. ('Processing', 'grafana__grafana.json')
10537. ('Processing', 'rgrove__larch.json')
10541. ('Processing', 'shogun-toolbox__shogun.json')
10569. ('Processing', 'sparkfun__phant.json')
10597. ('Processing', 'postcss__postcss.json')
10625. ('Processing', 'docker__kitematic.json')
10653. ('Processing', 'HansPinckaers__GrowingTextView.json')
10681. ('Processing', 'kangax__fabric.js.json')
10709. ('Processing', 'explosion__spaCy.json')
10737. ('Processing', 'pires__android-obd-reader.json')
10765. ('Processing', 'Kinto__kinto.json')
10793. ('Processing', 'flavienlaurent__datetimepicker.json')
10821. ('Processing', 'kattrali__cocoapods-xcode-plugin.json')
10849. ('Processing', 'redfin__react-server.json')
10877. ('Processing', 'cmderdev__cmder.json')
10905. ('Processing', 'chrisalbon__mlai.json')
10933. ('Processing', 'mikemaccana__python-docx.json')
10961. ('Processing', 'dokan-dev__dokany.json')
10989. ('Processing', 'openstreetmap__iD.json')
11017. ('Processing', 'mcxiaoke__android-volley.json')
11045. ('Processing', 'iron-io__functions.json')
11073. ('Processing', 'localForage__localForage.json')
11101. ('Processing', 'libretro__RetroArch.json')
11129. ('Processing', 'ethereum__go-ethereum.json')
11157. ('Processing', 'termux__termux-app.json')
11185. ('Processing', 'ReactiveCocoa__ReactiveSwift.json')
11213. ('Processing', 'Ereza__CustomActivityOnCrash.json')
11241. ('Processing', 'hickford__MechanicalSoup.json')
11269. ('Processing', 'nana-4__materia-theme.json')
11297. ('Processing', 'pakerfeldt__android-viewflow.json')
11325. ('Processing', 'bitpay__copay.json')
11353. ('Processing', 'M66B__NetGuard.json')
11381. ('Processing', 'mozilla-mobile__firefox-ios.json')
11409. ('Processing', 'limonte__sweetalert2.json')
11437. ('Processing', 'yiisoft__yii2.json')
11441. ('Processing', 'conan-io__conan.json')
11469. ('Processing', 'laravel__framework.json')
11497. ('Processing', 'nelmio__alice.json')
11525. ('Processing', 'dompdf__dompdf.json')
11553. ('Processing', 'redux-saga__redux-saga.json')
11581. ('Processing', 'babel__babylon.json')
11609. ('Processing', 'sockeqwe__mosby.json')
11637. ('Processing', 'siddontang__ledisdb.json')
11665. ('Processing', 'sonata-project__SonataAdminBundle.json')
11693. ('Processing', 'storybooks__storybook.json')
11721. ('Processing', 'Netflix__eureka.json')
11749. ('Processing', 'vuejs-templates__webpack.json')
11777. ('Processing', 'mgechev__codelyzer.json')
11805. ('Processing', 'auth0__auth0-angular.json')
11833. ('Processing', 'facebook__chisel.json')
11861. ('Processing', 'Maximus5__ConEmu.json')
11889. ('Processing', 'rails__strong_parameters.json')
11917. ('Processing', 'node-nock__nock.json')
11945. ('Processing', 'stephanenicolas__robospice.json')
11973. ('Processing', 'IdentityServer__IdentityServer2.json')
12001. ('Processing', 'ztellman__automat.json')
12029. ('Processing', 'nabla-c0d3__sslyze.json')
12057. ('Processing', 'OpenRefine__OpenRefine.json')
12085. ('Processing', 'hyperium__hyper.json')
12113. ('Processing', 'syl20bnr__spacemacs.json')
12141. ('Processing', 'mozilla-services__heka.json')
12169. ('Processing', 'qutebrowser__qutebrowser.json')
12197. ('Processing', 'darknessomi__musicbox.json')
12225. ('Processing', 'square__cube.json')
12253. ('Processing', 'ionic-team__ionic.json')
12281. ('Processing', 'AliasIO__Wappalyzer.json')
12309. ('Processing', 'playcanvas__engine.json')
12337. ('Processing', 'jhollingworth__bootstrap-wysihtml5.json')
12365. ('Processing', 'bumptech__glide.json')
12393. ('Processing', 'phan__phan.json')
12421. ('Processing', 'piwik__piwik.json')
12449. ('Processing', 'mmistakes__minimal-mistakes.json')
12453. ('Processing', 'MagicStack__uvloop.json')
12481. ('Processing', 'graphql-java__graphql-java.json')
12509. ('Processing', 'twitter__util.json')
12537. ('Processing', 'metabase__metabase.json')
12565. ('Processing', 'ECSlidingViewController__ECSlidingViewController.json')
12593. ('Processing', 'nothingmagical__cheddar-ios.json')
12597. ('Processing', 'ReactiveCocoa__ReactiveCocoa.json')
12625. ('Processing', 'aspnet__Mvc.json')
12653. ('Processing', 'atom__atom.json')
12681. ('Processing', 'nodemailer__mailparser.json')
12709. ('Processing', 'go-gitea__gitea.json')
12713. ('Processing', 'spotify__annoy.json')
12741. ('Processing', 'nanomsg__nanomsg.json')
12769. ('Processing', 'brunogaspar__laravel-starter-kit.json')
12773. ('Processing', 'netguru__ResponseDetective.json')
12801. ('Processing', 'Behat__Behat.json')
12829. ('Processing', 'Automattic__expect.js.json')
12857. ('Processing', 'boot2docker__boot2docker.json')
12885. ('Processing', 'guardianproject__ChatSecureAndroid.json')
12889. ('Processing', 'jssor__slider.json')
12917. ('Processing', 'Project-OSRM__osrm-backend.json')
12945. ('Processing', 'inversify__InversifyJS.json')
12973. ('Processing', 'Automattic__simplenote-electron.json')
13001. ('Processing', 'reactioncommerce__reaction.json')
13029. ('Processing', 'LeoNatan__LNNotificationsUI.json')
13057. ('Processing', 'PowerShell__PowerShell.json')
13085. ('Processing', 'WhisperSystems__Signal-Desktop.json')
13113. ('Processing', 'aspnet__Identity.json')
13141. ('Processing', 'paritytech__parity.json')
13169. ('Processing', 'mediaelement__mediaelement.json')
13197. ('Processing', 'RocketChat__Rocket.Chat.json')
13225. ('Processing', 'facebook__react.json')
13253. ('Processing', 'ryanb__nifty-generators.json')
13281. ('Processing', 'swagger-api__swagger-editor.json')
13309. ('Processing', 'fbrctr__fabricator.json')
13337. ('Processing', 'Financial-Times__polyfill-service.json')
13365. ('Processing', 'abrasive__shairport.json')
13393. ('Processing', 'ether__etherpad-lite.json')
13397. ('Processing', 'bolt__bolt.json')
13425. ('Processing', 'lipangit__JiaoZiVideoPlayer.json')
13453. ('Processing', 'os-js__OS.js.json')
13481. ('Processing', 'bshaffer__oauth2-server-php.json')
13509. ('Processing', 'RichardKnop__machinery.json')
13537. ('Processing', 'vector-im__riot-web.json')
13565. ('Processing', 'XX-net__XX-Net.json')
13569. ('Processing', 'PHP-FFMpeg__PHP-FFMpeg.json')
13597. ('Processing', 'hashicorp__terraform.json')
13625. ('Processing', 'gentilkiwi__mimikatz.json')
13653. ('Processing', 'v2ray__v2ray-core.json')
13681. ('Processing', 'catfan__Medoo.json')
13709. ('Processing', 'naver__pinpoint.json')
13737. ('Processing', 'hakimel__reveal.js.json')
13765. ('Processing', 'wordpress-mobile__WordPress-Editor-iOS.json')
13769. ('Processing', 'nodejs__node.json')
13797. ('Processing', 'webonyx__graphql-php.json')
13825. ('Processing', 'square__otto.json')
13853. ('Processing', 'deanoemcke__thegreatsuspender.json')
13881. ('Processing', 'tj__commander.js.json')
13909. ('Processing', 'grpc__grpc-go.json')
13937. ('Processing', 'gimenete__iOS-boilerplate.json')
13941. ('Processing', 'php-curl-class__php-curl-class.json')
13969. ('Processing', 'MacRuby__MacRuby.json')
13997. ('Processing', 'inikulin__parse5.json')
14025. ('Processing', 'XLabs__Xamarin-Forms-Labs.json')
14053. ('Processing', 'streamlink__streamlink.json')
14081. ('Processing', 'danger__danger.json')
14109. ('Processing', 'carhartl__jquery-cookie.json')
14137. ('Processing', 'revel__revel.json')
14165. ('Processing', 'PaulLeCam__react-leaflet.json')
14193. ('Processing', 'elastic__beats.json')
14221. ('Processing', 'NLPchina__elasticsearch-sql.json')
14249. ('Processing', 'nicoulaj__idea-markdown.json')
14277. ('Processing', 'pyenv__pyenv.json')
14305. ('Processing', 'dularion__streama.json')
14333. ('Processing', 'shadowsocks__shadowsocks-qt5.json')
14361. ('Processing', 'Lone-Coder__letsencrypt-win-simple.json')
14389. ('Processing', 'drush-ops__drush.json')
14417. ('Processing', 'thoughtbot__clearance.json')
14445. ('Processing', 'equinusocio__material-theme.json')
14473. ('Processing', 'Moya__Moya.json')
14501. ('Processing', 'mysticatea__npm-run-all.json')
14529. ('Processing', 'itsabot__abot.json')
14557. ('Processing', 'RomainPiel__Shimmer-android.json')
14561. ('Processing', 'ustbhuangyi__better-scroll.json')
14589. ('Processing', 'heroku__hk.json')
14617. ('Processing', 'CorsixTH__CorsixTH.json')
14645. ('Processing', 'asaskevich__govalidator.json')
14673. ('Processing', 'IdentityServer__IdentityServer4.json')
14701. ('Processing', 'ai212983__android-spinnerwheel.json')
14729. ('Processing', 'square__dagger.json')
14757. ('Processing', 'ReturnInfinity__BareMetal-OS-legacy.json')
14785. ('Processing', 'n1nj4sec__pupy.json')
14813. ('Processing', 'stylelint__stylelint.json')
14841. ('Processing', 'serverless__serverless.json')
14869. ('Processing', 'emacs-helm__helm.json')
14897. ('Processing', 'YorickPeterse__ruby-lint.json')
14925. ('Processing', 'Netflix__ribbon.json')
14953. ('Processing', 'erikdoe__ocmock.json')
14981. ('Processing', 'cameronmcefee__plax.json')
15009. ('Processing', 'twitter__heron.json')
15037. ('Processing', 'EFForg__privacybadgerfirefox-legacy.json')
15065. ('Processing', 'banchichen__TZImagePickerController.json')
15093. ('Processing', 'codemirror__CodeMirror.json')
15121. ('Processing', 'fastlane__fastlane.json')
15149. ('Processing', 'addyosmani__grunt-uncss.json')
15177. ('Processing', 'stuyam__pressure.json')
15205. ('Processing', 'jenssegers__laravel-mongodb.json')
15233. ('Processing', 'mirumee__saleor.json')
15261. ('Processing', 'qTox__qTox.json')
15289. ('Processing', 'fullcalendar__fullcalendar.json')
15293. ('Processing', 'aspnet__Home.json')
15321. ('Processing', 'showdownjs__showdown.json')
15349. ('Processing', 'swagger-api__swagger-ui.json')
15377. ('Processing', 'mikepenz__FastAdapter.json')
15405. ('Processing', 'jazzband__pip-tools.json')
15433. ('Processing', 'jakiestfu__Snap.js.json')
15461. ('Processing', 'sameersbn__docker-gitlab.json')
15489. ('Processing', 'videojs__videojs-contrib-hls.json')
15517. ('Processing', 'containerd__containerd.json')
15545. ('Processing', 'google__protobuf.json')
15573. ('Processing', 'zcash__zcash.json')
15601. ('Processing', 'epoberezkin__ajv.json')
15629. ('Processing', 'dbushell__Nestable.json')
15657. ('Processing', 'mattetti__Weasel-Diesel.json')
15685. ('Processing', 'p-e-w__finalterm.json')
15713. ('Processing', 'jisaacks__GitGutter.json')
15741. ('Processing', 'sachinchoolur__lightGallery.json')
15769. ('Processing', 'SeleniumHQ__docker-selenium.json')
15797. ('Processing', 'PrismLibrary__Prism.json')
15825. ('Processing', 'wooorm__alex.json')
15853. ('Processing', 'gohugoio__hugo.json')
15881. ('Processing', 'shardingjdbc__sharding-jdbc.json')
15909. ('Processing', 'wagtail__wagtail.json')
15937. ('Processing', 'cyrilmottier__GreenDroid.json')
15941. ('Processing', 'froala__wysiwyg-editor.json')
15969. ('Processing', 'pwittchen__ReactiveNetwork.json')
15997. ('Processing', 'aws__aws-sdk-js.json')
16025. ('Processing', 'samratashok__nishang.json')
16053. ('Processing', 'micha__resty.json')
16081. ('Processing', 'styleguidist__react-styleguidist.json')
16109. ('Processing', 'josevalim__inherited_resources.json')
16137. ('Processing', 'yannickcr__eslint-plugin-react.json')
16165. ('Processing', 'DevExpress__testcafe.json')
16193. ('Processing', 'mstarke__MacPass.json')
16221. ('Processing', 'pachyderm__pachyderm.json')
16249. ('Processing', 'julienXX__terminal-notifier.json')
16277. ('Processing', 'grommet__grommet.json')
16305. ('Processing', 'kartograph__kartograph.js.json')
16333. ('Processing', 'jwilder__dockerize.json')
16361. ('Processing', 'CMB2__CMB2.json')
16389. ('Processing', 'facebook__nuclide.json')
16417. ('Processing', 'smashwilson__merge-conflicts.json')
16445. ('Processing', 'bustoutsolutions__siesta.json')
16473. ('Processing', 'symless__synergy-core.json')
16501. ('Processing', 'go-playground__validator.json')
16529. ('Processing', 'bigspaceship__shine.js.json')
16557. ('Processing', 'vitalets__angular-xeditable.json')
16585. ('Processing', 'FineUploader__fine-uploader.json')
16613. ('Processing', 'giakki__uncss.json')
16641. ('Processing', 'snabbco__snabb.json')
16669. ('Processing', 'Eloston__ungoogled-chromium.json')
16697. ('Processing', 'FriendsOfPHP__PHP-CS-Fixer.json')
16725. ('Processing', 'brave__browser-laptop.json')
16753. ('Processing', 'PHPSocialNetwork__phpfastcache.json')
16781. ('Processing', 'apache__incubator-mxnet.json')
16809. ('Processing', 'oliviertassinari__react-swipeable-views.json')
16837. ('Processing', 'kean__Nuke.json')
16865. ('Processing', 'websockets__ws.json')
16869. ('Processing', 'erikras__redux-form.json')
16897. ('Processing', 'jMonkeyEngine__jmonkeyengine.json')
16925. ('Processing', 'labstack__echo.json')
16953. ('Processing', 'postcss__postcss-loader.json')
16981. ('Processing', 'influxdata__telegraf.json')
17009. ('Processing', 'avajs__ava.json')
17037. ('Processing', 'Linuxbrew__legacy-linuxbrew.json')
17065. ('Processing', 'roots__trellis.json')
17093. ('Processing', 'nameko__nameko.json')
17121. ('Processing', 'jedireza__aqua.json')
17149. ('Processing', 'openlayers__openlayers.json')
17177. ('Processing', 'facebookarchive__huxley.json')
17205. ('Processing', 'visualfc__liteide.json')
17233. ('Processing', 'Studio-42__elFinder.json')
17261. ('Processing', 'theintern__intern.json')
17289. ('Processing', 'material-components__material-components-ios.json')
17317. ('Processing', 'TykTechnologies__tyk.json')
17345. ('Processing', 'vispy__vispy.json')
17373. ('Processing', 'tjerkw__Android-SlideExpandableListView.json')
17401. ('Processing', 'MicrosoftEdge__static-code-scan.json')
17429. ('Processing', 'kubernetes__heapster.json')
17457. ('Processing', 'longitachi__ZLPhotoBrowser.json')
17485. ('Processing', 'rtomayko__replicate.json')
17489. ('Processing', 'CodaFi__AFNetworking-RACExtensions.json')
17517. ('Processing', 'FrDH__jQuery.dotdotdot.json')
17545. ('Processing', 'rubysherpas__forem.json')
17573. ('Processing', 'JrCs__docker-letsencrypt-nginx-proxy-companion.json')
17601. ('Processing', 'notepad-plus-plus__notepad-plus-plus.json')
17629. ('Processing', 'ShareX__ShareX.json')
17657. ('Processing', 'mojombo__grit.json')
17685. ('Processing', 'chmln__flatpickr.json')
17713. ('Processing', 'golemfactory__golem.json')
17741. ('Processing', 'Qihoo360__pika.json')
17769. ('Processing', 'webpack__webpack-dev-server.json')
17797. ('Processing', 'soundcloud__roshi.json')
17825. ('Processing', 'karpathy__neuraltalk.json')
17829. ('Processing', 'roundcube__roundcubemail.json')
17857. ('Processing', 'ai__visibilityjs.json')
17885. ('Processing', 'bookshelf__bookshelf.json')
17913. ('Processing', 'coreos__etcd.json')
17917. ('Processing', 'infobyte__faraday.json')
17945. ('Processing', 'scottyab__AESCrypt-Android.json')
17973. ('Processing', 'mhoofman__wordpress-heroku.json')
18001. ('Processing', 'coleifer__huey.json')
18029. ('Processing', 'aws__aws-sdk-php.json')
18057. ('Processing', 'rt2zz__redux-persist.json')
18085. ('Processing', 'HearthSim__Hearthstone-Deck-Tracker.json')
18113. ('Processing', 'aspnetboilerplate__aspnetboilerplate.json')
18141. ('Processing', 'visionmedia__superagent.json')
18169. ('Processing', 'RaiMan__SikuliX-2014.json')
18197. ('Processing', 'sheerun__vim-polyglot.json')
18225. ('Processing', 'garris__BackstopJS.json')
18253. ('Processing', 'ms-iot__samples.json')
18281. ('Processing', 'msysgit__msysgit.json')
18309. ('Processing', 'JetBrains__kotlin.json')
18337. ('Processing', 'lipis__flag-icon-css.json')
18365. ('Processing', 'jacobian__djangobook.com.json')
18393. ('Processing', 'sebastianbergmann__money.json')
18421. ('Processing', 'electron__electron.json')
18449. ('Processing', 'basho__riak.json')
18477. ('Processing', 'ory__hydra.json')
18505. ('Processing', 'collectd__collectd.json')
18533. ('Processing', 'rafaelconde__ios8-ui-kit.json')
18537. ('Processing', 'giggsey__libphonenumber-for-php.json')
18565. ('Processing', 'heroku__react-refetch.json')
18593. ('Processing', 'azkaban__azkaban.json')
18621. ('Processing', 'cliftonc__calipso.json')
18649. ('Processing', 'pixijs__pixi.js.json')
18677. ('Processing', 'aio-libs__aiohttp.json')
18705. ('Processing', 'YorickPeterse__oga.json')
18733. ('Processing', 'filamentgroup__loadCSS.json')
18761. ('Processing', 'WardCunningham__Smallest-Federated-Wiki.json')
18789. ('Processing', 'gh-unit__gh-unit.json')
18817. ('Processing', 'xonsh__xonsh.json')
18845. ('Processing', 'borgbackup__borg.json')
18873. ('Processing', 'sampotts__plyr.json')
18901. ('Processing', 'hadley__devtools.json')
18929. ('Processing', 'cockpit-project__cockpit.json')
18957. ('Processing', 'minikomi__Bootstrap-Form-Builder.json')
18985. ('Processing', 'rails__cache_digests.json')
19013. ('Processing', 'sass__node-sass.json')
19017. ('Processing', 'n1k0__SublimeHighlight.json')
19021. ('Processing', 'pixelsign__html5-device-mockups.json')
19049. ('Processing', 'totaljs__framework.json')
19077. ('Processing', 'ruslanskorb__RSKImageCropper.json')
19105. ('Processing', 'stripe__jquery.payment.json')
19133. ('Processing', 'dmfay__massive-js.json')
19161. ('Processing', 'brockallen__BrockAllen.MembershipReboot.json')
19189. ('Processing', 'SwiftBond__Bond.json')
19217. ('Processing', 'mapnik__mapnik.json')
19245. ('Processing', 'react-native-community__react-native-svg.json')
19273. ('Processing', 'rasmusbergpalm__DeepLearnToolbox.json')
19301. ('Processing', 'designmodo__startup-demo.json')
19305. ('Processing', 'purescript__purescript.json')
19333. ('Processing', 'directus__directus.json')
19361. ('Processing', 'popcorn-time__popcorn-app.json')
19389. ('Processing', 'getsentry__sentry.json')
19417. ('Processing', 'coteditor__CotEditor.json')
19445. ('Processing', 'oklai__koala.json')
19473. ('Processing', 'gmetais__grunt-devperf.json')
19477. ('Processing', 'NorthwoodsSoftware__GoJS.json')
19505. ('Processing', 'pedrovgs__DraggablePanel.json')
19533. ('Processing', 'rabbitmq__rabbitmq-server.json')
19561. ('Processing', 'go-swagger__go-swagger.json')
19589. ('Processing', 'tumblr__TMCache.json')
19617. ('Processing', 'Microsoft__code-push.json')
19645. ('Processing', 'google__gxui.json')
19673. ('Processing', 'brigade__scss-lint.json')
19701. ('Processing', 'puffnfresh__roy.json')
19729. ('Processing', 'desandro__classie.json')
19757. ('Processing', 'svg__svgo.json')
19785. ('Processing', 'mikepenz__AboutLibraries.json')
19813. ('Processing', 'frappe__erpnext.json')
19841. ('Processing', 'AliSoftware__OHHTTPStubs.json')
19869. ('Processing', 'fabiolb__fabio.json')
19897. ('Processing', 'GoogleCloudPlatform__google-cloud-node.json')
19925. ('Processing', 'gorhill__uMatrix.json')
19953. ('Processing', 'twitter-archive__kestrel.json')
19981. ('Processing', 'convox__rack.json')
20009. ('Processing', 'Skyscanner__SkyFloatingLabelTextField.json')
20013. ('Processing', 'x64dbg__x64dbg.json')
20041. ('Processing', 'TimOliver__TOCropViewController.json')
20069. ('Processing', 'gotev__android-upload-service.json')
20097. ('Processing', 'darktable-org__darktable.json')
20125. ('Processing', 'syncthing__syncthing.json')
20153. ('Processing', 'kevana__ui-for-docker.json')
20181. ('Processing', 'blueimp__Bootstrap-Image-Gallery.json')
20185. ('Processing', 'node-js-libs__node.io.json')
20213. ('Processing', 'moneyphp__money.json')
20241. ('Processing', 'phpro__grumphp.json')
20269. ('Processing', 'encode__django-rest-framework.json')
20297. ('Processing', 'nutzam__nutz.json')
20325. ('Processing', 'arunoda__meteor-up.json')
20353. ('Processing', 'keithamus__jwerty.json')
20381. ('Processing', 'gaearon__react-hot-loader.json')
20409. ('Processing', 'dmytrodanylyk__circular-progress-button.json')
20413. ('Processing', 'pritunl__pritunl.json')
20417. ('Processing', 'alignedleft__d3-book.json')
20445. ('Processing', 'react-dropzone__react-dropzone.json')
20473. ('Processing', 'philipwalton__html-inspector.json')
20501. ('Processing', 'magento__magento2.json')
20529. ('Processing', 'checkstyle__checkstyle.json')
20557. ('Processing', 'mamedev__mame.json')
20585. ('Processing', 'ryanoasis__nerd-fonts.json')
20613. ('Processing', 'PostgresApp__PostgresApp.json')
20641. ('Processing', 'anselmh__object-fit.json')
20669. ('Processing', 'reactjs__react-docgen.json')
20697. ('Processing', 'rap2hpoutre__laravel-log-viewer.json')
20725. ('Processing', 'pingcap__tidb.json')
20753. ('Processing', 'google__google-api-php-client.json')
20781. ('Processing', 'medcl__elasticsearch-analysis-ik.json')
20809. ('Processing', 'api-platform__api-platform.json')
20837. ('Processing', 'shu223__PulsingHalo.json')
20841. ('Processing', 'rancher__rancher.json')
20869. ('Processing', 'google__guava.json')
20897. ('Processing', 'pika__pika.json')
20925. ('Processing', 'Mechazawa__FuckFuckAdblock.json')
20953. ('Processing', 'soffes__sstoolkit.json')
20981. ('Processing', 'neovim__neovim.json')
21009. ('Processing', 'coreos__flannel.json')
21037. ('Processing', 'aws__aws-sdk-ruby.json')
21065. ('Processing', 'coresmart__persistencejs.json')
21069. ('Processing', 'kivy__python-for-android.json')
21097. ('Processing', 'react-cosmos__react-cosmos.json')
21125. ('Processing', 'octokit__octokit.net.json')
21153. ('Processing', 'videojs__video.js.json')
21181. ('Processing', 'nefarius__ScpToolkit.json')
21209. ('Processing', 'sqlectron__sqlectron-gui.json')
21237. ('Processing', 'danklammer__bytesize-icons.json')
21241. ('Processing', 'mozilla__MozDef.json')
21269. ('Processing', 'nbs-system__naxsi.json')
21297. ('Processing', 'Microsoft__TypeScript.json')
21325. ('Processing', 'skynetservices__skynet-archive.json')
21353. ('Processing', 'emberjs__data.json')
21381. ('Processing', 'preciousforever__sketch-data-populator.json')
21409. ('Processing', 'Microsoft__WinObjC.json')
21413. ('Processing', 'davemorrissey__subsampling-scale-image-view.json')
21441. ('Processing', 'lukeredpath__LRResty.json')
21469. ('Processing', 'Khan__KaTeX.json')
21497. ('Processing', 'hybridauth__hybridauth.json')
21525. ('Processing', 'jimbojsb__launchrocket.json')
21553. ('Processing', '18F__web-design-standards.json')
21581. ('Processing', 'graphql-dotnet__graphql-dotnet.json')
21609. ('Processing', 'NervanaSystems__neon.json')
21637. ('Processing', 'ueberauth__guardian.json')
21665. ('Processing', 'Shougo__neocomplcache.vim.json')
21693. ('Processing', 'fibjs__fibjs.json')
21721. ('Processing', 'nicolaskruchten__pivottable.json')
21749. ('Processing', 'emberjs__ember.js.json')
21777. ('Processing', 'appcelerator__titanium_mobile.json')
21805. ('Processing', 'ember-cli__ember-cli.json')
21833. ('Processing', 'mltframework__shotcut.json')
21861. ('Processing', 'h5bp__mobile-boilerplate.json')
21889. ('Processing', 'google__benchmark.json')
21917. ('Processing', 'jarun__Buku.json')
21945. ('Processing', 'soimort__you-get.json')
21973. ('Processing', 'rahatarmanahmed__CircularProgressView.json')
22001. ('Processing', 'k9mail__k-9.json')
22029. ('Processing', 'ampproject__amphtml.json')
22057. ('Processing', 'openaphid__android-flip.json')
22085. ('Processing', 'osm2vectortiles__osm2vectortiles.json')
22113. ('Processing', 'kangax__html-minifier.json')
22141. ('Processing', 'swaywm__sway.json')
22169. ('Processing', 'actionhero__actionhero.json')
22197. ('Processing', 'PhilJay__MPAndroidChart.json')
22225. ('Processing', 'grpc__grpc-java.json')
22253. ('Processing', 'stripe__stripe-php.json')
22281. ('Processing', 'facebook__flow.json')
22309. ('Processing', 'Workiva__go-datastructures.json')
22337. ('Processing', 'Masterminds__glide.json')
22365. ('Processing', 'linkedin__pinot.json')
22393. ('Processing', 'picocms__Pico.json')
22421. ('Processing', 'grails__grails-core.json')
22449. ('Processing', 'arturadib__strapdown.json')
22477. ('Processing', 'mishoo__UglifyJS2.json')
22505. ('Processing', 'gorhill__uBlock.json')
22533. ('Processing', 'liferay__alloy-ui.json')
22561. ('Processing', 'mit-nlp__MITIE.json')
22589. ('Processing', 'NLog__NLog.json')
22617. ('Processing', 'jedireza__drywall.json')
22645. ('Processing', 'redbooth__teambox.json')
22649. ('Processing', 'mxcl__PromiseKit.json')
22677. ('Processing', 'Kotlin__anko.json')
22705. ('Processing', 'gogits__gogs.json')
22733. ('Processing', 'facebook__facebook-ios-sdk.json')
22761. ('Processing', 'Shopify__Timber.json')
22789. ('Processing', 'facebookarchive__three20.json')
22817. ('Processing', 'pytransitions__transitions.json')
22845. ('Processing', 'AutoMapper__AutoMapper.json')
22873. ('Processing', 'Microsoft__react-native-code-push.json')
22901. ('Processing', 'farhadi__html5sortable.json')
22905. ('Processing', 'openzipkin__zipkin.json')
22933. ('Processing', 'mesosphere__marathon.json')
22961. ('Processing', 'malarkey__320andup.json')
22989. ('Processing', 'robb__Cartography.json')
23017. ('Processing', 'ququplay__jquery-mobile-flat-ui-theme.json')
23021. ('Processing', 'M66B__XPrivacy.json')
23049. ('Processing', 'venomous0x__WhatsAPI.json')
23077. ('Processing', 'mlaursen__react-md.json')
23105. ('Processing', 'lbryio__lbry.json')
23109. ('Processing', 'MediaBrowser__Emby.json')
23137. ('Processing', 'cloudfoundry__bosh.json')
23165. ('Processing', 'fengyuanchen__viewerjs.json')
23193. ('Processing', 'ruflin__Elastica.json')
23221. ('Processing', 'git-game__git-game.json')
23225. ('Processing', 'addyosmani__critical.json')
23253. ('Processing', 'uikit__uikit.json')
23281. ('Processing', 'Tencent__GT.json')
23309. ('Processing', 'josh__css-explain.json')
23337. ('Processing', 'mattetti__googlecharts.json')
23365. ('Processing', 'electron-userland__electron-packager.json')
23393. ('Processing', 'phw__peek.json')
23421. ('Processing', 'AlexBarinov__UIBubbleTableView.json')
23449. ('Processing', 'javallone__regexper.json')
23477. ('Processing', 'tmuxinator__tmuxinator.json')
23505. ('Processing', 'grpc-ecosystem__grpc-gateway.json')
23533. ('Processing', 'syedhali__EZAudio.json')
23561. ('Processing', 'Valve__fingerprintjs.json')
23589. ('Processing', 'CosmicMind__Material.json')
23617. ('Processing', 'Deletescape-Media__Lawnchair.json')
23645. ('Processing', 'Famous__famous.json')
23673. ('Processing', 'ninject__Ninject.json')
23701. ('Processing', 'direnv__direnv.json')
23729. ('Processing', 'wp-cli__wp-cli.json')
23757. ('Processing', 'rashidkpc__kibana2.json')
23785. ('Processing', 'laradock__laradock.json')
23813. ('Processing', 'openresty__openresty.json')
23841. ('Processing', 'angular-ui__ui-grid.json')
23869. ('Processing', 'RReverser__mpegts.json')
23897. ('Processing', 'OpenKinect__libfreenect.json')
23925. ('Processing', 'sschmid__Entitas-CSharp.json')
23953. ('Processing', 'nteract__nteract.json')
23981. ('Processing', 'espressif__esptool.json')
24009. ('Processing', 'chainer__chainer.json')
24037. ('Processing', 'PX4__Firmware.json')
24065. ('Processing', 'artursapek__mondrian.json')
24093. ('Processing', 'igniterealtime__Openfire.json')
24121. ('Processing', 'mcamara__laravel-localization.json')
24149. ('Processing', 'typelift__Swiftz.json')
24177. ('Processing', 'eslint__eslint.json')
24205. ('Processing', 'amoffat__bootstrap-application-wizard.json')
24233. ('Processing', 'bitcoin__bitcoin.json')
24261. ('Processing', 'apereo__cas.json')
24289. ('Processing', 'reactjs__react-rails.json')
24317. ('Processing', 'Quick__Nimble.json')
24345. ('Processing', 'aria2__aria2.json')
24373. ('Processing', 'codecentric__spring-boot-admin.json')
24401. ('Processing', 'layerhq__Atlas-iOS.json')
24429. ('Processing', 'kubernetes__helm.json')
24457. ('Processing', 'react-mdl__react-mdl.json')
24485. ('Processing', 'FormidableLabs__spectacle.json')
24489. ('Processing', 'hyperoslo__Hue.json')
24517. ('Processing', 'cockroachdb__cockroach.json')
24545. ('Processing', 'jenssegers__agent.json')
24573. ('Processing', 'snowplow__snowplow.json')
24601. ('Processing', 'App-vNext__Polly.json')
24629. ('Processing', 'jariz__vibrant.js.json')
24657. ('Processing', 'componentjs__component.json')
24685. ('Processing', 'catchorg__Catch2.json')
24713. ('Processing', 'evernote__android-job.json')
24741. ('Processing', 'Varying-Vagrant-Vagrants__VVV.json')
24769. ('Processing', 'kissyteam__kissy.json')
24797. ('Processing', 'video-dev__hls.js.json')
24825. ('Processing', 'kickstarter__android-oss.json')
24853. ('Processing', 'asciimoo__searx.json')
24881. ('Processing', 'kubernetes__kops.json')
24909. ('Processing', 'pallets__jinja.json')
24937. ('Processing', 'itinance__react-native-fs.json')
24965. ('Processing', 'mapbox__mapbox-gl-js.json')
24993. ('Processing', 'htacg__tidy-html5.json')
25021. ('Processing', 'Shopify__dashing.json')
25049. ('Processing', 'afollestad__material-dialogs.json')
25077. ('Processing', 'real-logic__aeron.json')
25105. ('Processing', 'fish-shell__fish-shell.json')
25133. ('Processing', 'radare__radare2.json')
25161. ('Processing', 'symfony__symfony.json')
25189. ('Processing', 'facebook__osquery.json')
25217. ('Processing', 'github__hubot-scripts.json')
25245. ('Processing', 'JakeWharton__ActionBarSherlock.json')
25273. ('Processing', 'nostalgiaz__bootstrap-switch.json')
25301. ('Processing', 'pre-commit__pre-commit.json')
25329. ('Processing', 'gorilla__mux.json')
25357. ('Processing', 'hyperhq__hyperd.json')
25385. ('Processing', 'angular-translate__angular-translate.json')
25413. ('Processing', 'frida__frida.json')
25441. ('Processing', 'rickyrauch__Balloons.IO.json')
25469. ('Processing', 'ReactiveX__RxKotlin.json')
25497. ('Processing', 'meandmax__lory.json')
25525. ('Processing', 'nteract__hydrogen.json')
25553. ('Processing', 'google__closure-library.json')
25581. ('Processing', 'ant-design__ant-design.json')
25609. ('Processing', 'resin-io__etcher.json')
25637. ('Processing', 'swagger-api__swagger-core.json')
25665. ('Processing', 'WebGoat__WebGoat.json')
25693. ('Processing', 'bazelbuild__bazel.json')
25721. ('Processing', 'codeclimate__codeclimate.json')
25749. ('Processing', 'realm__SwiftLint.json')
25777. ('Processing', 'Swiip__generator-gulp-angular.json')
25805. ('Processing', 'ArtSabintsev__Siren.json')
25833. ('Processing', 'portainer__portainer.json')
25861. ('Processing', 'Hacker0x01__react-datepicker.json')
